patch_20250707_153846_e60dedcc4875d5059740a2bd127572231aa7782e.log
=====TASK=====
Backfill legacy patch log

=====OBJECTIVE=====
Reconstruct patch metadata for auditing.

=====CONSTRAINTS=====
- No repository changes
- Use commit history only

=====SCOPE=====
Commit e60dedcc4875d5059740a2bd127572231aa7782e

=====DIFFSUMMARY=====
e60dedc Add worker dependency and faster health check
 docker-compose.yml | 4 +++-
 1 file changed, 3 insertions(+), 1 deletion(-)

=====TIMESTAMP=====
2025-07-07T15:38:46Z

=====BUILDER_DATE_TIME (UTC)=====
20250801 200929

=====PROMPTID=====
legacy-backfill-batch-006

=====AGENTVERSION=====
LEGACY-N/A

=====AGENTHASH=====
LEGACY-N/A

=====PROMPTHASH=====
LEGACY-N/A

=====COMMITHASH=====
e60dedcc4875d5059740a2bd127572231aa7782e

=====SPEC_HASHES=====
10ba62ac16c28028ead0d8892258ab67b59de208559b0027d4835794228c3167

=====SNAPSHOT=====
LEGACY-N/A

=====TESTRESULTS=====
LEGACY-N/A

=====DIAGNOSTICMETA=====
{"legacy_backfill": true}

=====DECISIONS=====
- Legacy patch log generated from commit history.
