patch_20250707_213153_b477fea3aba7d4e2526492600fcfe3ed807044bb.log
=====TASK=====
Backfill legacy patch log

=====OBJECTIVE=====
Reconstruct patch metadata for auditing.

=====CONSTRAINTS=====
- No repository changes
- Use commit history only

=====SCOPE=====
Commit b477fea3aba7d4e2526492600fcfe3ed807044bb

=====DIFFSUMMARY=====
b477fea docs: document full test suite
 README.md            | 22 +++++++++++++++-------
 docs/design_scope.md |  2 ++
 2 files changed, 17 insertions(+), 7 deletions(-)

=====TIMESTAMP=====
2025-07-07T21:31:53Z

=====BUILDER_DATE_TIME (UTC)=====
20250801 200929

=====PROMPTID=====
legacy-backfill-batch-006

=====AGENTVERSION=====
LEGACY-N/A

=====AGENTHASH=====
LEGACY-N/A

=====PROMPTHASH=====
LEGACY-N/A

=====COMMITHASH=====
b477fea3aba7d4e2526492600fcfe3ed807044bb

=====SPEC_HASHES=====
10ba62ac16c28028ead0d8892258ab67b59de208559b0027d4835794228c3167

=====SNAPSHOT=====
LEGACY-N/A

=====TESTRESULTS=====
LEGACY-N/A

=====DIAGNOSTICMETA=====
{"legacy_backfill": true}

=====DECISIONS=====
- Legacy patch log generated from commit history.
