patch_20250801_154004_4cf04d2873b30762acfade860f8f6597d12f5098.log
=====TASK=====
Backfill legacy patch log

=====OBJECTIVE=====
Record missing patch log from history

=====CONSTRAINTS=====
- Placeholder for legacy snapshot and agent metadata

=====SCOPE=====
LEGACY commit 4cf04d2873b30762acfade860f8f6597d12f5098

=====DIFFSUMMARY=====
commit 4cf04d2873b30762acfade860f8f6597d12f5098
Author: buymeagoat <53793097+buymeagoat@users.noreply.github.com>
Date:   Fri Aug 1 10:40:04 2025 -0500

    Rename patch_20250801_152221_EchoAliasMap.log to patch_20250801_1029_EchoAliasMap.log

 ...50801_152221_EchoAliasMap.log => patch_20250801_1029_EchoAliasMap.log} | 0
 1 file changed, 0 insertions(+), 0 deletions(-)

=====TIMESTAMP=====
2025-08-01T15:40:04Z

=====BUILDER_DATE_TIME (UTC)=====
20250801 191117

=====PROMPTID=====
legacy-backfill-batch-001

=====AGENTVERSION=====
LEGACY-N/A

=====AGENTHASH=====
LEGACY-N/A

=====PROMPTHASH=====
LEGACY-N/A

=====COMMITHASH=====
4cf04d2873b30762acfade860f8f6597d12f5098

=====SPEC_HASHES=====
6bfaa5a80ab85a494b5e35d9cc68b1ec039d330a4386e8ac011f130556dbb7a1

=====SNAPSHOT=====
LEGACY-N/A

=====TESTRESULTS=====
LEGACY-N/A

=====DIAGNOSTICMETA=====
legacy-backfill

=====DECISIONS=====
- Auto-generated from commit history