patch_20250628_190047_3ca13bd25cee10f89cd782429cdd24e16b772996.log
=====TASK=====
Backfill legacy patch log

=====OBJECTIVE=====
Reconstruct patch metadata for auditing.

=====CONSTRAINTS=====
- No repository changes
- Use commit history only

=====SCOPE=====
Commit 3ca13bd25cee10f89cd782429cdd24e16b772996

=====DIFFSUMMARY=====
3ca13bd Remove sqlite_autoincrement from metadata table
 api/models.py | 5 -----
 1 file changed, 5 deletions(-)

=====TIMESTAMP=====
2025-06-28T19:00:47Z

=====BUILDER_DATE_TIME (UTC)=====
20250801 200929

=====PROMPTID=====
legacy-backfill-batch-004

=====AGENTVERSION=====
LEGACY-N/A

=====AGENTHASH=====
LEGACY-N/A

=====PROMPTHASH=====
LEGACY-N/A

=====COMMITHASH=====
3ca13bd25cee10f89cd782429cdd24e16b772996

=====SPEC_HASHES=====
10ba62ac16c28028ead0d8892258ab67b59de208559b0027d4835794228c3167

=====SNAPSHOT=====
LEGACY-N/A

=====TESTRESULTS=====
LEGACY-N/A

=====DIAGNOSTICMETA=====
{"legacy_backfill": true}

=====DECISIONS=====
- Legacy patch log generated from commit history.