patch_20250627_184149_a20b6802e134522cd6c74864f89d89e12f3f63e4.log
=====TASK=====
Backfill legacy patch log

=====OBJECTIVE=====
Reconstruct patch metadata for auditing.

=====CONSTRAINTS=====
- No repository changes
- Use commit history only

=====SCOPE=====
Commit a20b6802e134522cd6c74864f89d89e12f3f63e4

=====DIFFSUMMARY=====
a20b680 Add user settings model and endpoints
 README.md                                          |  7 +++
 .../a664c766e9de_add_user_settings_table.py        | 31 +++++++++++
 api/models.py                                      | 14 +++++
 api/router_setup.py                                |  3 +-
 api/routes/user_settings.py                        | 25 +++++++++
 api/schemas.py                                     |  8 +++
 api/services/user_settings.py                      | 33 +++++++++++
 frontend/src/pages/UploadPage.jsx                  | 27 ++++++++-
 tests/test_user_settings.py                        | 65 ++++++++++++++++++++++
 9 files changed, 211 insertions(+), 2 deletions(-)

=====TIMESTAMP=====
2025-06-27T18:41:49Z

=====BUILDER_DATE_TIME (UTC)=====
20250801 200929

=====PROMPTID=====
legacy-backfill-batch-004

=====AGENTVERSION=====
LEGACY-N/A

=====AGENTHASH=====
LEGACY-N/A

=====PROMPTHASH=====
LEGACY-N/A

=====COMMITHASH=====
a20b6802e134522cd6c74864f89d89e12f3f63e4

=====SPEC_HASHES=====
10ba62ac16c28028ead0d8892258ab67b59de208559b0027d4835794228c3167

=====SNAPSHOT=====
LEGACY-N/A

=====TESTRESULTS=====
LEGACY-N/A

=====DIAGNOSTICMETA=====
{"legacy_backfill": true}

=====DECISIONS=====
- Legacy patch log generated from commit history.