patch_20250801_180452_bd602113a218bf9609040ce0fb62c95771cdb52e.log
=====TASK=====
Backfill legacy patch log

=====OBJECTIVE=====
Reconstruct patch metadata for auditing.

=====CONSTRAINTS=====
- No repository changes
- Use commit history only

=====SCOPE=====
Commit bd602113a218bf9609040ce0fb62c95771cdb52e

=====DIFFSUMMARY=====
bd60211 Add patch log for backfill helper
 docs/patch_logs/patch_20250801_175944_BackfillPatchLogsHelper.log |  53 ++++++++++++++++++++++++
 scripts/backfill_patch_logs.py                                    | 118 ++++++++++++++++++++++++++++++++++++++++++++++++++++++
 2 files changed, 171 insertions(+)

=====TIMESTAMP=====
2025-08-01T18:04:52Z

=====BUILDER_DATE_TIME (UTC)=====
20250801 200929

=====PROMPTID=====
legacy-backfill-batch-012

=====AGENTVERSION=====
LEGACY-N/A

=====AGENTHASH=====
LEGACY-N/A

=====PROMPTHASH=====
LEGACY-N/A

=====COMMITHASH=====
bd602113a218bf9609040ce0fb62c95771cdb52e

=====SPEC_HASHES=====
10ba62ac16c28028ead0d8892258ab67b59de208559b0027d4835794228c3167

=====SNAPSHOT=====
LEGACY-N/A

=====TESTRESULTS=====
LEGACY-N/A

=====DIAGNOSTICMETA=====
{"legacy_backfill": true}

=====DECISIONS=====
- Legacy patch log generated from commit history.
