patch_20250727_182942_d02ea7339954b9a10e947b4eaf549e5e41a1f5a8.log
=====TASK=====
Backfill legacy patch log

=====OBJECTIVE=====
Reconstruct patch metadata for auditing.

=====CONSTRAINTS=====
- No repository changes
- Use commit history only

=====SCOPE=====
Commit d02ea7339954b9a10e947b4eaf549e5e41a1f5a8

=====DIFFSUMMARY=====
d02ea73 chore: validate apt cache before docker build
 scripts/docker_build.sh | 6 ++++++
 1 file changed, 6 insertions(+)

=====TIMESTAMP=====
2025-07-27T18:29:42Z

=====BUILDER_DATE_TIME (UTC)=====
20250801 194741

=====PROMPTID=====
legacy-backfill-batch-002

=====AGENTVERSION=====
LEGACY-N/A

=====AGENTHASH=====
LEGACY-N/A

=====PROMPTHASH=====
LEGACY-N/A

=====COMMITHASH=====
d02ea7339954b9a10e947b4eaf549e5e41a1f5a8

=====SPEC_HASHES=====
6bfaa5a80ab85a494b5e35d9cc68b1ec039d330a4386e8ac011f130556dbb7a1

=====SNAPSHOT=====
LEGACY-N/A

=====TESTRESULTS=====
LEGACY-N/A

=====DIAGNOSTICMETA=====
{"legacy_backfill": true}

=====DECISIONS=====
- Legacy patch log generated from commit history.
