patch_20250705_180253_ec297c519ebe1a9acf2fc3fe27aa4215c9cbae71.log
=====TASK=====
Backfill legacy patch log

=====OBJECTIVE=====
Reconstruct patch metadata for auditing.

=====CONSTRAINTS=====
- No repository changes
- Use commit history only

=====SCOPE=====
Commit ec297c519ebe1a9acf2fc3fe27aa4215c9cbae71

=====DIFFSUMMARY=====
ec297c5 Add lock for progress connections
 api/routes/progress.py | 36 +++++++++++++++++++++++-------------
 tests/test_progress.py | 37 +++++++++++++++++++++++++++++++++++++
 2 files changed, 60 insertions(+), 13 deletions(-)

=====TIMESTAMP=====
2025-07-05T18:02:53Z

=====BUILDER_DATE_TIME (UTC)=====
20250801 200929

=====PROMPTID=====
legacy-backfill-batch-006

=====AGENTVERSION=====
LEGACY-N/A

=====AGENTHASH=====
LEGACY-N/A

=====PROMPTHASH=====
LEGACY-N/A

=====COMMITHASH=====
ec297c519ebe1a9acf2fc3fe27aa4215c9cbae71

=====SPEC_HASHES=====
10ba62ac16c28028ead0d8892258ab67b59de208559b0027d4835794228c3167

=====SNAPSHOT=====
LEGACY-N/A

=====TESTRESULTS=====
LEGACY-N/A

=====DIAGNOSTICMETA=====
{"legacy_backfill": true}

=====DECISIONS=====
- Legacy patch log generated from commit history.
