patch_20250731_191224_064a3bb5b1f62b8534d00144160609ba562a2f4e.log
=====TASK=====
Backfill legacy patch log

=====OBJECTIVE=====
Record missing patch log from history

=====CONSTRAINTS=====
- Placeholder for legacy snapshot and agent metadata

=====SCOPE=====
LEGACY commit 064a3bb5b1f62b8534d00144160609ba562a2f4e

=====DIFFSUMMARY=====
commit 064a3bb5b1f62b8534d00144160609ba562a2f4e
Author: buymeagoat <53793097+buymeagoat@users.noreply.github.com>
Date:   Thu Jul 31 14:12:24 2025 -0500

    Rename patch_20250731_185931_CAG-UpdateAgentsMd-2025-08-01-001.log to patch_20250731_1405_CAG-UpdateAgentsMd.log

 ...tsMd-2025-08-01-001.log => patch_20250731_1405_CAG-UpdateAgentsMd.log} | 0
 1 file changed, 0 insertions(+), 0 deletions(-)

=====TIMESTAMP=====
2025-07-31T19:12:24Z

=====BUILDER_DATE_TIME (UTC)=====
20250801 191117

=====PROMPTID=====
legacy-backfill-batch-001

=====AGENTVERSION=====
LEGACY-N/A

=====AGENTHASH=====
LEGACY-N/A

=====PROMPTHASH=====
LEGACY-N/A

=====COMMITHASH=====
064a3bb5b1f62b8534d00144160609ba562a2f4e

=====SPEC_HASHES=====
6bfaa5a80ab85a494b5e35d9cc68b1ec039d330a4386e8ac011f130556dbb7a1

=====SNAPSHOT=====
LEGACY-N/A

=====TESTRESULTS=====
LEGACY-N/A

=====DIAGNOSTICMETA=====
legacy-backfill

=====DECISIONS=====
- Auto-generated from commit history