patch_20250628_185800_e7f086e4fdae1b460e6472b5961abdaabe2012a4.log
=====TASK=====
Backfill legacy patch log

=====OBJECTIVE=====
Reconstruct patch metadata for auditing.

=====CONSTRAINTS=====
- No repository changes
- Use commit history only

=====SCOPE=====
Commit e7f086e4fdae1b460e6472b5961abdaabe2012a4

=====DIFFSUMMARY=====
e7f086e Require DB_URL env variable for migrations
 api/migrations/env.py | 3 +--
 1 file changed, 1 insertion(+), 2 deletions(-)

=====TIMESTAMP=====
2025-06-28T18:58:00Z

=====BUILDER_DATE_TIME (UTC)=====
20250801 200929

=====PROMPTID=====
legacy-backfill-batch-004

=====AGENTVERSION=====
LEGACY-N/A

=====AGENTHASH=====
LEGACY-N/A

=====PROMPTHASH=====
LEGACY-N/A

=====COMMITHASH=====
e7f086e4fdae1b460e6472b5961abdaabe2012a4

=====SPEC_HASHES=====
10ba62ac16c28028ead0d8892258ab67b59de208559b0027d4835794228c3167

=====SNAPSHOT=====
LEGACY-N/A

=====TESTRESULTS=====
LEGACY-N/A

=====DIAGNOSTICMETA=====
{"legacy_backfill": true}

=====DECISIONS=====
- Legacy patch log generated from commit history.