patch_20250627_183415_5531737cdc130c33543b21d8e6cecfaef6df8e00.log
=====TASK=====
Backfill legacy patch log

=====OBJECTIVE=====
Reconstruct patch metadata for auditing.

=====CONSTRAINTS=====
- No repository changes
- Use commit history only

=====SCOPE=====
Commit 5531737cdc130c33543b21d8e6cecfaef6df8e00

=====DIFFSUMMARY=====
5531737 Add TTS endpoint and UI playback
 api/router_setup.py                      |  3 ++-
 api/routes/tts.py                        | 41 ++++++++++++++++++++++++++++++++
 frontend/src/pages/CompletedJobsPage.jsx | 13 ++++++++++
 requirements.txt                         |  1 +
 4 files changed, 57 insertions(+), 1 deletion(-)

=====TIMESTAMP=====
2025-06-27T18:34:15Z

=====BUILDER_DATE_TIME (UTC)=====
20250801 200929

=====PROMPTID=====
legacy-backfill-batch-004

=====AGENTVERSION=====
LEGACY-N/A

=====AGENTHASH=====
LEGACY-N/A

=====PROMPTHASH=====
LEGACY-N/A

=====COMMITHASH=====
5531737cdc130c33543b21d8e6cecfaef6df8e00

=====SPEC_HASHES=====
10ba62ac16c28028ead0d8892258ab67b59de208559b0027d4835794228c3167

=====SNAPSHOT=====
LEGACY-N/A

=====TESTRESULTS=====
LEGACY-N/A

=====DIAGNOSTICMETA=====
{"legacy_backfill": true}

=====DECISIONS=====
- Legacy patch log generated from commit history.