patch_20250626_221213_fd8eb15267b9e361a51280086866fffe0d539fb4.log
=====TASK=====
Backfill legacy patch log

=====OBJECTIVE=====
Reconstruct patch metadata for auditing.

=====CONSTRAINTS=====
- No repository changes
- Use commit history only

=====SCOPE=====
Commit fd8eb15267b9e361a51280086866fffe0d539fb4

=====DIFFSUMMARY=====
fd8eb15 Add Redux store and toast system

README.md                                  |  8 ++--
 docs/design_scope.md                       |  4 +-
 frontend/package.json                      |  4 +-
 frontend/src/components/Layout.jsx         |  2 +
 frontend/src/components/ToastContainer.jsx | 42 ++++++++++++++++++++
 frontend/src/main.jsx                      | 10 +++--
 frontend/src/pages/ActiveJobsPage.jsx      | 28 ++++++-------
 frontend/src/pages/AdminPage.jsx           | 39 ++++++++----------
 frontend/src/pages/CompletedJobsPage.jsx   | 35 ++++++-----------
 frontend/src/pages/FailedJobsPage.jsx      | 45 +++++++--------------
 frontend/src/store/index.js                | 13 ++++++
 frontend/src/store/jobsSlice.js            | 63 ++++++++++++++++++++++++++++++
 frontend/src/store/notificationsSlice.js   | 27 +++++++++++++
 13 files changed, 218 insertions(+), 102 deletions(-)

=====TIMESTAMP=====
2025-06-26T22:12:13Z

=====BUILDER_DATE_TIME (UTC)=====
20250801 200929

=====PROMPTID=====
legacy-backfill-batch-003

=====AGENTVERSION=====
LEGACY-N/A

=====AGENTHASH=====
LEGACY-N/A

=====PROMPTHASH=====
LEGACY-N/A

=====COMMITHASH=====
fd8eb15267b9e361a51280086866fffe0d539fb4

=====SPEC_HASHES=====
b56c464f9d3865da0d92d36f4ea508203ad295a8fcd86343f412fb7654514a50

=====SNAPSHOT=====
LEGACY-N/A

=====TESTRESULTS=====
LEGACY-N/A

=====DIAGNOSTICMETA=====
{"legacy_backfill": true}

=====DECISIONS=====
- Legacy patch log generated from commit history.
