patch_20250728_212144_b94a511c8ea4619d661788b2f2595703f66cff6f.log
=====TASK=====
Backfill legacy patch log

=====OBJECTIVE=====
Reconstruct patch metadata for auditing.

=====CONSTRAINTS=====
- No repository changes
- Use commit history only

=====SCOPE=====
Commit b94a511c8ea4619d661788b2f2595703f66cff6f

=====DIFFSUMMARY=====
b94a511 docs: add comprehensive documentation index and guides
 docs/automation_tasks.md    | 21 +++++++++++++++++++++
 docs/backup_and_recovery.md | 45 ++++++++++++++++++++++++++++++++++++++++++++
 docs/index.md               | 46 +++++++++++++++++++++++++++++++++------------
 docs/integrations.md        | 19 +++++++++++++++++++
 docs/onboarding.md          | 41 ++++++++++++++++++++++++++++++++++++++++
 docs/scripts_reference.md   | 22 ++++++++++++++++++++++
 docs/versioning_policy.md   | 24 +++++++++++++++++++++++
 7 files changed, 206 insertions(+), 12 deletions(-)

=====TIMESTAMP=====
2025-07-28T21:21:44Z

=====BUILDER_DATE_TIME (UTC)=====
20250801 194741

=====PROMPTID=====
legacy-backfill-batch-002

=====AGENTVERSION=====
LEGACY-N/A

=====AGENTHASH=====
LEGACY-N/A

=====PROMPTHASH=====
LEGACY-N/A

=====COMMITHASH=====
b94a511c8ea4619d661788b2f2595703f66cff6f

=====SPEC_HASHES=====
6bfaa5a80ab85a494b5e35d9cc68b1ec039d330a4386e8ac011f130556dbb7a1

=====SNAPSHOT=====
LEGACY-N/A

=====TESTRESULTS=====
LEGACY-N/A

=====DIAGNOSTICMETA=====
{"legacy_backfill": true}

=====DECISIONS=====
- Legacy patch log generated from commit history.
