patch_20250727_203639_fd1395e0993d0f11e64ed7bf1df74d4ebf958675.log
=====TASK=====
Backfill legacy patch log

=====OBJECTIVE=====
Reconstruct patch metadata for auditing.

=====CONSTRAINTS=====
- No repository changes
- Use commit history only

=====SCOPE=====
Commit fd1395e0993d0f11e64ed7bf1df74d4ebf958675

=====DIFFSUMMARY=====
fd1395e prestage: check codename
 README.md                        |  2 +-
 docs/design_scope.md             |  2 +-
 scripts/prestage_dependencies.sh | 15 ++++++++++++++-
 3 files changed, 16 insertions(+), 3 deletions(-)

=====TIMESTAMP=====
2025-07-27T20:36:39Z

=====BUILDER_DATE_TIME (UTC)=====
20250801 194741

=====PROMPTID=====
legacy-backfill-batch-002

=====AGENTVERSION=====
LEGACY-N/A

=====AGENTHASH=====
LEGACY-N/A

=====PROMPTHASH=====
LEGACY-N/A

=====COMMITHASH=====
fd1395e0993d0f11e64ed7bf1df74d4ebf958675

=====SPEC_HASHES=====
6bfaa5a80ab85a494b5e35d9cc68b1ec039d330a4386e8ac011f130556dbb7a1

=====SNAPSHOT=====
LEGACY-N/A

=====TESTRESULTS=====
LEGACY-N/A

=====DIAGNOSTICMETA=====
{"legacy_backfill": true}

=====DECISIONS=====
- Legacy patch log generated from commit history.
