=====TASK=====
backfill commit hashes in patch log filenames

=====OBJECTIVE=====
ensure all patch log filenames include their corresponding commit hashes

=====CONSTRAINTS=====
- preserve existing log content
- update references as needed

=====SCOPE=====
docs/patch_logs/

=====DIFFSUMMARY=====
renamed 27 patch logs to embed commit hashes and added latest repository snapshot

=====TIMESTAMP=====
2025-08-02T16:42:13Z

=====BUILDER_DATE_TIME (UTC)=====
20250802 164213

=====PROMPTID=====
rename-patchlogs-commit-hash

=====AGENTVERSION=====
Unknown

=====AGENTHASH=====
N/A

=====PROMPTHASH=====
N/A

=====COMMITHASH=====
50267efc1ab364309008bb2dd3c7f87c5a36567c

=====SPEC_HASHES=====
6bfaa5a80ab85a494b5e35d9cc68b1ec039d330a4386e8ac011f130556dbb7a1

=====SNAPSHOT=====
snapshots/snapshot_20250802T163818Z.json

=====TESTRESULTS=====
no tests run; documentation-only changes

=====DIAGNOSTICMETA=====
{"attempted_action_summary": "renamed legacy patch logs", "instruction_interpretation": "add commit hashes to filenames", "successes": ["renamed files", "validated no references"], "failures": ["docker missing"], "skipped_steps": ["tests"], "missing_inputs": [], "ambiguities_detected": [], "resource_or_environment_gaps": ["docker"], "suggestions_to_builder": ["install docker to enable tests"]}

=====DECISIONS=====
- file rename script parsed commit hashes from log metadata
