patch_20250728_195958_0fe18576f59e8d192d31f2a77123cbc7634dff36.log
=====TASK=====
Backfill legacy patch log

=====OBJECTIVE=====
Reconstruct patch metadata for auditing.

=====CONSTRAINTS=====
- No repository changes
- Use commit history only

=====SCOPE=====
Commit 0fe18576f59e8d192d31f2a77123cbc7634dff36

=====DIFFSUMMARY=====
0fe1857 docs: add architecture diagram and guidelines
 docs/architecture_diagram.svg  | 87 ++++++++++++++++++++++++++++++++++++++++++
 docs/performance_guidelines.md | 56 +++++++++++++++++++++++++++
 docs/testing_strategy.md       | 47 +++++++++++++++++++++++
 3 files changed, 190 insertions(+)

=====TIMESTAMP=====
2025-07-28T19:59:58Z

=====BUILDER_DATE_TIME (UTC)=====
20250801 194741

=====PROMPTID=====
legacy-backfill-batch-002

=====AGENTVERSION=====
LEGACY-N/A

=====AGENTHASH=====
LEGACY-N/A

=====PROMPTHASH=====
LEGACY-N/A

=====COMMITHASH=====
0fe18576f59e8d192d31f2a77123cbc7634dff36

=====SPEC_HASHES=====
6bfaa5a80ab85a494b5e35d9cc68b1ec039d330a4386e8ac011f130556dbb7a1

=====SNAPSHOT=====
LEGACY-N/A

=====TESTRESULTS=====
LEGACY-N/A

=====DIAGNOSTICMETA=====
{"legacy_backfill": true}

=====DECISIONS=====
- Legacy patch log generated from commit history.
