patch_20250627_043048_0abb97647cf04c199443edeafc62b11b78b533a1.log
=====TASK=====
Backfill legacy patch log

=====OBJECTIVE=====
Reconstruct patch metadata for auditing.

=====CONSTRAINTS=====
- No repository changes
- Use commit history only

=====SCOPE=====
Commit 0abb97647cf04c199443edeafc62b11b78b533a1

=====DIFFSUMMARY=====
0abb976 Add admin browse endpoint

README.md            |  1 +
 api/routes/admin.py  | 39 +++++++++++++++++++++++++++++++++++++--
 api/schemas.py       |  5 +++++
 docs/design_scope.md |  1 +
 4 files changed, 44 insertions(+), 2 deletions(-)

=====TIMESTAMP=====
2025-06-27T04:30:48Z

=====BUILDER_DATE_TIME (UTC)=====
20250801 200929

=====PROMPTID=====
legacy-backfill-batch-003

=====AGENTVERSION=====
LEGACY-N/A

=====AGENTHASH=====
LEGACY-N/A

=====PROMPTHASH=====
LEGACY-N/A

=====COMMITHASH=====
0abb97647cf04c199443edeafc62b11b78b533a1

=====SPEC_HASHES=====
b56c464f9d3865da0d92d36f4ea508203ad295a8fcd86343f412fb7654514a50

=====SNAPSHOT=====
LEGACY-N/A

=====TESTRESULTS=====
LEGACY-N/A

=====DIAGNOSTICMETA=====
{"legacy_backfill": true}

=====DECISIONS=====
- Legacy patch log generated from commit history.
