patch_20250722_011542_c41e5c1f74dae7cad36b82fb296eab25a35d45b4.log
=====TASK=====
Back-fill missing patch logs using commit history.

=====OBJECTIVE=====
Back-fill missing patch logs using commit history.

=====CONSTRAINTS=====
- AtomicPatch: create ≤100 new logs in this batch; abort on error.
- Filename pattern: patch_<UTC YYYYMMDD>_<HHMMSS>_<commit_hash>.log
- Required fields: TASK, OBJECTIVE, CONSTRAINTS, SCOPE,
                    DIFFSUMMARY (git show --stat),
                    snapshot_metadata=LEGACY-N/A,
                    agent_metadata=LEGACY-N/A,
                    test_results=LEGACY-N/A,
                    diagnostic block noting legacy status,
                    SPEC_HASHES (current CAG & agents.md).
- Skip commits already covered by docs/patch_logs/*.log
- Preserve existing logs; no edits.

=====SCOPE=====
Commit c41e5c1f74dae7cad36b82fb296eab25a35d45b4

=====DIFFSUMMARY=====
commit c41e5c1f74dae7cad36b82fb296eab25a35d45b4
Author: buymeagoat <53793097+buymeagoat@users.noreply.github.com>
Date:   Mon Jul 21 19:15:42 2025 -0600

    Fail build when Docker registry unreachable

 scripts/docker_build.sh  | 6 ++++++
 scripts/shared_checks.sh | 2 +-
 2 files changed, 7 insertions(+), 1 deletion(-)

=====TIMESTAMP=====
2025-07-22T01:15:42Z

=====BUILDER_DATE_TIME (UTC)=====
20250801 200929

=====PROMPTID=====
legacy-backfill-batch-008

=====AGENTVERSION=====
LEGACY-N/A

=====AGENTHASH=====
LEGACY-N/A

=====PROMPTHASH=====
LEGACY-N/A

=====COMMITHASH=====
c41e5c1f74dae7cad36b82fb296eab25a35d45b4

=====SPEC_HASHES=====
10ba62ac16c28028ead0d8892258ab67b59de208559b0027d4835794228c3167

=====SNAPSHOT=====
LEGACY-N/A

=====TESTRESULTS=====
LEGACY-N/A

=====DIAGNOSTICMETA=====
{"legacy_backfill": true}

=====DECISIONS=====
- Legacy patch log generated from commit history.
