patch_20250705_140840_a9bc6ae043af6dae6cfaf7010733c114d298d416.log
=====TASK=====
Backfill legacy patch log

=====OBJECTIVE=====
Reconstruct patch metadata for auditing.

=====CONSTRAINTS=====
- No repository changes
- Use commit history only

=====SCOPE=====
Commit a9bc6ae043af6dae6cfaf7010733c114d298d416

=====DIFFSUMMARY=====
a9bc6ae Display backend error messages on login
 frontend/src/pages/LoginPage.jsx | 4 ++--
 1 file changed, 2 insertions(+), 2 deletions(-)

=====TIMESTAMP=====
2025-07-05T14:08:40Z

=====BUILDER_DATE_TIME (UTC)=====
20250801 200929

=====PROMPTID=====
legacy-backfill-batch-006

=====AGENTVERSION=====
LEGACY-N/A

=====AGENTHASH=====
LEGACY-N/A

=====PROMPTHASH=====
LEGACY-N/A

=====COMMITHASH=====
a9bc6ae043af6dae6cfaf7010733c114d298d416

=====SPEC_HASHES=====
10ba62ac16c28028ead0d8892258ab67b59de208559b0027d4835794228c3167

=====SNAPSHOT=====
LEGACY-N/A

=====TESTRESULTS=====
LEGACY-N/A

=====DIAGNOSTICMETA=====
{"legacy_backfill": true}

=====DECISIONS=====
- Legacy patch log generated from commit history.
