patch_20250705_182602_eeb781628b87223d8f1c522d2fd9f30a5c55a4be.log
=====TASK=====
Backfill legacy patch log

=====OBJECTIVE=====
Reconstruct patch metadata for auditing.

=====CONSTRAINTS=====
- No repository changes
- Use commit history only

=====SCOPE=====
Commit eeb781628b87223d8f1c522d2fd9f30a5c55a4be

=====DIFFSUMMARY=====
eeb7816 Handle access log write errors
 api/middlewares/access_log.py | 17 ++++++++++-------
 tests/test_access_log.py      | 35 +++++++++++++++++++++++++++++++++++
 2 files changed, 45 insertions(+), 7 deletions(-)

=====TIMESTAMP=====
2025-07-05T18:26:02Z

=====BUILDER_DATE_TIME (UTC)=====
20250801 200929

=====PROMPTID=====
legacy-backfill-batch-006

=====AGENTVERSION=====
LEGACY-N/A

=====AGENTHASH=====
LEGACY-N/A

=====PROMPTHASH=====
LEGACY-N/A

=====COMMITHASH=====
eeb781628b87223d8f1c522d2fd9f30a5c55a4be

=====SPEC_HASHES=====
10ba62ac16c28028ead0d8892258ab67b59de208559b0027d4835794228c3167

=====SNAPSHOT=====
LEGACY-N/A

=====TESTRESULTS=====
LEGACY-N/A

=====DIAGNOSTICMETA=====
{"legacy_backfill": true}

=====DECISIONS=====
- Legacy patch log generated from commit history.
