patch_20250801_150922_f640289e661e45607f059587d7d9ab0470f6a192.log
=====TASK=====
Backfill legacy patch log

=====OBJECTIVE=====
Record missing patch log from history

=====CONSTRAINTS=====
- Placeholder for legacy snapshot and agent metadata

=====SCOPE=====
LEGACY commit f640289e661e45607f059587d7d9ab0470f6a192

=====DIFFSUMMARY=====
commit f640289e661e45607f059587d7d9ab0470f6a192
Author: buymeagoat <53793097+buymeagoat@users.noreply.github.com>
Date:   Fri Aug 1 10:09:22 2025 -0500

    Rename patch_20250801_150357_UpdatePatchLoggingSpec.log to patch_20250801_1009_UpdatePatchLoggingSpec.log

 ...atchLoggingSpec.log => patch_20250801_1009_UpdatePatchLoggingSpec.log} | 0
 1 file changed, 0 insertions(+), 0 deletions(-)

=====TIMESTAMP=====
2025-08-01T15:09:22Z

=====BUILDER_DATE_TIME (UTC)=====
20250801 191117

=====PROMPTID=====
legacy-backfill-batch-001

=====AGENTVERSION=====
LEGACY-N/A

=====AGENTHASH=====
LEGACY-N/A

=====PROMPTHASH=====
LEGACY-N/A

=====COMMITHASH=====
f640289e661e45607f059587d7d9ab0470f6a192

=====SPEC_HASHES=====
6bfaa5a80ab85a494b5e35d9cc68b1ec039d330a4386e8ac011f130556dbb7a1

=====SNAPSHOT=====
LEGACY-N/A

=====TESTRESULTS=====
LEGACY-N/A

=====DIAGNOSTICMETA=====
legacy-backfill

=====DECISIONS=====
- Auto-generated from commit history