patch_20250720_133630_bc4c14c6c1c806f1e222e378deaee679e4727399.log
=====TASK=====
Back-fill missing patch logs using commit history.

=====OBJECTIVE=====
Back-fill missing patch logs using commit history.

=====CONSTRAINTS=====
- AtomicPatch: create ≤100 new logs in this batch; abort on error.
- Filename pattern: patch_<UTC YYYYMMDD>_<HHMMSS>_<commit_hash>.log
- Required fields: TASK, OBJECTIVE, CONSTRAINTS, SCOPE,
                    DIFFSUMMARY (git show --stat),
                    snapshot_metadata=LEGACY-N/A,
                    agent_metadata=LEGACY-N/A,
                    test_results=LEGACY-N/A,
                    diagnostic block noting legacy status,
                    SPEC_HASHES (current CAG & agents.md).
- Skip commits already covered by docs/patch_logs/*.log
- Preserve existing logs; no edits.

=====SCOPE=====
Commit bc4c14c6c1c806f1e222e378deaee679e4727399

=====DIFFSUMMARY=====
commit bc4c14c6c1c806f1e222e378deaee679e4727399
Author: buymeagoat <53793097+buymeagoat@users.noreply.github.com>
Date:   Sun Jul 20 07:36:30 2025 -0600

    chore: show test options after builds

 scripts/docker_build.sh  | 10 ++++++++--
 scripts/update_images.sh | 10 ++++++++++
 2 files changed, 18 insertions(+), 2 deletions(-)

=====TIMESTAMP=====
2025-07-20T13:36:30Z

=====BUILDER_DATE_TIME (UTC)=====
20250801 200929

=====PROMPTID=====
legacy-backfill-batch-008

=====AGENTVERSION=====
LEGACY-N/A

=====AGENTHASH=====
LEGACY-N/A

=====PROMPTHASH=====
LEGACY-N/A

=====COMMITHASH=====
bc4c14c6c1c806f1e222e378deaee679e4727399

=====SPEC_HASHES=====
10ba62ac16c28028ead0d8892258ab67b59de208559b0027d4835794228c3167

=====SNAPSHOT=====
LEGACY-N/A

=====TESTRESULTS=====
LEGACY-N/A

=====DIAGNOSTICMETA=====
{"legacy_backfill": true}

=====DECISIONS=====
- Legacy patch log generated from commit history.
