patch_20250628_045111_632ad96ffab90f4d10e64d358a7ca20490e53cea.log
=====TASK=====
Backfill legacy patch log

=====OBJECTIVE=====
Reconstruct patch metadata for auditing.

=====CONSTRAINTS=====
- No repository changes
- Use commit history only

=====SCOPE=====
Commit 632ad96ffab90f4d10e64d358a7ca20490e53cea

=====DIFFSUMMARY=====
632ad96 Add settings logging helper
 api/main.py | 13 +++++++++++++
 1 file changed, 13 insertions(+)

=====TIMESTAMP=====
2025-06-28T04:51:11Z

=====BUILDER_DATE_TIME (UTC)=====
20250801 200929

=====PROMPTID=====
legacy-backfill-batch-004

=====AGENTVERSION=====
LEGACY-N/A

=====AGENTHASH=====
LEGACY-N/A

=====PROMPTHASH=====
LEGACY-N/A

=====COMMITHASH=====
632ad96ffab90f4d10e64d358a7ca20490e53cea

=====SPEC_HASHES=====
10ba62ac16c28028ead0d8892258ab67b59de208559b0027d4835794228c3167

=====SNAPSHOT=====
LEGACY-N/A

=====TESTRESULTS=====
LEGACY-N/A

=====DIAGNOSTICMETA=====
{"legacy_backfill": true}

=====DECISIONS=====
- Legacy patch log generated from commit history.