patch_20250730_182754_b4681e84a96501d7521ab5ef76c6344f52695c90.log
=====TASK=====
Backfill legacy patch log

=====OBJECTIVE=====
Record missing patch log from history

=====CONSTRAINTS=====
- Placeholder for legacy snapshot and agent metadata

=====SCOPE=====
LEGACY commit b4681e84a96501d7521ab5ef76c6344f52695c90

=====DIFFSUMMARY=====
commit b4681e84a96501d7521ab5ef76c6344f52695c90
Author: buymeagoat <53793097+buymeagoat@users.noreply.github.com>
Date:   Wed Jul 30 12:27:54 2025 -0600

    Add files via upload

 docs/patch_logs/patch_20250728_1852.txt |  832 +++++++
 docs/patch_logs/patch_20250728_1918.txt |  672 +++++
 docs/patch_logs/patch_20250728_2008.txt | 1875 ++++++++++++++
 docs/patch_logs/patch_20250728_2022.txt |  921 +++++++
 docs/patch_logs/patch_20250728_2058.txt |  583 +++++
 docs/patch_logs/patch_20250729_0910.txt |  445 ++++
 docs/patch_logs/patch_20250729_0930.txt |  212 ++
 docs/patch_logs/patch_20250729_0942.txt |  539 +++++
 docs/patch_logs/patch_20250729_1004.txt |  288 +++
 docs/patch_logs/patch_20250729_1730.txt |   97 +
 docs/patch_logs/patch_20250730_0938.txt | 4040 +++++++++++++++++++++++++++++++
 11 files changed, 10504 insertions(+)

=====TIMESTAMP=====
2025-07-30T18:27:54Z

=====BUILDER_DATE_TIME (UTC)=====
20250801 191117

=====PROMPTID=====
legacy-backfill-batch-001

=====AGENTVERSION=====
LEGACY-N/A

=====AGENTHASH=====
LEGACY-N/A

=====PROMPTHASH=====
LEGACY-N/A

=====COMMITHASH=====
b4681e84a96501d7521ab5ef76c6344f52695c90

=====SPEC_HASHES=====
6bfaa5a80ab85a494b5e35d9cc68b1ec039d330a4386e8ac011f130556dbb7a1

=====SNAPSHOT=====
LEGACY-N/A

=====TESTRESULTS=====
LEGACY-N/A

=====DIAGNOSTICMETA=====
legacy-backfill

=====DECISIONS=====
- Auto-generated from commit history