patch_20250801_152512_355d85de8f7d2b802df439a2ab3e3628c586f774.log
=====TASK=====
Backfill legacy patch log

=====OBJECTIVE=====
Record missing patch log from history

=====CONSTRAINTS=====
- Placeholder for legacy snapshot and agent metadata

=====SCOPE=====
LEGACY commit 355d85de8f7d2b802df439a2ab3e3628c586f774

=====DIFFSUMMARY=====
commit 355d85de8f7d2b802df439a2ab3e3628c586f774
Author: buymeagoat <53793097+buymeagoat@users.noreply.github.com>
Date:   Fri Aug 1 09:25:12 2025 -0600

    Add dry run prompt for alias map

 .../patch_20250801_152221_EchoAliasMap.log         | 49 ++++++++++++++++++++++
 scripts/dry_run_prompt_examples/echo_alias_map.md  |  1 +
 2 files changed, 50 insertions(+)

=====TIMESTAMP=====
2025-08-01T15:25:12Z

=====BUILDER_DATE_TIME (UTC)=====
20250801 191117

=====PROMPTID=====
legacy-backfill-batch-001

=====AGENTVERSION=====
LEGACY-N/A

=====AGENTHASH=====
LEGACY-N/A

=====PROMPTHASH=====
LEGACY-N/A

=====COMMITHASH=====
355d85de8f7d2b802df439a2ab3e3628c586f774

=====SPEC_HASHES=====
6bfaa5a80ab85a494b5e35d9cc68b1ec039d330a4386e8ac011f130556dbb7a1

=====SNAPSHOT=====
LEGACY-N/A

=====TESTRESULTS=====
LEGACY-N/A

=====DIAGNOSTICMETA=====
legacy-backfill

=====DECISIONS=====
- Auto-generated from commit history