patch_20250703_171424_f251832fefaab99d2a599dd69364a1a47cd36798.log
=====TASK=====
Backfill legacy patch log

=====OBJECTIVE=====
Reconstruct patch metadata for auditing.

=====CONSTRAINTS=====
- No repository changes
- Use commit history only

=====SCOPE=====
Commit f251832fefaab99d2a599dd69364a1a47cd36798

=====DIFFSUMMARY=====
f251832 Implement whisper timeout
 api/app_state.py                     |  5 +++-
 api/settings.py                      |  1 +
 tests/test_handle_whisper_failure.py | 55 ++++++++++++++++++++++++++++++++++++
 3 files changed, 60 insertions(+), 1 deletion(-)

=====TIMESTAMP=====
2025-07-03T17:14:24Z

=====BUILDER_DATE_TIME (UTC)=====
20250801 200929

=====PROMPTID=====
legacy-backfill-batch-005

=====AGENTVERSION=====
LEGACY-N/A

=====AGENTHASH=====
LEGACY-N/A

=====PROMPTHASH=====
LEGACY-N/A

=====COMMITHASH=====
f251832fefaab99d2a599dd69364a1a47cd36798

=====SPEC_HASHES=====
10ba62ac16c28028ead0d8892258ab67b59de208559b0027d4835794228c3167

=====SNAPSHOT=====
LEGACY-N/A

=====TESTRESULTS=====
LEGACY-N/A

=====DIAGNOSTICMETA=====
{"legacy_backfill": true}

=====DECISIONS=====
- Legacy patch log generated from commit history.
