patch_20250727_182012_5c5c944a92be4cc9f4160eead0ccadb7fc0f6005.log
=====TASK=====
Backfill legacy patch log

=====OBJECTIVE=====
Reconstruct patch metadata for auditing.

=====CONSTRAINTS=====
- No repository changes
- Use commit history only

=====SCOPE=====
Commit 5c5c944a92be4cc9f4160eead0ccadb7fc0f6005

=====DIFFSUMMARY=====
5c5c944 Sync apt cache into Docker build context
 .gitignore              | 1 +
 scripts/docker_build.sh | 7 +++++++
 2 files changed, 8 insertions(+)

=====TIMESTAMP=====
2025-07-27T18:20:12Z

=====BUILDER_DATE_TIME (UTC)=====
20250801 194741

=====PROMPTID=====
legacy-backfill-batch-002

=====AGENTVERSION=====
LEGACY-N/A

=====AGENTHASH=====
LEGACY-N/A

=====PROMPTHASH=====
LEGACY-N/A

=====COMMITHASH=====
5c5c944a92be4cc9f4160eead0ccadb7fc0f6005

=====SPEC_HASHES=====
6bfaa5a80ab85a494b5e35d9cc68b1ec039d330a4386e8ac011f130556dbb7a1

=====SNAPSHOT=====
LEGACY-N/A

=====TESTRESULTS=====
LEGACY-N/A

=====DIAGNOSTICMETA=====
{"legacy_backfill": true}

=====DECISIONS=====
- Legacy patch log generated from commit history.
