patch_20250728_191844_749131bc5c2fce6890b24e13bd9013cbbedb6dfa.log
=====TASK=====
Backfill legacy patch log

=====OBJECTIVE=====
Reconstruct patch metadata for auditing.

=====CONSTRAINTS=====
- No repository changes
- Use commit history only

=====SCOPE=====
Commit 749131bc5c2fce6890b24e13bd9013cbbedb6dfa

=====DIFFSUMMARY=====
749131b docs: add Completed status definition
 docs/future_updates.md | 1 +
 1 file changed, 1 insertion(+)

=====TIMESTAMP=====
2025-07-28T19:18:44Z

=====BUILDER_DATE_TIME (UTC)=====
20250801 194741

=====PROMPTID=====
legacy-backfill-batch-002

=====AGENTVERSION=====
LEGACY-N/A

=====AGENTHASH=====
LEGACY-N/A

=====PROMPTHASH=====
LEGACY-N/A

=====COMMITHASH=====
749131bc5c2fce6890b24e13bd9013cbbedb6dfa

=====SPEC_HASHES=====
6bfaa5a80ab85a494b5e35d9cc68b1ec039d330a4386e8ac011f130556dbb7a1

=====SNAPSHOT=====
LEGACY-N/A

=====TESTRESULTS=====
LEGACY-N/A

=====DIAGNOSTICMETA=====
{"legacy_backfill": true}

=====DECISIONS=====
- Legacy patch log generated from commit history.
