patch_20250707_212329_cbb1c9e2cd4c3865c9ba7f4f7577b54d9222599e.log
=====TASK=====
Backfill legacy patch log

=====OBJECTIVE=====
Reconstruct patch metadata for auditing.

=====CONSTRAINTS=====
- No repository changes
- Use commit history only

=====SCOPE=====
Commit cbb1c9e2cd4c3865c9ba7f4f7577b54d9222599e

=====DIFFSUMMARY=====
cbb1c9e Add Cypress E2E setup
 cypress.config.js     | 7 +++++++
 cypress/e2e/app.cy.js | 8 ++++++++
 frontend/package.json | 6 ++++--
 3 files changed, 19 insertions(+), 2 deletions(-)

=====TIMESTAMP=====
2025-07-07T21:23:29Z

=====BUILDER_DATE_TIME (UTC)=====
20250801 200929

=====PROMPTID=====
legacy-backfill-batch-006

=====AGENTVERSION=====
LEGACY-N/A

=====AGENTHASH=====
LEGACY-N/A

=====PROMPTHASH=====
LEGACY-N/A

=====COMMITHASH=====
cbb1c9e2cd4c3865c9ba7f4f7577b54d9222599e

=====SPEC_HASHES=====
10ba62ac16c28028ead0d8892258ab67b59de208559b0027d4835794228c3167

=====SNAPSHOT=====
LEGACY-N/A

=====TESTRESULTS=====
LEGACY-N/A

=====DIAGNOSTICMETA=====
{"legacy_backfill": true}

=====DECISIONS=====
- Legacy patch log generated from commit history.
