patch_20250730_204018_a203ef6bb7ad2c9e6cd867d245a7aff9ee083f76.log
=====TASK=====
Backfill legacy patch log

=====OBJECTIVE=====
Record missing patch log from history

=====CONSTRAINTS=====
- Placeholder for legacy snapshot and agent metadata

=====SCOPE=====
LEGACY commit a203ef6bb7ad2c9e6cd867d245a7aff9ee083f76

=====DIFFSUMMARY=====
commit a203ef6bb7ad2c9e6cd867d245a7aff9ee083f76
Author: buymeagoat <53793097+buymeagoat@users.noreply.github.com>
Date:   Wed Jul 30 14:40:18 2025 -0600

    chore: remove placeholder patch file

 docs/patch_logs/test_patch_CAG_placeholder.md | 1 -
 1 file changed, 1 deletion(-)

=====TIMESTAMP=====
2025-07-30T20:40:18Z

=====BUILDER_DATE_TIME (UTC)=====
20250801 191117

=====PROMPTID=====
legacy-backfill-batch-001

=====AGENTVERSION=====
LEGACY-N/A

=====AGENTHASH=====
LEGACY-N/A

=====PROMPTHASH=====
LEGACY-N/A

=====COMMITHASH=====
a203ef6bb7ad2c9e6cd867d245a7aff9ee083f76

=====SPEC_HASHES=====
6bfaa5a80ab85a494b5e35d9cc68b1ec039d330a4386e8ac011f130556dbb7a1

=====SNAPSHOT=====
LEGACY-N/A

=====TESTRESULTS=====
LEGACY-N/A

=====DIAGNOSTICMETA=====
legacy-backfill

=====DECISIONS=====
- Auto-generated from commit history