patch_20250628_202609_3f469b7aa545f7d987d71342b4633de1385fae84.log
=====TASK=====
Backfill legacy patch log

=====OBJECTIVE=====
Reconstruct patch metadata for auditing.

=====CONSTRAINTS=====
- No repository changes
- Use commit history only

=====SCOPE=====
Commit 3f469b7aa545f7d987d71342b4633de1385fae84

=====DIFFSUMMARY=====
3f469b7 docs: move roadmap to new file
 README.md              |   2 +-
 docs/design_scope.md   |  83 +-------------
 docs/future_updates.md | 295 +++++++++++++++++++++++++++++++++++++++++++++++++
 3 files changed, 299 insertions(+), 81 deletions(-)

=====TIMESTAMP=====
2025-06-28T20:26:09Z

=====BUILDER_DATE_TIME (UTC)=====
20250801 200929

=====PROMPTID=====
legacy-backfill-batch-004

=====AGENTVERSION=====
LEGACY-N/A

=====AGENTHASH=====
LEGACY-N/A

=====PROMPTHASH=====
LEGACY-N/A

=====COMMITHASH=====
3f469b7aa545f7d987d71342b4633de1385fae84

=====SPEC_HASHES=====
10ba62ac16c28028ead0d8892258ab67b59de208559b0027d4835794228c3167

=====SNAPSHOT=====
LEGACY-N/A

=====TESTRESULTS=====
LEGACY-N/A

=====DIAGNOSTICMETA=====
{"legacy_backfill": true}

=====DECISIONS=====
- Legacy patch log generated from commit history.