patch_20250728_160555_9b7cfba06860903b17b7b581dbed3c50ed963409.log
=====TASK=====
Backfill legacy patch log

=====OBJECTIVE=====
Reconstruct patch metadata for auditing.

=====CONSTRAINTS=====
- No repository changes
- Use commit history only

=====SCOPE=====
Commit 9b7cfba06860903b17b7b581dbed3c50ed963409

=====DIFFSUMMARY=====
9b7cfba harden env checks and add manifest validator
 scripts/check_env.sh         | 63 +++++++++++++++-------------
 scripts/shared_checks.sh     | 46 +++++++++++++++++++++
 scripts/validate_manifest.sh | 98 ++++++++++++++++++++++++++++++++++++++++++++
 3 files changed, 178 insertions(+), 29 deletions(-)

=====TIMESTAMP=====
2025-07-28T16:05:55Z

=====BUILDER_DATE_TIME (UTC)=====
20250801 194741

=====PROMPTID=====
legacy-backfill-batch-002

=====AGENTVERSION=====
LEGACY-N/A

=====AGENTHASH=====
LEGACY-N/A

=====PROMPTHASH=====
LEGACY-N/A

=====COMMITHASH=====
9b7cfba06860903b17b7b581dbed3c50ed963409

=====SPEC_HASHES=====
6bfaa5a80ab85a494b5e35d9cc68b1ec039d330a4386e8ac011f130556dbb7a1

=====SNAPSHOT=====
LEGACY-N/A

=====TESTRESULTS=====
LEGACY-N/A

=====DIAGNOSTICMETA=====
{"legacy_backfill": true}

=====DECISIONS=====
- Legacy patch log generated from commit history.
