patch_20250702_163218_71389731b67617e6adc44e1c4ce2b3e50edad89b.log
=====TASK=====
Backfill legacy patch log

=====OBJECTIVE=====
Reconstruct patch metadata for auditing.

=====CONSTRAINTS=====
- No repository changes
- Use commit history only

=====SCOPE=====
Commit 71389731b67617e6adc44e1c4ce2b3e50edad89b

=====DIFFSUMMARY=====
7138973 Update container script permissions
 README.md                   |  2 +-
 scripts/start_containers.sh | 16 ++++++++++++++++
 2 files changed, 17 insertions(+), 1 deletion(-)

=====TIMESTAMP=====
2025-07-02T16:32:18Z

=====BUILDER_DATE_TIME (UTC)=====
20250801 200929

=====PROMPTID=====
legacy-backfill-batch-005

=====AGENTVERSION=====
LEGACY-N/A

=====AGENTHASH=====
LEGACY-N/A

=====PROMPTHASH=====
LEGACY-N/A

=====COMMITHASH=====
71389731b67617e6adc44e1c4ce2b3e50edad89b

=====SPEC_HASHES=====
10ba62ac16c28028ead0d8892258ab67b59de208559b0027d4835794228c3167

=====SNAPSHOT=====
LEGACY-N/A

=====TESTRESULTS=====
LEGACY-N/A

=====DIAGNOSTICMETA=====
{"legacy_backfill": true}

=====DECISIONS=====
- Legacy patch log generated from commit history.
