patch_20250628_181819_d6e8230e5da81cf127a47d56b8f7a1767ada73a4.log
=====TASK=====
Backfill legacy patch log

=====OBJECTIVE=====
Reconstruct patch metadata for auditing.

=====CONSTRAINTS=====
- No repository changes
- Use commit history only

=====SCOPE=====
Commit d6e8230e5da81cf127a47d56b8f7a1767ada73a4

=====DIFFSUMMARY=====
d6e8230 Simplify database bootstrap
 api/orm_bootstrap.py | 22 ++++++----------------
 1 file changed, 6 insertions(+), 16 deletions(-)

=====TIMESTAMP=====
2025-06-28T18:18:19Z

=====BUILDER_DATE_TIME (UTC)=====
20250801 200929

=====PROMPTID=====
legacy-backfill-batch-004

=====AGENTVERSION=====
LEGACY-N/A

=====AGENTHASH=====
LEGACY-N/A

=====PROMPTHASH=====
LEGACY-N/A

=====COMMITHASH=====
d6e8230e5da81cf127a47d56b8f7a1767ada73a4

=====SPEC_HASHES=====
10ba62ac16c28028ead0d8892258ab67b59de208559b0027d4835794228c3167

=====SNAPSHOT=====
LEGACY-N/A

=====TESTRESULTS=====
LEGACY-N/A

=====DIAGNOSTICMETA=====
{"legacy_backfill": true}

=====DECISIONS=====
- Legacy patch log generated from commit history.