patch_20250726_202539_14822fbcefdc26d0a6b5a57c3c682c76417ec64f.log
=====TASK=====
Backfill legacy patch log

=====OBJECTIVE=====
Reconstruct patch metadata for auditing.

=====CONSTRAINTS=====
- No repository changes
- Use commit history only

=====SCOPE=====
Commit 14822fbcefdc26d0a6b5a57c3c682c76417ec64f

=====DIFFSUMMARY=====
14822fb docs: document force-frontend option
 README.md            | 7 +++++--
 docs/design_scope.md | 6 +++---
 2 files changed, 8 insertions(+), 5 deletions(-)

=====TIMESTAMP=====
2025-07-26T20:25:39Z

=====BUILDER_DATE_TIME (UTC)=====
20250801 200929

=====PROMPTID=====
legacy-backfill-batch-010

=====AGENTVERSION=====
LEGACY-N/A

=====AGENTHASH=====
LEGACY-N/A

=====PROMPTHASH=====
LEGACY-N/A

=====COMMITHASH=====
14822fbcefdc26d0a6b5a57c3c682c76417ec64f

=====SPEC_HASHES=====
10ba62ac16c28028ead0d8892258ab67b59de208559b0027d4835794228c3167

=====SNAPSHOT=====
LEGACY-N/A

=====TESTRESULTS=====
LEGACY-N/A

=====DIAGNOSTICMETA=====
{"legacy_backfill": true}

=====DECISIONS=====
- Legacy patch log generated from commit history.
