patch_20250801_160750_661f0a5630037bbadfaca6262132802addcbe9f6.log
=====TASK=====
Backfill legacy patch log

=====OBJECTIVE=====
Record missing patch log from history

=====CONSTRAINTS=====
- Placeholder for legacy snapshot and agent metadata

=====SCOPE=====
LEGACY commit 661f0a5630037bbadfaca6262132802addcbe9f6

=====DIFFSUMMARY=====
commit 661f0a5630037bbadfaca6262132802addcbe9f6
Author: buymeagoat <53793097+buymeagoat@users.noreply.github.com>
Date:   Fri Aug 1 11:07:50 2025 -0500

    Rename patch_20250801_1009_UpdatePatchLoggingSpec.log to patch_20250801_150357_UpdatePatchLoggingSpec.log

 ...chLoggingSpec.log => patch_20250801_150357_UpdatePatchLoggingSpec.log} | 0
 1 file changed, 0 insertions(+), 0 deletions(-)

=====TIMESTAMP=====
2025-08-01T16:07:50Z

=====BUILDER_DATE_TIME (UTC)=====
20250801 191117

=====PROMPTID=====
legacy-backfill-batch-001

=====AGENTVERSION=====
LEGACY-N/A

=====AGENTHASH=====
LEGACY-N/A

=====PROMPTHASH=====
LEGACY-N/A

=====COMMITHASH=====
661f0a5630037bbadfaca6262132802addcbe9f6

=====SPEC_HASHES=====
6bfaa5a80ab85a494b5e35d9cc68b1ec039d330a4386e8ac011f130556dbb7a1

=====SNAPSHOT=====
LEGACY-N/A

=====TESTRESULTS=====
LEGACY-N/A

=====DIAGNOSTICMETA=====
legacy-backfill

=====DECISIONS=====
- Auto-generated from commit history