patch_20250707_014954_83bd8fbb7873b53925e4c915cf76a65dc1945397.log
=====TASK=====
Backfill legacy patch log

=====OBJECTIVE=====
Reconstruct patch metadata for auditing.

=====CONSTRAINTS=====
- No repository changes
- Use commit history only

=====SCOPE=====
Commit 83bd8fbb7873b53925e4c915cf76a65dc1945397

=====DIFFSUMMARY=====
83bd8fb Update frontend README with build instructions
 frontend/README.md | 34 +++++++++++++++++++++++++++-------
 1 file changed, 27 insertions(+), 7 deletions(-)

=====TIMESTAMP=====
2025-07-07T01:49:54Z

=====BUILDER_DATE_TIME (UTC)=====
20250801 200929

=====PROMPTID=====
legacy-backfill-batch-006

=====AGENTVERSION=====
LEGACY-N/A

=====AGENTHASH=====
LEGACY-N/A

=====PROMPTHASH=====
LEGACY-N/A

=====COMMITHASH=====
83bd8fbb7873b53925e4c915cf76a65dc1945397

=====SPEC_HASHES=====
10ba62ac16c28028ead0d8892258ab67b59de208559b0027d4835794228c3167

=====SNAPSHOT=====
LEGACY-N/A

=====TESTRESULTS=====
LEGACY-N/A

=====DIAGNOSTICMETA=====
{"legacy_backfill": true}

=====DECISIONS=====
- Legacy patch log generated from commit history.
