patch_20250801_160840_9e25de272d0afb9684adafe8402e23a0c8f398a9.log
=====TASK=====
Backfill legacy patch log

=====OBJECTIVE=====
Record missing patch log from history

=====CONSTRAINTS=====
- Placeholder for legacy snapshot and agent metadata

=====SCOPE=====
LEGACY commit 9e25de272d0afb9684adafe8402e23a0c8f398a9

=====DIFFSUMMARY=====
commit 9e25de272d0afb9684adafe8402e23a0c8f398a9
Author: buymeagoat <53793097+buymeagoat@users.noreply.github.com>
Date:   Fri Aug 1 11:08:40 2025 -0500

    Rename patch_20250801_1036_BinaryGuardTest.log to patch_20250801_153325_BinaryGuardTest.log

 ...1036_BinaryGuardTest.log => patch_20250801_153325_BinaryGuardTest.log} | 0
 1 file changed, 0 insertions(+), 0 deletions(-)

=====TIMESTAMP=====
2025-08-01T16:08:40Z

=====BUILDER_DATE_TIME (UTC)=====
20250801 191117

=====PROMPTID=====
legacy-backfill-batch-001

=====AGENTVERSION=====
LEGACY-N/A

=====AGENTHASH=====
LEGACY-N/A

=====PROMPTHASH=====
LEGACY-N/A

=====COMMITHASH=====
9e25de272d0afb9684adafe8402e23a0c8f398a9

=====SPEC_HASHES=====
6bfaa5a80ab85a494b5e35d9cc68b1ec039d330a4386e8ac011f130556dbb7a1

=====SNAPSHOT=====
LEGACY-N/A

=====TESTRESULTS=====
LEGACY-N/A

=====DIAGNOSTICMETA=====
legacy-backfill

=====DECISIONS=====
- Auto-generated from commit history