patch_20250801_160708_0404ead398d98320caf575371dcb8fb065643cef.log
=====TASK=====
Backfill legacy patch log

=====OBJECTIVE=====
Record missing patch log from history

=====CONSTRAINTS=====
- Placeholder for legacy snapshot and agent metadata

=====SCOPE=====
LEGACY commit 0404ead398d98320caf575371dcb8fb065643cef

=====DIFFSUMMARY=====
commit 0404ead398d98320caf575371dcb8fb065643cef
Author: buymeagoat <53793097+buymeagoat@users.noreply.github.com>
Date:   Fri Aug 1 11:07:08 2025 -0500

    Rename patch_20250801_0956_CreatePatchLogTemplate.txt to patch_20250801_145422_CreatePatchLogTemplate.txt

 ...chLogTemplate.txt => patch_20250801_145422_CreatePatchLogTemplate.txt} | 0
 1 file changed, 0 insertions(+), 0 deletions(-)

=====TIMESTAMP=====
2025-08-01T16:07:08Z

=====BUILDER_DATE_TIME (UTC)=====
20250801 191117

=====PROMPTID=====
legacy-backfill-batch-001

=====AGENTVERSION=====
LEGACY-N/A

=====AGENTHASH=====
LEGACY-N/A

=====PROMPTHASH=====
LEGACY-N/A

=====COMMITHASH=====
0404ead398d98320caf575371dcb8fb065643cef

=====SPEC_HASHES=====
6bfaa5a80ab85a494b5e35d9cc68b1ec039d330a4386e8ac011f130556dbb7a1

=====SNAPSHOT=====
LEGACY-N/A

=====TESTRESULTS=====
LEGACY-N/A

=====DIAGNOSTICMETA=====
legacy-backfill

=====DECISIONS=====
- Auto-generated from commit history