patch_20250727_151344_63afa1a9a7aa2dcb59c789baf16460fd9d456d53.log
=====TASK=====
Backfill legacy patch log

=====OBJECTIVE=====
Reconstruct patch metadata for auditing.

=====CONSTRAINTS=====
- No repository changes
- Use commit history only

=====SCOPE=====
Commit 63afa1a9a7aa2dcb59c789baf16460fd9d456d53

=====DIFFSUMMARY=====
63afa1a docs: update dependency installation notes
 docs/future_updates.md | 6 +++---
 1 file changed, 3 insertions(+), 3 deletions(-)

=====TIMESTAMP=====
2025-07-27T15:13:44Z

=====BUILDER_DATE_TIME (UTC)=====
20250801 194741

=====PROMPTID=====
legacy-backfill-batch-002

=====AGENTVERSION=====
LEGACY-N/A

=====AGENTHASH=====
LEGACY-N/A

=====PROMPTHASH=====
LEGACY-N/A

=====COMMITHASH=====
63afa1a9a7aa2dcb59c789baf16460fd9d456d53

=====SPEC_HASHES=====
6bfaa5a80ab85a494b5e35d9cc68b1ec039d330a4386e8ac011f130556dbb7a1

=====SNAPSHOT=====
LEGACY-N/A

=====TESTRESULTS=====
LEGACY-N/A

=====DIAGNOSTICMETA=====
{"legacy_backfill": true}

=====DECISIONS=====
- Legacy patch log generated from commit history.
