patch_20250730_163607_cd21e948a71322200755b9cd0730a67777941b99.log
=====TASK=====
Backfill legacy patch log

=====OBJECTIVE=====
Record missing patch log from history

=====CONSTRAINTS=====
- Placeholder for legacy snapshot and agent metadata

=====SCOPE=====
LEGACY commit cd21e948a71322200755b9cd0730a67777941b99

=====DIFFSUMMARY=====
commit cd21e948a71322200755b9cd0730a67777941b99
Author: buymeagoat <akapinos@gmail.com>
Date:   Wed Jul 30 11:36:07 2025 -0500

    Replace repo_audit.py with dual_repo_audit.py; add setup_runtime_dirs.sh

 scripts/dual_repo_audit.py    | 103 ++++++++++++++++++++++++++++++++++++++++++
 scripts/repo_audit.py         |  73 ------------------------------
 scripts/setup_runtime_dirs.sh |  74 ++++++++++++++++++++++++++++++
 3 files changed, 177 insertions(+), 73 deletions(-)

=====TIMESTAMP=====
2025-07-30T16:36:07Z

=====BUILDER_DATE_TIME (UTC)=====
20250801 191117

=====PROMPTID=====
legacy-backfill-batch-001

=====AGENTVERSION=====
LEGACY-N/A

=====AGENTHASH=====
LEGACY-N/A

=====PROMPTHASH=====
LEGACY-N/A

=====COMMITHASH=====
cd21e948a71322200755b9cd0730a67777941b99

=====SPEC_HASHES=====
6bfaa5a80ab85a494b5e35d9cc68b1ec039d330a4386e8ac011f130556dbb7a1

=====SNAPSHOT=====
LEGACY-N/A

=====TESTRESULTS=====
LEGACY-N/A

=====DIAGNOSTICMETA=====
legacy-backfill

=====DECISIONS=====
- Auto-generated from commit history