patch_20250723_192758_706e144fe9416ec64754600e3207c6d0d0a9372e.log
=====TASK=====
generate_legacy_patch_logs

=====OBJECTIVE=====
Back-fill missing patch logs using commit history.

=====CONSTRAINTS=====
- AtomicPatch: create ≤100 new logs in this batch; abort on error.
- Filename pattern: patch_<UTC YYYYMMDD>_<HHMMSS>_<commit_hash>.log
- Required fields: TASK, OBJECTIVE, CONSTRAINTS, SCOPE,
                  DIFFSUMMARY (git show --stat),
                  snapshot_metadata=LEGACY-N/A,
                  agent_metadata=LEGACY-N/A,
                  test_results=LEGACY-N/A,
                  diagnostic block noting legacy status,
                  SPEC_HASHES (current CAG & agents.md).
- Skip commits already covered by docs/patch_logs/*.log
- Preserve existing logs; no edits.

=====SCOPE=====
Commit 706e144fe9416ec64754600e3207c6d0d0a9372e

=====DIFFSUMMARY=====
706e144 Stage dependencies automatically
 README.md                   | 1 -
 scripts/docker_build.sh     | 4 +++-
 scripts/start_containers.sh | 2 ++
 scripts/update_images.sh    | 2 ++
 4 files changed, 7 insertions(+), 2 deletions(-)

=====TIMESTAMP=====
2025-07-23T19:27:58Z

=====BUILDER_DATE_TIME (UTC)=====
20250801 200929

=====PROMPTID=====
legacy-backfill-batch-009

=====AGENTVERSION=====
LEGACY-N/A

=====AGENTHASH=====
LEGACY-N/A

=====PROMPTHASH=====
LEGACY-N/A

=====COMMITHASH=====
706e144fe9416ec64754600e3207c6d0d0a9372e

=====SPEC_HASHES=====
dc8a013c0f35058c795920c3066582fb3a49b0ae5696470c63154e62ac6efc70

=====SNAPSHOT=====
LEGACY-N/A

=====TESTRESULTS=====
LEGACY-N/A

=====DIAGNOSTIC=====
attempted_action_summary: Backfill legacy patch log from commit history.
instruction_interpretation: Generate patch log without modifying repository state.
successes: Patch log generated.
failures:
skipped_steps:
missing_inputs:
ambiguities_detected:
resource_or_environment_gaps:
suggestions_to_builder:

=====DECISIONS=====
- Legacy patch log generated from commit history.
