patch_20250708_202458_dd16e02d57489baee495e247dec7ccbf2a799adb.log
=====TASK=====
Backfill legacy patch log

=====OBJECTIVE=====
Reconstruct patch metadata for auditing.

=====CONSTRAINTS=====
- No repository changes
- Use commit history only

=====SCOPE=====
Commit dd16e02d57489baee495e247dec7ccbf2a799adb

=====DIFFSUMMARY=====
dd16e02 Rename test scripts
 README.md                                          |  6 +++---
 docs/design_scope.md                               |  6 +++---
 scripts/docker_build.sh                            |  4 ++--
 scripts/{run_all_tests.sh => run_backend_tests.sh} | 10 +++++-----
 scripts/run_tests.sh                               | 10 +++++-----
 5 files changed, 18 insertions(+), 18 deletions(-)

=====TIMESTAMP=====
2025-07-08T20:24:58Z

=====BUILDER_DATE_TIME (UTC)=====
20250801 200929

=====PROMPTID=====
legacy-backfill-batch-006

=====AGENTVERSION=====
LEGACY-N/A

=====AGENTHASH=====
LEGACY-N/A

=====PROMPTHASH=====
LEGACY-N/A

=====COMMITHASH=====
dd16e02d57489baee495e247dec7ccbf2a799adb

=====SPEC_HASHES=====
10ba62ac16c28028ead0d8892258ab67b59de208559b0027d4835794228c3167

=====SNAPSHOT=====
LEGACY-N/A

=====TESTRESULTS=====
LEGACY-N/A

=====DIAGNOSTICMETA=====
{"legacy_backfill": true}

=====DECISIONS=====
- Legacy patch log generated from commit history.
