patch_20250627_235748_c36b4c32f04fb47429168bba2899ec7fe3a1a874.log
=====TASK=====
Backfill legacy patch log

=====OBJECTIVE=====
Reconstruct patch metadata for auditing.

=====CONSTRAINTS=====
- No repository changes
- Use commit history only

=====SCOPE=====
Commit c36b4c32f04fb47429168bba2899ec7fe3a1a874

=====DIFFSUMMARY=====
c36b4c3 docs: remove orchestrate watch row
 docs/design_scope.md | 1 -
 1 file changed, 1 deletion(-)

=====TIMESTAMP=====
2025-06-27T23:57:48Z

=====BUILDER_DATE_TIME (UTC)=====
20250801 200929

=====PROMPTID=====
legacy-backfill-batch-004

=====AGENTVERSION=====
LEGACY-N/A

=====AGENTHASH=====
LEGACY-N/A

=====PROMPTHASH=====
LEGACY-N/A

=====COMMITHASH=====
c36b4c32f04fb47429168bba2899ec7fe3a1a874

=====SPEC_HASHES=====
10ba62ac16c28028ead0d8892258ab67b59de208559b0027d4835794228c3167

=====SNAPSHOT=====
LEGACY-N/A

=====TESTRESULTS=====
LEGACY-N/A

=====DIAGNOSTICMETA=====
{"legacy_backfill": true}

=====DECISIONS=====
- Legacy patch log generated from commit history.