patch_20250726_171818_bfaa22ddd872c36210b3063d3495720597611b99.log
=====TASK=====
Backfill legacy patch log

=====OBJECTIVE=====
Reconstruct patch metadata for auditing.

=====CONSTRAINTS=====
- No repository changes
- Use commit history only

=====SCOPE=====
Commit bfaa22ddd872c36210b3063d3495720597611b99

=====DIFFSUMMARY=====
bfaa22d Add directory cleanup before writing secrets
 scripts/docker_build.sh     | 9 +++++++++
 scripts/start_containers.sh | 3 +++
 2 files changed, 12 insertions(+)

=====TIMESTAMP=====
2025-07-26T17:18:18Z

=====BUILDER_DATE_TIME (UTC)=====
20250801 200929

=====PROMPTID=====
legacy-backfill-batch-010

=====AGENTVERSION=====
LEGACY-N/A

=====AGENTHASH=====
LEGACY-N/A

=====PROMPTHASH=====
LEGACY-N/A

=====COMMITHASH=====
bfaa22ddd872c36210b3063d3495720597611b99

=====SPEC_HASHES=====
10ba62ac16c28028ead0d8892258ab67b59de208559b0027d4835794228c3167

=====SNAPSHOT=====
LEGACY-N/A

=====TESTRESULTS=====
LEGACY-N/A

=====DIAGNOSTICMETA=====
{"legacy_backfill": true}

=====DECISIONS=====
- Legacy patch log generated from commit history.
