patch_20250628_182347_30b258ac7fd4f564ba1df67e9cdbe01f680ab015.log
=====TASK=====
Backfill legacy patch log

=====OBJECTIVE=====
Reconstruct patch metadata for auditing.

=====CONSTRAINTS=====
- No repository changes
- Use commit history only

=====SCOPE=====
Commit 30b258ac7fd4f564ba1df67e9cdbe01f680ab015

=====DIFFSUMMARY=====
30b258a Update Alembic config for Postgres
 alembic.ini | 4 +---
 1 file changed, 1 insertion(+), 3 deletions(-)

=====TIMESTAMP=====
2025-06-28T18:23:47Z

=====BUILDER_DATE_TIME (UTC)=====
20250801 200929

=====PROMPTID=====
legacy-backfill-batch-004

=====AGENTVERSION=====
LEGACY-N/A

=====AGENTHASH=====
LEGACY-N/A

=====PROMPTHASH=====
LEGACY-N/A

=====COMMITHASH=====
30b258ac7fd4f564ba1df67e9cdbe01f680ab015

=====SPEC_HASHES=====
10ba62ac16c28028ead0d8892258ab67b59de208559b0027d4835794228c3167

=====SNAPSHOT=====
LEGACY-N/A

=====TESTRESULTS=====
LEGACY-N/A

=====DIAGNOSTICMETA=====
{"legacy_backfill": true}

=====DECISIONS=====
- Legacy patch log generated from commit history.