patch_20250626_204658_531149b3ccffa86a805295b8892929337ab47256.log
=====TASK=====
Backfill legacy patch log

=====OBJECTIVE=====
Reconstruct patch metadata for auditing.

=====CONSTRAINTS=====
- No repository changes
- Use commit history only

=====SCOPE=====
Commit 531149b3ccffa86a805295b8892929337ab47256

=====DIFFSUMMARY=====
531149b feat(frontend): implement auth context helpers

frontend/src/App.jsx                 | 24 ++++++++++++------------
 frontend/src/context/AuthContext.jsx | 19 +++++++++++++++++--
 frontend/src/pages/LoginPage.jsx     |  4 ++--
 3 files changed, 31 insertions(+), 16 deletions(-)

=====TIMESTAMP=====
2025-06-26T20:46:58Z

=====BUILDER_DATE_TIME (UTC)=====
20250801 200929

=====PROMPTID=====
legacy-backfill-batch-003

=====AGENTVERSION=====
LEGACY-N/A

=====AGENTHASH=====
LEGACY-N/A

=====PROMPTHASH=====
LEGACY-N/A

=====COMMITHASH=====
531149b3ccffa86a805295b8892929337ab47256

=====SPEC_HASHES=====
b56c464f9d3865da0d92d36f4ea508203ad295a8fcd86343f412fb7654514a50

=====SNAPSHOT=====
LEGACY-N/A

=====TESTRESULTS=====
LEGACY-N/A

=====DIAGNOSTICMETA=====
{"legacy_backfill": true}

=====DECISIONS=====
- Legacy patch log generated from commit history.
