patch_20250731_184417_2191aec2a8aefc0382d33d6f1fdbc444c1f1ed72.log
=====TASK=====
Backfill legacy patch log

=====OBJECTIVE=====
Record missing patch log from history

=====CONSTRAINTS=====
- Placeholder for legacy snapshot and agent metadata

=====SCOPE=====
LEGACY commit 2191aec2a8aefc0382d33d6f1fdbc444c1f1ed72

=====DIFFSUMMARY=====
commit 2191aec2a8aefc0382d33d6f1fdbc444c1f1ed72
Author: buymeagoat <53793097+buymeagoat@users.noreply.github.com>
Date:   Thu Jul 31 12:44:17 2025 -0600

    Update AGENTS guidelines

 AGENTS.md | 101 +++++++++++++++++++++++++++++++++++++++++++++-----------------
 1 file changed, 73 insertions(+), 28 deletions(-)

=====TIMESTAMP=====
2025-07-31T18:44:17Z

=====BUILDER_DATE_TIME (UTC)=====
20250801 191117

=====PROMPTID=====
legacy-backfill-batch-001

=====AGENTVERSION=====
LEGACY-N/A

=====AGENTHASH=====
LEGACY-N/A

=====PROMPTHASH=====
LEGACY-N/A

=====COMMITHASH=====
2191aec2a8aefc0382d33d6f1fdbc444c1f1ed72

=====SPEC_HASHES=====
6bfaa5a80ab85a494b5e35d9cc68b1ec039d330a4386e8ac011f130556dbb7a1

=====SNAPSHOT=====
LEGACY-N/A

=====TESTRESULTS=====
LEGACY-N/A

=====DIAGNOSTICMETA=====
legacy-backfill

=====DECISIONS=====
- Auto-generated from commit history