patch_20250626_200103_ef43fee929b4414730bd42b21f9f4a1daca04043.log
=====TASK=====
Backfill legacy patch log

=====OBJECTIVE=====
Reconstruct patch metadata for auditing.

=====CONSTRAINTS=====
- No repository changes
- Use commit history only

=====SCOPE=====
Commit ef43fee929b4414730bd42b21f9f4a1daca04043

=====DIFFSUMMARY=====
ef43fee docs: update UI status messaging

README.md            | 7 +++++--
 docs/design_scope.md | 2 +-
 2 files changed, 6 insertions(+), 3 deletions(-)

=====TIMESTAMP=====
2025-06-26T20:01:03Z

=====BUILDER_DATE_TIME (UTC)=====
20250801 200929

=====PROMPTID=====
legacy-backfill-batch-003

=====AGENTVERSION=====
LEGACY-N/A

=====AGENTHASH=====
LEGACY-N/A

=====PROMPTHASH=====
LEGACY-N/A

=====COMMITHASH=====
ef43fee929b4414730bd42b21f9f4a1daca04043

=====SPEC_HASHES=====
b56c464f9d3865da0d92d36f4ea508203ad295a8fcd86343f412fb7654514a50

=====SNAPSHOT=====
LEGACY-N/A

=====TESTRESULTS=====
LEGACY-N/A

=====DIAGNOSTICMETA=====
{"legacy_backfill": true}

=====DECISIONS=====
- Legacy patch log generated from commit history.
