patch_20250627_043650_4961d8ec4d40c8797461fc182f19841d048ed4a0.log
=====TASK=====
Backfill legacy patch log

=====OBJECTIVE=====
Reconstruct patch metadata for auditing.

=====CONSTRAINTS=====
- No repository changes
- Use commit history only

=====SCOPE=====
Commit 4961d8ec4d40c8797461fc182f19841d048ed4a0

=====DIFFSUMMARY=====
4961d8e Add FileBrowser component for admin file navigation

frontend/src/components/FileBrowser.css |  24 ++++++
 frontend/src/components/FileBrowser.jsx | 141 ++++++++++++++++++++++++++++++++
 2 files changed, 165 insertions(+)

=====TIMESTAMP=====
2025-06-27T04:36:50Z

=====BUILDER_DATE_TIME (UTC)=====
20250801 200929

=====PROMPTID=====
legacy-backfill-batch-003

=====AGENTVERSION=====
LEGACY-N/A

=====AGENTHASH=====
LEGACY-N/A

=====PROMPTHASH=====
LEGACY-N/A

=====COMMITHASH=====
4961d8ec4d40c8797461fc182f19841d048ed4a0

=====SPEC_HASHES=====
b56c464f9d3865da0d92d36f4ea508203ad295a8fcd86343f412fb7654514a50

=====SNAPSHOT=====
LEGACY-N/A

=====TESTRESULTS=====
LEGACY-N/A

=====DIAGNOSTICMETA=====
{"legacy_backfill": true}

=====DECISIONS=====
- Legacy patch log generated from commit history.
