=====TASK=====
Insert rationale comment at top of AGENTS.md.

=====OBJECTIVE=====
Explain guard-rail updates per CAG v-order-1.2 wrap-up rules.

=====CONSTRAINTS=====
- Modify only AGENTS.md.
- Create a new patch log under docs/patch_logs/.

=====SCOPE=====
Documentation only.

=====DIFFSUMMARY=====
- Added Markdown comment summarizing why guard-rails were updated.

=====TIMESTAMP=====
2025-08-01T14:47:08Z

=====PROMPTID=====
CAG-AddGuardRailComment

=====AGENTVERSION=====
Unknown

=====AGENTHASH=====
N/A

=====PROMPTHASH=====
N/A

=====COMMITHASH=====
7f367de1a7b339e283621ebe0a6f44b35832dafd

=====SNAPSHOT=====
repo audit script missing; used git metadata.

=====TESTRESULTS=====
Docker not installed; tests skipped.

=====DIAGNOSTICMETA=====
{ "preflight": { "docker": false, "docker-compose": false, "python": "Python 3.12.10", "node": "v20.19.4", "npm": "11.4.2" } }

=====DECISIONS=====
- Could not run scripts/CPG_repo_audit.py.
- Added comment to start of AGENTS.md as requested.
