patch_20250628_190839_cfe84a0b6a5cc190777ddba2dfc5d4b98725b2f3.log
=====TASK=====
Backfill legacy patch log

=====OBJECTIVE=====
Reconstruct patch metadata for auditing.

=====CONSTRAINTS=====
- No repository changes
- Use commit history only

=====SCOPE=====
Commit cfe84a0b6a5cc190777ddba2dfc5d4b98725b2f3

=====DIFFSUMMARY=====
cfe84a0 docs: remove DB variable references
 README.md            | 12 +++++++-----
 docs/design_scope.md |  5 ++++-
 2 files changed, 11 insertions(+), 6 deletions(-)

=====TIMESTAMP=====
2025-06-28T19:08:39Z

=====BUILDER_DATE_TIME (UTC)=====
20250801 200929

=====PROMPTID=====
legacy-backfill-batch-004

=====AGENTVERSION=====
LEGACY-N/A

=====AGENTHASH=====
LEGACY-N/A

=====PROMPTHASH=====
LEGACY-N/A

=====COMMITHASH=====
cfe84a0b6a5cc190777ddba2dfc5d4b98725b2f3

=====SPEC_HASHES=====
10ba62ac16c28028ead0d8892258ab67b59de208559b0027d4835794228c3167

=====SNAPSHOT=====
LEGACY-N/A

=====TESTRESULTS=====
LEGACY-N/A

=====DIAGNOSTICMETA=====
{"legacy_backfill": true}

=====DECISIONS=====
- Legacy patch log generated from commit history.