patch_20250707_214247_75ad0e46de3b521d46d664d2bfd015c46b777f61.log
=====TASK=====
Backfill legacy patch log

=====OBJECTIVE=====
Reconstruct patch metadata for auditing.

=====CONSTRAINTS=====
- No repository changes
- Use commit history only

=====SCOPE=====
Commit 75ad0e46de3b521d46d664d2bfd015c46b777f61

=====DIFFSUMMARY=====
75ad0e4 Run tests after docker build
 README.md               | 2 +-
 scripts/docker_build.sh | 7 +++++--
 2 files changed, 6 insertions(+), 3 deletions(-)

=====TIMESTAMP=====
2025-07-07T21:42:47Z

=====BUILDER_DATE_TIME (UTC)=====
20250801 200929

=====PROMPTID=====
legacy-backfill-batch-006

=====AGENTVERSION=====
LEGACY-N/A

=====AGENTHASH=====
LEGACY-N/A

=====PROMPTHASH=====
LEGACY-N/A

=====COMMITHASH=====
75ad0e46de3b521d46d664d2bfd015c46b777f61

=====SPEC_HASHES=====
10ba62ac16c28028ead0d8892258ab67b59de208559b0027d4835794228c3167

=====SNAPSHOT=====
LEGACY-N/A

=====TESTRESULTS=====
LEGACY-N/A

=====DIAGNOSTICMETA=====
{"legacy_backfill": true}

=====DECISIONS=====
- Legacy patch log generated from commit history.
