patch_20250727_210144_d5caa15630b1f2111fb87ae7b9e9abfe3118b3a4.log
=====TASK=====
Backfill legacy patch log

=====OBJECTIVE=====
Reconstruct patch metadata for auditing.

=====CONSTRAINTS=====
- No repository changes
- Use commit history only

=====SCOPE=====
Commit d5caa15630b1f2111fb87ae7b9e9abfe3118b3a4

=====DIFFSUMMARY=====
d5caa15 Validate apt packages codename
 scripts/prestage_dependencies.sh | 16 ++++++++++++++--
 1 file changed, 14 insertions(+), 2 deletions(-)

=====TIMESTAMP=====
2025-07-27T21:01:44Z

=====BUILDER_DATE_TIME (UTC)=====
20250801 194741

=====PROMPTID=====
legacy-backfill-batch-002

=====AGENTVERSION=====
LEGACY-N/A

=====AGENTHASH=====
LEGACY-N/A

=====PROMPTHASH=====
LEGACY-N/A

=====COMMITHASH=====
d5caa15630b1f2111fb87ae7b9e9abfe3118b3a4

=====SPEC_HASHES=====
6bfaa5a80ab85a494b5e35d9cc68b1ec039d330a4386e8ac011f130556dbb7a1

=====SNAPSHOT=====
LEGACY-N/A

=====TESTRESULTS=====
LEGACY-N/A

=====DIAGNOSTICMETA=====
{"legacy_backfill": true}

=====DECISIONS=====
- Legacy patch log generated from commit history.
