patch_20250703_232401_79a2a5da6e4ad58e1238b3ed6a90b74e058e7cea.log
=====TASK=====
Backfill legacy patch log

=====OBJECTIVE=====
Reconstruct patch metadata for auditing.

=====CONSTRAINTS=====
- No repository changes
- Use commit history only

=====SCOPE=====
Commit 79a2a5da6e4ad58e1238b3ed6a90b74e058e7cea

=====DIFFSUMMARY=====
79a2a5d fix docker build script paths
 scripts/docker_build.sh | 30 +++++++++++++++---------------
 1 file changed, 15 insertions(+), 15 deletions(-)

=====TIMESTAMP=====
2025-07-03T23:24:01Z

=====BUILDER_DATE_TIME (UTC)=====
20250801 200929

=====PROMPTID=====
legacy-backfill-batch-006

=====AGENTVERSION=====
LEGACY-N/A

=====AGENTHASH=====
LEGACY-N/A

=====PROMPTHASH=====
LEGACY-N/A

=====COMMITHASH=====
79a2a5da6e4ad58e1238b3ed6a90b74e058e7cea

=====SPEC_HASHES=====
10ba62ac16c28028ead0d8892258ab67b59de208559b0027d4835794228c3167

=====SNAPSHOT=====
LEGACY-N/A

=====TESTRESULTS=====
LEGACY-N/A

=====DIAGNOSTICMETA=====
{"legacy_backfill": true}

=====DECISIONS=====
- Legacy patch log generated from commit history.
