patch_20250707_204628_e62d6db94f3ef41b0472b4cf969a57aced890e26.log
=====TASK=====
Backfill legacy patch log

=====OBJECTIVE=====
Reconstruct patch metadata for auditing.

=====CONSTRAINTS=====
- No repository changes
- Use commit history only

=====SCOPE=====
Commit e62d6db94f3ef41b0472b4cf969a57aced890e26

=====DIFFSUMMARY=====
e62d6db Update test script and docs
 Dockerfile           |  4 +++-
 README.md            | 26 +++++++++-----------------
 scripts/run_tests.sh | 19 ++-----------------
 3 files changed, 14 insertions(+), 35 deletions(-)

=====TIMESTAMP=====
2025-07-07T20:46:28Z

=====BUILDER_DATE_TIME (UTC)=====
20250801 200929

=====PROMPTID=====
legacy-backfill-batch-006

=====AGENTVERSION=====
LEGACY-N/A

=====AGENTHASH=====
LEGACY-N/A

=====PROMPTHASH=====
LEGACY-N/A

=====COMMITHASH=====
e62d6db94f3ef41b0472b4cf969a57aced890e26

=====SPEC_HASHES=====
10ba62ac16c28028ead0d8892258ab67b59de208559b0027d4835794228c3167

=====SNAPSHOT=====
LEGACY-N/A

=====TESTRESULTS=====
LEGACY-N/A

=====DIAGNOSTICMETA=====
{"legacy_backfill": true}

=====DECISIONS=====
- Legacy patch log generated from commit history.
