patch_20250705_183727_c8e49aee3a2865b6b448d677ed44636cf5e471f0.log
=====TASK=====
Backfill legacy patch log

=====OBJECTIVE=====
Reconstruct patch metadata for auditing.

=====CONSTRAINTS=====
- No repository changes
- Use commit history only

=====SCOPE=====
Commit c8e49aee3a2865b6b448d677ed44636cf5e471f0

=====DIFFSUMMARY=====
c8e49ae Improve local analysis with sentence ranking
 api/services/analysis.py | 50 +++++++++++++++++++++++++++++++++++++++++++++---
 1 file changed, 47 insertions(+), 3 deletions(-)

=====TIMESTAMP=====
2025-07-05T18:37:27Z

=====BUILDER_DATE_TIME (UTC)=====
20250801 200929

=====PROMPTID=====
legacy-backfill-batch-006

=====AGENTVERSION=====
LEGACY-N/A

=====AGENTHASH=====
LEGACY-N/A

=====PROMPTHASH=====
LEGACY-N/A

=====COMMITHASH=====
c8e49aee3a2865b6b448d677ed44636cf5e471f0

=====SPEC_HASHES=====
10ba62ac16c28028ead0d8892258ab67b59de208559b0027d4835794228c3167

=====SNAPSHOT=====
LEGACY-N/A

=====TESTRESULTS=====
LEGACY-N/A

=====DIAGNOSTICMETA=====
{"legacy_backfill": true}

=====DECISIONS=====
- Legacy patch log generated from commit history.
