patch_20250701_235519_fa7d1dbd6e0634801f3cb382eb5e1f6657edf7c3.log
=====TASK=====
Backfill legacy patch log

=====OBJECTIVE=====
Reconstruct patch metadata for auditing.

=====CONSTRAINTS=====
- No repository changes
- Use commit history only

=====SCOPE=====
Commit fa7d1dbd6e0634801f3cb382eb5e1f6657edf7c3

=====DIFFSUMMARY=====
fa7d1db Add frontend env example
 README.md             | 4 +++-
 frontend/.env.example | 8 ++++++++
 2 files changed, 11 insertions(+), 1 deletion(-)

=====TIMESTAMP=====
2025-07-01T23:55:19Z

=====BUILDER_DATE_TIME (UTC)=====
20250801 200929

=====PROMPTID=====
legacy-backfill-batch-005

=====AGENTVERSION=====
LEGACY-N/A

=====AGENTHASH=====
LEGACY-N/A

=====PROMPTHASH=====
LEGACY-N/A

=====COMMITHASH=====
fa7d1dbd6e0634801f3cb382eb5e1f6657edf7c3

=====SPEC_HASHES=====
10ba62ac16c28028ead0d8892258ab67b59de208559b0027d4835794228c3167

=====SNAPSHOT=====
LEGACY-N/A

=====TESTRESULTS=====
LEGACY-N/A

=====DIAGNOSTICMETA=====
{"legacy_backfill": true}

=====DECISIONS=====
- Legacy patch log generated from commit history.
