patch_20250707_183945_7eaba39b7f8287d89c7733499a336cfa390ec63e.log
=====TASK=====
Backfill legacy patch log

=====OBJECTIVE=====
Reconstruct patch metadata for auditing.

=====CONSTRAINTS=====
- No repository changes
- Use commit history only

=====SCOPE=====
Commit 7eaba39b7f8287d89c7733499a336cfa390ec63e

=====DIFFSUMMARY=====
7eaba39 docs: expand testing section
 README.md | 22 +++++++++++++++-------
 1 file changed, 15 insertions(+), 7 deletions(-)

=====TIMESTAMP=====
2025-07-07T18:39:45Z

=====BUILDER_DATE_TIME (UTC)=====
20250801 200929

=====PROMPTID=====
legacy-backfill-batch-006

=====AGENTVERSION=====
LEGACY-N/A

=====AGENTHASH=====
LEGACY-N/A

=====PROMPTHASH=====
LEGACY-N/A

=====COMMITHASH=====
7eaba39b7f8287d89c7733499a336cfa390ec63e

=====SPEC_HASHES=====
10ba62ac16c28028ead0d8892258ab67b59de208559b0027d4835794228c3167

=====SNAPSHOT=====
LEGACY-N/A

=====TESTRESULTS=====
LEGACY-N/A

=====DIAGNOSTICMETA=====
{"legacy_backfill": true}

=====DECISIONS=====
- Legacy patch log generated from commit history.
