patch_20250627_213723_53ea10d2e3bd4016e2ca891bbdf80e87869e3009.log
=====TASK=====
Backfill legacy patch log

=====OBJECTIVE=====
Reconstruct patch metadata for auditing.

=====CONSTRAINTS=====
- No repository changes
- Use commit history only

=====SCOPE=====
Commit 53ea10d2e3bd4016e2ca891bbdf80e87869e3009

=====DIFFSUMMARY=====
53ea10d Add sidebar navigation with download tab
 README.md                          |  1 +
 docs/design_scope.md               |  1 +
 frontend/src/components/Layout.jsx | 85 ++++++++++++++++++++------------------
 frontend/src/index.css             |  7 ++++
 4 files changed, 54 insertions(+), 40 deletions(-)

=====TIMESTAMP=====
2025-06-27T21:37:23Z

=====BUILDER_DATE_TIME (UTC)=====
20250801 200929

=====PROMPTID=====
legacy-backfill-batch-004

=====AGENTVERSION=====
LEGACY-N/A

=====AGENTHASH=====
LEGACY-N/A

=====PROMPTHASH=====
LEGACY-N/A

=====COMMITHASH=====
53ea10d2e3bd4016e2ca891bbdf80e87869e3009

=====SPEC_HASHES=====
10ba62ac16c28028ead0d8892258ab67b59de208559b0027d4835794228c3167

=====SNAPSHOT=====
LEGACY-N/A

=====TESTRESULTS=====
LEGACY-N/A

=====DIAGNOSTICMETA=====
{"legacy_backfill": true}

=====DECISIONS=====
- Legacy patch log generated from commit history.