patch_20250707_153150_3d59b726c3c3493dffff0a2dfdbaceded19a00c2.log
=====TASK=====
Backfill legacy patch log

=====OBJECTIVE=====
Reconstruct patch metadata for auditing.

=====CONSTRAINTS=====
- No repository changes
- Use commit history only

=====SCOPE=====
Commit 3d59b726c3c3493dffff0a2dfdbaceded19a00c2

=====DIFFSUMMARY=====
3d59b72 Add auth checks for log endpoints
 tests/test_logs_api.py | 24 ++++++++++++++++++++++++
 1 file changed, 24 insertions(+)

=====TIMESTAMP=====
2025-07-07T15:31:50Z

=====BUILDER_DATE_TIME (UTC)=====
20250801 200929

=====PROMPTID=====
legacy-backfill-batch-006

=====AGENTVERSION=====
LEGACY-N/A

=====AGENTHASH=====
LEGACY-N/A

=====PROMPTHASH=====
LEGACY-N/A

=====COMMITHASH=====
3d59b726c3c3493dffff0a2dfdbaceded19a00c2

=====SPEC_HASHES=====
10ba62ac16c28028ead0d8892258ab67b59de208559b0027d4835794228c3167

=====SNAPSHOT=====
LEGACY-N/A

=====TESTRESULTS=====
LEGACY-N/A

=====DIAGNOSTICMETA=====
{"legacy_backfill": true}

=====DECISIONS=====
- Legacy patch log generated from commit history.
