patch_20250630_201218_ede5665cbc62a5c2aaea3410d4b6201b61e4dd2b.log
=====TASK=====
Backfill legacy patch log

=====OBJECTIVE=====
Reconstruct patch metadata for auditing.

=====CONSTRAINTS=====
- No repository changes
- Use commit history only

=====SCOPE=====
Commit ede5665cbc62a5c2aaea3410d4b6201b61e4dd2b

=====DIFFSUMMARY=====
ede5665 Clarify DB_URL usage
 README.md | 10 ++++++----
 1 file changed, 6 insertions(+), 4 deletions(-)

=====TIMESTAMP=====
2025-06-30T20:12:18Z

=====BUILDER_DATE_TIME (UTC)=====
20250801 200929

=====PROMPTID=====
legacy-backfill-batch-005

=====AGENTVERSION=====
LEGACY-N/A

=====AGENTHASH=====
LEGACY-N/A

=====PROMPTHASH=====
LEGACY-N/A

=====COMMITHASH=====
ede5665cbc62a5c2aaea3410d4b6201b61e4dd2b

=====SPEC_HASHES=====
10ba62ac16c28028ead0d8892258ab67b59de208559b0027d4835794228c3167

=====SNAPSHOT=====
LEGACY-N/A

=====TESTRESULTS=====
LEGACY-N/A

=====DIAGNOSTICMETA=====
{"legacy_backfill": true}

=====DECISIONS=====
- Legacy patch log generated from commit history.
