patch_20250702_051058_4dc21b989926f95f545ae7312f2c23f1db2a4046.log
=====TASK=====
Backfill legacy patch log

=====OBJECTIVE=====
Reconstruct patch metadata for auditing.

=====CONSTRAINTS=====
- No repository changes
- Use commit history only

=====SCOPE=====
Commit 4dc21b989926f95f545ae7312f2c23f1db2a4046

=====DIFFSUMMARY=====
4dc21b9 Fix permissions in start script
 README.md                   | 2 +-
 scripts/start_containers.sh | 2 ++
 2 files changed, 3 insertions(+), 1 deletion(-)

=====TIMESTAMP=====
2025-07-02T05:10:58Z

=====BUILDER_DATE_TIME (UTC)=====
20250801 200929

=====PROMPTID=====
legacy-backfill-batch-005

=====AGENTVERSION=====
LEGACY-N/A

=====AGENTHASH=====
LEGACY-N/A

=====PROMPTHASH=====
LEGACY-N/A

=====COMMITHASH=====
4dc21b989926f95f545ae7312f2c23f1db2a4046

=====SPEC_HASHES=====
10ba62ac16c28028ead0d8892258ab67b59de208559b0027d4835794228c3167

=====SNAPSHOT=====
LEGACY-N/A

=====TESTRESULTS=====
LEGACY-N/A

=====DIAGNOSTICMETA=====
{"legacy_backfill": true}

=====DECISIONS=====
- Legacy patch log generated from commit history.
