patch_20250708_201426_7df741e01884c2f9d0d893e29f29fddf7396f209.log
=====TASK=====
Backfill legacy patch log

=====OBJECTIVE=====
Reconstruct patch metadata for auditing.

=====CONSTRAINTS=====
- No repository changes
- Use commit history only

=====SCOPE=====
Commit 7df741e01884c2f9d0d893e29f29fddf7396f209

=====DIFFSUMMARY=====
7df741e Add container check to test scripts
 README.md                | 6 ++++++
 scripts/run_all_tests.sh | 7 +++++++
 scripts/run_tests.sh     | 6 ++++++
 3 files changed, 19 insertions(+)

=====TIMESTAMP=====
2025-07-08T20:14:26Z

=====BUILDER_DATE_TIME (UTC)=====
20250801 200929

=====PROMPTID=====
legacy-backfill-batch-006

=====AGENTVERSION=====
LEGACY-N/A

=====AGENTHASH=====
LEGACY-N/A

=====PROMPTHASH=====
LEGACY-N/A

=====COMMITHASH=====
7df741e01884c2f9d0d893e29f29fddf7396f209

=====SPEC_HASHES=====
10ba62ac16c28028ead0d8892258ab67b59de208559b0027d4835794228c3167

=====SNAPSHOT=====
LEGACY-N/A

=====TESTRESULTS=====
LEGACY-N/A

=====DIAGNOSTICMETA=====
{"legacy_backfill": true}

=====DECISIONS=====
- Legacy patch log generated from commit history.
