patch_20250630_165909_9a2c07f0eac40add6bd67205d121da1a8ec5ad8e.log
=====TASK=====
Backfill legacy patch log

=====OBJECTIVE=====
Reconstruct patch metadata for auditing.

=====CONSTRAINTS=====
- No repository changes
- Use commit history only

=====SCOPE=====
Commit 9a2c07f0eac40add6bd67205d121da1a8ec5ad8e

=====DIFFSUMMARY=====
9a2c07f Use non-root user by default
 Dockerfile | 3 +++
 1 file changed, 3 insertions(+)

=====TIMESTAMP=====
2025-06-30T16:59:09Z

=====BUILDER_DATE_TIME (UTC)=====
20250801 200929

=====PROMPTID=====
legacy-backfill-batch-005

=====AGENTVERSION=====
LEGACY-N/A

=====AGENTHASH=====
LEGACY-N/A

=====PROMPTHASH=====
LEGACY-N/A

=====COMMITHASH=====
9a2c07f0eac40add6bd67205d121da1a8ec5ad8e

=====SPEC_HASHES=====
10ba62ac16c28028ead0d8892258ab67b59de208559b0027d4835794228c3167

=====SNAPSHOT=====
LEGACY-N/A

=====TESTRESULTS=====
LEGACY-N/A

=====DIAGNOSTICMETA=====
{"legacy_backfill": true}

=====DECISIONS=====
- Legacy patch log generated from commit history.
