patch_20250628_191752_423e4f4f62c109268dab02d9c23d35357bbd7fe9.log
=====TASK=====
Backfill legacy patch log

=====OBJECTIVE=====
Reconstruct patch metadata for auditing.

=====CONSTRAINTS=====
- No repository changes
- Use commit history only

=====SCOPE=====
Commit 423e4f4f62c109268dab02d9c23d35357bbd7fe9

=====DIFFSUMMARY=====
423e4f4 docs: detail postgres setup
 README.md | 12 ++++++++----
 1 file changed, 8 insertions(+), 4 deletions(-)

=====TIMESTAMP=====
2025-06-28T19:17:52Z

=====BUILDER_DATE_TIME (UTC)=====
20250801 200929

=====PROMPTID=====
legacy-backfill-batch-004

=====AGENTVERSION=====
LEGACY-N/A

=====AGENTHASH=====
LEGACY-N/A

=====PROMPTHASH=====
LEGACY-N/A

=====COMMITHASH=====
423e4f4f62c109268dab02d9c23d35357bbd7fe9

=====SPEC_HASHES=====
10ba62ac16c28028ead0d8892258ab67b59de208559b0027d4835794228c3167

=====SNAPSHOT=====
LEGACY-N/A

=====TESTRESULTS=====
LEGACY-N/A

=====DIAGNOSTICMETA=====
{"legacy_backfill": true}

=====DECISIONS=====
- Legacy patch log generated from commit history.