patch_20250705_225637_149303364b2b7ea83622ee7d18bd6df99e81c5ca.log
=====TASK=====
Backfill legacy patch log

=====OBJECTIVE=====
Reconstruct patch metadata for auditing.

=====CONSTRAINTS=====
- No repository changes
- Use commit history only

=====SCOPE=====
Commit 149303364b2b7ea83622ee7d18bd6df99e81c5ca

=====DIFFSUMMARY=====
1493033 worker: wait for broker before starting
 scripts/docker-entrypoint.sh | 11 +++++++++++
 1 file changed, 11 insertions(+)

=====TIMESTAMP=====
2025-07-05T22:56:37Z

=====BUILDER_DATE_TIME (UTC)=====
20250801 200929

=====PROMPTID=====
legacy-backfill-batch-006

=====AGENTVERSION=====
LEGACY-N/A

=====AGENTHASH=====
LEGACY-N/A

=====PROMPTHASH=====
LEGACY-N/A

=====COMMITHASH=====
149303364b2b7ea83622ee7d18bd6df99e81c5ca

=====SPEC_HASHES=====
10ba62ac16c28028ead0d8892258ab67b59de208559b0027d4835794228c3167

=====SNAPSHOT=====
LEGACY-N/A

=====TESTRESULTS=====
LEGACY-N/A

=====DIAGNOSTICMETA=====
{"legacy_backfill": true}

=====DECISIONS=====
- Legacy patch log generated from commit history.
