patch_20250630_200340_edce3fb97338a75be4f8e8d9c14dcca7cfe19c4c.log
=====TASK=====
Backfill legacy patch log

=====OBJECTIVE=====
Reconstruct patch metadata for auditing.

=====CONSTRAINTS=====
- No repository changes
- Use commit history only

=====SCOPE=====
Commit edce3fb97338a75be4f8e8d9c14dcca7cfe19c4c

=====DIFFSUMMARY=====
edce3fb Log startup summary
 api/main.py | 6 ++++++
 1 file changed, 6 insertions(+)

=====TIMESTAMP=====
2025-06-30T20:03:40Z

=====BUILDER_DATE_TIME (UTC)=====
20250801 200929

=====PROMPTID=====
legacy-backfill-batch-005

=====AGENTVERSION=====
LEGACY-N/A

=====AGENTHASH=====
LEGACY-N/A

=====PROMPTHASH=====
LEGACY-N/A

=====COMMITHASH=====
edce3fb97338a75be4f8e8d9c14dcca7cfe19c4c

=====SPEC_HASHES=====
10ba62ac16c28028ead0d8892258ab67b59de208559b0027d4835794228c3167

=====SNAPSHOT=====
LEGACY-N/A

=====TESTRESULTS=====
LEGACY-N/A

=====DIAGNOSTICMETA=====
{"legacy_backfill": true}

=====DECISIONS=====
- Legacy patch log generated from commit history.
