patch_20250730_144018_bf45231f3d07227d302174813996dae1299e3af6.log
=====TASK=====
Backfill legacy patch log

=====OBJECTIVE=====
Record missing patch log from history

=====CONSTRAINTS=====
- Placeholder for legacy snapshot and agent metadata

=====SCOPE=====
LEGACY commit bf45231f3d07227d302174813996dae1299e3af6

=====DIFFSUMMARY=====
commit bf45231f3d07227d302174813996dae1299e3af6
Author: buymeagoat <53793097+buymeagoat@users.noreply.github.com>
Date:   Wed Jul 30 08:40:18 2025 -0600

    fix build modes and logging

 scripts/whisper_build.sh | 78 ++++++++++++++++++++++++++----------------------
 1 file changed, 43 insertions(+), 35 deletions(-)

=====TIMESTAMP=====
2025-07-30T14:40:18Z

=====BUILDER_DATE_TIME (UTC)=====
20250801 191117

=====PROMPTID=====
legacy-backfill-batch-001

=====AGENTVERSION=====
LEGACY-N/A

=====AGENTHASH=====
LEGACY-N/A

=====PROMPTHASH=====
LEGACY-N/A

=====COMMITHASH=====
bf45231f3d07227d302174813996dae1299e3af6

=====SPEC_HASHES=====
6bfaa5a80ab85a494b5e35d9cc68b1ec039d330a4386e8ac011f130556dbb7a1

=====SNAPSHOT=====
LEGACY-N/A

=====TESTRESULTS=====
LEGACY-N/A

=====DIAGNOSTICMETA=====
legacy-backfill

=====DECISIONS=====
- Auto-generated from commit history