patch_20250627_221846_3725c28e73b4bce1e19720053db6ef8dd397c83b.log
=====TASK=====
Backfill legacy patch log

=====OBJECTIVE=====
Reconstruct patch metadata for auditing.

=====CONSTRAINTS=====
- No repository changes
- Use commit history only

=====SCOPE=====
Commit 3725c28e73b4bce1e19720053db6ef8dd397c83b

=====DIFFSUMMARY=====
3725c28 Add concurrency settings to admin page
 frontend/src/pages/AdminPage.jsx | 40 ++++++++++++++++++++++++++++++++++++++++
 1 file changed, 40 insertions(+)

=====TIMESTAMP=====
2025-06-27T22:18:46Z

=====BUILDER_DATE_TIME (UTC)=====
20250801 200929

=====PROMPTID=====
legacy-backfill-batch-004

=====AGENTVERSION=====
LEGACY-N/A

=====AGENTHASH=====
LEGACY-N/A

=====PROMPTHASH=====
LEGACY-N/A

=====COMMITHASH=====
3725c28e73b4bce1e19720053db6ef8dd397c83b

=====SPEC_HASHES=====
10ba62ac16c28028ead0d8892258ab67b59de208559b0027d4835794228c3167

=====SNAPSHOT=====
LEGACY-N/A

=====TESTRESULTS=====
LEGACY-N/A

=====DIAGNOSTICMETA=====
{"legacy_backfill": true}

=====DECISIONS=====
- Legacy patch log generated from commit history.