patch_20250627_030657_279c417f4cdef109f47131d4350e82a662bd9ca8.log
=====TASK=====
Backfill legacy patch log

=====OBJECTIVE=====
Reconstruct patch metadata for auditing.

=====CONSTRAINTS=====
- No repository changes
- Use commit history only

=====SCOPE=====
Commit 279c417f4cdef109f47131d4350e82a662bd9ca8

=====DIFFSUMMARY=====
279c417 Document cleanup config endpoints

README.md | 3 +++
 1 file changed, 3 insertions(+)

=====TIMESTAMP=====
2025-06-27T03:06:57Z

=====BUILDER_DATE_TIME (UTC)=====
20250801 200929

=====PROMPTID=====
legacy-backfill-batch-003

=====AGENTVERSION=====
LEGACY-N/A

=====AGENTHASH=====
LEGACY-N/A

=====PROMPTHASH=====
LEGACY-N/A

=====COMMITHASH=====
279c417f4cdef109f47131d4350e82a662bd9ca8

=====SPEC_HASHES=====
b56c464f9d3865da0d92d36f4ea508203ad295a8fcd86343f412fb7654514a50

=====SNAPSHOT=====
LEGACY-N/A

=====TESTRESULTS=====
LEGACY-N/A

=====DIAGNOSTICMETA=====
{"legacy_backfill": true}

=====DECISIONS=====
- Legacy patch log generated from commit history.
