patch_20250723_183348_714827337569bb95d87620835ae20d6d7cffcb5b.log
=====TASK=====
Back-fill missing patch logs using commit history.

=====OBJECTIVE=====
Back-fill missing patch logs using commit history.

=====CONSTRAINTS=====
- AtomicPatch: create ≤100 new logs in this batch; abort on error.
- Filename pattern: patch_<UTC YYYYMMDD>_<HHMMSS>_<commit_hash>.log
- Required fields: TASK, OBJECTIVE, CONSTRAINTS, SCOPE,
                    DIFFSUMMARY (git show --stat),
                    snapshot_metadata=LEGACY-N/A,
                    agent_metadata=LEGACY-N/A,
                    test_results=LEGACY-N/A,
                    diagnostic block noting legacy status,
                    SPEC_HASHES (current CAG & agents.md).
- Skip commits already covered by docs/patch_logs/*.log
- Preserve existing logs; no edits.

=====SCOPE=====
Commit 714827337569bb95d87620835ae20d6d7cffcb5b

=====DIFFSUMMARY=====
commit 714827337569bb95d87620835ae20d6d7cffcb5b
Author: buymeagoat <53793097+buymeagoat@users.noreply.github.com>
Date:   Wed Jul 23 12:33:48 2025 -0600

    prefetch apt packages

 Dockerfile                       |  7 ++++---
 scripts/prestage_dependencies.sh |  7 +++++++
 scripts/shared_checks.sh         | 13 +++++++++++--
 3 files changed, 22 insertions(+), 5 deletions(-)

=====TIMESTAMP=====
2025-07-23T18:33:48Z

=====BUILDER_DATE_TIME (UTC)=====
20250801 200929

=====PROMPTID=====
legacy-backfill-batch-008

=====AGENTVERSION=====
LEGACY-N/A

=====AGENTHASH=====
LEGACY-N/A

=====PROMPTHASH=====
LEGACY-N/A

=====COMMITHASH=====
714827337569bb95d87620835ae20d6d7cffcb5b

=====SPEC_HASHES=====
10ba62ac16c28028ead0d8892258ab67b59de208559b0027d4835794228c3167

=====SNAPSHOT=====
LEGACY-N/A

=====TESTRESULTS=====
LEGACY-N/A

=====DIAGNOSTICMETA=====
{"legacy_backfill": true}

=====DECISIONS=====
- Legacy patch log generated from commit history.
