patch_20250704_144539_cf4834f58ae0392e9443a648e3e5c3f8851694f3.log
=====TASK=====
Backfill legacy patch log

=====OBJECTIVE=====
Reconstruct patch metadata for auditing.

=====CONSTRAINTS=====
- No repository changes
- Use commit history only

=====SCOPE=====
Commit cf4834f58ae0392e9443a648e3e5c3f8851694f3

=====DIFFSUMMARY=====
cf4834f docs: clarify dev deps for tests
 AGENTS.md | 1 +
 README.md | 5 ++++-
 2 files changed, 5 insertions(+), 1 deletion(-)

=====TIMESTAMP=====
2025-07-04T14:45:39Z

=====BUILDER_DATE_TIME (UTC)=====
20250801 200929

=====PROMPTID=====
legacy-backfill-batch-006

=====AGENTVERSION=====
LEGACY-N/A

=====AGENTHASH=====
LEGACY-N/A

=====PROMPTHASH=====
LEGACY-N/A

=====COMMITHASH=====
cf4834f58ae0392e9443a648e3e5c3f8851694f3

=====SPEC_HASHES=====
10ba62ac16c28028ead0d8892258ab67b59de208559b0027d4835794228c3167

=====SNAPSHOT=====
LEGACY-N/A

=====TESTRESULTS=====
LEGACY-N/A

=====DIAGNOSTICMETA=====
{"legacy_backfill": true}

=====DECISIONS=====
- Legacy patch log generated from commit history.
