patch_20250627_030229_ea1b255676742d6055077584c50bc43b6e1e3ebe.log
=====TASK=====
Backfill legacy patch log

=====OBJECTIVE=====
Reconstruct patch metadata for auditing.

=====CONSTRAINTS=====
- No repository changes
- Use commit history only

=====SCOPE=====
Commit ea1b255676742d6055077584c50bc43b6e1e3ebe

=====DIFFSUMMARY=====
ea1b255 docs: update design scope

docs/design_scope.md | 6 ++++--
 1 file changed, 4 insertions(+), 2 deletions(-)

=====TIMESTAMP=====
2025-06-27T03:02:29Z

=====BUILDER_DATE_TIME (UTC)=====
20250801 200929

=====PROMPTID=====
legacy-backfill-batch-003

=====AGENTVERSION=====
LEGACY-N/A

=====AGENTHASH=====
LEGACY-N/A

=====PROMPTHASH=====
LEGACY-N/A

=====COMMITHASH=====
ea1b255676742d6055077584c50bc43b6e1e3ebe

=====SPEC_HASHES=====
b56c464f9d3865da0d92d36f4ea508203ad295a8fcd86343f412fb7654514a50

=====SNAPSHOT=====
LEGACY-N/A

=====TESTRESULTS=====
LEGACY-N/A

=====DIAGNOSTICMETA=====
{"legacy_backfill": true}

=====DECISIONS=====
- Legacy patch log generated from commit history.
