patch_20250707_182924_a9a1930185da591cf04960e3e745c30f18a023bf.log
=====TASK=====
Backfill legacy patch log

=====OBJECTIVE=====
Reconstruct patch metadata for auditing.

=====CONSTRAINTS=====
- No repository changes
- Use commit history only

=====SCOPE=====
Commit a9a1930185da591cf04960e3e745c30f18a023bf

=====DIFFSUMMARY=====
a9a1930 Set localhost as default API host
 Dockerfile                 |  2 +-
 README.md                  |  8 ++++----
 api/main.py                |  2 +-
 api/settings.py            |  2 +-
 docker-compose.yml         |  4 ++--
 frontend/.env              |  2 +-
 frontend/.env.example      |  2 +-
 frontend/public/index.html |  2 +-
 frontend/src/routes.js     |  2 +-
 frontend/vite.config.js    | 16 ++++++++--------
 scripts/healthcheck.sh     |  2 +-
 11 files changed, 22 insertions(+), 22 deletions(-)

=====TIMESTAMP=====
2025-07-07T18:29:24Z

=====BUILDER_DATE_TIME (UTC)=====
20250801 200929

=====PROMPTID=====
legacy-backfill-batch-006

=====AGENTVERSION=====
LEGACY-N/A

=====AGENTHASH=====
LEGACY-N/A

=====PROMPTHASH=====
LEGACY-N/A

=====COMMITHASH=====
a9a1930185da591cf04960e3e745c30f18a023bf

=====SPEC_HASHES=====
10ba62ac16c28028ead0d8892258ab67b59de208559b0027d4835794228c3167

=====SNAPSHOT=====
LEGACY-N/A

=====TESTRESULTS=====
LEGACY-N/A

=====DIAGNOSTICMETA=====
{"legacy_backfill": true}

=====DECISIONS=====
- Legacy patch log generated from commit history.
