patch_20250702_000230_2328658e5bc6ed1e749bad8ec8367ac6f3020431.log
=====TASK=====
Backfill legacy patch log

=====OBJECTIVE=====
Reconstruct patch metadata for auditing.

=====CONSTRAINTS=====
- No repository changes
- Use commit history only

=====SCOPE=====
Commit 2328658e5bc6ed1e749bad8ec8367ac6f3020431

=====DIFFSUMMARY=====
2328658 Use settings fallback in migrations env
 api/migrations/env.py | 27 ++++++++++++++++++---------
 1 file changed, 18 insertions(+), 9 deletions(-)

=====TIMESTAMP=====
2025-07-02T00:02:30Z

=====BUILDER_DATE_TIME (UTC)=====
20250801 200929

=====PROMPTID=====
legacy-backfill-batch-005

=====AGENTVERSION=====
LEGACY-N/A

=====AGENTHASH=====
LEGACY-N/A

=====PROMPTHASH=====
LEGACY-N/A

=====COMMITHASH=====
2328658e5bc6ed1e749bad8ec8367ac6f3020431

=====SPEC_HASHES=====
10ba62ac16c28028ead0d8892258ab67b59de208559b0027d4835794228c3167

=====SNAPSHOT=====
LEGACY-N/A

=====TESTRESULTS=====
LEGACY-N/A

=====DIAGNOSTICMETA=====
{"legacy_backfill": true}

=====DECISIONS=====
- Legacy patch log generated from commit history.
