patch_20250731_013605_6ade3ca35e899c115d14ef76183b3c96bff15ec6.log
=====TASK=====
Backfill legacy patch log

=====OBJECTIVE=====
Record missing patch log from history

=====CONSTRAINTS=====
- Placeholder for legacy snapshot and agent metadata

=====SCOPE=====
LEGACY commit 6ade3ca35e899c115d14ef76183b3c96bff15ec6

=====DIFFSUMMARY=====
commit 6ade3ca35e899c115d14ef76183b3c96bff15ec6
Author: buymeagoat <53793097+buymeagoat@users.noreply.github.com>
Date:   Wed Jul 30 19:36:05 2025 -0600

    chore: improve OS codename mismatch guidance

 scripts/check_env.sh | 14 +++++++++++---
 1 file changed, 11 insertions(+), 3 deletions(-)

=====TIMESTAMP=====
2025-07-31T01:36:05Z

=====BUILDER_DATE_TIME (UTC)=====
20250801 191117

=====PROMPTID=====
legacy-backfill-batch-001

=====AGENTVERSION=====
LEGACY-N/A

=====AGENTHASH=====
LEGACY-N/A

=====PROMPTHASH=====
LEGACY-N/A

=====COMMITHASH=====
6ade3ca35e899c115d14ef76183b3c96bff15ec6

=====SPEC_HASHES=====
6bfaa5a80ab85a494b5e35d9cc68b1ec039d330a4386e8ac011f130556dbb7a1

=====SNAPSHOT=====
LEGACY-N/A

=====TESTRESULTS=====
LEGACY-N/A

=====DIAGNOSTICMETA=====
legacy-backfill

=====DECISIONS=====
- Auto-generated from commit history