patch_20250627_051010_15a136c09b51d3b8014ffc6ac7fdfaa54750db0a.log
=====TASK=====
Backfill legacy patch log

=====OBJECTIVE=====
Reconstruct patch metadata for auditing.

=====CONSTRAINTS=====
- No repository changes
- Use commit history only

=====SCOPE=====
Commit 15a136c09b51d3b8014ffc6ac7fdfaa54750db0a

=====DIFFSUMMARY=====
15a136c Extend job search to keywords

README.md                                |  9 +++++
 api/routes/jobs.py                       |  4 +--
 api/services/jobs.py                     | 20 +++++++++--
 docs/design_scope.md                     |  5 +--
 frontend/src/pages/CompletedJobsPage.jsx | 13 +++++--
 frontend/src/store/jobsSlice.js          |  5 +--
 tests/test_jobs_api.py                   | 61 +++++++++++++++++++++++++++++++-
 7 files changed, 104 insertions(+), 13 deletions(-)

=====TIMESTAMP=====
2025-06-27T05:10:10Z

=====BUILDER_DATE_TIME (UTC)=====
20250801 200929

=====PROMPTID=====
legacy-backfill-batch-003

=====AGENTVERSION=====
LEGACY-N/A

=====AGENTHASH=====
LEGACY-N/A

=====PROMPTHASH=====
LEGACY-N/A

=====COMMITHASH=====
15a136c09b51d3b8014ffc6ac7fdfaa54750db0a

=====SPEC_HASHES=====
b56c464f9d3865da0d92d36f4ea508203ad295a8fcd86343f412fb7654514a50

=====SNAPSHOT=====
LEGACY-N/A

=====TESTRESULTS=====
LEGACY-N/A

=====DIAGNOSTICMETA=====
{"legacy_backfill": true}

=====DECISIONS=====
- Legacy patch log generated from commit history.
