patch_20250726_203129_350a55481654f6600c5db69ed69c2bf21a21805c.log
=====TASK=====
Backfill legacy patch log

=====OBJECTIVE=====
Reconstruct patch metadata for auditing.

=====CONSTRAINTS=====
- No repository changes
- Use commit history only

=====SCOPE=====
Commit 350a55481654f6600c5db69ed69c2bf21a21805c

=====DIFFSUMMARY=====
350a554 docs: sync environment variables
 docs/design_scope.md | 5 +++++
 1 file changed, 5 insertions(+)

=====TIMESTAMP=====
2025-07-26T20:31:29Z

=====BUILDER_DATE_TIME (UTC)=====
20250801 200929

=====PROMPTID=====
legacy-backfill-batch-010

=====AGENTVERSION=====
LEGACY-N/A

=====AGENTHASH=====
LEGACY-N/A

=====PROMPTHASH=====
LEGACY-N/A

=====COMMITHASH=====
350a55481654f6600c5db69ed69c2bf21a21805c

=====SPEC_HASHES=====
10ba62ac16c28028ead0d8892258ab67b59de208559b0027d4835794228c3167

=====SNAPSHOT=====
LEGACY-N/A

=====TESTRESULTS=====
LEGACY-N/A

=====DIAGNOSTICMETA=====
{"legacy_backfill": true}

=====DECISIONS=====
- Legacy patch log generated from commit history.
