patch_20250727_194807_bd3d5654b5240db7c14d98d64af50b230b8a1164.log
=====TASK=====
Backfill legacy patch log

=====OBJECTIVE=====
Reconstruct patch metadata for auditing.

=====CONSTRAINTS=====
- No repository changes
- Use commit history only

=====SCOPE=====
Commit bd3d5654b5240db7c14d98d64af50b230b8a1164

=====DIFFSUMMARY=====
bd3d565 Add environment verification script
 scripts/check_env.sh | 58 ++++++++++++++++++++++++++++++++++++++++++++++++++++
 1 file changed, 58 insertions(+)

=====TIMESTAMP=====
2025-07-27T19:48:07Z

=====BUILDER_DATE_TIME (UTC)=====
20250801 194741

=====PROMPTID=====
legacy-backfill-batch-002

=====AGENTVERSION=====
LEGACY-N/A

=====AGENTHASH=====
LEGACY-N/A

=====PROMPTHASH=====
LEGACY-N/A

=====COMMITHASH=====
bd3d5654b5240db7c14d98d64af50b230b8a1164

=====SPEC_HASHES=====
6bfaa5a80ab85a494b5e35d9cc68b1ec039d330a4386e8ac011f130556dbb7a1

=====SNAPSHOT=====
LEGACY-N/A

=====TESTRESULTS=====
LEGACY-N/A

=====DIAGNOSTICMETA=====
{"legacy_backfill": true}

=====DECISIONS=====
- Legacy patch log generated from commit history.
