patch_20250727_170342_4bef9b840bca9910bcaf6180020768184e1cea9d.log
=====TASK=====
Backfill legacy patch log

=====OBJECTIVE=====
Reconstruct patch metadata for auditing.

=====CONSTRAINTS=====
- No repository changes
- Use commit history only

=====SCOPE=====
Commit 4bef9b840bca9910bcaf6180020768184e1cea9d

=====DIFFSUMMARY=====
4bef9b8 docs: clarify model requirement
 README.md | 10 ++++++++--
 1 file changed, 8 insertions(+), 2 deletions(-)

=====TIMESTAMP=====
2025-07-27T17:03:42Z

=====BUILDER_DATE_TIME (UTC)=====
20250801 194741

=====PROMPTID=====
legacy-backfill-batch-002

=====AGENTVERSION=====
LEGACY-N/A

=====AGENTHASH=====
LEGACY-N/A

=====PROMPTHASH=====
LEGACY-N/A

=====COMMITHASH=====
4bef9b840bca9910bcaf6180020768184e1cea9d

=====SPEC_HASHES=====
6bfaa5a80ab85a494b5e35d9cc68b1ec039d330a4386e8ac011f130556dbb7a1

=====SNAPSHOT=====
LEGACY-N/A

=====TESTRESULTS=====
LEGACY-N/A

=====DIAGNOSTICMETA=====
{"legacy_backfill": true}

=====DECISIONS=====
- Legacy patch log generated from commit history.
