patch_20250701_230559_5361979d08ae28aeed4facbcc466dc14b641cb97.log
=====TASK=====
Backfill legacy patch log

=====OBJECTIVE=====
Reconstruct patch metadata for auditing.

=====CONSTRAINTS=====
- No repository changes
- Use commit history only

=====SCOPE=====
Commit 5361979d08ae28aeed4facbcc466dc14b641cb97

=====DIFFSUMMARY=====
5361979 Update docker run instructions with SECRET_KEY
 README.md | 9 +++++++++
 1 file changed, 9 insertions(+)

=====TIMESTAMP=====
2025-07-01T23:05:59Z

=====BUILDER_DATE_TIME (UTC)=====
20250801 200929

=====PROMPTID=====
legacy-backfill-batch-005

=====AGENTVERSION=====
LEGACY-N/A

=====AGENTHASH=====
LEGACY-N/A

=====PROMPTHASH=====
LEGACY-N/A

=====COMMITHASH=====
5361979d08ae28aeed4facbcc466dc14b641cb97

=====SPEC_HASHES=====
10ba62ac16c28028ead0d8892258ab67b59de208559b0027d4835794228c3167

=====SNAPSHOT=====
LEGACY-N/A

=====TESTRESULTS=====
LEGACY-N/A

=====DIAGNOSTICMETA=====
{"legacy_backfill": true}

=====DECISIONS=====
- Legacy patch log generated from commit history.
