patch_20250727_234035_a1df49cc52325a9b6f41490b457bd761c51bba55.log
=====TASK=====
Backfill legacy patch log

=====OBJECTIVE=====
Reconstruct patch metadata for auditing.

=====CONSTRAINTS=====
- No repository changes
- Use commit history only

=====SCOPE=====
Commit a1df49cc52325a9b6f41490b457bd761c51bba55

=====DIFFSUMMARY=====
a1df49c feat: add verify-only option to prestage script
 scripts/prestage_dependencies.sh | 35 +++++++++++++++++++++++------------
 1 file changed, 23 insertions(+), 12 deletions(-)

=====TIMESTAMP=====
2025-07-27T23:40:35Z

=====BUILDER_DATE_TIME (UTC)=====
20250801 194741

=====PROMPTID=====
legacy-backfill-batch-002

=====AGENTVERSION=====
LEGACY-N/A

=====AGENTHASH=====
LEGACY-N/A

=====PROMPTHASH=====
LEGACY-N/A

=====COMMITHASH=====
a1df49cc52325a9b6f41490b457bd761c51bba55

=====SPEC_HASHES=====
6bfaa5a80ab85a494b5e35d9cc68b1ec039d330a4386e8ac011f130556dbb7a1

=====SNAPSHOT=====
LEGACY-N/A

=====TESTRESULTS=====
LEGACY-N/A

=====DIAGNOSTICMETA=====
{"legacy_backfill": true}

=====DECISIONS=====
- Legacy patch log generated from commit history.
