patch_20250711_192751_1ff9732f80df1ea409ac78cbeb48240843c30739.log
=====TASK=====
Backfill legacy patch log

=====OBJECTIVE=====
Reconstruct patch metadata for auditing.

=====CONSTRAINTS=====
- No repository changes
- Use commit history only

=====SCOPE=====
Commit 1ff9732f80df1ea409ac78cbeb48240843c30739

=====DIFFSUMMARY=====
1ff9732 Update worker dependency condition
 docker-compose.yml | 2 +-
 1 file changed, 1 insertion(+), 1 deletion(-)

=====TIMESTAMP=====
2025-07-11T19:27:51Z

=====BUILDER_DATE_TIME (UTC)=====
20250801 200929

=====PROMPTID=====
legacy-backfill-batch-006

=====AGENTVERSION=====
LEGACY-N/A

=====AGENTHASH=====
LEGACY-N/A

=====PROMPTHASH=====
LEGACY-N/A

=====COMMITHASH=====
1ff9732f80df1ea409ac78cbeb48240843c30739

=====SPEC_HASHES=====
10ba62ac16c28028ead0d8892258ab67b59de208559b0027d4835794228c3167

=====SNAPSHOT=====
LEGACY-N/A

=====TESTRESULTS=====
LEGACY-N/A

=====DIAGNOSTICMETA=====
{"legacy_backfill": true}

=====DECISIONS=====
- Legacy patch log generated from commit history.
