patch_20250728_163637_f3ff5380a504d36a85f4a53237a2ffc3acb914fd.log
=====TASK=====
Backfill legacy patch log

=====OBJECTIVE=====
Reconstruct patch metadata for auditing.

=====CONSTRAINTS=====
- No repository changes
- Use commit history only

=====SCOPE=====
Commit f3ff5380a504d36a85f4a53237a2ffc3acb914fd

=====DIFFSUMMARY=====
f3ff538 Update help.md with Docker quickstart and troubleshooting
 docs/help.md | 17 +++++++++++------
 1 file changed, 11 insertions(+), 6 deletions(-)

=====TIMESTAMP=====
2025-07-28T16:36:37Z

=====BUILDER_DATE_TIME (UTC)=====
20250801 194741

=====PROMPTID=====
legacy-backfill-batch-002

=====AGENTVERSION=====
LEGACY-N/A

=====AGENTHASH=====
LEGACY-N/A

=====PROMPTHASH=====
LEGACY-N/A

=====COMMITHASH=====
f3ff5380a504d36a85f4a53237a2ffc3acb914fd

=====SPEC_HASHES=====
6bfaa5a80ab85a494b5e35d9cc68b1ec039d330a4386e8ac011f130556dbb7a1

=====SNAPSHOT=====
LEGACY-N/A

=====TESTRESULTS=====
LEGACY-N/A

=====DIAGNOSTICMETA=====
{"legacy_backfill": true}

=====DECISIONS=====
- Legacy patch log generated from commit history.
