patch_20250719_003248_977e7f8ecb5e8e586b551ceeb799ca3ec8d76053.log
=====TASK=====
Backfill legacy patch log

=====OBJECTIVE=====
Reconstruct patch metadata for auditing.

=====CONSTRAINTS=====
- No repository changes
- Use commit history only

=====SCOPE=====
Commit 977e7f8ecb5e8e586b551ceeb799ca3ec8d76053

=====DIFFSUMMARY=====
977e7f8 docs: clarify update scripts
 README.md | 10 +++++++++-
 1 file changed, 9 insertions(+), 1 deletion(-)

=====TIMESTAMP=====
2025-07-19T00:32:48Z

=====BUILDER_DATE_TIME (UTC)=====
20250801 200929

=====PROMPTID=====
legacy-backfill-batch-006

=====AGENTVERSION=====
LEGACY-N/A

=====AGENTHASH=====
LEGACY-N/A

=====PROMPTHASH=====
LEGACY-N/A

=====COMMITHASH=====
977e7f8ecb5e8e586b551ceeb799ca3ec8d76053

=====SPEC_HASHES=====
10ba62ac16c28028ead0d8892258ab67b59de208559b0027d4835794228c3167

=====SNAPSHOT=====
LEGACY-N/A

=====TESTRESULTS=====
LEGACY-N/A

=====DIAGNOSTICMETA=====
{"legacy_backfill": true}

=====DECISIONS=====
- Legacy patch log generated from commit history.
