patch_20250728_001710_0ab0ecb09ba09dbbbb2ad573f5bf18a1f20d6948.log
=====TASK=====
Backfill legacy patch log

=====OBJECTIVE=====
Reconstruct patch metadata for auditing.

=====CONSTRAINTS=====
- No repository changes
- Use commit history only

=====SCOPE=====
Commit 0ab0ecb09ba09dbbbb2ad573f5bf18a1f20d6948

=====DIFFSUMMARY=====
0ab0ecb Add apt source connectivity check
 README.md                        |  2 +-
 scripts/prestage_dependencies.sh |  1 +
 scripts/shared_checks.sh         | 14 ++++++++++++++
 3 files changed, 16 insertions(+), 1 deletion(-)

=====TIMESTAMP=====
2025-07-28T00:17:10Z

=====BUILDER_DATE_TIME (UTC)=====
20250801 194741

=====PROMPTID=====
legacy-backfill-batch-002

=====AGENTVERSION=====
LEGACY-N/A

=====AGENTHASH=====
LEGACY-N/A

=====PROMPTHASH=====
LEGACY-N/A

=====COMMITHASH=====
0ab0ecb09ba09dbbbb2ad573f5bf18a1f20d6948

=====SPEC_HASHES=====
6bfaa5a80ab85a494b5e35d9cc68b1ec039d330a4386e8ac011f130556dbb7a1

=====SNAPSHOT=====
LEGACY-N/A

=====TESTRESULTS=====
LEGACY-N/A

=====DIAGNOSTICMETA=====
{"legacy_backfill": true}

=====DECISIONS=====
- Legacy patch log generated from commit history.
