patch_20250728_232457_97316f88a2558389404ef061c1a6e6af1309b561.log
=====TASK=====
Backfill legacy patch log

=====OBJECTIVE=====
Record missing patch log from history

=====CONSTRAINTS=====
- Placeholder for legacy snapshot and agent metadata

=====SCOPE=====
LEGACY commit 97316f88a2558389404ef061c1a6e6af1309b561

=====DIFFSUMMARY=====
commit 97316f88a2558389404ef061c1a6e6af1309b561
Author: buymeagoat <53793097+buymeagoat@users.noreply.github.com>
Date:   Mon Jul 28 18:24:57 2025 -0500

    Delete docs/install_logs directory

 docs/install_logs/20250720-1730.log |  9967 ------
 docs/install_logs/20250721-1925.log | 31718 ------------------
 docs/install_logs/20250721-2314.log |  4674 ---
 docs/install_logs/20250722-0938.log |  4452 ---
 docs/install_logs/20250722-1153.log |  6632 ----
 docs/install_logs/20250722-1757.log | 58503 ----------------------------------
 6 files changed, 115946 deletions(-)

=====TIMESTAMP=====
2025-07-28T23:24:57Z

=====BUILDER_DATE_TIME (UTC)=====
20250801 191117

=====PROMPTID=====
legacy-backfill-batch-001

=====AGENTVERSION=====
LEGACY-N/A

=====AGENTHASH=====
LEGACY-N/A

=====PROMPTHASH=====
LEGACY-N/A

=====COMMITHASH=====
97316f88a2558389404ef061c1a6e6af1309b561

=====SPEC_HASHES=====
6bfaa5a80ab85a494b5e35d9cc68b1ec039d330a4386e8ac011f130556dbb7a1

=====SNAPSHOT=====
LEGACY-N/A

=====TESTRESULTS=====
LEGACY-N/A

=====DIAGNOSTICMETA=====
legacy-backfill

=====DECISIONS=====
- Auto-generated from commit history