patch_20250711_231729_9973b4c1d745bd065dd0b16c816e4ca0301ff51f.log
=====TASK=====
Backfill legacy patch log

=====OBJECTIVE=====
Reconstruct patch metadata for auditing.

=====CONSTRAINTS=====
- No repository changes
- Use commit history only

=====SCOPE=====
Commit 9973b4c1d745bd065dd0b16c816e4ca0301ff51f

=====DIFFSUMMARY=====
9973b4c docs: clarify broker connect attempts
 README.md | 5 ++++-
 1 file changed, 4 insertions(+), 1 deletion(-)

=====TIMESTAMP=====
2025-07-11T23:17:29Z

=====BUILDER_DATE_TIME (UTC)=====
20250801 200929

=====PROMPTID=====
legacy-backfill-batch-006

=====AGENTVERSION=====
LEGACY-N/A

=====AGENTHASH=====
LEGACY-N/A

=====PROMPTHASH=====
LEGACY-N/A

=====COMMITHASH=====
9973b4c1d745bd065dd0b16c816e4ca0301ff51f

=====SPEC_HASHES=====
10ba62ac16c28028ead0d8892258ab67b59de208559b0027d4835794228c3167

=====SNAPSHOT=====
LEGACY-N/A

=====TESTRESULTS=====
LEGACY-N/A

=====DIAGNOSTICMETA=====
{"legacy_backfill": true}

=====DECISIONS=====
- Legacy patch log generated from commit history.
