patch_20250719_145552_1bc9087bfa4a3fed1073ad8635605e1460266602.log
=====TASK=====
Back-fill missing patch logs using commit history.

=====OBJECTIVE=====
Back-fill missing patch logs using commit history.

=====CONSTRAINTS=====
- AtomicPatch: create ≤100 new logs in this batch; abort on error.
- Filename pattern: patch_<UTC YYYYMMDD>_<HHMMSS>_<commit_hash>.log
- Required fields: TASK, OBJECTIVE, CONSTRAINTS, SCOPE,
                    DIFFSUMMARY (git show --stat),
                    snapshot_metadata=LEGACY-N/A,
                    agent_metadata=LEGACY-N/A,
                    test_results=LEGACY-N/A,
                    diagnostic block noting legacy status,
                    SPEC_HASHES (current CAG & agents.md).
- Skip commits already covered by docs/patch_logs/*.log
- Preserve existing logs; no edits.

=====SCOPE=====
Commit 1bc9087bfa4a3fed1073ad8635605e1460266602

=====DIFFSUMMARY=====
commit 1bc9087bfa4a3fed1073ad8635605e1460266602
Author: buymeagoat <53793097+buymeagoat@users.noreply.github.com>
Date:   Sat Jul 19 08:55:52 2025 -0600

    Set RabbitMQ nodename for broker

 docker-compose.yml | 2 ++
 1 file changed, 2 insertions(+)

=====TIMESTAMP=====
2025-07-19T14:55:52Z

=====BUILDER_DATE_TIME (UTC)=====
20250801 200929

=====PROMPTID=====
legacy-backfill-batch-008

=====AGENTVERSION=====
LEGACY-N/A

=====AGENTHASH=====
LEGACY-N/A

=====PROMPTHASH=====
LEGACY-N/A

=====COMMITHASH=====
1bc9087bfa4a3fed1073ad8635605e1460266602

=====SPEC_HASHES=====
10ba62ac16c28028ead0d8892258ab67b59de208559b0027d4835794228c3167

=====SNAPSHOT=====
LEGACY-N/A

=====TESTRESULTS=====
LEGACY-N/A

=====DIAGNOSTICMETA=====
{"legacy_backfill": true}

=====DECISIONS=====
- Legacy patch log generated from commit history.
