patch_20250729_143803_8911c234441faace83ffc2a4d9817cdde967f89e.log
=====TASK=====
Backfill legacy patch log

=====OBJECTIVE=====
Record missing patch log from history

=====CONSTRAINTS=====
- Placeholder for legacy snapshot and agent metadata

=====SCOPE=====
LEGACY commit 8911c234441faace83ffc2a4d9817cdde967f89e

=====DIFFSUMMARY=====
commit 8911c234441faace83ffc2a4d9817cdde967f89e
Author: buymeagoat <53793097+buymeagoat@users.noreply.github.com>
Date:   Tue Jul 29 08:38:03 2025 -0600

    chore: drop unused usage helper

 scripts/whisper_build.sh | 9 +++------
 1 file changed, 3 insertions(+), 6 deletions(-)

=====TIMESTAMP=====
2025-07-29T14:38:03Z

=====BUILDER_DATE_TIME (UTC)=====
20250801 191117

=====PROMPTID=====
legacy-backfill-batch-001

=====AGENTVERSION=====
LEGACY-N/A

=====AGENTHASH=====
LEGACY-N/A

=====PROMPTHASH=====
LEGACY-N/A

=====COMMITHASH=====
8911c234441faace83ffc2a4d9817cdde967f89e

=====SPEC_HASHES=====
6bfaa5a80ab85a494b5e35d9cc68b1ec039d330a4386e8ac011f130556dbb7a1

=====SNAPSHOT=====
LEGACY-N/A

=====TESTRESULTS=====
LEGACY-N/A

=====DIAGNOSTICMETA=====
legacy-backfill

=====DECISIONS=====
- Auto-generated from commit history