patch_20250626_203837_29435f71472188d09f683886b329de8988481bf3.log
=====TASK=====
Backfill legacy patch log

=====OBJECTIVE=====
Reconstruct patch metadata for auditing.

=====CONSTRAINTS=====
- No repository changes
- Use commit history only

=====SCOPE=====
Commit 29435f71472188d09f683886b329de8988481bf3

=====DIFFSUMMARY=====
29435f7 feat(frontend): add API helper and token context

frontend/src/App.jsx                      | 16 +++----
 frontend/src/api/index.js                 | 70 +++++++++++++++++++++++++++++++
 frontend/src/context/AuthContext.jsx      | 21 ++++++++++
 frontend/src/main.jsx                     |  5 ++-
 frontend/src/pages/ActiveJobsPage.jsx     |  8 ++--
 frontend/src/pages/AdminPage.jsx          | 42 +++++++------------
 frontend/src/pages/CompletedJobsPage.jsx  | 15 ++++---
 frontend/src/pages/FailedJobsPage.jsx     | 18 ++++----
 frontend/src/pages/JobProgressPage.jsx    | 17 +++++---
 frontend/src/pages/JobStatusPage.jsx      | 24 +++++------
 frontend/src/pages/LoginPage.jsx          | 23 +++++-----
 frontend/src/pages/TranscriptViewPage.jsx | 12 +++---
 frontend/src/pages/UploadPage.jsx         | 15 ++-----
 13 files changed, 181 insertions(+), 105 deletions(-)

=====TIMESTAMP=====
2025-06-26T20:38:37Z

=====BUILDER_DATE_TIME (UTC)=====
20250801 200929

=====PROMPTID=====
legacy-backfill-batch-003

=====AGENTVERSION=====
LEGACY-N/A

=====AGENTHASH=====
LEGACY-N/A

=====PROMPTHASH=====
LEGACY-N/A

=====COMMITHASH=====
29435f71472188d09f683886b329de8988481bf3

=====SPEC_HASHES=====
b56c464f9d3865da0d92d36f4ea508203ad295a8fcd86343f412fb7654514a50

=====SNAPSHOT=====
LEGACY-N/A

=====TESTRESULTS=====
LEGACY-N/A

=====DIAGNOSTICMETA=====
{"legacy_backfill": true}

=====DECISIONS=====
- Legacy patch log generated from commit history.
