patch_20250728_214359_088f43c106afbd776eeb3abd46fa7f45f1fb638a.log
=====TASK=====
Backfill legacy patch log

=====OBJECTIVE=====
Reconstruct patch metadata for auditing.

=====CONSTRAINTS=====
- No repository changes
- Use commit history only

=====SCOPE=====
Commit 088f43c106afbd776eeb3abd46fa7f45f1fb638a

=====DIFFSUMMARY=====
088f43c Add comprehensive documentation
 .env.example                 | 30 ++++++++++++++++-
 docs/api_reference.md        | 61 ++++++++++++++++++++++++++++++++++
 docs/architecture_diagram.md | 16 +++++++++
 docs/environment.md          | 78 ++++++++++++++++++++++++++++++++++++++++++++
 docs/index.md                | 45 ++++++++++++++-----------
 docs/observability.md        | 26 +++++++++++++++
 docs/upgrade.md              | 30 +++++++++++++++++
 7 files changed, 266 insertions(+), 20 deletions(-)

=====TIMESTAMP=====
2025-07-28T21:43:59Z

=====BUILDER_DATE_TIME (UTC)=====
20250801 194741

=====PROMPTID=====
legacy-backfill-batch-002

=====AGENTVERSION=====
LEGACY-N/A

=====AGENTHASH=====
LEGACY-N/A

=====PROMPTHASH=====
LEGACY-N/A

=====COMMITHASH=====
088f43c106afbd776eeb3abd46fa7f45f1fb638a

=====SPEC_HASHES=====
6bfaa5a80ab85a494b5e35d9cc68b1ec039d330a4386e8ac011f130556dbb7a1

=====SNAPSHOT=====
LEGACY-N/A

=====TESTRESULTS=====
LEGACY-N/A

=====DIAGNOSTICMETA=====
{"legacy_backfill": true}

=====DECISIONS=====
- Legacy patch log generated from commit history.
