patch_20250703_012956_11a5ea22c7da7d89094882007e0182d4c4cf36d4.log
=====TASK=====
Backfill legacy patch log

=====OBJECTIVE=====
Reconstruct patch metadata for auditing.

=====CONSTRAINTS=====
- No repository changes
- Use commit history only

=====SCOPE=====
Commit 11a5ea22c7da7d89094882007e0182d4c4cf36d4

=====DIFFSUMMARY=====
11a5ea2 Wrap debug logs with log level checks
 api/config_validator.py |  5 ++++-
 api/orm_bootstrap.py    |  4 +++-
 api/router_setup.py     | 12 +++++++-----
 3 files changed, 14 insertions(+), 7 deletions(-)

=====TIMESTAMP=====
2025-07-03T01:29:56Z

=====BUILDER_DATE_TIME (UTC)=====
20250801 200929

=====PROMPTID=====
legacy-backfill-batch-005

=====AGENTVERSION=====
LEGACY-N/A

=====AGENTHASH=====
LEGACY-N/A

=====PROMPTHASH=====
LEGACY-N/A

=====COMMITHASH=====
11a5ea22c7da7d89094882007e0182d4c4cf36d4

=====SPEC_HASHES=====
10ba62ac16c28028ead0d8892258ab67b59de208559b0027d4835794228c3167

=====SNAPSHOT=====
LEGACY-N/A

=====TESTRESULTS=====
LEGACY-N/A

=====DIAGNOSTICMETA=====
{"legacy_backfill": true}

=====DECISIONS=====
- Legacy patch log generated from commit history.
