patch_20250630_133610_71c94503c2b1eab2557e3fd3965d28edf3379931.log
=====TASK=====
Backfill legacy patch log

=====OBJECTIVE=====
Reconstruct patch metadata for auditing.

=====CONSTRAINTS=====
- No repository changes
- Use commit history only

=====SCOPE=====
Commit 71c94503c2b1eab2557e3fd3965d28edf3379931

=====DIFFSUMMARY=====
71c9450 Remove blank line after version removal
 docker-compose.yml | 2 --
 1 file changed, 2 deletions(-)

=====TIMESTAMP=====
2025-06-30T13:36:10Z

=====BUILDER_DATE_TIME (UTC)=====
20250801 200929

=====PROMPTID=====
legacy-backfill-batch-005

=====AGENTVERSION=====
LEGACY-N/A

=====AGENTHASH=====
LEGACY-N/A

=====PROMPTHASH=====
LEGACY-N/A

=====COMMITHASH=====
71c94503c2b1eab2557e3fd3965d28edf3379931

=====SPEC_HASHES=====
10ba62ac16c28028ead0d8892258ab67b59de208559b0027d4835794228c3167

=====SNAPSHOT=====
LEGACY-N/A

=====TESTRESULTS=====
LEGACY-N/A

=====DIAGNOSTICMETA=====
{"legacy_backfill": true}

=====DECISIONS=====
- Legacy patch log generated from commit history.
