patch_20250703_170435_f0b059424e7dd61f16e08f64075df1912fd1be3d.log
=====TASK=====
Backfill legacy patch log

=====OBJECTIVE=====
Reconstruct patch metadata for auditing.

=====CONSTRAINTS=====
- No repository changes
- Use commit history only

=====SCOPE=====
Commit f0b059424e7dd61f16e08f64075df1912fd1be3d

=====DIFFSUMMARY=====
f0b0594 Sanitize transcript file not found message
 api/routes/jobs.py     |  7 ++++++-
 tests/test_jobs_api.py | 25 +++++++++++++++++++++++++
 2 files changed, 31 insertions(+), 1 deletion(-)

=====TIMESTAMP=====
2025-07-03T17:04:35Z

=====BUILDER_DATE_TIME (UTC)=====
20250801 200929

=====PROMPTID=====
legacy-backfill-batch-005

=====AGENTVERSION=====
LEGACY-N/A

=====AGENTHASH=====
LEGACY-N/A

=====PROMPTHASH=====
LEGACY-N/A

=====COMMITHASH=====
f0b059424e7dd61f16e08f64075df1912fd1be3d

=====SPEC_HASHES=====
10ba62ac16c28028ead0d8892258ab67b59de208559b0027d4835794228c3167

=====SNAPSHOT=====
LEGACY-N/A

=====TESTRESULTS=====
LEGACY-N/A

=====DIAGNOSTICMETA=====
{"legacy_backfill": true}

=====DECISIONS=====
- Legacy patch log generated from commit history.
