patch_20250708_051143_9fb0bb6658aa22d8bd4e8c29c01647abda89258c.log
=====TASK=====
Backfill legacy patch log

=====OBJECTIVE=====
Reconstruct patch metadata for auditing.

=====CONSTRAINTS=====
- No repository changes
- Use commit history only

=====SCOPE=====
Commit 9fb0bb6658aa22d8bd4e8c29c01647abda89258c

=====DIFFSUMMARY=====
9fb0bb6 fix docker build script
 Dockerfile              | 4 ++--
 README.md               | 2 +-
 docs/design_scope.md    | 4 ++--
 docs/future_updates.md  | 6 +++---
 scripts/docker_build.sh | 4 ++--
 5 files changed, 10 insertions(+), 10 deletions(-)

=====TIMESTAMP=====
2025-07-08T05:11:43Z

=====BUILDER_DATE_TIME (UTC)=====
20250801 200929

=====PROMPTID=====
legacy-backfill-batch-006

=====AGENTVERSION=====
LEGACY-N/A

=====AGENTHASH=====
LEGACY-N/A

=====PROMPTHASH=====
LEGACY-N/A

=====COMMITHASH=====
9fb0bb6658aa22d8bd4e8c29c01647abda89258c

=====SPEC_HASHES=====
10ba62ac16c28028ead0d8892258ab67b59de208559b0027d4835794228c3167

=====SNAPSHOT=====
LEGACY-N/A

=====TESTRESULTS=====
LEGACY-N/A

=====DIAGNOSTICMETA=====
{"legacy_backfill": true}

=====DECISIONS=====
- Legacy patch log generated from commit history.
