patch_20250730_192040_81fcfa509867388dd18866338678bf0fd737537c.log
=====TASK=====
Backfill legacy patch log

=====OBJECTIVE=====
Record missing patch log from history

=====CONSTRAINTS=====
- Placeholder for legacy snapshot and agent metadata

=====SCOPE=====
LEGACY commit 81fcfa509867388dd18866338678bf0fd737537c

=====DIFFSUMMARY=====
commit 81fcfa509867388dd18866338678bf0fd737537c
Author: buymeagoat <53793097+buymeagoat@users.noreply.github.com>
Date:   Wed Jul 30 13:20:40 2025 -0600

    Update agent role instructions

 AGENTS.md | 13 +++++++++++++
 1 file changed, 13 insertions(+)

=====TIMESTAMP=====
2025-07-30T19:20:40Z

=====BUILDER_DATE_TIME (UTC)=====
20250801 191117

=====PROMPTID=====
legacy-backfill-batch-001

=====AGENTVERSION=====
LEGACY-N/A

=====AGENTHASH=====
LEGACY-N/A

=====PROMPTHASH=====
LEGACY-N/A

=====COMMITHASH=====
81fcfa509867388dd18866338678bf0fd737537c

=====SPEC_HASHES=====
6bfaa5a80ab85a494b5e35d9cc68b1ec039d330a4386e8ac011f130556dbb7a1

=====SNAPSHOT=====
LEGACY-N/A

=====TESTRESULTS=====
LEGACY-N/A

=====DIAGNOSTICMETA=====
legacy-backfill

=====DECISIONS=====
- Auto-generated from commit history