patch_20250628_042705_b63c023286b408819c4e1cefa270dfbe7199df14.log
=====TASK=====
Backfill legacy patch log

=====OBJECTIVE=====
Reconstruct patch metadata for auditing.

=====CONSTRAINTS=====
- No repository changes
- Use commit history only

=====SCOPE=====
Commit b63c023286b408819c4e1cefa270dfbe7199df14

=====DIFFSUMMARY=====
b63c023 docs: clarify Node.js version requirement
 README.md | 3 ++-
 1 file changed, 2 insertions(+), 1 deletion(-)

=====TIMESTAMP=====
2025-06-28T04:27:05Z

=====BUILDER_DATE_TIME (UTC)=====
20250801 200929

=====PROMPTID=====
legacy-backfill-batch-004

=====AGENTVERSION=====
LEGACY-N/A

=====AGENTHASH=====
LEGACY-N/A

=====PROMPTHASH=====
LEGACY-N/A

=====COMMITHASH=====
b63c023286b408819c4e1cefa270dfbe7199df14

=====SPEC_HASHES=====
10ba62ac16c28028ead0d8892258ab67b59de208559b0027d4835794228c3167

=====SNAPSHOT=====
LEGACY-N/A

=====TESTRESULTS=====
LEGACY-N/A

=====DIAGNOSTICMETA=====
{"legacy_backfill": true}

=====DECISIONS=====
- Legacy patch log generated from commit history.