patch_20250728_222011_fb382a8bd527b2ab5a761eb704fdc0e26c5f3583.log
=====TASK=====
Backfill legacy patch log

=====OBJECTIVE=====
Record missing patch log from history

=====CONSTRAINTS=====
- Placeholder for legacy snapshot and agent metadata

=====SCOPE=====
LEGACY commit fb382a8bd527b2ab5a761eb704fdc0e26c5f3583

=====DIFFSUMMARY=====
commit fb382a8bd527b2ab5a761eb704fdc0e26c5f3583
Author: buymeagoat <53793097+buymeagoat@users.noreply.github.com>
Date:   Mon Jul 28 16:20:11 2025 -0600

    Update project setup instructions

 AGENTS.md | 4 ++++
 1 file changed, 4 insertions(+)

=====TIMESTAMP=====
2025-07-28T22:20:11Z

=====BUILDER_DATE_TIME (UTC)=====
20250801 191117

=====PROMPTID=====
legacy-backfill-batch-001

=====AGENTVERSION=====
LEGACY-N/A

=====AGENTHASH=====
LEGACY-N/A

=====PROMPTHASH=====
LEGACY-N/A

=====COMMITHASH=====
fb382a8bd527b2ab5a761eb704fdc0e26c5f3583

=====SPEC_HASHES=====
6bfaa5a80ab85a494b5e35d9cc68b1ec039d330a4386e8ac011f130556dbb7a1

=====SNAPSHOT=====
LEGACY-N/A

=====TESTRESULTS=====
LEGACY-N/A

=====DIAGNOSTICMETA=====
legacy-backfill

=====DECISIONS=====
- Auto-generated from commit history