patch_20250630_193625_884a129bae85eabadfb9b3e1e1a6f791058e2c29.log
=====TASK=====
Backfill legacy patch log

=====OBJECTIVE=====
Reconstruct patch metadata for auditing.

=====CONSTRAINTS=====
- No repository changes
- Use commit history only

=====SCOPE=====
Commit 884a129bae85eabadfb9b3e1e1a6f791058e2c29

=====DIFFSUMMARY=====
884a129 Add PORT env support
 Dockerfile              | 3 ++-
 README.md               | 1 +
 docker-compose.yml      | 1 +
 scripts/server_entry.py | 4 +++-
 4 files changed, 7 insertions(+), 2 deletions(-)

=====TIMESTAMP=====
2025-06-30T19:36:25Z

=====BUILDER_DATE_TIME (UTC)=====
20250801 200929

=====PROMPTID=====
legacy-backfill-batch-005

=====AGENTVERSION=====
LEGACY-N/A

=====AGENTHASH=====
LEGACY-N/A

=====PROMPTHASH=====
LEGACY-N/A

=====COMMITHASH=====
884a129bae85eabadfb9b3e1e1a6f791058e2c29

=====SPEC_HASHES=====
10ba62ac16c28028ead0d8892258ab67b59de208559b0027d4835794228c3167

=====SNAPSHOT=====
LEGACY-N/A

=====TESTRESULTS=====
LEGACY-N/A

=====DIAGNOSTICMETA=====
{"legacy_backfill": true}

=====DECISIONS=====
- Legacy patch log generated from commit history.
