patch_20250701_050315_20efef4a47cc630129944b36305342d0b0e12b97.log
=====TASK=====
Backfill legacy patch log

=====OBJECTIVE=====
Reconstruct patch metadata for auditing.

=====CONSTRAINTS=====
- No repository changes
- Use commit history only

=====SCOPE=====
Commit 20efef4a47cc630129944b36305342d0b0e12b97

=====DIFFSUMMARY=====
20efef4 Add SECRET_KEY build arg and update docs
 Dockerfile             | 4 +++-
 README.md              | 5 +++--
 docs/design_scope.md   | 5 +++++
 docs/future_updates.md | 4 ++++
 4 files changed, 15 insertions(+), 3 deletions(-)

=====TIMESTAMP=====
2025-07-01T05:03:15Z

=====BUILDER_DATE_TIME (UTC)=====
20250801 200929

=====PROMPTID=====
legacy-backfill-batch-005

=====AGENTVERSION=====
LEGACY-N/A

=====AGENTHASH=====
LEGACY-N/A

=====PROMPTHASH=====
LEGACY-N/A

=====COMMITHASH=====
20efef4a47cc630129944b36305342d0b0e12b97

=====SPEC_HASHES=====
10ba62ac16c28028ead0d8892258ab67b59de208559b0027d4835794228c3167

=====SNAPSHOT=====
LEGACY-N/A

=====TESTRESULTS=====
LEGACY-N/A

=====DIAGNOSTICMETA=====
{"legacy_backfill": true}

=====DECISIONS=====
- Legacy patch log generated from commit history.
