patch_20250722_145147_1eba4a0a4d8302b87adf2877da33738852ea5666.log
=====TASK=====
Back-fill missing patch logs using commit history.

=====OBJECTIVE=====
Back-fill missing patch logs using commit history.

=====CONSTRAINTS=====
- AtomicPatch: create ≤100 new logs in this batch; abort on error.
- Filename pattern: patch_<UTC YYYYMMDD>_<HHMMSS>_<commit_hash>.log
- Required fields: TASK, OBJECTIVE, CONSTRAINTS, SCOPE,
                    DIFFSUMMARY (git show --stat),
                    snapshot_metadata=LEGACY-N/A,
                    agent_metadata=LEGACY-N/A,
                    test_results=LEGACY-N/A,
                    diagnostic block noting legacy status,
                    SPEC_HASHES (current CAG & agents.md).
- Skip commits already covered by docs/patch_logs/*.log
- Preserve existing logs; no edits.

=====SCOPE=====
Commit 1eba4a0a4d8302b87adf2877da33738852ea5666

=====DIFFSUMMARY=====
commit 1eba4a0a4d8302b87adf2877da33738852ea5666
Author: buymeagoat <53793097+buymeagoat@users.noreply.github.com>
Date:   Tue Jul 22 08:51:47 2025 -0600

    Improve Docker build reliability

 Dockerfile             | 6 ++++--
 README.md              | 3 +++
 docs/design_scope.md   | 1 +
 docs/future_updates.md | 4 ++++
 4 files changed, 12 insertions(+), 2 deletions(-)

=====TIMESTAMP=====
2025-07-22T14:51:47Z

=====BUILDER_DATE_TIME (UTC)=====
20250801 200929

=====PROMPTID=====
legacy-backfill-batch-008

=====AGENTVERSION=====
LEGACY-N/A

=====AGENTHASH=====
LEGACY-N/A

=====PROMPTHASH=====
LEGACY-N/A

=====COMMITHASH=====
1eba4a0a4d8302b87adf2877da33738852ea5666

=====SPEC_HASHES=====
10ba62ac16c28028ead0d8892258ab67b59de208559b0027d4835794228c3167

=====SNAPSHOT=====
LEGACY-N/A

=====TESTRESULTS=====
LEGACY-N/A

=====DIAGNOSTICMETA=====
{"legacy_backfill": true}

=====DECISIONS=====
- Legacy patch log generated from commit history.
