patch_20250706_204638_5f4e2464efc4e34b7827dd0525ecc0e6bddecb78.log
=====TASK=====
Backfill legacy patch log

=====OBJECTIVE=====
Reconstruct patch metadata for auditing.

=====CONSTRAINTS=====
- No repository changes
- Use commit history only

=====SCOPE=====
Commit 5f4e2464efc4e34b7827dd0525ecc0e6bddecb78

=====DIFFSUMMARY=====
5f4e246 Use enumerated failed statuses
 api/services/jobs.py | 4 +++-
 1 file changed, 3 insertions(+), 1 deletion(-)

=====TIMESTAMP=====
2025-07-06T20:46:38Z

=====BUILDER_DATE_TIME (UTC)=====
20250801 200929

=====PROMPTID=====
legacy-backfill-batch-006

=====AGENTVERSION=====
LEGACY-N/A

=====AGENTHASH=====
LEGACY-N/A

=====PROMPTHASH=====
LEGACY-N/A

=====COMMITHASH=====
5f4e2464efc4e34b7827dd0525ecc0e6bddecb78

=====SPEC_HASHES=====
10ba62ac16c28028ead0d8892258ab67b59de208559b0027d4835794228c3167

=====SNAPSHOT=====
LEGACY-N/A

=====TESTRESULTS=====
LEGACY-N/A

=====DIAGNOSTICMETA=====
{"legacy_backfill": true}

=====DECISIONS=====
- Legacy patch log generated from commit history.
