patch_20250711_230630_603b8a4bf5b192f18a6a2738b90a9078919c591c.log
=====TASK=====
Backfill legacy patch log

=====OBJECTIVE=====
Reconstruct patch metadata for auditing.

=====CONSTRAINTS=====
- No repository changes
- Use commit history only

=====SCOPE=====
Commit 603b8a4bf5b192f18a6a2738b90a9078919c591c

=====DIFFSUMMARY=====
603b8a4 Increase broker connect retries
 README.md            | 5 +++--
 api/settings.py      | 2 +-
 docs/design_scope.md | 2 +-
 3 files changed, 5 insertions(+), 4 deletions(-)

=====TIMESTAMP=====
2025-07-11T23:06:30Z

=====BUILDER_DATE_TIME (UTC)=====
20250801 200929

=====PROMPTID=====
legacy-backfill-batch-006

=====AGENTVERSION=====
LEGACY-N/A

=====AGENTHASH=====
LEGACY-N/A

=====PROMPTHASH=====
LEGACY-N/A

=====COMMITHASH=====
603b8a4bf5b192f18a6a2738b90a9078919c591c

=====SPEC_HASHES=====
10ba62ac16c28028ead0d8892258ab67b59de208559b0027d4835794228c3167

=====SNAPSHOT=====
LEGACY-N/A

=====TESTRESULTS=====
LEGACY-N/A

=====DIAGNOSTICMETA=====
{"legacy_backfill": true}

=====DECISIONS=====
- Legacy patch log generated from commit history.
