patch_20250627_013641_039eebd207d27f7eea99c206f9ca6e6d8ce4f3ef.log
=====TASK=====
Backfill legacy patch log

=====OBJECTIVE=====
Reconstruct patch metadata for auditing.

=====CONSTRAINTS=====
- No repository changes
- Use commit history only

=====SCOPE=====
Commit 039eebd207d27f7eea99c206f9ca6e6d8ce4f3ef

=====DIFFSUMMARY=====
039eebd Add admin KPI stats and frontend display

README.md                              |  2 +-
 api/routes/admin.py                    | 24 +++++++++++-
 api/schemas.py                         |  3 ++
 docs/design_scope.md                   |  6 +--
 frontend/src/components/StatsPanel.jsx | 21 ++++++++++
 frontend/src/pages/AdminPage.jsx       |  8 +---
 tests/test_admin_stats.py              | 71 ++++++++++++++++++++++++++++++++++
 7 files changed, 124 insertions(+), 11 deletions(-)

=====TIMESTAMP=====
2025-06-27T01:36:41Z

=====BUILDER_DATE_TIME (UTC)=====
20250801 200929

=====PROMPTID=====
legacy-backfill-batch-003

=====AGENTVERSION=====
LEGACY-N/A

=====AGENTHASH=====
LEGACY-N/A

=====PROMPTHASH=====
LEGACY-N/A

=====COMMITHASH=====
039eebd207d27f7eea99c206f9ca6e6d8ce4f3ef

=====SPEC_HASHES=====
b56c464f9d3865da0d92d36f4ea508203ad295a8fcd86343f412fb7654514a50

=====SNAPSHOT=====
LEGACY-N/A

=====TESTRESULTS=====
LEGACY-N/A

=====DIAGNOSTICMETA=====
{"legacy_backfill": true}

=====DECISIONS=====
- Legacy patch log generated from commit history.
