patch_20250706_015449_c194a6705db39646b071fed4df8f9551fce5de14.log
=====TASK=====
Backfill legacy patch log

=====OBJECTIVE=====
Reconstruct patch metadata for auditing.

=====CONSTRAINTS=====
- No repository changes
- Use commit history only

=====SCOPE=====
Commit c194a6705db39646b071fed4df8f9551fce5de14

=====DIFFSUMMARY=====
c194a67 Update worker healthcheck
 Dockerfile             | 2 +-
 README.md              | 1 +
 docker-compose.yml     | 2 +-
 scripts/healthcheck.sh | 3 ++-
 4 files changed, 5 insertions(+), 3 deletions(-)

=====TIMESTAMP=====
2025-07-06T01:54:49Z

=====BUILDER_DATE_TIME (UTC)=====
20250801 200929

=====PROMPTID=====
legacy-backfill-batch-006

=====AGENTVERSION=====
LEGACY-N/A

=====AGENTHASH=====
LEGACY-N/A

=====PROMPTHASH=====
LEGACY-N/A

=====COMMITHASH=====
c194a6705db39646b071fed4df8f9551fce5de14

=====SPEC_HASHES=====
10ba62ac16c28028ead0d8892258ab67b59de208559b0027d4835794228c3167

=====SNAPSHOT=====
LEGACY-N/A

=====TESTRESULTS=====
LEGACY-N/A

=====DIAGNOSTICMETA=====
{"legacy_backfill": true}

=====DECISIONS=====
- Legacy patch log generated from commit history.
