patch_20250729_134333_7d44d09fcd0b5a6df9df719b0f90666af5dbc94a.log
=====TASK=====
Backfill legacy patch log

=====OBJECTIVE=====
Record missing patch log from history

=====CONSTRAINTS=====
- Placeholder for legacy snapshot and agent metadata

=====SCOPE=====
LEGACY commit 7d44d09fcd0b5a6df9df719b0f90666af5dbc94a

=====DIFFSUMMARY=====
commit 7d44d09fcd0b5a6df9df719b0f90666af5dbc94a
Author: buymeagoat <53793097+buymeagoat@users.noreply.github.com>
Date:   Tue Jul 29 07:43:33 2025 -0600

    Remove legacy build scripts

 README.md                        |  2 ++
 docs/CHANGELOG.md                |  8 ++++++++
 docs/design_scope.md             |  2 +-
 docs/log_reference.md            | 10 ----------
 docs/scripts_reference.md        |  1 -
 scripts/docker_build.sh          |  5 -----
 scripts/prestage_dependencies.sh |  5 -----
 scripts/whisper_build.sh         |  2 ++
 8 files changed, 13 insertions(+), 22 deletions(-)

=====TIMESTAMP=====
2025-07-29T13:43:33Z

=====BUILDER_DATE_TIME (UTC)=====
20250801 191117

=====PROMPTID=====
legacy-backfill-batch-001

=====AGENTVERSION=====
LEGACY-N/A

=====AGENTHASH=====
LEGACY-N/A

=====PROMPTHASH=====
LEGACY-N/A

=====COMMITHASH=====
7d44d09fcd0b5a6df9df719b0f90666af5dbc94a

=====SPEC_HASHES=====
6bfaa5a80ab85a494b5e35d9cc68b1ec039d330a4386e8ac011f130556dbb7a1

=====SNAPSHOT=====
LEGACY-N/A

=====TESTRESULTS=====
LEGACY-N/A

=====DIAGNOSTICMETA=====
legacy-backfill

=====DECISIONS=====
- Auto-generated from commit history