patch_20250726_165046_b93d13f8758256d75df99af62b3fab85293fdde3.log
=====TASK=====
Backfill legacy patch log

=====OBJECTIVE=====
Reconstruct patch metadata for auditing.

=====CONSTRAINTS=====
- No repository changes
- Use commit history only

=====SCOPE=====
Commit b93d13f8758256d75df99af62b3fab85293fdde3

=====DIFFSUMMARY=====
b93d13f Update cache directory docs for WSL
 README.md            | 2 +-
 docs/design_scope.md | 2 +-
 2 files changed, 2 insertions(+), 2 deletions(-)

=====TIMESTAMP=====
2025-07-26T16:50:46Z

=====BUILDER_DATE_TIME (UTC)=====
20250801 200929

=====PROMPTID=====
legacy-backfill-batch-010

=====AGENTVERSION=====
LEGACY-N/A

=====AGENTHASH=====
LEGACY-N/A

=====PROMPTHASH=====
LEGACY-N/A

=====COMMITHASH=====
b93d13f8758256d75df99af62b3fab85293fdde3

=====SPEC_HASHES=====
10ba62ac16c28028ead0d8892258ab67b59de208559b0027d4835794228c3167

=====SNAPSHOT=====
LEGACY-N/A

=====TESTRESULTS=====
LEGACY-N/A

=====DIAGNOSTICMETA=====
{"legacy_backfill": true}

=====DECISIONS=====
- Legacy patch log generated from commit history.
