patch_20250728_003239_235f97bd1451bd87ca462e9875b296bd8adbf083.log
=====TASK=====
Backfill legacy patch log

=====OBJECTIVE=====
Reconstruct patch metadata for auditing.

=====CONSTRAINTS=====
- No repository changes
- Use commit history only

=====SCOPE=====
Commit 235f97bd1451bd87ca462e9875b296bd8adbf083

=====DIFFSUMMARY=====
235f97b generalize codename checks
 README.md                        |  4 ++--
 docs/design_scope.md             |  8 ++++----
 scripts/check_env.sh             | 11 ++++++-----
 scripts/prestage_dependencies.sh | 15 +++++++--------
 4 files changed, 19 insertions(+), 19 deletions(-)

=====TIMESTAMP=====
2025-07-28T00:32:39Z

=====BUILDER_DATE_TIME (UTC)=====
20250801 194741

=====PROMPTID=====
legacy-backfill-batch-002

=====AGENTVERSION=====
LEGACY-N/A

=====AGENTHASH=====
LEGACY-N/A

=====PROMPTHASH=====
LEGACY-N/A

=====COMMITHASH=====
235f97bd1451bd87ca462e9875b296bd8adbf083

=====SPEC_HASHES=====
6bfaa5a80ab85a494b5e35d9cc68b1ec039d330a4386e8ac011f130556dbb7a1

=====SNAPSHOT=====
LEGACY-N/A

=====TESTRESULTS=====
LEGACY-N/A

=====DIAGNOSTICMETA=====
{"legacy_backfill": true}

=====DECISIONS=====
- Legacy patch log generated from commit history.
