patch_20250627_031321_2d8fb7c4e4effc128c62989176bfb278d2f41ba6.log
=====TASK=====
Backfill legacy patch log

=====OBJECTIVE=====
Reconstruct patch metadata for auditing.

=====CONSTRAINTS=====
- No repository changes
- Use commit history only

=====SCOPE=====
Commit 2d8fb7c4e4effc128c62989176bfb278d2f41ba6

=====DIFFSUMMARY=====
2d8fb7c Add TIMEZONE setting

README.md            | 1 +
 api/app_state.py     | 3 ++-
 api/settings.py      | 1 +
 docs/design_scope.md | 1 +
 4 files changed, 5 insertions(+), 1 deletion(-)

=====TIMESTAMP=====
2025-06-27T03:13:21Z

=====BUILDER_DATE_TIME (UTC)=====
20250801 200929

=====PROMPTID=====
legacy-backfill-batch-003

=====AGENTVERSION=====
LEGACY-N/A

=====AGENTHASH=====
LEGACY-N/A

=====PROMPTHASH=====
LEGACY-N/A

=====COMMITHASH=====
2d8fb7c4e4effc128c62989176bfb278d2f41ba6

=====SPEC_HASHES=====
b56c464f9d3865da0d92d36f4ea508203ad295a8fcd86343f412fb7654514a50

=====SNAPSHOT=====
LEGACY-N/A

=====TESTRESULTS=====
LEGACY-N/A

=====DIAGNOSTICMETA=====
{"legacy_backfill": true}

=====DECISIONS=====
- Legacy patch log generated from commit history.
