patch_20250630_155421_b8bab1f0008a413c30ef4f743df50eda7df54959.log
=====TASK=====
Backfill legacy patch log

=====OBJECTIVE=====
Reconstruct patch metadata for auditing.

=====CONSTRAINTS=====
- No repository changes
- Use commit history only

=====SCOPE=====
Commit b8bab1f0008a413c30ef4f743df50eda7df54959

=====DIFFSUMMARY=====
b8bab1f Require SECRET_KEY env var
 README.md          |  5 +++--
 api/config.py      |  7 ++++++-
 api/main.py        |  8 ++------
 api/settings.py    | 15 +++++++++++++--
 tests/conftest.py  |  3 +++
 tests/test_jobs.py |  1 +
 6 files changed, 28 insertions(+), 11 deletions(-)

=====TIMESTAMP=====
2025-06-30T15:54:21Z

=====BUILDER_DATE_TIME (UTC)=====
20250801 200929

=====PROMPTID=====
legacy-backfill-batch-005

=====AGENTVERSION=====
LEGACY-N/A

=====AGENTHASH=====
LEGACY-N/A

=====PROMPTHASH=====
LEGACY-N/A

=====COMMITHASH=====
b8bab1f0008a413c30ef4f743df50eda7df54959

=====SPEC_HASHES=====
10ba62ac16c28028ead0d8892258ab67b59de208559b0027d4835794228c3167

=====SNAPSHOT=====
LEGACY-N/A

=====TESTRESULTS=====
LEGACY-N/A

=====DIAGNOSTICMETA=====
{"legacy_backfill": true}

=====DECISIONS=====
- Legacy patch log generated from commit history.
