patch_20250628_043039_998f1e7eec0156558b312fbf2568e42ca92655c9.log
=====TASK=====
Backfill legacy patch log

=====OBJECTIVE=====
Reconstruct patch metadata for auditing.

=====CONSTRAINTS=====
- No repository changes
- Use commit history only

=====SCOPE=====
Commit 998f1e7eec0156558b312fbf2568e42ca92655c9

=====DIFFSUMMARY=====
998f1e7 Document required Whisper model files
 README.md | 6 +++---
 1 file changed, 3 insertions(+), 3 deletions(-)

=====TIMESTAMP=====
2025-06-28T04:30:39Z

=====BUILDER_DATE_TIME (UTC)=====
20250801 200929

=====PROMPTID=====
legacy-backfill-batch-004

=====AGENTVERSION=====
LEGACY-N/A

=====AGENTHASH=====
LEGACY-N/A

=====PROMPTHASH=====
LEGACY-N/A

=====COMMITHASH=====
998f1e7eec0156558b312fbf2568e42ca92655c9

=====SPEC_HASHES=====
10ba62ac16c28028ead0d8892258ab67b59de208559b0027d4835794228c3167

=====SNAPSHOT=====
LEGACY-N/A

=====TESTRESULTS=====
LEGACY-N/A

=====DIAGNOSTICMETA=====
{"legacy_backfill": true}

=====DECISIONS=====
- Legacy patch log generated from commit history.