patch_20250730_161304_a4d54bbdcccfdf2263fa876542b75e526ff118e2.log
=====TASK=====
Backfill legacy patch log

=====OBJECTIVE=====
Record missing patch log from history

=====CONSTRAINTS=====
- Placeholder for legacy snapshot and agent metadata

=====SCOPE=====
LEGACY commit a4d54bbdcccfdf2263fa876542b75e526ff118e2

=====DIFFSUMMARY=====
commit a4d54bbdcccfdf2263fa876542b75e526ff118e2
Author: buymeagoat <akapinos@gmail.com>
Date:   Wed Jul 30 11:13:04 2025 -0500

    Restore uploads/.gitkeep and commit .gitignore update

 .gitignore | 1 +
 1 file changed, 1 insertion(+)

=====TIMESTAMP=====
2025-07-30T16:13:04Z

=====BUILDER_DATE_TIME (UTC)=====
20250801 191117

=====PROMPTID=====
legacy-backfill-batch-001

=====AGENTVERSION=====
LEGACY-N/A

=====AGENTHASH=====
LEGACY-N/A

=====PROMPTHASH=====
LEGACY-N/A

=====COMMITHASH=====
a4d54bbdcccfdf2263fa876542b75e526ff118e2

=====SPEC_HASHES=====
6bfaa5a80ab85a494b5e35d9cc68b1ec039d330a4386e8ac011f130556dbb7a1

=====SNAPSHOT=====
LEGACY-N/A

=====TESTRESULTS=====
LEGACY-N/A

=====DIAGNOSTICMETA=====
legacy-backfill

=====DECISIONS=====
- Auto-generated from commit history