patch_20250628_170252_d5c7b60c1ff44ef4635bcb7749d0037c908ea4b7.log
=====TASK=====
Backfill legacy patch log

=====OBJECTIVE=====
Reconstruct patch metadata for auditing.

=====CONSTRAINTS=====
- No repository changes
- Use commit history only

=====SCOPE=====
Commit d5c7b60c1ff44ef4635bcb7749d0037c908ea4b7

=====DIFFSUMMARY=====
d5c7b60 Add DB_URL env var to services
 docker-compose.yml | 2 ++
 1 file changed, 2 insertions(+)

=====TIMESTAMP=====
2025-06-28T17:02:52Z

=====BUILDER_DATE_TIME (UTC)=====
20250801 200929

=====PROMPTID=====
legacy-backfill-batch-004

=====AGENTVERSION=====
LEGACY-N/A

=====AGENTHASH=====
LEGACY-N/A

=====PROMPTHASH=====
LEGACY-N/A

=====COMMITHASH=====
d5c7b60c1ff44ef4635bcb7749d0037c908ea4b7

=====SPEC_HASHES=====
10ba62ac16c28028ead0d8892258ab67b59de208559b0027d4835794228c3167

=====SNAPSHOT=====
LEGACY-N/A

=====TESTRESULTS=====
LEGACY-N/A

=====DIAGNOSTICMETA=====
{"legacy_backfill": true}

=====DECISIONS=====
- Legacy patch log generated from commit history.