patch_20250726_173726_1803478afe383a5ac8ee3676e0052b28735a00c1.log
=====TASK=====
Backfill legacy patch log

=====OBJECTIVE=====
Reconstruct patch metadata for auditing.

=====CONSTRAINTS=====
- No repository changes
- Use commit history only

=====SCOPE=====
Commit 1803478afe383a5ac8ee3676e0052b28735a00c1

=====DIFFSUMMARY=====
1803478 Clarify frontend build artifacts
 README.md    | 8 ++------
 docs/help.md | 3 +--
 2 files changed, 3 insertions(+), 8 deletions(-)

=====TIMESTAMP=====
2025-07-26T17:37:26Z

=====BUILDER_DATE_TIME (UTC)=====
20250801 200929

=====PROMPTID=====
legacy-backfill-batch-010

=====AGENTVERSION=====
LEGACY-N/A

=====AGENTHASH=====
LEGACY-N/A

=====PROMPTHASH=====
LEGACY-N/A

=====COMMITHASH=====
1803478afe383a5ac8ee3676e0052b28735a00c1

=====SPEC_HASHES=====
10ba62ac16c28028ead0d8892258ab67b59de208559b0027d4835794228c3167

=====SNAPSHOT=====
LEGACY-N/A

=====TESTRESULTS=====
LEGACY-N/A

=====DIAGNOSTICMETA=====
{"legacy_backfill": true}

=====DECISIONS=====
- Legacy patch log generated from commit history.
