patch_20250723_014004_4b8ff6edb69dcfc649ab60e9bfbe8424b64e9da7.log
=====TASK=====
Back-fill missing patch logs using commit history.

=====OBJECTIVE=====
Back-fill missing patch logs using commit history.

=====CONSTRAINTS=====
- AtomicPatch: create ≤100 new logs in this batch; abort on error.
- Filename pattern: patch_<UTC YYYYMMDD>_<HHMMSS>_<commit_hash>.log
- Required fields: TASK, OBJECTIVE, CONSTRAINTS, SCOPE,
                    DIFFSUMMARY (git show --stat),
                    snapshot_metadata=LEGACY-N/A,
                    agent_metadata=LEGACY-N/A,
                    test_results=LEGACY-N/A,
                    diagnostic block noting legacy status,
                    SPEC_HASHES (current CAG & agents.md).
- Skip commits already covered by docs/patch_logs/*.log
- Preserve existing logs; no edits.

=====SCOPE=====
Commit 4b8ff6edb69dcfc649ab60e9bfbe8424b64e9da7

=====DIFFSUMMARY=====
commit 4b8ff6edb69dcfc649ab60e9bfbe8424b64e9da7
Author: buymeagoat <53793097+buymeagoat@users.noreply.github.com>
Date:   Tue Jul 22 19:40:04 2025 -0600

    feat: rebuild unhealthy services

 README.md                |  4 ++--
 docs/design_scope.md     |  2 +-
 scripts/update_images.sh | 74 ++++++++++++++++++++++++++++++++++++++++++++++++++++++++++----------------
 3 files changed, 61 insertions(+), 19 deletions(-)

=====TIMESTAMP=====
2025-07-23T01:40:04Z

=====BUILDER_DATE_TIME (UTC)=====
20250801 200929

=====PROMPTID=====
legacy-backfill-batch-008

=====AGENTVERSION=====
LEGACY-N/A

=====AGENTHASH=====
LEGACY-N/A

=====PROMPTHASH=====
LEGACY-N/A

=====COMMITHASH=====
4b8ff6edb69dcfc649ab60e9bfbe8424b64e9da7

=====SPEC_HASHES=====
10ba62ac16c28028ead0d8892258ab67b59de208559b0027d4835794228c3167

=====SNAPSHOT=====
LEGACY-N/A

=====TESTRESULTS=====
LEGACY-N/A

=====DIAGNOSTICMETA=====
{"legacy_backfill": true}

=====DECISIONS=====
- Legacy patch log generated from commit history.
