patch_20250729_141254_750a945a8f5e6b6d4cb5257e8e9677e8806e644b.log
=====TASK=====
Backfill legacy patch log

=====OBJECTIVE=====
Record missing patch log from history

=====CONSTRAINTS=====
- Placeholder for legacy snapshot and agent metadata

=====SCOPE=====
LEGACY commit 750a945a8f5e6b6d4cb5257e8e9677e8806e644b

=====DIFFSUMMARY=====
commit 750a945a8f5e6b6d4cb5257e8e9677e8806e644b
Author: buymeagoat <53793097+buymeagoat@users.noreply.github.com>
Date:   Tue Jul 29 08:12:54 2025 -0600

    fix help flag and update base image

 Dockerfile                |  2 +-
 docs/TROUBLESHOOTING.md   |  5 ++++-
 docs/scripts_reference.md |  2 +-
 scripts/whisper_build.sh  | 31 ++++++++++++++++++++++---------
 4 files changed, 28 insertions(+), 12 deletions(-)

=====TIMESTAMP=====
2025-07-29T14:12:54Z

=====BUILDER_DATE_TIME (UTC)=====
20250801 191117

=====PROMPTID=====
legacy-backfill-batch-001

=====AGENTVERSION=====
LEGACY-N/A

=====AGENTHASH=====
LEGACY-N/A

=====PROMPTHASH=====
LEGACY-N/A

=====COMMITHASH=====
750a945a8f5e6b6d4cb5257e8e9677e8806e644b

=====SPEC_HASHES=====
6bfaa5a80ab85a494b5e35d9cc68b1ec039d330a4386e8ac011f130556dbb7a1

=====SNAPSHOT=====
LEGACY-N/A

=====TESTRESULTS=====
LEGACY-N/A

=====DIAGNOSTICMETA=====
legacy-backfill

=====DECISIONS=====
- Auto-generated from commit history