patch_20250726_155954_4f9b370a9f1564e46dc8aa21cfaab34099e81a27.log
=====TASK=====
Backfill legacy patch log

=====OBJECTIVE=====
Reconstruct patch metadata for auditing.

=====CONSTRAINTS=====
- No repository changes
- Use commit history only

=====SCOPE=====
Commit 4f9b370a9f1564e46dc8aa21cfaab34099e81a27

=====DIFFSUMMARY=====
4f9b370 Check cache directory write access
 scripts/prestage_dependencies.sh | 14 ++++++++++++++
 1 file changed, 14 insertions(+)

=====TIMESTAMP=====
2025-07-26T15:59:54Z

=====BUILDER_DATE_TIME (UTC)=====
20250801 200929

=====PROMPTID=====
legacy-backfill-batch-010

=====AGENTVERSION=====
LEGACY-N/A

=====AGENTHASH=====
LEGACY-N/A

=====PROMPTHASH=====
LEGACY-N/A

=====COMMITHASH=====
4f9b370a9f1564e46dc8aa21cfaab34099e81a27

=====SPEC_HASHES=====
10ba62ac16c28028ead0d8892258ab67b59de208559b0027d4835794228c3167

=====SNAPSHOT=====
LEGACY-N/A

=====TESTRESULTS=====
LEGACY-N/A

=====DIAGNOSTICMETA=====
{"legacy_backfill": true}

=====DECISIONS=====
- Legacy patch log generated from commit history.
