patch_20250706_235344_f1e9413093b2694fca4f2ce15e195a88bccd79fe.log
=====TASK=====
Backfill legacy patch log

=====OBJECTIVE=====
Reconstruct patch metadata for auditing.

=====CONSTRAINTS=====
- No repository changes
- Use commit history only

=====SCOPE=====
Commit f1e9413093b2694fca4f2ce15e195a88bccd79fe

=====DIFFSUMMARY=====
f1e9413 Fix uvicorn log level
 scripts/server_entry.py | 2 +-
 1 file changed, 1 insertion(+), 1 deletion(-)

=====TIMESTAMP=====
2025-07-06T23:53:44Z

=====BUILDER_DATE_TIME (UTC)=====
20250801 200929

=====PROMPTID=====
legacy-backfill-batch-006

=====AGENTVERSION=====
LEGACY-N/A

=====AGENTHASH=====
LEGACY-N/A

=====PROMPTHASH=====
LEGACY-N/A

=====COMMITHASH=====
f1e9413093b2694fca4f2ce15e195a88bccd79fe

=====SPEC_HASHES=====
10ba62ac16c28028ead0d8892258ab67b59de208559b0027d4835794228c3167

=====SNAPSHOT=====
LEGACY-N/A

=====TESTRESULTS=====
LEGACY-N/A

=====DIAGNOSTICMETA=====
{"legacy_backfill": true}

=====DECISIONS=====
- Legacy patch log generated from commit history.
