patch_20250801_223543_847305d.log
=====TASK=====
generate_legacy_patch_logs

=====OBJECTIVE=====
Back-fill missing patch logs using commit history.

=====CONSTRAINTS=====
- AtomicPatch: create ≤100 new logs in this batch; abort on error.
- Filename pattern: patch_<UTC YYYYMMDD>_<HHMMSS>_<commit_hash>.log
- Required fields: TASK, OBJECTIVE, CONSTRAINTS, SCOPE, DIFFSUMMARY (git show --stat),
                    snapshot_metadata=LEGACY-N/A,
                    agent_metadata=LEGACY-N/A,
                    test_results=LEGACY-N/A,
                    diagnostic block noting legacy status,
                    SPEC_HASHES (current CAG & agents.md).
- Skip commits already covered by docs/patch_logs/*.log
- Preserve existing logs; no edits.

=====SCOPE=====
commits 95fb51e6c2a2dc26dd609c2b3846d65341448264..db9b76ccce1242fa62fa304019c4f1c9801ccff1
/docs/patch_logs/

=====DIFFSUMMARY=====
847305d docs: add legacy patch logs for early July commits
 ...01_79a2a5da6e4ad58e1238b3ed6a90b74e058e7cea.log | 54 ++++++++++++++++++
 ...44_f25eb0935d1a82416e20db773c835ddbc4c78d39.log | 55 ++++++++++++++++++
 ...15_2ace52a3513ed80be80e88a464b16a23a435ec08.log | 54 ++++++++++++++++++
 ...54_88fbf7338161646b3a961b041938b179852364cc.log | 55 ++++++++++++++++++
 ...42_36abd17a6c470133e853dedd3343da5bc1e2f9fb.log | 54 ++++++++++++++++++
 ...51_fe9f8bc4773214f7701a5a95524d707858a5589c.log | 55 ++++++++++++++++++
 ...39_cf4834f58ae0392e9443a648e3e5c3f8851694f3.log | 55 ++++++++++++++++++
 ...12_4ace0e99431cfe833baefd6d4a834ae1602e8fc1.log | 56 ++++++++++++++++++
 ...29_874c36d2a78abce0536f830b4cf97a809d9987eb.log | 55 ++++++++++++++++++
 ...36_3f998a8add1fd72a397b566e59d4284c065bb621.log | 56 ++++++++++++++++++
 ...40_a9bc6ae043af6dae6cfaf7010733c114d298d416.log | 54 ++++++++++++++++++
 ...51_449e2f0faa06e3684bbb3d9f80a8ef592b843dc8.log | 55 ++++++++++++++++++
 ...16_f3e3d7ef62e3206f4caffe1bbacf889aa554c49c.log | 64 +++++++++++++++++++++
 ...02_d066b20000bc57a82f519885ab090c1c724d9353.log | 52 +++++++++++++++++
 ...10_8d7f2bbbe9b09d8b884bebd384f9afd2bfe9fc80.log | 65 +++++++++++++++++++++
 ...59_0f3040d56babd2315f32c7dd6e212bdf60781781.log | 55 ++++++++++++++++++
 ...10_b217b48b53b80eeb4c3cfb63c0ad5b727a6fd801.log | 56 ++++++++++++++++++
 ...41_9ff36b04dc68a2c1e28260b2f3ccae5fa6c136a5.log | 55 ++++++++++++++++++
 ...52_2f7e1ac0525a12490d696ba372e1264bf6382258.log | 56 ++++++++++++++++++
 ...15_ac66504ac354dc7b87b45c683d25218778e6095d.log | 55 ++++++++++++++++++
 ...31_7d5ff0cde65083fbce88df20f03bc9e627e9fb2a.log | 56 ++++++++++++++++++
 ...53_ec297c519ebe1a9acf2fc3fe27aa4215c9cbae71.log | 55 ++++++++++++++++++
 ...02_9eab2e4490d15789a3bcd86695da9be5ca979051.log | 56 ++++++++++++++++++
 ...01_21ac0c09ae74d89b569c43fcc59ed65589dc223f.log | 55 ++++++++++++++++++
 ...20_c95e3ccf7aa43c052904a95f95a35ce3bd258c0e.log | 56 ++++++++++++++++++
 ...17_d72d7d8f8d5aa55663e45fd0a67b12817517a029.log | 59 +++++++++++++++++++
 ...32_d2d70fc4cae0559b55145bde6e7fd57829176285.log | 60 ++++++++++++++++++++
 ...47_5c16801ba9f9d204088ecd712300fd4d52675961.log | 56 ++++++++++++++++++
 ...59_33fedd7812a8b608f60a61667c3681a942acb0b7.log | 57 +++++++++++++++++++
 ...45_0ca25f26e587ae54558d3d2fc3af0ba20b01a0d7.log | 55 ++++++++++++++++++
 ...29_cbc5c79ba7c42df5407ac37835ec69d06d9c2fe2.log | 56 ++++++++++++++++++
 ...02_eeb781628b87223d8f1c522d2fd9f30a5c55a4be.log | 55 ++++++++++++++++++
 ...14_3f2fe453fbc72a794219dab91605dac37b69eac1.log | 56 ++++++++++++++++++
 ...26_a57a7447e9d77a4d4c3ab40a78c1cfbf33755c7a.log | 55 ++++++++++++++++++
 ...38_5bcc1bf221996868cbc679a3308680761b244de6.log | 56 ++++++++++++++++++
 ...58_b26b1aaccb576411b24b7dc3f74608c41f3e41da.log | 56 ++++++++++++++++++
 ...11_893f66d9386eb15279d5f5b2851c1e3da407da73.log | 57 +++++++++++++++++++
 ...27_c8e49aee3a2865b6b448d677ed44636cf5e471f0.log | 54 ++++++++++++++++++
 ...40_e5563e9d9f4db7f0b67588e99f56401418d31cc0.log | 55 ++++++++++++++++++
 ...10_4ef7d891facc558563e6a1634da2159545ed5e74.log | 58 +++++++++++++++++++
 ...52_9a1a06e6eb11b2dc58f1911f35e4f77af6630c09.log | 59 +++++++++++++++++++
 ...37_149303364b2b7ea83622ee7d18bd6df99e81c5ca.log | 54 ++++++++++++++++++
 ...49_a5e25bf229c88f2b3cee8ad44956e4ea49b530d2.log | 55 ++++++++++++++++++
 ...37_a7cd894b057e615545ecc5049fd1d6313182c61b.log | 57 +++++++++++++++++++
 ...49_481894970bce6d73ff99b225a70e1edea5955a6a.log | 58 +++++++++++++++++++
 ...49_c194a6705db39646b071fed4df8f9551fce5de14.log | 57 +++++++++++++++++++
 ...06_a012ae104b2bf069d36bd3ab53354f52c38bb327.log | 58 +++++++++++++++++++
 ...23_55daa70bb2eacbcf361e3f7e7e9f400ce2c3486f.log | 65 +++++++++++++++++++++
 ...36_618076803267534abcf6a07f8d42301aa486c939.log | 66 ++++++++++++++++++++++
 ...47_8ee08b0650856a36959c19bb572c60adaff98159.log | 54 ++++++++++++++++++
 ...01_9367bce7fcef970e9002a4a4609a6f8141018d65.log | 55 ++++++++++++++++++
 ...47_14d5a81ead54843840d9f7d35be61fd5c907134c.log | 54 ++++++++++++++++++
 ...57_7612f242ab0171a0cecb33854958fce9b6d68e72.log | 55 ++++++++++++++++++
 ...40_9ac556a26dc3bd6f27cd38f86384cb94b4244cc3.log | 54 ++++++++++++++++++
 ...59_fe80645ce4f2e95b49aa21a3d3bd84f35baaf609.log | 55 ++++++++++++++++++
 ...38_5f4e2464efc4e34b7827dd0525ecc0e6bddecb78.log | 54 ++++++++++++++++++
 ...33_571052c487c7825f9af3104be85504096b7d5c2f.log | 55 ++++++++++++++++++
 ...34_1ec75ab5aff7d8cbed90f5cb26faee91699a0c19.log | 54 ++++++++++++++++++
 ...54_f0d9e0fc151dea920f2b737815dc1ddb3125ba34.log | 55 ++++++++++++++++++
 ...46_05d9347f2ef8a70898319bcbbfd7bb30b086caf8.log | 54 ++++++++++++++++++
 ...01_fa016f0fc7c33a4b9f5452b62ef052ec9e7496d0.log | 55 ++++++++++++++++++
 ...10_a3e96a6129ab2a7c88d5290d8fba5f2553a3c5e5.log | 54 ++++++++++++++++++
 ...23_23bb9ae90d8b7627bd8ee638b70c1924c4c6477d.log | 55 ++++++++++++++++++
 ...44_f1e9413093b2694fca4f2ce15e195a88bccd79fe.log | 54 ++++++++++++++++++
 ...24_32961028ac5863f4fe12fde622201e3aae296e29.log | 55 ++++++++++++++++++
 ...05_20bb6a949e057d8543b2b2e9b24a5ae7207ec3a7.log | 55 ++++++++++++++++++
 ...40_e941e22d65a40df92408f3fa14a1a6ec250eff9c.log | 56 ++++++++++++++++++
 ...26_3292be6720066c4a81a9f3a2a2d00fe25be981d2.log | 54 ++++++++++++++++++
 ...28_a2a247d57a94ce3ac0047baafcb378a50ddd4b9b.log | 55 ++++++++++++++++++
 ...26_482e890d80a6b1a57114fd924e64018cf1e5ec00.log | 54 ++++++++++++++++++
 ...52_d1aa9eb86464dd2192cb3da32de7425471b7f25d.log | 55 ++++++++++++++++++
 ...58_0aceffcb45ff61d0c57574e5e1ff654f7fb98dfb.log | 55 ++++++++++++++++++
 ...58_8439bc035b881930562d76aa32b62218d3657172.log | 56 ++++++++++++++++++
 ...54_83bd8fbb7873b53925e4c915cf76a65dc1945397.log | 54 ++++++++++++++++++
 ...49_a644061123807400dfc6b64367bb164935fdf957.log | 55 ++++++++++++++++++
 ...35_0b64177c8952266b0e166fc27a5fe67e0d78525b.log | 54 ++++++++++++++++++
 ...55_d9d8a0b0b39ab8d0f941834f3bfd150ba9f9b3fe.log | 55 ++++++++++++++++++
 ...34_31495d503a98ff1637c5704e86aae81d5fa28834.log | 56 ++++++++++++++++++
 ...46_6e82ce4ea410cc2a5d550b57654589685856fc3a.log | 57 +++++++++++++++++++
 ...25_f39df4bf9c5e80976fce7b3a5629ee62d0029042.log | 54 ++++++++++++++++++
 ...45_71a70ca571d86b11e586922684f1f67a914ac2c8.log | 55 ++++++++++++++++++
 ...32_ed06be727d0993982bd516a36647a03b5186b4a8.log | 56 ++++++++++++++++++
 ...13_96c699962d31fcb1a581fe466ba17ad9f3014d63.log | 57 +++++++++++++++++++
 ...34_e111abeaef37daa2a7d8cd3ab3e6073b1f7b950e.log | 55 ++++++++++++++++++
 ...04_da631a4e85683bd762066195d29616d97c577354.log | 56 ++++++++++++++++++
 ...30_f04134083ba6f84f99c0cc4df9136b8475bec5d1.log | 56 ++++++++++++++++++
 ...50_3d59b726c3c3493dffff0a2dfdbaceded19a00c2.log | 54 ++++++++++++++++++
 ...19_e58e6f51ad98258b55aea135278768d934ee9ff0.log | 55 ++++++++++++++++++
 ...00_62b8fb09804b474ff1aa3fed8da9bfa144b2f8e0.log | 57 +++++++++++++++++++
 ...35_b81484a3f7c7663fa80db5d2058e72f1ce33f49a.log | 54 ++++++++++++++++++
 ...51_f856038bd29323319d3387c7dac79603bbe30266.log | 55 ++++++++++++++++++
 ...46_e60dedcc4875d5059740a2bd127572231aa7782e.log | 54 ++++++++++++++++++
 ...07_f81e90e810844a08534ce3d45cce3b743808c884.log | 55 ++++++++++++++++++
 ...57_e4cb303343df2ac3e519c48628be59c44094d466.log | 55 ++++++++++++++++++
 ...19_520ebe3f5a58de0c21f247afa6400c8e1b37b553.log | 56 ++++++++++++++++++
 ...59_a966db91f016c261cede601deea7ebbf253c61d2.log | 55 ++++++++++++++++++
 ...19_8c595a21f7bff847f083e3e66fd2d1424f42d41a.log | 56 ++++++++++++++++++
 ...27_26df4a0bd9b739076606a0df38868201427531c7.log | 54 ++++++++++++++++++
 ...30_db9b76ccce1242fa62fa304019c4f1c9801ccff1.log | 55 ++++++++++++++++++
 scripts/generate_legacy_logs.py                    |  8 +--
 100 files changed, 5519 insertions(+), 4 deletions(-)

=====TIMESTAMP=====
2025-08-01T22:35:43Z

=====BUILDER_DATE_TIME (UTC)=====
20250801 200929

=====PROMPTID=====
legacy-backfill-batch-006

=====AGENTVERSION=====
LEGACY-N/A

=====AGENTHASH=====
LEGACY-N/A

=====PROMPTHASH=====
LEGACY-N/A

=====COMMITHASH=====
847305d

=====SPEC_HASHES=====
10ba62ac16c28028ead0d8892258ab67b59de208559b0027d4835794228c3167

=====SNAPSHOT=====
LEGACY-N/A

=====TESTRESULTS=====
LEGACY-N/A

=====DIAGNOSTICMETA=====
{"legacy_backfill": true, "prompt_type": "Code"}

=====DECISIONS=====
- Added 99 historical patch logs generated via script.
- Recorded commit hash and spec hash for traceability.
