patch_20250708_002845_f8abe9e9cb1a3a22d2d0a166fbe5b4aa95a221e9.log
=====TASK=====
Backfill legacy patch log

=====OBJECTIVE=====
Reconstruct patch metadata for auditing.

=====CONSTRAINTS=====
- No repository changes
- Use commit history only

=====SCOPE=====
Commit f8abe9e9cb1a3a22d2d0a166fbe5b4aa95a221e9

=====DIFFSUMMARY=====
f8abe9e Queue rehydrated jobs
 api/main.py                  | 12 +++++++++++-
 tests/test_rehydrate_jobs.py | 42 ++++++++++++++++++++++++++++++++++++++++++
 2 files changed, 53 insertions(+), 1 deletion(-)

=====TIMESTAMP=====
2025-07-08T00:28:45Z

=====BUILDER_DATE_TIME (UTC)=====
20250801 200929

=====PROMPTID=====
legacy-backfill-batch-006

=====AGENTVERSION=====
LEGACY-N/A

=====AGENTHASH=====
LEGACY-N/A

=====PROMPTHASH=====
LEGACY-N/A

=====COMMITHASH=====
f8abe9e9cb1a3a22d2d0a166fbe5b4aa95a221e9

=====SPEC_HASHES=====
10ba62ac16c28028ead0d8892258ab67b59de208559b0027d4835794228c3167

=====SNAPSHOT=====
LEGACY-N/A

=====TESTRESULTS=====
LEGACY-N/A

=====DIAGNOSTICMETA=====
{"legacy_backfill": true}

=====DECISIONS=====
- Legacy patch log generated from commit history.
