patch_20250708_201758_7da9bb59b119bcf4a8a2e849226f29f96db2db18.log
=====TASK=====
Backfill legacy patch log

=====OBJECTIVE=====
Reconstruct patch metadata for auditing.

=====CONSTRAINTS=====
- No repository changes
- Use commit history only

=====SCOPE=====
Commit 7da9bb59b119bcf4a8a2e849226f29f96db2db18

=====DIFFSUMMARY=====
7da9bb5 Remove post_build_tests script
 README.md                   | 2 +-
 scripts/docker_build.sh     | 2 +-
 scripts/post_build_tests.sh | 4 ----
 3 files changed, 2 insertions(+), 6 deletions(-)

=====TIMESTAMP=====
2025-07-08T20:17:58Z

=====BUILDER_DATE_TIME (UTC)=====
20250801 200929

=====PROMPTID=====
legacy-backfill-batch-006

=====AGENTVERSION=====
LEGACY-N/A

=====AGENTHASH=====
LEGACY-N/A

=====PROMPTHASH=====
LEGACY-N/A

=====COMMITHASH=====
7da9bb59b119bcf4a8a2e849226f29f96db2db18

=====SPEC_HASHES=====
10ba62ac16c28028ead0d8892258ab67b59de208559b0027d4835794228c3167

=====SNAPSHOT=====
LEGACY-N/A

=====TESTRESULTS=====
LEGACY-N/A

=====DIAGNOSTICMETA=====
{"legacy_backfill": true}

=====DECISIONS=====
- Legacy patch log generated from commit history.
