patch_20250705_180601_21ac0c09ae74d89b569c43fcc59ed65589dc223f.log
=====TASK=====
Backfill legacy patch log

=====OBJECTIVE=====
Reconstruct patch metadata for auditing.

=====CONSTRAINTS=====
- No repository changes
- Use commit history only

=====SCOPE=====
Commit 21ac0c09ae74d89b569c43fcc59ed65589dc223f

=====DIFFSUMMARY=====
21ac0c0 Handle missing Alembic
 api/orm_bootstrap.py        |  5 +++++
 tests/test_orm_bootstrap.py | 13 +++++++++++++
 2 files changed, 18 insertions(+)

=====TIMESTAMP=====
2025-07-05T18:06:01Z

=====BUILDER_DATE_TIME (UTC)=====
20250801 200929

=====PROMPTID=====
legacy-backfill-batch-006

=====AGENTVERSION=====
LEGACY-N/A

=====AGENTHASH=====
LEGACY-N/A

=====PROMPTHASH=====
LEGACY-N/A

=====COMMITHASH=====
21ac0c09ae74d89b569c43fcc59ed65589dc223f

=====SPEC_HASHES=====
10ba62ac16c28028ead0d8892258ab67b59de208559b0027d4835794228c3167

=====SNAPSHOT=====
LEGACY-N/A

=====TESTRESULTS=====
LEGACY-N/A

=====DIAGNOSTICMETA=====
{"legacy_backfill": true}

=====DECISIONS=====
- Legacy patch log generated from commit history.
