patch_20250626_234627_2990ebc283a1d5c5d98b57eec602b0bab93772bf.log
=====TASK=====
Backfill legacy patch log

=====OBJECTIVE=====
Reconstruct patch metadata for auditing.

=====CONSTRAINTS=====
- No repository changes
- Use commit history only

=====SCOPE=====
Commit 2990ebc283a1d5c5d98b57eec602b0bab93772bf

=====DIFFSUMMARY=====
2990ebc Mark cleanup and CLI wrapper features on hold

docs/design_scope.md | 4 ++--
 1 file changed, 2 insertions(+), 2 deletions(-)

=====TIMESTAMP=====
2025-06-26T23:46:27Z

=====BUILDER_DATE_TIME (UTC)=====
20250801 200929

=====PROMPTID=====
legacy-backfill-batch-003

=====AGENTVERSION=====
LEGACY-N/A

=====AGENTHASH=====
LEGACY-N/A

=====PROMPTHASH=====
LEGACY-N/A

=====COMMITHASH=====
2990ebc283a1d5c5d98b57eec602b0bab93772bf

=====SPEC_HASHES=====
b56c464f9d3865da0d92d36f4ea508203ad295a8fcd86343f412fb7654514a50

=====SNAPSHOT=====
LEGACY-N/A

=====TESTRESULTS=====
LEGACY-N/A

=====DIAGNOSTICMETA=====
{"legacy_backfill": true}

=====DECISIONS=====
- Legacy patch log generated from commit history.
