patch_20250801_160506_3c31f03c9a82a7461135c0cf9917593ba783e96a.log
=====TASK=====
Backfill legacy patch log

=====OBJECTIVE=====
Record missing patch log from history

=====CONSTRAINTS=====
- Placeholder for legacy snapshot and agent metadata

=====SCOPE=====
LEGACY commit 3c31f03c9a82a7461135c0cf9917593ba783e96a

=====DIFFSUMMARY=====
commit 3c31f03c9a82a7461135c0cf9917593ba783e96a
Author: buymeagoat <53793097+buymeagoat@users.noreply.github.com>
Date:   Fri Aug 1 10:05:06 2025 -0600

    patchlog: utc filename update

 AGENTS.md                                          |  2 +
 docs/patch_logs/_TEMPLATE.md                       |  4 ++
 ...ch_20250801_155438_UTC_utc-filename-fix-001.log | 52 ++++++++++++++++++++++
 instructions/cag_dense.txt                         |  2 +-
 4 files changed, 59 insertions(+), 1 deletion(-)

=====TIMESTAMP=====
2025-08-01T16:05:06Z

=====BUILDER_DATE_TIME (UTC)=====
20250801 191117

=====PROMPTID=====
legacy-backfill-batch-001

=====AGENTVERSION=====
LEGACY-N/A

=====AGENTHASH=====
LEGACY-N/A

=====PROMPTHASH=====
LEGACY-N/A

=====COMMITHASH=====
3c31f03c9a82a7461135c0cf9917593ba783e96a

=====SPEC_HASHES=====
6bfaa5a80ab85a494b5e35d9cc68b1ec039d330a4386e8ac011f130556dbb7a1

=====SNAPSHOT=====
LEGACY-N/A

=====TESTRESULTS=====
LEGACY-N/A

=====DIAGNOSTICMETA=====
legacy-backfill

=====DECISIONS=====
- Auto-generated from commit history