patch_20250707_014558_0aceffcb45ff61d0c57574e5e1ff654f7fb98dfb.log
=====TASK=====
Backfill legacy patch log

=====OBJECTIVE=====
Reconstruct patch metadata for auditing.

=====CONSTRAINTS=====
- No repository changes
- Use commit history only

=====SCOPE=====
Commit 0aceffcb45ff61d0c57574e5e1ff654f7fb98dfb

=====DIFFSUMMARY=====
0aceffc docs: remove celery install step
 README.md            | 12 ++++++------
 docs/design_scope.md |  4 ++--
 2 files changed, 8 insertions(+), 8 deletions(-)

=====TIMESTAMP=====
2025-07-07T01:45:58Z

=====BUILDER_DATE_TIME (UTC)=====
20250801 200929

=====PROMPTID=====
legacy-backfill-batch-006

=====AGENTVERSION=====
LEGACY-N/A

=====AGENTHASH=====
LEGACY-N/A

=====PROMPTHASH=====
LEGACY-N/A

=====COMMITHASH=====
0aceffcb45ff61d0c57574e5e1ff654f7fb98dfb

=====SPEC_HASHES=====
10ba62ac16c28028ead0d8892258ab67b59de208559b0027d4835794228c3167

=====SNAPSHOT=====
LEGACY-N/A

=====TESTRESULTS=====
LEGACY-N/A

=====DIAGNOSTICMETA=====
{"legacy_backfill": true}

=====DECISIONS=====
- Legacy patch log generated from commit history.
