patch_20250702_133411_b2ee409ff2ccd4ea433e86e28b8476c5f9f2f8ca.log
=====TASK=====
Backfill legacy patch log

=====OBJECTIVE=====
Reconstruct patch metadata for auditing.

=====CONSTRAINTS=====
- No repository changes
- Use commit history only

=====SCOPE=====
Commit b2ee409ff2ccd4ea433e86e28b8476c5f9f2f8ca

=====DIFFSUMMARY=====
b2ee409 Improve container script permissions
 README.md                   | 11 +++++++++--
 scripts/start_containers.sh | 10 ++++++++++
 2 files changed, 19 insertions(+), 2 deletions(-)

=====TIMESTAMP=====
2025-07-02T13:34:11Z

=====BUILDER_DATE_TIME (UTC)=====
20250801 200929

=====PROMPTID=====
legacy-backfill-batch-005

=====AGENTVERSION=====
LEGACY-N/A

=====AGENTHASH=====
LEGACY-N/A

=====PROMPTHASH=====
LEGACY-N/A

=====COMMITHASH=====
b2ee409ff2ccd4ea433e86e28b8476c5f9f2f8ca

=====SPEC_HASHES=====
10ba62ac16c28028ead0d8892258ab67b59de208559b0027d4835794228c3167

=====SNAPSHOT=====
LEGACY-N/A

=====TESTRESULTS=====
LEGACY-N/A

=====DIAGNOSTICMETA=====
{"legacy_backfill": true}

=====DECISIONS=====
- Legacy patch log generated from commit history.
