patch_20250707_013626_482e890d80a6b1a57114fd924e64018cf1e5ec00.log
=====TASK=====
Backfill legacy patch log

=====OBJECTIVE=====
Reconstruct patch metadata for auditing.

=====CONSTRAINTS=====
- No repository changes
- Use commit history only

=====SCOPE=====
Commit 482e890d80a6b1a57114fd924e64018cf1e5ec00

=====DIFFSUMMARY=====
482e890 refactor(auth): simplify get_token signature
 api/routes/auth.py | 4 +---
 1 file changed, 1 insertion(+), 3 deletions(-)

=====TIMESTAMP=====
2025-07-07T01:36:26Z

=====BUILDER_DATE_TIME (UTC)=====
20250801 200929

=====PROMPTID=====
legacy-backfill-batch-006

=====AGENTVERSION=====
LEGACY-N/A

=====AGENTHASH=====
LEGACY-N/A

=====PROMPTHASH=====
LEGACY-N/A

=====COMMITHASH=====
482e890d80a6b1a57114fd924e64018cf1e5ec00

=====SPEC_HASHES=====
10ba62ac16c28028ead0d8892258ab67b59de208559b0027d4835794228c3167

=====SNAPSHOT=====
LEGACY-N/A

=====TESTRESULTS=====
LEGACY-N/A

=====DIAGNOSTICMETA=====
{"legacy_backfill": true}

=====DECISIONS=====
- Legacy patch log generated from commit history.
