patch_20250708_010321_da82fe99a29a9ac2c0ec3acedb0f27919fa3d10b.log
=====TASK=====
Backfill legacy patch log

=====OBJECTIVE=====
Reconstruct patch metadata for auditing.

=====CONSTRAINTS=====
- No repository changes
- Use commit history only

=====SCOPE=====
Commit da82fe99a29a9ac2c0ec3acedb0f27919fa3d10b

=====DIFFSUMMARY=====
da82fe9 fallback API host to origin
 README.md              | 2 +-
 frontend/.env.example  | 5 +++--
 frontend/src/routes.js | 2 +-
 3 files changed, 5 insertions(+), 4 deletions(-)

=====TIMESTAMP=====
2025-07-08T01:03:21Z

=====BUILDER_DATE_TIME (UTC)=====
20250801 200929

=====PROMPTID=====
legacy-backfill-batch-006

=====AGENTVERSION=====
LEGACY-N/A

=====AGENTHASH=====
LEGACY-N/A

=====PROMPTHASH=====
LEGACY-N/A

=====COMMITHASH=====
da82fe99a29a9ac2c0ec3acedb0f27919fa3d10b

=====SPEC_HASHES=====
10ba62ac16c28028ead0d8892258ab67b59de208559b0027d4835794228c3167

=====SNAPSHOT=====
LEGACY-N/A

=====TESTRESULTS=====
LEGACY-N/A

=====DIAGNOSTICMETA=====
{"legacy_backfill": true}

=====DECISIONS=====
- Legacy patch log generated from commit history.
