patch_20250708_174933_23d3f61546eb27ececd651a5775d1b9a3e8a5e27.log
=====TASK=====
Backfill legacy patch log

=====OBJECTIVE=====
Reconstruct patch metadata for auditing.

=====CONSTRAINTS=====
- No repository changes
- Use commit history only

=====SCOPE=====
Commit 23d3f61546eb27ececd651a5775d1b9a3e8a5e27

=====DIFFSUMMARY=====
23d3f61 Add post build test script and update README
 README.md                   | 2 +-
 scripts/post_build_tests.sh | 4 ++++
 2 files changed, 5 insertions(+), 1 deletion(-)

=====TIMESTAMP=====
2025-07-08T17:49:33Z

=====BUILDER_DATE_TIME (UTC)=====
20250801 200929

=====PROMPTID=====
legacy-backfill-batch-006

=====AGENTVERSION=====
LEGACY-N/A

=====AGENTHASH=====
LEGACY-N/A

=====PROMPTHASH=====
LEGACY-N/A

=====COMMITHASH=====
23d3f61546eb27ececd651a5775d1b9a3e8a5e27

=====SPEC_HASHES=====
10ba62ac16c28028ead0d8892258ab67b59de208559b0027d4835794228c3167

=====SNAPSHOT=====
LEGACY-N/A

=====TESTRESULTS=====
LEGACY-N/A

=====DIAGNOSTICMETA=====
{"legacy_backfill": true}

=====DECISIONS=====
- Legacy patch log generated from commit history.
