patch_20250708_192413_e8ffa6effa3681bd68b7c76c26d38b17af3d1eb7.log
=====TASK=====
Backfill legacy patch log

=====OBJECTIVE=====
Reconstruct patch metadata for auditing.

=====CONSTRAINTS=====
- No repository changes
- Use commit history only

=====SCOPE=====
Commit e8ffa6effa3681bd68b7c76c26d38b17af3d1eb7

=====DIFFSUMMARY=====
e8ffa6e Update update_images script to use SECRET_KEY
 README.md                |  2 +-
 scripts/update_images.sh | 14 +++++++++++++-
 2 files changed, 14 insertions(+), 2 deletions(-)

=====TIMESTAMP=====
2025-07-08T19:24:13Z

=====BUILDER_DATE_TIME (UTC)=====
20250801 200929

=====PROMPTID=====
legacy-backfill-batch-006

=====AGENTVERSION=====
LEGACY-N/A

=====AGENTHASH=====
LEGACY-N/A

=====PROMPTHASH=====
LEGACY-N/A

=====COMMITHASH=====
e8ffa6effa3681bd68b7c76c26d38b17af3d1eb7

=====SPEC_HASHES=====
10ba62ac16c28028ead0d8892258ab67b59de208559b0027d4835794228c3167

=====SNAPSHOT=====
LEGACY-N/A

=====TESTRESULTS=====
LEGACY-N/A

=====DIAGNOSTICMETA=====
{"legacy_backfill": true}

=====DECISIONS=====
- Legacy patch log generated from commit history.
