patch_20250702_000555_81d23a867da96dbc83ccfb3adf848d3400fed93f.log
=====TASK=====
Backfill legacy patch log

=====OBJECTIVE=====
Reconstruct patch metadata for auditing.

=====CONSTRAINTS=====
- No repository changes
- Use commit history only

=====SCOPE=====
Commit 81d23a867da96dbc83ccfb3adf848d3400fed93f

=====DIFFSUMMARY=====
81d23a8 Add configuration validator
 api/config_validator.py    | 30 ++++++++++++++++++++++++++++++
 api/main.py                |  2 ++
 api/services/celery_app.py |  3 +++
 3 files changed, 35 insertions(+)

=====TIMESTAMP=====
2025-07-02T00:05:55Z

=====BUILDER_DATE_TIME (UTC)=====
20250801 200929

=====PROMPTID=====
legacy-backfill-batch-005

=====AGENTVERSION=====
LEGACY-N/A

=====AGENTHASH=====
LEGACY-N/A

=====PROMPTHASH=====
LEGACY-N/A

=====COMMITHASH=====
81d23a867da96dbc83ccfb3adf848d3400fed93f

=====SPEC_HASHES=====
10ba62ac16c28028ead0d8892258ab67b59de208559b0027d4835794228c3167

=====SNAPSHOT=====
LEGACY-N/A

=====TESTRESULTS=====
LEGACY-N/A

=====DIAGNOSTICMETA=====
{"legacy_backfill": true}

=====DECISIONS=====
- Legacy patch log generated from commit history.
