patch_20250720_004606_a32ae6eaa56c3a80a22ec2bfba957a1ad48e1334.log
=====TASK=====
Back-fill missing patch logs using commit history.

=====OBJECTIVE=====
Back-fill missing patch logs using commit history.

=====CONSTRAINTS=====
- AtomicPatch: create ≤100 new logs in this batch; abort on error.
- Filename pattern: patch_<UTC YYYYMMDD>_<HHMMSS>_<commit_hash>.log
- Required fields: TASK, OBJECTIVE, CONSTRAINTS, SCOPE,
                    DIFFSUMMARY (git show --stat),
                    snapshot_metadata=LEGACY-N/A,
                    agent_metadata=LEGACY-N/A,
                    test_results=LEGACY-N/A,
                    diagnostic block noting legacy status,
                    SPEC_HASHES (current CAG & agents.md).
- Skip commits already covered by docs/patch_logs/*.log
- Preserve existing logs; no edits.

=====SCOPE=====
Commit a32ae6eaa56c3a80a22ec2bfba957a1ad48e1334

=====DIFFSUMMARY=====
commit a32ae6eaa56c3a80a22ec2bfba957a1ad48e1334
Author: buymeagoat <53793097+buymeagoat@users.noreply.github.com>
Date:   Sat Jul 19 18:46:06 2025 -0600

    Use socket for broker check

 README.md                    |  2 +-
 scripts/docker-entrypoint.sh | 34 ++++++++++++++++++++++------------
 2 files changed, 23 insertions(+), 13 deletions(-)

=====TIMESTAMP=====
2025-07-20T00:46:06Z

=====BUILDER_DATE_TIME (UTC)=====
20250801 200929

=====PROMPTID=====
legacy-backfill-batch-008

=====AGENTVERSION=====
LEGACY-N/A

=====AGENTHASH=====
LEGACY-N/A

=====PROMPTHASH=====
LEGACY-N/A

=====COMMITHASH=====
a32ae6eaa56c3a80a22ec2bfba957a1ad48e1334

=====SPEC_HASHES=====
10ba62ac16c28028ead0d8892258ab67b59de208559b0027d4835794228c3167

=====SNAPSHOT=====
LEGACY-N/A

=====TESTRESULTS=====
LEGACY-N/A

=====DIAGNOSTICMETA=====
{"legacy_backfill": true}

=====DECISIONS=====
- Legacy patch log generated from commit history.
