patch_20250730_182628_0bc4997010d13ac60768289b5f3fb509dcf4f221.log
=====TASK=====
Backfill legacy patch log

=====OBJECTIVE=====
Record missing patch log from history

=====CONSTRAINTS=====
- Placeholder for legacy snapshot and agent metadata

=====SCOPE=====
LEGACY commit 0bc4997010d13ac60768289b5f3fb509dcf4f221

=====DIFFSUMMARY=====
commit 0bc4997010d13ac60768289b5f3fb509dcf4f221
Author: buymeagoat <53793097+buymeagoat@users.noreply.github.com>
Date:   Wed Jul 30 13:26:28 2025 -0500

    Create 20250730_1326_CAGchat.log

 docs/CodexAnalystGPTchats/20250730_1326_CAGchat.log | 1 +
 1 file changed, 1 insertion(+)

=====TIMESTAMP=====
2025-07-30T18:26:28Z

=====BUILDER_DATE_TIME (UTC)=====
20250801 191117

=====PROMPTID=====
legacy-backfill-batch-001

=====AGENTVERSION=====
LEGACY-N/A

=====AGENTHASH=====
LEGACY-N/A

=====PROMPTHASH=====
LEGACY-N/A

=====COMMITHASH=====
0bc4997010d13ac60768289b5f3fb509dcf4f221

=====SPEC_HASHES=====
6bfaa5a80ab85a494b5e35d9cc68b1ec039d330a4386e8ac011f130556dbb7a1

=====SNAPSHOT=====
LEGACY-N/A

=====TESTRESULTS=====
LEGACY-N/A

=====DIAGNOSTICMETA=====
legacy-backfill

=====DECISIONS=====
- Auto-generated from commit history