patch_20250703_153023_6b7839e8e6d6a584ad7b226e315640ec8d72a9e5.log
=====TASK=====
Backfill legacy patch log

=====OBJECTIVE=====
Reconstruct patch metadata for auditing.

=====CONSTRAINTS=====
- No repository changes
- Use commit history only

=====SCOPE=====
Commit 6b7839e8e6d6a584ad7b226e315640ec8d72a9e5

=====DIFFSUMMARY=====
6b7839e fix path traversal in uploads
 api/routes/audio.py    | 10 ++++++----
 api/routes/jobs.py     |  3 ++-
 tests/test_jobs_api.py | 22 ++++++++++++++++++++++
 3 files changed, 30 insertions(+), 5 deletions(-)

=====TIMESTAMP=====
2025-07-03T15:30:23Z

=====BUILDER_DATE_TIME (UTC)=====
20250801 200929

=====PROMPTID=====
legacy-backfill-batch-005

=====AGENTVERSION=====
LEGACY-N/A

=====AGENTHASH=====
LEGACY-N/A

=====PROMPTHASH=====
LEGACY-N/A

=====COMMITHASH=====
6b7839e8e6d6a584ad7b226e315640ec8d72a9e5

=====SPEC_HASHES=====
10ba62ac16c28028ead0d8892258ab67b59de208559b0027d4835794228c3167

=====SNAPSHOT=====
LEGACY-N/A

=====TESTRESULTS=====
LEGACY-N/A

=====DIAGNOSTICMETA=====
{"legacy_backfill": true}

=====DECISIONS=====
- Legacy patch log generated from commit history.
