patch_20250705_181647_5c16801ba9f9d204088ecd712300fd4d52675961.log
=====TASK=====
Backfill legacy patch log

=====OBJECTIVE=====
Reconstruct patch metadata for auditing.

=====CONSTRAINTS=====
- No repository changes
- Use commit history only

=====SCOPE=====
Commit 5c16801ba9f9d204088ecd712300fd4d52675961

=====DIFFSUMMARY=====
5c16801 Add S3 error handling and tests
 api/errors.py                        |  3 ++
 api/services/storage.py              | 36 +++++++++++++++---
 tests/test_cloud_storage_failures.py | 72 ++++++++++++++++++++++++++++++++++++
 3 files changed, 105 insertions(+), 6 deletions(-)

=====TIMESTAMP=====
2025-07-05T18:16:47Z

=====BUILDER_DATE_TIME (UTC)=====
20250801 200929

=====PROMPTID=====
legacy-backfill-batch-006

=====AGENTVERSION=====
LEGACY-N/A

=====AGENTHASH=====
LEGACY-N/A

=====PROMPTHASH=====
LEGACY-N/A

=====COMMITHASH=====
5c16801ba9f9d204088ecd712300fd4d52675961

=====SPEC_HASHES=====
10ba62ac16c28028ead0d8892258ab67b59de208559b0027d4835794228c3167

=====SNAPSHOT=====
LEGACY-N/A

=====TESTRESULTS=====
LEGACY-N/A

=====DIAGNOSTICMETA=====
{"legacy_backfill": true}

=====DECISIONS=====
- Legacy patch log generated from commit history.
