patch_20250626_195726_cb8dfaf8d5f7ad22928d49db7d0be7d6c805f779.log
=====TASK=====
Backfill legacy patch log

=====OBJECTIVE=====
Reconstruct patch metadata for auditing.

=====CONSTRAINTS=====
- No repository changes
- Use commit history only

=====SCOPE=====
Commit cb8dfaf8d5f7ad22928d49db7d0be7d6c805f779

=====DIFFSUMMARY=====
cb8dfaf Track and display submitted upload jobs

frontend/src/pages/UploadPage.jsx | 51 ++++++++++++++++++++++++++++++++++++---
 1 file changed, 48 insertions(+), 3 deletions(-)

=====TIMESTAMP=====
2025-06-26T19:57:26Z

=====BUILDER_DATE_TIME (UTC)=====
20250801 200929

=====PROMPTID=====
legacy-backfill-batch-003

=====AGENTVERSION=====
LEGACY-N/A

=====AGENTHASH=====
LEGACY-N/A

=====PROMPTHASH=====
LEGACY-N/A

=====COMMITHASH=====
cb8dfaf8d5f7ad22928d49db7d0be7d6c805f779

=====SPEC_HASHES=====
b56c464f9d3865da0d92d36f4ea508203ad295a8fcd86343f412fb7654514a50

=====SNAPSHOT=====
LEGACY-N/A

=====TESTRESULTS=====
LEGACY-N/A

=====DIAGNOSTICMETA=====
{"legacy_backfill": true}

=====DECISIONS=====
- Legacy patch log generated from commit history.
