patch_20250727_213552_d1394510a0a4e5e092d84be72029d85c38cbb17f.log
=====TASK=====
Backfill legacy patch log

=====OBJECTIVE=====
Reconstruct patch metadata for auditing.

=====CONSTRAINTS=====
- No repository changes
- Use commit history only

=====SCOPE=====
Commit d1394510a0a4e5e092d84be72029d85c38cbb17f

=====DIFFSUMMARY=====
d139451 Add checksum option to prestage script
 README.md                        |  2 +-
 docs/design_scope.md             |  2 +-
 docs/future_updates.md           |  4 ++++
 scripts/prestage_dependencies.sh | 13 ++++++++++++-
 4 files changed, 18 insertions(+), 3 deletions(-)

=====TIMESTAMP=====
2025-07-27T21:35:52Z

=====BUILDER_DATE_TIME (UTC)=====
20250801 194741

=====PROMPTID=====
legacy-backfill-batch-002

=====AGENTVERSION=====
LEGACY-N/A

=====AGENTHASH=====
LEGACY-N/A

=====PROMPTHASH=====
LEGACY-N/A

=====COMMITHASH=====
d1394510a0a4e5e092d84be72029d85c38cbb17f

=====SPEC_HASHES=====
6bfaa5a80ab85a494b5e35d9cc68b1ec039d330a4386e8ac011f130556dbb7a1

=====SNAPSHOT=====
LEGACY-N/A

=====TESTRESULTS=====
LEGACY-N/A

=====DIAGNOSTICMETA=====
{"legacy_backfill": true}

=====DECISIONS=====
- Legacy patch log generated from commit history.
