patch_20250801_151456_981d9dd4993ffe1af473b61ff9c000f8f2b7d12a.log
=====TASK=====
Backfill legacy patch log

=====OBJECTIVE=====
Record missing patch log from history

=====CONSTRAINTS=====
- Placeholder for legacy snapshot and agent metadata

=====SCOPE=====
LEGACY commit 981d9dd4993ffe1af473b61ff9c000f8f2b7d12a

=====DIFFSUMMARY=====
commit 981d9dd4993ffe1af473b61ff9c000f8f2b7d12a
Author: buymeagoat <53793097+buymeagoat@users.noreply.github.com>
Date:   Fri Aug 1 09:14:56 2025 -0600

    Add patch log for hash utils

 .../patch_20250801_151351_HashUtilsScript.log      | 49 ++++++++++++++++++++++
 scripts/hash_utils.sh                              | 27 ++++++++++++
 2 files changed, 76 insertions(+)

=====TIMESTAMP=====
2025-08-01T15:14:56Z

=====BUILDER_DATE_TIME (UTC)=====
20250801 191117

=====PROMPTID=====
legacy-backfill-batch-001

=====AGENTVERSION=====
LEGACY-N/A

=====AGENTHASH=====
LEGACY-N/A

=====PROMPTHASH=====
LEGACY-N/A

=====COMMITHASH=====
981d9dd4993ffe1af473b61ff9c000f8f2b7d12a

=====SPEC_HASHES=====
6bfaa5a80ab85a494b5e35d9cc68b1ec039d330a4386e8ac011f130556dbb7a1

=====SNAPSHOT=====
LEGACY-N/A

=====TESTRESULTS=====
LEGACY-N/A

=====DIAGNOSTICMETA=====
legacy-backfill

=====DECISIONS=====
- Auto-generated from commit history