patch_20250628_171057_8927a43b4859bc9b698fa57d566058961da26504.log
=====TASK=====
Backfill legacy patch log

=====OBJECTIVE=====
Reconstruct patch metadata for auditing.

=====CONSTRAINTS=====
- No repository changes
- Use commit history only

=====SCOPE=====
Commit 8927a43b4859bc9b698fa57d566058961da26504

=====DIFFSUMMARY=====
8927a43 Set default DB to SQLite
 alembic.ini | 2 +-
 1 file changed, 1 insertion(+), 1 deletion(-)

=====TIMESTAMP=====
2025-06-28T17:10:57Z

=====BUILDER_DATE_TIME (UTC)=====
20250801 200929

=====PROMPTID=====
legacy-backfill-batch-004

=====AGENTVERSION=====
LEGACY-N/A

=====AGENTHASH=====
LEGACY-N/A

=====PROMPTHASH=====
LEGACY-N/A

=====COMMITHASH=====
8927a43b4859bc9b698fa57d566058961da26504

=====SPEC_HASHES=====
10ba62ac16c28028ead0d8892258ab67b59de208559b0027d4835794228c3167

=====SNAPSHOT=====
LEGACY-N/A

=====TESTRESULTS=====
LEGACY-N/A

=====DIAGNOSTICMETA=====
{"legacy_backfill": true}

=====DECISIONS=====
- Legacy patch log generated from commit history.