patch_20250709_004013_ebb7ae7c929ec9e6b7fb4ac6f1c8485eb9ce9426.log
=====TASK=====
Backfill legacy patch log

=====OBJECTIVE=====
Reconstruct patch metadata for auditing.

=====CONSTRAINTS=====
- No repository changes
- Use commit history only

=====SCOPE=====
Commit ebb7ae7c929ec9e6b7fb4ac6f1c8485eb9ce9426

=====DIFFSUMMARY=====
ebb7ae7 Improve test startup diagnostics
 scripts/run_backend_tests.sh | 2 ++
 1 file changed, 2 insertions(+)

=====TIMESTAMP=====
2025-07-09T00:40:13Z

=====BUILDER_DATE_TIME (UTC)=====
20250801 200929

=====PROMPTID=====
legacy-backfill-batch-006

=====AGENTVERSION=====
LEGACY-N/A

=====AGENTHASH=====
LEGACY-N/A

=====PROMPTHASH=====
LEGACY-N/A

=====COMMITHASH=====
ebb7ae7c929ec9e6b7fb4ac6f1c8485eb9ce9426

=====SPEC_HASHES=====
10ba62ac16c28028ead0d8892258ab67b59de208559b0027d4835794228c3167

=====SNAPSHOT=====
LEGACY-N/A

=====TESTRESULTS=====
LEGACY-N/A

=====DIAGNOSTICMETA=====
{"legacy_backfill": true}

=====DECISIONS=====
- Legacy patch log generated from commit history.
