patch_20250628_000733_39482d6edee53259cb762cc3004ee473d486281d.log
=====TASK=====
Backfill legacy patch log

=====OBJECTIVE=====
Reconstruct patch metadata for auditing.

=====CONSTRAINTS=====
- No repository changes
- Use commit history only

=====SCOPE=====
Commit 39482d6edee53259cb762cc3004ee473d486281d

=====DIFFSUMMARY=====
39482d6 docs: document convert endpoint
 README.md            | 4 ++++
 docs/design_scope.md | 2 +-
 2 files changed, 5 insertions(+), 1 deletion(-)

=====TIMESTAMP=====
2025-06-28T00:07:33Z

=====BUILDER_DATE_TIME (UTC)=====
20250801 200929

=====PROMPTID=====
legacy-backfill-batch-004

=====AGENTVERSION=====
LEGACY-N/A

=====AGENTHASH=====
LEGACY-N/A

=====PROMPTHASH=====
LEGACY-N/A

=====COMMITHASH=====
39482d6edee53259cb762cc3004ee473d486281d

=====SPEC_HASHES=====
10ba62ac16c28028ead0d8892258ab67b59de208559b0027d4835794228c3167

=====SNAPSHOT=====
LEGACY-N/A

=====TESTRESULTS=====
LEGACY-N/A

=====DIAGNOSTICMETA=====
{"legacy_backfill": true}

=====DECISIONS=====
- Legacy patch log generated from commit history.