patch_20250703_012101_1ad997009270a0ef196acc4b41dd07a07c2f7e7e.log
=====TASK=====
Backfill legacy patch log

=====OBJECTIVE=====
Reconstruct patch metadata for auditing.

=====CONSTRAINTS=====
- No repository changes
- Use commit history only

=====SCOPE=====
Commit 1ad997009270a0ef196acc4b41dd07a07c2f7e7e

=====DIFFSUMMARY=====
1ad9970 Handle ffmpeg errors
 api/routes/audio.py |  4 ++++
 tests/test_audio.py | 38 ++++++++++++++++++++++++++++++++++++++
 2 files changed, 42 insertions(+)

=====TIMESTAMP=====
2025-07-03T01:21:01Z

=====BUILDER_DATE_TIME (UTC)=====
20250801 200929

=====PROMPTID=====
legacy-backfill-batch-005

=====AGENTVERSION=====
LEGACY-N/A

=====AGENTHASH=====
LEGACY-N/A

=====PROMPTHASH=====
LEGACY-N/A

=====COMMITHASH=====
1ad997009270a0ef196acc4b41dd07a07c2f7e7e

=====SPEC_HASHES=====
10ba62ac16c28028ead0d8892258ab67b59de208559b0027d4835794228c3167

=====SNAPSHOT=====
LEGACY-N/A

=====TESTRESULTS=====
LEGACY-N/A

=====DIAGNOSTICMETA=====
{"legacy_backfill": true}

=====DECISIONS=====
- Legacy patch log generated from commit history.
