patch_20250801_174857_3339594475be939ea7b916b83492ff39ea0ae129.log
=====TASK=====
Backfill legacy patch log

=====OBJECTIVE=====
Record missing patch log from history

=====CONSTRAINTS=====
- Placeholder for legacy snapshot and agent metadata

=====SCOPE=====
LEGACY commit 3339594475be939ea7b916b83492ff39ea0ae129

=====DIFFSUMMARY=====
commit 3339594475be939ea7b916b83492ff39ea0ae129
Author: buymeagoat <53793097+buymeagoat@users.noreply.github.com>
Date:   Fri Aug 1 11:48:57 2025 -0600

    Add repo audit script

 scripts/CPG_repo_audit.py | 88 +++++++++++++++++++++++++++++++++++++++++++++++
 1 file changed, 88 insertions(+)

=====TIMESTAMP=====
2025-08-01T17:48:57Z

=====BUILDER_DATE_TIME (UTC)=====
20250801 191117

=====PROMPTID=====
legacy-backfill-batch-001

=====AGENTVERSION=====
LEGACY-N/A

=====AGENTHASH=====
LEGACY-N/A

=====PROMPTHASH=====
LEGACY-N/A

=====COMMITHASH=====
3339594475be939ea7b916b83492ff39ea0ae129

=====SPEC_HASHES=====
6bfaa5a80ab85a494b5e35d9cc68b1ec039d330a4386e8ac011f130556dbb7a1

=====SNAPSHOT=====
LEGACY-N/A

=====TESTRESULTS=====
LEGACY-N/A

=====DIAGNOSTICMETA=====
legacy-backfill

=====DECISIONS=====
- Auto-generated from commit history