patch_20250730_022120_e7688eb802b1581807faf42284a4d97b0730a2e2.log
=====TASK=====
Backfill legacy patch log

=====OBJECTIVE=====
Record missing patch log from history

=====CONSTRAINTS=====
- Placeholder for legacy snapshot and agent metadata

=====SCOPE=====
LEGACY commit e7688eb802b1581807faf42284a4d97b0730a2e2

=====DIFFSUMMARY=====
commit e7688eb802b1581807faf42284a4d97b0730a2e2
Author: buymeagoat <53793097+buymeagoat@users.noreply.github.com>
Date:   Tue Jul 29 20:21:20 2025 -0600

    Add cleanup log step

 scripts/whisper_build.sh | 1 +
 1 file changed, 1 insertion(+)

=====TIMESTAMP=====
2025-07-30T02:21:20Z

=====BUILDER_DATE_TIME (UTC)=====
20250801 191117

=====PROMPTID=====
legacy-backfill-batch-001

=====AGENTVERSION=====
LEGACY-N/A

=====AGENTHASH=====
LEGACY-N/A

=====PROMPTHASH=====
LEGACY-N/A

=====COMMITHASH=====
e7688eb802b1581807faf42284a4d97b0730a2e2

=====SPEC_HASHES=====
6bfaa5a80ab85a494b5e35d9cc68b1ec039d330a4386e8ac011f130556dbb7a1

=====SNAPSHOT=====
LEGACY-N/A

=====TESTRESULTS=====
LEGACY-N/A

=====DIAGNOSTICMETA=====
legacy-backfill

=====DECISIONS=====
- Auto-generated from commit history