patch_20250703_010000_37b1db382f5dc121b45d647a723c085c124606cd.log
=====TASK=====
Backfill legacy patch log

=====OBJECTIVE=====
Reconstruct patch metadata for auditing.

=====CONSTRAINTS=====
- No repository changes
- Use commit history only

=====SCOPE=====
Commit 37b1db382f5dc121b45d647a723c085c124606cd

=====DIFFSUMMARY=====
37b1db3 Make Celery connection check async
 api/app_state.py | 5 +++--
 api/main.py      | 2 +-
 2 files changed, 4 insertions(+), 3 deletions(-)

=====TIMESTAMP=====
2025-07-03T01:00:00Z

=====BUILDER_DATE_TIME (UTC)=====
20250801 200929

=====PROMPTID=====
legacy-backfill-batch-005

=====AGENTVERSION=====
LEGACY-N/A

=====AGENTHASH=====
LEGACY-N/A

=====PROMPTHASH=====
LEGACY-N/A

=====COMMITHASH=====
37b1db382f5dc121b45d647a723c085c124606cd

=====SPEC_HASHES=====
10ba62ac16c28028ead0d8892258ab67b59de208559b0027d4835794228c3167

=====SNAPSHOT=====
LEGACY-N/A

=====TESTRESULTS=====
LEGACY-N/A

=====DIAGNOSTICMETA=====
{"legacy_backfill": true}

=====DECISIONS=====
- Legacy patch log generated from commit history.
