patch_20250727_212557_59e5504d60ffc1cbc2ce097c55525dda20f4593e.log
=====TASK=====
Backfill legacy patch log

=====OBJECTIVE=====
Reconstruct patch metadata for auditing.

=====CONSTRAINTS=====
- No repository changes
- Use commit history only

=====SCOPE=====
Commit 59e5504d60ffc1cbc2ce097c55525dda20f4593e

=====DIFFSUMMARY=====
59e5504 Record package versions after caching
 README.md                        |  1 +
 scripts/prestage_dependencies.sh | 10 +++++++++-
 2 files changed, 10 insertions(+), 1 deletion(-)

=====TIMESTAMP=====
2025-07-27T21:25:57Z

=====BUILDER_DATE_TIME (UTC)=====
20250801 194741

=====PROMPTID=====
legacy-backfill-batch-002

=====AGENTVERSION=====
LEGACY-N/A

=====AGENTHASH=====
LEGACY-N/A

=====PROMPTHASH=====
LEGACY-N/A

=====COMMITHASH=====
59e5504d60ffc1cbc2ce097c55525dda20f4593e

=====SPEC_HASHES=====
6bfaa5a80ab85a494b5e35d9cc68b1ec039d330a4386e8ac011f130556dbb7a1

=====SNAPSHOT=====
LEGACY-N/A

=====TESTRESULTS=====
LEGACY-N/A

=====DIAGNOSTICMETA=====
{"legacy_backfill": true}

=====DECISIONS=====
- Legacy patch log generated from commit history.
