patch_20250723_163532_0ebadd9c2be26a32b4a8502ab841ea18d8fff442.log
=====TASK=====
Back-fill missing patch logs using commit history.

=====OBJECTIVE=====
Back-fill missing patch logs using commit history.

=====CONSTRAINTS=====
- AtomicPatch: create ≤100 new logs in this batch; abort on error.
- Filename pattern: patch_<UTC YYYYMMDD>_<HHMMSS>_<commit_hash>.log
- Required fields: TASK, OBJECTIVE, CONSTRAINTS, SCOPE,
                    DIFFSUMMARY (git show --stat),
                    snapshot_metadata=LEGACY-N/A,
                    agent_metadata=LEGACY-N/A,
                    test_results=LEGACY-N/A,
                    diagnostic block noting legacy status,
                    SPEC_HASHES (current CAG & agents.md).
- Skip commits already covered by docs/patch_logs/*.log
- Preserve existing logs; no edits.

=====SCOPE=====
Commit 0ebadd9c2be26a32b4a8502ab841ea18d8fff442

=====DIFFSUMMARY=====
commit 0ebadd9c2be26a32b4a8502ab841ea18d8fff442
Author: buymeagoat <53793097+buymeagoat@users.noreply.github.com>
Date:   Wed Jul 23 10:35:32 2025 -0600

    Add docker and cache checks to build scripts

 scripts/docker_build.sh     |  4 ++++
 scripts/shared_checks.sh    | 20 ++++++++++++++++++++
 scripts/start_containers.sh |  4 ++++
 scripts/update_images.sh    |  4 ++++
 4 files changed, 32 insertions(+)

=====TIMESTAMP=====
2025-07-23T16:35:32Z

=====BUILDER_DATE_TIME (UTC)=====
20250801 200929

=====PROMPTID=====
legacy-backfill-batch-008

=====AGENTVERSION=====
LEGACY-N/A

=====AGENTHASH=====
LEGACY-N/A

=====PROMPTHASH=====
LEGACY-N/A

=====COMMITHASH=====
0ebadd9c2be26a32b4a8502ab841ea18d8fff442

=====SPEC_HASHES=====
10ba62ac16c28028ead0d8892258ab67b59de208559b0027d4835794228c3167

=====SNAPSHOT=====
LEGACY-N/A

=====TESTRESULTS=====
LEGACY-N/A

=====DIAGNOSTICMETA=====
{"legacy_backfill": true}

=====DECISIONS=====
- Legacy patch log generated from commit history.
