patch_20250628_042217_71de16942b0dc977e3f4bf724cc10da4dd80a694.log
=====TASK=====
Backfill legacy patch log

=====OBJECTIVE=====
Reconstruct patch metadata for auditing.

=====CONSTRAINTS=====
- No repository changes
- Use commit history only

=====SCOPE=====
Commit 71de16942b0dc977e3f4bf724cc10da4dd80a694

=====DIFFSUMMARY=====
71de169 Document optional DB env var
 README.md | 9 +++++++++
 1 file changed, 9 insertions(+)

=====TIMESTAMP=====
2025-06-28T04:22:17Z

=====BUILDER_DATE_TIME (UTC)=====
20250801 200929

=====PROMPTID=====
legacy-backfill-batch-004

=====AGENTVERSION=====
LEGACY-N/A

=====AGENTHASH=====
LEGACY-N/A

=====PROMPTHASH=====
LEGACY-N/A

=====COMMITHASH=====
71de16942b0dc977e3f4bf724cc10da4dd80a694

=====SPEC_HASHES=====
10ba62ac16c28028ead0d8892258ab67b59de208559b0027d4835794228c3167

=====SNAPSHOT=====
LEGACY-N/A

=====TESTRESULTS=====
LEGACY-N/A

=====DIAGNOSTICMETA=====
{"legacy_backfill": true}

=====DECISIONS=====
- Legacy patch log generated from commit history.