patch_20250730_182644_26296e43417596a04f22ce46f114520ea7cba52d.log
=====TASK=====
Backfill legacy patch log

=====OBJECTIVE=====
Record missing patch log from history

=====CONSTRAINTS=====
- Placeholder for legacy snapshot and agent metadata

=====SCOPE=====
LEGACY commit 26296e43417596a04f22ce46f114520ea7cba52d

=====DIFFSUMMARY=====
commit 26296e43417596a04f22ce46f114520ea7cba52d
Author: buymeagoat <53793097+buymeagoat@users.noreply.github.com>
Date:   Wed Jul 30 13:26:44 2025 -0500

    Update 20250730_1326_CAGchat.log

 .../CodexAnalystGPTchats/20250730_1326_CAGchat.log | 1055 ++++++++++++++++++++
 1 file changed, 1055 insertions(+)

=====TIMESTAMP=====
2025-07-30T18:26:44Z

=====BUILDER_DATE_TIME (UTC)=====
20250801 191117

=====PROMPTID=====
legacy-backfill-batch-001

=====AGENTVERSION=====
LEGACY-N/A

=====AGENTHASH=====
LEGACY-N/A

=====PROMPTHASH=====
LEGACY-N/A

=====COMMITHASH=====
26296e43417596a04f22ce46f114520ea7cba52d

=====SPEC_HASHES=====
6bfaa5a80ab85a494b5e35d9cc68b1ec039d330a4386e8ac011f130556dbb7a1

=====SNAPSHOT=====
LEGACY-N/A

=====TESTRESULTS=====
LEGACY-N/A

=====DIAGNOSTICMETA=====
legacy-backfill

=====DECISIONS=====
- Auto-generated from commit history