patch_20250727_185649_3a0918174a85a6f658781850840d9458b43ddd1d.log
=====TASK=====
Backfill legacy patch log

=====OBJECTIVE=====
Reconstruct patch metadata for auditing.

=====CONSTRAINTS=====
- No repository changes
- Use commit history only

=====SCOPE=====
Commit 3a0918174a85a6f658781850840d9458b43ddd1d

=====DIFFSUMMARY=====
3a09181 Use apt-get install for debs
 Dockerfile | 6 ++++--
 1 file changed, 4 insertions(+), 2 deletions(-)

=====TIMESTAMP=====
2025-07-27T18:56:49Z

=====BUILDER_DATE_TIME (UTC)=====
20250801 194741

=====PROMPTID=====
legacy-backfill-batch-002

=====AGENTVERSION=====
LEGACY-N/A

=====AGENTHASH=====
LEGACY-N/A

=====PROMPTHASH=====
LEGACY-N/A

=====COMMITHASH=====
3a0918174a85a6f658781850840d9458b43ddd1d

=====SPEC_HASHES=====
6bfaa5a80ab85a494b5e35d9cc68b1ec039d330a4386e8ac011f130556dbb7a1

=====SNAPSHOT=====
LEGACY-N/A

=====TESTRESULTS=====
LEGACY-N/A

=====DIAGNOSTICMETA=====
{"legacy_backfill": true}

=====DECISIONS=====
- Legacy patch log generated from commit history.
