patch_20250705_141816_f3e3d7ef62e3206f4caffe1bbacf889aa554c49c.log
=====TASK=====
Backfill legacy patch log

=====OBJECTIVE=====
Reconstruct patch metadata for auditing.

=====CONSTRAINTS=====
- No repository changes
- Use commit history only

=====SCOPE=====
Commit f3e3d7ef62e3206f4caffe1bbacf889aa554c49c

=====DIFFSUMMARY=====
f3e3d7e Add default admin and password change workflow
 README.md                                          |  5 +++
 api/main.py                                        |  2 +
 ...b8b3752f3e16_add_must_change_password_column.py | 33 ++++++++++++++
 api/models.py                                      |  5 ++-
 api/routes/auth.py                                 | 29 +++++++++---
 api/schemas.py                                     |  8 ++++
 api/services/users.py                              | 43 +++++++++++++++++-
 frontend/src/App.jsx                               |  2 +
 frontend/src/pages/ChangePasswordPage.jsx          | 51 ++++++++++++++++++++++
 frontend/src/pages/LoginPage.jsx                   | 11 +++--
 frontend/src/routes.js                             |  1 +
 11 files changed, 179 insertions(+), 11 deletions(-)

=====TIMESTAMP=====
2025-07-05T14:18:16Z

=====BUILDER_DATE_TIME (UTC)=====
20250801 200929

=====PROMPTID=====
legacy-backfill-batch-006

=====AGENTVERSION=====
LEGACY-N/A

=====AGENTHASH=====
LEGACY-N/A

=====PROMPTHASH=====
LEGACY-N/A

=====COMMITHASH=====
f3e3d7ef62e3206f4caffe1bbacf889aa554c49c

=====SPEC_HASHES=====
10ba62ac16c28028ead0d8892258ab67b59de208559b0027d4835794228c3167

=====SNAPSHOT=====
LEGACY-N/A

=====TESTRESULTS=====
LEGACY-N/A

=====DIAGNOSTICMETA=====
{"legacy_backfill": true}

=====DECISIONS=====
- Legacy patch log generated from commit history.
