patch_20250627_181024_d22a989fa9bf735c9fb0be345b84defaccbfcd3a.log
=====TASK=====
Backfill legacy patch log

=====OBJECTIVE=====
Reconstruct patch metadata for auditing.

=====CONSTRAINTS=====
- No repository changes
- Use commit history only

=====SCOPE=====
Commit d22a989fa9bf735c9fb0be345b84defaccbfcd3a

=====DIFFSUMMARY=====
d22a989 Add packaging scripts and download endpoint
 README.md                    | 13 +++++++++++++
 api/routes/admin.py          | 21 ++++++++++++++++++++-
 docs/design_scope.md         |  4 +++-
 scripts/build_rpm.sh         |  7 +++++++
 scripts/build_windows_exe.sh |  6 ++++++
 scripts/server_entry.py      |  4 ++++
 6 files changed, 53 insertions(+), 2 deletions(-)

=====TIMESTAMP=====
2025-06-27T18:10:24Z

=====BUILDER_DATE_TIME (UTC)=====
20250801 200929

=====PROMPTID=====
legacy-backfill-batch-004

=====AGENTVERSION=====
LEGACY-N/A

=====AGENTHASH=====
LEGACY-N/A

=====PROMPTHASH=====
LEGACY-N/A

=====COMMITHASH=====
d22a989fa9bf735c9fb0be345b84defaccbfcd3a

=====SPEC_HASHES=====
10ba62ac16c28028ead0d8892258ab67b59de208559b0027d4835794228c3167

=====SNAPSHOT=====
LEGACY-N/A

=====TESTRESULTS=====
LEGACY-N/A

=====DIAGNOSTICMETA=====
{"legacy_backfill": true}

=====DECISIONS=====
- Legacy patch log generated from commit history.