patch_20250704_014815_2ace52a3513ed80be80e88a464b16a23a435ec08.log
=====TASK=====
Backfill legacy patch log

=====OBJECTIVE=====
Reconstruct patch metadata for auditing.

=====CONSTRAINTS=====
- No repository changes
- Use commit history only

=====SCOPE=====
Commit 2ace52a3513ed80be80e88a464b16a23a435ec08

=====DIFFSUMMARY=====
2ace52a add migration for config table
 .../versions/f9f3e87495ad_add_config_table.py      | 28 ++++++++++++++++++++++
 1 file changed, 28 insertions(+)

=====TIMESTAMP=====
2025-07-04T01:48:15Z

=====BUILDER_DATE_TIME (UTC)=====
20250801 200929

=====PROMPTID=====
legacy-backfill-batch-006

=====AGENTVERSION=====
LEGACY-N/A

=====AGENTHASH=====
LEGACY-N/A

=====PROMPTHASH=====
LEGACY-N/A

=====COMMITHASH=====
2ace52a3513ed80be80e88a464b16a23a435ec08

=====SPEC_HASHES=====
10ba62ac16c28028ead0d8892258ab67b59de208559b0027d4835794228c3167

=====SNAPSHOT=====
LEGACY-N/A

=====TESTRESULTS=====
LEGACY-N/A

=====DIAGNOSTICMETA=====
{"legacy_backfill": true}

=====DECISIONS=====
- Legacy patch log generated from commit history.
