patch_20250730_192741_026f43b4f662562308caea76c95e9478578bb6e4.log
=====TASK=====
Backfill legacy patch log

=====OBJECTIVE=====
Record missing patch log from history

=====CONSTRAINTS=====
- Placeholder for legacy snapshot and agent metadata

=====SCOPE=====
LEGACY commit 026f43b4f662562308caea76c95e9478578bb6e4

=====DIFFSUMMARY=====
commit 026f43b4f662562308caea76c95e9478578bb6e4
Author: buymeagoat <53793097+buymeagoat@users.noreply.github.com>
Date:   Wed Jul 30 14:27:41 2025 -0500

    Delete scripts/dual_repo_audit.py

 scripts/dual_repo_audit.py | 103 ---------------------------------------------
 1 file changed, 103 deletions(-)

=====TIMESTAMP=====
2025-07-30T19:27:41Z

=====BUILDER_DATE_TIME (UTC)=====
20250801 191117

=====PROMPTID=====
legacy-backfill-batch-001

=====AGENTVERSION=====
LEGACY-N/A

=====AGENTHASH=====
LEGACY-N/A

=====PROMPTHASH=====
LEGACY-N/A

=====COMMITHASH=====
026f43b4f662562308caea76c95e9478578bb6e4

=====SPEC_HASHES=====
6bfaa5a80ab85a494b5e35d9cc68b1ec039d330a4386e8ac011f130556dbb7a1

=====SNAPSHOT=====
LEGACY-N/A

=====TESTRESULTS=====
LEGACY-N/A

=====DIAGNOSTICMETA=====
legacy-backfill

=====DECISIONS=====
- Auto-generated from commit history