patch_20250728_144743_90c0c2c1f5ebe065f0f9a6d6b7775c46d61e43f1.log
=====TASK=====
Backfill legacy patch log

=====OBJECTIVE=====
Reconstruct patch metadata for auditing.

=====CONSTRAINTS=====
- No repository changes
- Use commit history only

=====SCOPE=====
Commit 90c0c2c1f5ebe065f0f9a6d6b7775c46d61e43f1

=====DIFFSUMMARY=====
90c0c2c Enforce digest mismatch check
 docs/help.md         | 2 +-
 scripts/check_env.sh | 4 ++--
 2 files changed, 3 insertions(+), 3 deletions(-)

=====TIMESTAMP=====
2025-07-28T14:47:43Z

=====BUILDER_DATE_TIME (UTC)=====
20250801 194741

=====PROMPTID=====
legacy-backfill-batch-002

=====AGENTVERSION=====
LEGACY-N/A

=====AGENTHASH=====
LEGACY-N/A

=====PROMPTHASH=====
LEGACY-N/A

=====COMMITHASH=====
90c0c2c1f5ebe065f0f9a6d6b7775c46d61e43f1

=====SPEC_HASHES=====
6bfaa5a80ab85a494b5e35d9cc68b1ec039d330a4386e8ac011f130556dbb7a1

=====SNAPSHOT=====
LEGACY-N/A

=====TESTRESULTS=====
LEGACY-N/A

=====DIAGNOSTICMETA=====
{"legacy_backfill": true}

=====DECISIONS=====
- Legacy patch log generated from commit history.
