patch_20250711_040927_131a4ce0cb1198642f07e5717fd563ceca39e797.log
=====TASK=====
Backfill legacy patch log

=====OBJECTIVE=====
Reconstruct patch metadata for auditing.

=====CONSTRAINTS=====
- No repository changes
- Use commit history only

=====SCOPE=====
Commit 131a4ce0cb1198642f07e5717fd563ceca39e797

=====DIFFSUMMARY=====
131a4ce Use BuildKit secret for secret_key
 docker-compose.yml   | 16 ++++++++++++----
 docs/design_scope.md |  6 +++---
 2 files changed, 15 insertions(+), 7 deletions(-)

=====TIMESTAMP=====
2025-07-11T04:09:27Z

=====BUILDER_DATE_TIME (UTC)=====
20250801 200929

=====PROMPTID=====
legacy-backfill-batch-006

=====AGENTVERSION=====
LEGACY-N/A

=====AGENTHASH=====
LEGACY-N/A

=====PROMPTHASH=====
LEGACY-N/A

=====COMMITHASH=====
131a4ce0cb1198642f07e5717fd563ceca39e797

=====SPEC_HASHES=====
10ba62ac16c28028ead0d8892258ab67b59de208559b0027d4835794228c3167

=====SNAPSHOT=====
LEGACY-N/A

=====TESTRESULTS=====
LEGACY-N/A

=====DIAGNOSTICMETA=====
{"legacy_backfill": true}

=====DECISIONS=====
- Legacy patch log generated from commit history.
