patch_20250627_222553_8d89c477a182f57225ef55af2d4a9438eb3e368a.log
=====TASK=====
Backfill legacy patch log

=====OBJECTIVE=====
Reconstruct patch metadata for auditing.

=====CONSTRAINTS=====
- No repository changes
- Use commit history only

=====SCOPE=====
Commit 8d89c477a182f57225ef55af2d4a9438eb3e368a

=====DIFFSUMMARY=====
8d89c47 feat(frontend): add status badge
 frontend/src/components/StatusBadge.jsx | 24 ++++++++++++++++++++++++
 frontend/src/pages/ActiveJobsPage.jsx   |  5 ++++-
 frontend/src/pages/JobStatusPage.jsx    |  6 ++++--
 3 files changed, 32 insertions(+), 3 deletions(-)

=====TIMESTAMP=====
2025-06-27T22:25:53Z

=====BUILDER_DATE_TIME (UTC)=====
20250801 200929

=====PROMPTID=====
legacy-backfill-batch-004

=====AGENTVERSION=====
LEGACY-N/A

=====AGENTHASH=====
LEGACY-N/A

=====PROMPTHASH=====
LEGACY-N/A

=====COMMITHASH=====
8d89c477a182f57225ef55af2d4a9438eb3e368a

=====SPEC_HASHES=====
10ba62ac16c28028ead0d8892258ab67b59de208559b0027d4835794228c3167

=====SNAPSHOT=====
LEGACY-N/A

=====TESTRESULTS=====
LEGACY-N/A

=====DIAGNOSTICMETA=====
{"legacy_backfill": true}

=====DECISIONS=====
- Legacy patch log generated from commit history.