patch_20250627_235941_763ff3a35e9b6edd06bc91c70e60d1fa7996c3ed.log
=====TASK=====
Backfill legacy patch log

=====OBJECTIVE=====
Reconstruct patch metadata for auditing.

=====CONSTRAINTS=====
- No repository changes
- Use commit history only

=====SCOPE=====
Commit 763ff3a35e9b6edd06bc91c70e60d1fa7996c3ed

=====DIFFSUMMARY=====
763ff3a Move db_lock to utils module
 api/app_state.py              | 2 +-
 api/main.py                   | 2 +-
 api/routes/admin.py           | 2 +-
 api/services/config.py        | 2 +-
 api/services/jobs.py          | 2 +-
 api/services/user_settings.py | 2 +-
 api/services/users.py         | 2 +-
 api/utils/db_lock.py          | 3 +++
 8 files changed, 10 insertions(+), 7 deletions(-)

=====TIMESTAMP=====
2025-06-27T23:59:41Z

=====BUILDER_DATE_TIME (UTC)=====
20250801 200929

=====PROMPTID=====
legacy-backfill-batch-004

=====AGENTVERSION=====
LEGACY-N/A

=====AGENTHASH=====
LEGACY-N/A

=====PROMPTHASH=====
LEGACY-N/A

=====COMMITHASH=====
763ff3a35e9b6edd06bc91c70e60d1fa7996c3ed

=====SPEC_HASHES=====
10ba62ac16c28028ead0d8892258ab67b59de208559b0027d4835794228c3167

=====SNAPSHOT=====
LEGACY-N/A

=====TESTRESULTS=====
LEGACY-N/A

=====DIAGNOSTICMETA=====
{"legacy_backfill": true}

=====DECISIONS=====
- Legacy patch log generated from commit history.