patch_20250702_012722_4c22b9199d523d3b5462c706e1b77f543492fee8.log
=====TASK=====
Backfill legacy patch log

=====OBJECTIVE=====
Reconstruct patch metadata for auditing.

=====CONSTRAINTS=====
- No repository changes
- Use commit history only

=====SCOPE=====
Commit 4c22b9199d523d3b5462c706e1b77f543492fee8

=====DIFFSUMMARY=====
4c22b91 docs: clarify compose directory permissions
 README.md | 7 ++++++-
 1 file changed, 6 insertions(+), 1 deletion(-)

=====TIMESTAMP=====
2025-07-02T01:27:22Z

=====BUILDER_DATE_TIME (UTC)=====
20250801 200929

=====PROMPTID=====
legacy-backfill-batch-005

=====AGENTVERSION=====
LEGACY-N/A

=====AGENTHASH=====
LEGACY-N/A

=====PROMPTHASH=====
LEGACY-N/A

=====COMMITHASH=====
4c22b9199d523d3b5462c706e1b77f543492fee8

=====SPEC_HASHES=====
10ba62ac16c28028ead0d8892258ab67b59de208559b0027d4835794228c3167

=====SNAPSHOT=====
LEGACY-N/A

=====TESTRESULTS=====
LEGACY-N/A

=====DIAGNOSTICMETA=====
{"legacy_backfill": true}

=====DECISIONS=====
- Legacy patch log generated from commit history.
