patch_20250801_144851_c9c6931dfc0f32ce93c8a42c594facdccdbc3afd.log
=====TASK=====
Backfill legacy patch log

=====OBJECTIVE=====
Record missing patch log from history

=====CONSTRAINTS=====
- Placeholder for legacy snapshot and agent metadata

=====SCOPE=====
LEGACY commit c9c6931dfc0f32ce93c8a42c594facdccdbc3afd

=====DIFFSUMMARY=====
commit c9c6931dfc0f32ce93c8a42c594facdccdbc3afd
Author: buymeagoat <53793097+buymeagoat@users.noreply.github.com>
Date:   Fri Aug 1 08:48:51 2025 -0600

    Add patch log for guard-rail comment

 AGENTS.md                                          |  1 +
 ...tch_20250801_144653_CAG-AddGuardRailComment.log | 46 ++++++++++++++++++++++
 2 files changed, 47 insertions(+)

=====TIMESTAMP=====
2025-08-01T14:48:51Z

=====BUILDER_DATE_TIME (UTC)=====
20250801 191117

=====PROMPTID=====
legacy-backfill-batch-001

=====AGENTVERSION=====
LEGACY-N/A

=====AGENTHASH=====
LEGACY-N/A

=====PROMPTHASH=====
LEGACY-N/A

=====COMMITHASH=====
c9c6931dfc0f32ce93c8a42c594facdccdbc3afd

=====SPEC_HASHES=====
6bfaa5a80ab85a494b5e35d9cc68b1ec039d330a4386e8ac011f130556dbb7a1

=====SNAPSHOT=====
LEGACY-N/A

=====TESTRESULTS=====
LEGACY-N/A

=====DIAGNOSTICMETA=====
legacy-backfill

=====DECISIONS=====
- Auto-generated from commit history