patch_20250801_160634_522bd4d47ff58782bee8a5ce1621986b31123229.log
=====TASK=====
Backfill legacy patch log

=====OBJECTIVE=====
Record missing patch log from history

=====CONSTRAINTS=====
- Placeholder for legacy snapshot and agent metadata

=====SCOPE=====
LEGACY commit 522bd4d47ff58782bee8a5ce1621986b31123229

=====DIFFSUMMARY=====
commit 522bd4d47ff58782bee8a5ce1621986b31123229
Author: buymeagoat <53793097+buymeagoat@users.noreply.github.com>
Date:   Fri Aug 1 11:06:34 2025 -0500

    Rename patch_20250801_0949_CAG-AddGuardRailComment.log to patch_20250801_144653_CAG-AddGuardRailComment.log

 ...dRailComment.log => patch_20250801_144653_CAG-AddGuardRailComment.log} | 0
 1 file changed, 0 insertions(+), 0 deletions(-)

=====TIMESTAMP=====
2025-08-01T16:06:34Z

=====BUILDER_DATE_TIME (UTC)=====
20250801 191117

=====PROMPTID=====
legacy-backfill-batch-001

=====AGENTVERSION=====
LEGACY-N/A

=====AGENTHASH=====
LEGACY-N/A

=====PROMPTHASH=====
LEGACY-N/A

=====COMMITHASH=====
522bd4d47ff58782bee8a5ce1621986b31123229

=====SPEC_HASHES=====
6bfaa5a80ab85a494b5e35d9cc68b1ec039d330a4386e8ac011f130556dbb7a1

=====SNAPSHOT=====
LEGACY-N/A

=====TESTRESULTS=====
LEGACY-N/A

=====DIAGNOSTICMETA=====
legacy-backfill

=====DECISIONS=====
- Auto-generated from commit history