patch_20250628_184731_80b366158ab4dc26d75431371104e10dbbe8c8f6.log
=====TASK=====
Backfill legacy patch log

=====OBJECTIVE=====
Reconstruct patch metadata for auditing.

=====CONSTRAINTS=====
- No repository changes
- Use commit history only

=====SCOPE=====
Commit 80b366158ab4dc26d75431371104e10dbbe8c8f6

=====DIFFSUMMARY=====
80b3661 Clarify PostgreSQL requirement
 api/config.py | 5 +++--
 1 file changed, 3 insertions(+), 2 deletions(-)

=====TIMESTAMP=====
2025-06-28T18:47:31Z

=====BUILDER_DATE_TIME (UTC)=====
20250801 200929

=====PROMPTID=====
legacy-backfill-batch-004

=====AGENTVERSION=====
LEGACY-N/A

=====AGENTHASH=====
LEGACY-N/A

=====PROMPTHASH=====
LEGACY-N/A

=====COMMITHASH=====
80b366158ab4dc26d75431371104e10dbbe8c8f6

=====SPEC_HASHES=====
10ba62ac16c28028ead0d8892258ab67b59de208559b0027d4835794228c3167

=====SNAPSHOT=====
LEGACY-N/A

=====TESTRESULTS=====
LEGACY-N/A

=====DIAGNOSTICMETA=====
{"legacy_backfill": true}

=====DECISIONS=====
- Legacy patch log generated from commit history.