patch_20250627_020236_5bdf84aaad8cf24adf20f4415162702e96a6944f.log
=====TASK=====
Backfill legacy patch log

=====OBJECTIVE=====
Reconstruct patch metadata for auditing.

=====CONSTRAINTS=====
- No repository changes
- Use commit history only

=====SCOPE=====
Commit 5bdf84aaad8cf24adf20f4415162702e96a6944f

=====DIFFSUMMARY=====
5bdf84a docs: document logs WebSocket

README.md            | 5 +++++
 docs/design_scope.md | 3 ++-
 2 files changed, 7 insertions(+), 1 deletion(-)

=====TIMESTAMP=====
2025-06-27T02:02:36Z

=====BUILDER_DATE_TIME (UTC)=====
20250801 200929

=====PROMPTID=====
legacy-backfill-batch-003

=====AGENTVERSION=====
LEGACY-N/A

=====AGENTHASH=====
LEGACY-N/A

=====PROMPTHASH=====
LEGACY-N/A

=====COMMITHASH=====
5bdf84aaad8cf24adf20f4415162702e96a6944f

=====SPEC_HASHES=====
b56c464f9d3865da0d92d36f4ea508203ad295a8fcd86343f412fb7654514a50

=====SNAPSHOT=====
LEGACY-N/A

=====TESTRESULTS=====
LEGACY-N/A

=====DIAGNOSTICMETA=====
{"legacy_backfill": true}

=====DECISIONS=====
- Legacy patch log generated from commit history.
