patch_20250719_150455_ce9cf224a8579b68c8d7960400524f1ab417cb9b.log
=====TASK=====
Back-fill missing patch logs using commit history.

=====OBJECTIVE=====
Back-fill missing patch logs using commit history.

=====CONSTRAINTS=====
- AtomicPatch: create ≤100 new logs in this batch; abort on error.
- Filename pattern: patch_<UTC YYYYMMDD>_<HHMMSS>_<commit_hash>.log
- Required fields: TASK, OBJECTIVE, CONSTRAINTS, SCOPE,
                    DIFFSUMMARY (git show --stat),
                    snapshot_metadata=LEGACY-N/A,
                    agent_metadata=LEGACY-N/A,
                    test_results=LEGACY-N/A,
                    diagnostic block noting legacy status,
                    SPEC_HASHES (current CAG & agents.md).
- Skip commits already covered by docs/patch_logs/*.log
- Preserve existing logs; no edits.

=====SCOPE=====
Commit ce9cf224a8579b68c8d7960400524f1ab417cb9b

=====DIFFSUMMARY=====
commit ce9cf224a8579b68c8d7960400524f1ab417cb9b
Author: buymeagoat <53793097+buymeagoat@users.noreply.github.com>
Date:   Sat Jul 19 09:04:55 2025 -0600

    Add broker ping timeout

 README.md                    | 4 +++-
 scripts/docker-entrypoint.sh | 8 ++++++++
 2 files changed, 11 insertions(+), 1 deletion(-)

=====TIMESTAMP=====
2025-07-19T15:04:55Z

=====BUILDER_DATE_TIME (UTC)=====
20250801 200929

=====PROMPTID=====
legacy-backfill-batch-008

=====AGENTVERSION=====
LEGACY-N/A

=====AGENTHASH=====
LEGACY-N/A

=====PROMPTHASH=====
LEGACY-N/A

=====COMMITHASH=====
ce9cf224a8579b68c8d7960400524f1ab417cb9b

=====SPEC_HASHES=====
10ba62ac16c28028ead0d8892258ab67b59de208559b0027d4835794228c3167

=====SNAPSHOT=====
LEGACY-N/A

=====TESTRESULTS=====
LEGACY-N/A

=====DIAGNOSTICMETA=====
{"legacy_backfill": true}

=====DECISIONS=====
- Legacy patch log generated from commit history.
