patch_20250707_183309_ae6bc3b059b62473a3051d63fc904e2e2a82119e.log
=====TASK=====
Backfill legacy patch log

=====OBJECTIVE=====
Reconstruct patch metadata for auditing.

=====CONSTRAINTS=====
- No repository changes
- Use commit history only

=====SCOPE=====
Commit ae6bc3b059b62473a3051d63fc904e2e2a82119e

=====DIFFSUMMARY=====
ae6bc3b Add cleanup step for run_tests
 README.md            | 4 ++++
 scripts/run_tests.sh | 4 ++++
 2 files changed, 8 insertions(+)

=====TIMESTAMP=====
2025-07-07T18:33:09Z

=====BUILDER_DATE_TIME (UTC)=====
20250801 200929

=====PROMPTID=====
legacy-backfill-batch-006

=====AGENTVERSION=====
LEGACY-N/A

=====AGENTHASH=====
LEGACY-N/A

=====PROMPTHASH=====
LEGACY-N/A

=====COMMITHASH=====
ae6bc3b059b62473a3051d63fc904e2e2a82119e

=====SPEC_HASHES=====
10ba62ac16c28028ead0d8892258ab67b59de208559b0027d4835794228c3167

=====SNAPSHOT=====
LEGACY-N/A

=====TESTRESULTS=====
LEGACY-N/A

=====DIAGNOSTICMETA=====
{"legacy_backfill": true}

=====DECISIONS=====
- Legacy patch log generated from commit history.
