patch_20250707_212802_83d15715042162911d25c6790cc0b75b6beafa0d.log
=====TASK=====
Backfill legacy patch log

=====OBJECTIVE=====
Reconstruct patch metadata for auditing.

=====CONSTRAINTS=====
- No repository changes
- Use commit history only

=====SCOPE=====
Commit 83d15715042162911d25c6790cc0b75b6beafa0d

=====DIFFSUMMARY=====
83d1571 Add run_all_tests script
 scripts/run_all_tests.sh | 17 +++++++++++++++++
 1 file changed, 17 insertions(+)

=====TIMESTAMP=====
2025-07-07T21:28:02Z

=====BUILDER_DATE_TIME (UTC)=====
20250801 200929

=====PROMPTID=====
legacy-backfill-batch-006

=====AGENTVERSION=====
LEGACY-N/A

=====AGENTHASH=====
LEGACY-N/A

=====PROMPTHASH=====
LEGACY-N/A

=====COMMITHASH=====
83d15715042162911d25c6790cc0b75b6beafa0d

=====SPEC_HASHES=====
10ba62ac16c28028ead0d8892258ab67b59de208559b0027d4835794228c3167

=====SNAPSHOT=====
LEGACY-N/A

=====TESTRESULTS=====
LEGACY-N/A

=====DIAGNOSTICMETA=====
{"legacy_backfill": true}

=====DECISIONS=====
- Legacy patch log generated from commit history.
