patch_20250730_182728_ac721b4faa272c8ad85d8d2f772ee13d31839bf1.log
=====TASK=====
Backfill legacy patch log

=====OBJECTIVE=====
Record missing patch log from history

=====CONSTRAINTS=====
- Placeholder for legacy snapshot and agent metadata

=====SCOPE=====
LEGACY commit ac721b4faa272c8ad85d8d2f772ee13d31839bf1

=====DIFFSUMMARY=====
commit ac721b4faa272c8ad85d8d2f772ee13d31839bf1
Author: buymeagoat <53793097+buymeagoat@users.noreply.github.com>
Date:   Wed Jul 30 13:27:28 2025 -0500

    Create start.txt

 docs/patch_logs/start.txt | 1 +
 1 file changed, 1 insertion(+)

=====TIMESTAMP=====
2025-07-30T18:27:28Z

=====BUILDER_DATE_TIME (UTC)=====
20250801 191117

=====PROMPTID=====
legacy-backfill-batch-001

=====AGENTVERSION=====
LEGACY-N/A

=====AGENTHASH=====
LEGACY-N/A

=====PROMPTHASH=====
LEGACY-N/A

=====COMMITHASH=====
ac721b4faa272c8ad85d8d2f772ee13d31839bf1

=====SPEC_HASHES=====
6bfaa5a80ab85a494b5e35d9cc68b1ec039d330a4386e8ac011f130556dbb7a1

=====SNAPSHOT=====
LEGACY-N/A

=====TESTRESULTS=====
LEGACY-N/A

=====DIAGNOSTICMETA=====
legacy-backfill

=====DECISIONS=====
- Auto-generated from commit history