patch_20250627_182219_e44f30a63f513e4d6a0e9265d3d1316792c6f339.log
=====TASK=====
Backfill legacy patch log

=====OBJECTIVE=====
Reconstruct patch metadata for auditing.

=====CONSTRAINTS=====
- No repository changes
- Use commit history only

=====SCOPE=====
Commit e44f30a63f513e4d6a0e9265d3d1316792c6f339

=====DIFFSUMMARY=====
e44f30a Add audio conversion route
 api/router_setup.py |  3 ++-
 api/routes/audio.py | 43 +++++++++++++++++++++++++++++++++++++++++++
 tests/conftest.py   |  7 ++++++-
 tests/test_audio.py | 36 ++++++++++++++++++++++++++++++++++++
 4 files changed, 87 insertions(+), 2 deletions(-)

=====TIMESTAMP=====
2025-06-27T18:22:19Z

=====BUILDER_DATE_TIME (UTC)=====
20250801 200929

=====PROMPTID=====
legacy-backfill-batch-004

=====AGENTVERSION=====
LEGACY-N/A

=====AGENTHASH=====
LEGACY-N/A

=====PROMPTHASH=====
LEGACY-N/A

=====COMMITHASH=====
e44f30a63f513e4d6a0e9265d3d1316792c6f339

=====SPEC_HASHES=====
10ba62ac16c28028ead0d8892258ab67b59de208559b0027d4835794228c3167

=====SNAPSHOT=====
LEGACY-N/A

=====TESTRESULTS=====
LEGACY-N/A

=====DIAGNOSTICMETA=====
{"legacy_backfill": true}

=====DECISIONS=====
- Legacy patch log generated from commit history.