patch_20250628_200509_2861fed92810b7a93f299806052ac9fe5f007ee6.log
=====TASK=====
Backfill legacy patch log

=====OBJECTIVE=====
Reconstruct patch metadata for auditing.

=====CONSTRAINTS=====
- No repository changes
- Use commit history only

=====SCOPE=====
Commit 2861fed92810b7a93f299806052ac9fe5f007ee6

=====DIFFSUMMARY=====
2861fed Organize Future Updates by task status
 docs/design_scope.md | 48 +++++++++++++++++++++++++++++++-----------------
 1 file changed, 31 insertions(+), 17 deletions(-)

=====TIMESTAMP=====
2025-06-28T20:05:09Z

=====BUILDER_DATE_TIME (UTC)=====
20250801 200929

=====PROMPTID=====
legacy-backfill-batch-004

=====AGENTVERSION=====
LEGACY-N/A

=====AGENTHASH=====
LEGACY-N/A

=====PROMPTHASH=====
LEGACY-N/A

=====COMMITHASH=====
2861fed92810b7a93f299806052ac9fe5f007ee6

=====SPEC_HASHES=====
10ba62ac16c28028ead0d8892258ab67b59de208559b0027d4835794228c3167

=====SNAPSHOT=====
LEGACY-N/A

=====TESTRESULTS=====
LEGACY-N/A

=====DIAGNOSTICMETA=====
{"legacy_backfill": true}

=====DECISIONS=====
- Legacy patch log generated from commit history.