patch_20250626_233659_9d5b51798f0066ec510762c5e6e1067617a51ea4.log
=====TASK=====
Backfill legacy patch log

=====OBJECTIVE=====
Reconstruct patch metadata for auditing.

=====CONSTRAINTS=====
- No repository changes
- Use commit history only

=====SCOPE=====
Commit 9d5b51798f0066ec510762c5e6e1067617a51ea4

=====DIFFSUMMARY=====
9d5b517 Add role-based auth

README.md                                          | 12 +++++----
 .../e0c45e6cf3db_add_role_column_to_user.py        | 29 ++++++++++++++++++++++
 api/models.py                                      |  1 +
 api/routes/admin.py                                | 17 +++++++------
 api/routes/auth.py                                 | 26 +++++++++++--------
 api/routes/logs.py                                 |  3 ++-
 api/routes/metrics.py                              |  4 +--
 api/routes/progress.py                             |  3 ++-
 api/routes/tests/test_progress.py                  | 11 ++++++--
 api/services/users.py                              |  7 ++++--
 docs/design_scope.md                               |  2 +-
 tests/test_auth.py                                 | 17 +++++++++++--
 12 files changed, 98 insertions(+), 34 deletions(-)

=====TIMESTAMP=====
2025-06-26T23:36:59Z

=====BUILDER_DATE_TIME (UTC)=====
20250801 200929

=====PROMPTID=====
legacy-backfill-batch-003

=====AGENTVERSION=====
LEGACY-N/A

=====AGENTHASH=====
LEGACY-N/A

=====PROMPTHASH=====
LEGACY-N/A

=====COMMITHASH=====
9d5b51798f0066ec510762c5e6e1067617a51ea4

=====SPEC_HASHES=====
b56c464f9d3865da0d92d36f4ea508203ad295a8fcd86343f412fb7654514a50

=====SNAPSHOT=====
LEGACY-N/A

=====TESTRESULTS=====
LEGACY-N/A

=====DIAGNOSTICMETA=====
{"legacy_backfill": true}

=====DECISIONS=====
- Legacy patch log generated from commit history.
