patch_20250730_161017_fe1c268250913be1ecdd3651ac4bb73d5dd8cdf1.log
=====TASK=====
Backfill legacy patch log

=====OBJECTIVE=====
Record missing patch log from history

=====CONSTRAINTS=====
- Placeholder for legacy snapshot and agent metadata

=====SCOPE=====
LEGACY commit fe1c268250913be1ecdd3651ac4bb73d5dd8cdf1

=====DIFFSUMMARY=====
commit fe1c268250913be1ecdd3651ac4bb73d5dd8cdf1
Author: buymeagoat <akapinos@gmail.com>
Date:   Wed Jul 30 11:02:59 2025 -0500

    Add initial version of repo_audit.py for filtered audits

 scripts/repo_audit.py | 73 +++++++++++++++++++++++++++++++++++++++++++++++++++
 1 file changed, 73 insertions(+)

=====TIMESTAMP=====
2025-07-30T16:10:17Z

=====BUILDER_DATE_TIME (UTC)=====
20250801 191117

=====PROMPTID=====
legacy-backfill-batch-001

=====AGENTVERSION=====
LEGACY-N/A

=====AGENTHASH=====
LEGACY-N/A

=====PROMPTHASH=====
LEGACY-N/A

=====COMMITHASH=====
fe1c268250913be1ecdd3651ac4bb73d5dd8cdf1

=====SPEC_HASHES=====
6bfaa5a80ab85a494b5e35d9cc68b1ec039d330a4386e8ac011f130556dbb7a1

=====SNAPSHOT=====
LEGACY-N/A

=====TESTRESULTS=====
LEGACY-N/A

=====DIAGNOSTICMETA=====
legacy-backfill

=====DECISIONS=====
- Auto-generated from commit history