patch_20250627_003059_0471c029a120b2a77db83a373029549bbe0aa2f2.log
=====TASK=====
Backfill legacy patch log

=====OBJECTIVE=====
Reconstruct patch metadata for auditing.

=====CONSTRAINTS=====
- No repository changes
- Use commit history only

=====SCOPE=====
Commit 0471c029a120b2a77db83a373029549bbe0aa2f2

=====DIFFSUMMARY=====
0471c02 docs: mark features completed

docs/design_scope.md | 8 ++++----
 1 file changed, 4 insertions(+), 4 deletions(-)

=====TIMESTAMP=====
2025-06-27T00:30:59Z

=====BUILDER_DATE_TIME (UTC)=====
20250801 200929

=====PROMPTID=====
legacy-backfill-batch-003

=====AGENTVERSION=====
LEGACY-N/A

=====AGENTHASH=====
LEGACY-N/A

=====PROMPTHASH=====
LEGACY-N/A

=====COMMITHASH=====
0471c029a120b2a77db83a373029549bbe0aa2f2

=====SPEC_HASHES=====
b56c464f9d3865da0d92d36f4ea508203ad295a8fcd86343f412fb7654514a50

=====SNAPSHOT=====
LEGACY-N/A

=====TESTRESULTS=====
LEGACY-N/A

=====DIAGNOSTICMETA=====
{"legacy_backfill": true}

=====DECISIONS=====
- Legacy patch log generated from commit history.
