patch_20250707_003626_3292be6720066c4a81a9f3a2a2d00fe25be981d2.log
=====TASK=====
Backfill legacy patch log

=====OBJECTIVE=====
Reconstruct patch metadata for auditing.

=====CONSTRAINTS=====
- No repository changes
- Use commit history only

=====SCOPE=====
Commit 3292be6720066c4a81a9f3a2a2d00fe25be981d2

=====DIFFSUMMARY=====
3292be6 Fix import path for get_authorization_scheme_param
 api/routes/auth.py | 2 +-
 1 file changed, 1 insertion(+), 1 deletion(-)

=====TIMESTAMP=====
2025-07-07T00:36:26Z

=====BUILDER_DATE_TIME (UTC)=====
20250801 200929

=====PROMPTID=====
legacy-backfill-batch-006

=====AGENTVERSION=====
LEGACY-N/A

=====AGENTHASH=====
LEGACY-N/A

=====PROMPTHASH=====
LEGACY-N/A

=====COMMITHASH=====
3292be6720066c4a81a9f3a2a2d00fe25be981d2

=====SPEC_HASHES=====
10ba62ac16c28028ead0d8892258ab67b59de208559b0027d4835794228c3167

=====SNAPSHOT=====
LEGACY-N/A

=====TESTRESULTS=====
LEGACY-N/A

=====DIAGNOSTICMETA=====
{"legacy_backfill": true}

=====DECISIONS=====
- Legacy patch log generated from commit history.
