patch_20250630_143650_abd75eb0da6fe0ba312ff3f5e1dae7745e5f7887.log
=====TASK=====
Backfill legacy patch log

=====OBJECTIVE=====
Reconstruct patch metadata for auditing.

=====CONSTRAINTS=====
- No repository changes
- Use commit history only

=====SCOPE=====
Commit abd75eb0da6fe0ba312ff3f5e1dae7745e5f7887

=====DIFFSUMMARY=====
abd75eb Add startup completion log
 api/main.py | 12 ++++++++++--
 1 file changed, 10 insertions(+), 2 deletions(-)

=====TIMESTAMP=====
2025-06-30T14:36:50Z

=====BUILDER_DATE_TIME (UTC)=====
20250801 200929

=====PROMPTID=====
legacy-backfill-batch-005

=====AGENTVERSION=====
LEGACY-N/A

=====AGENTHASH=====
LEGACY-N/A

=====PROMPTHASH=====
LEGACY-N/A

=====COMMITHASH=====
abd75eb0da6fe0ba312ff3f5e1dae7745e5f7887

=====SPEC_HASHES=====
10ba62ac16c28028ead0d8892258ab67b59de208559b0027d4835794228c3167

=====SNAPSHOT=====
LEGACY-N/A

=====TESTRESULTS=====
LEGACY-N/A

=====DIAGNOSTICMETA=====
{"legacy_backfill": true}

=====DECISIONS=====
- Legacy patch log generated from commit history.
