patch_20250701_235928_1445e93c7063add1a94ba935f3d7f42210b810a4.log
=====TASK=====
Backfill legacy patch log

=====OBJECTIVE=====
Reconstruct patch metadata for auditing.

=====CONSTRAINTS=====
- No repository changes
- Use commit history only

=====SCOPE=====
Commit 1445e93c7063add1a94ba935f3d7f42210b810a4

=====DIFFSUMMARY=====
1445e93 Mark legacy config module unused
 README.md            | 4 +++-
 api/config.py        | 1 +
 docs/design_scope.md | 4 +++-
 3 files changed, 7 insertions(+), 2 deletions(-)

=====TIMESTAMP=====
2025-07-01T23:59:28Z

=====BUILDER_DATE_TIME (UTC)=====
20250801 200929

=====PROMPTID=====
legacy-backfill-batch-005

=====AGENTVERSION=====
LEGACY-N/A

=====AGENTHASH=====
LEGACY-N/A

=====PROMPTHASH=====
LEGACY-N/A

=====COMMITHASH=====
1445e93c7063add1a94ba935f3d7f42210b810a4

=====SPEC_HASHES=====
10ba62ac16c28028ead0d8892258ab67b59de208559b0027d4835794228c3167

=====SNAPSHOT=====
LEGACY-N/A

=====TESTRESULTS=====
LEGACY-N/A

=====DIAGNOSTICMETA=====
{"legacy_backfill": true}

=====DECISIONS=====
- Legacy patch log generated from commit history.
