patch_20250729_223829_56cef304ce56e64688db0a09051033d4c201af5b.log
=====TASK=====
Backfill legacy patch log

=====OBJECTIVE=====
Record missing patch log from history

=====CONSTRAINTS=====
- Placeholder for legacy snapshot and agent metadata

=====SCOPE=====
LEGACY commit 56cef304ce56e64688db0a09051033d4c201af5b

=====DIFFSUMMARY=====
commit 56cef304ce56e64688db0a09051033d4c201af5b
Author: buymeagoat <53793097+buymeagoat@users.noreply.github.com>
Date:   Tue Jul 29 16:38:29 2025 -0600

    docs: clarify full rebuild

 docs/scripts_reference.md | 4 ++--
 scripts/whisper_build.sh  | 3 +++
 2 files changed, 5 insertions(+), 2 deletions(-)

=====TIMESTAMP=====
2025-07-29T22:38:29Z

=====BUILDER_DATE_TIME (UTC)=====
20250801 191117

=====PROMPTID=====
legacy-backfill-batch-001

=====AGENTVERSION=====
LEGACY-N/A

=====AGENTHASH=====
LEGACY-N/A

=====PROMPTHASH=====
LEGACY-N/A

=====COMMITHASH=====
56cef304ce56e64688db0a09051033d4c201af5b

=====SPEC_HASHES=====
6bfaa5a80ab85a494b5e35d9cc68b1ec039d330a4386e8ac011f130556dbb7a1

=====SNAPSHOT=====
LEGACY-N/A

=====TESTRESULTS=====
LEGACY-N/A

=====DIAGNOSTICMETA=====
legacy-backfill

=====DECISIONS=====
- Auto-generated from commit history