patch_20250727_165949_15790ae0649b7afd26ee056afb23a57a368de76c.log
=====TASK=====
Backfill legacy patch log

=====OBJECTIVE=====
Reconstruct patch metadata for auditing.

=====CONSTRAINTS=====
- No repository changes
- Use commit history only

=====SCOPE=====
Commit 15790ae0649b7afd26ee056afb23a57a368de76c

=====DIFFSUMMARY=====
15790ae Check for Whisper wheel after build
 scripts/prestage_dependencies.sh | 6 ++++++
 1 file changed, 6 insertions(+)

=====TIMESTAMP=====
2025-07-27T16:59:49Z

=====BUILDER_DATE_TIME (UTC)=====
20250801 194741

=====PROMPTID=====
legacy-backfill-batch-002

=====AGENTVERSION=====
LEGACY-N/A

=====AGENTHASH=====
LEGACY-N/A

=====PROMPTHASH=====
LEGACY-N/A

=====COMMITHASH=====
15790ae0649b7afd26ee056afb23a57a368de76c

=====SPEC_HASHES=====
6bfaa5a80ab85a494b5e35d9cc68b1ec039d330a4386e8ac011f130556dbb7a1

=====SNAPSHOT=====
LEGACY-N/A

=====TESTRESULTS=====
LEGACY-N/A

=====DIAGNOSTICMETA=====
{"legacy_backfill": true}

=====DECISIONS=====
- Legacy patch log generated from commit history.
