patch_20250727_162556_10edbef12da4452f164430e7a51a602675b1a23d.log
=====TASK=====
Backfill legacy patch log

=====OBJECTIVE=====
Reconstruct patch metadata for auditing.

=====CONSTRAINTS=====
- No repository changes
- Use commit history only

=====SCOPE=====
Commit 10edbef12da4452f164430e7a51a602675b1a23d

=====DIFFSUMMARY=====
10edbef fix offline asset check for underscore wheels
 scripts/shared_checks.sh | 3 ++-
 1 file changed, 2 insertions(+), 1 deletion(-)

=====TIMESTAMP=====
2025-07-27T16:25:56Z

=====BUILDER_DATE_TIME (UTC)=====
20250801 194741

=====PROMPTID=====
legacy-backfill-batch-002

=====AGENTVERSION=====
LEGACY-N/A

=====AGENTHASH=====
LEGACY-N/A

=====PROMPTHASH=====
LEGACY-N/A

=====COMMITHASH=====
10edbef12da4452f164430e7a51a602675b1a23d

=====SPEC_HASHES=====
6bfaa5a80ab85a494b5e35d9cc68b1ec039d330a4386e8ac011f130556dbb7a1

=====SNAPSHOT=====
LEGACY-N/A

=====TESTRESULTS=====
LEGACY-N/A

=====DIAGNOSTICMETA=====
{"legacy_backfill": true}

=====DECISIONS=====
- Legacy patch log generated from commit history.
