=====TASK=====
Create script for hashing CAG spec and AGENTS.md.

=====OBJECTIVE=====
Provide function to compute SHA-256 hash of concatenated specification files.

=====CONSTRAINTS=====
- Follow existing shell script style.
- Add script under scripts/hash_utils.sh.

=====SCOPE=====
scripts/hash_utils.sh

=====DIFFSUMMARY=====
- Added hash_utils.sh with cag_agents_hash function.

=====TIMESTAMP=====
2025-08-01T15:13:48Z

=====PROMPTID=====
HashUtilsScript

=====AGENTVERSION=====
Unknown

=====AGENTHASH=====
N/A

=====PROMPTHASH=====
N/A

=====COMMITHASH=====
6e68f5e39341d7d5821ecd53098783bf0ec5ea68

=====SPEC_HASHES=====
c49149643820ef9da9bd0f636db533a7f9f83d80fe218cba191c8187121d2814

=====SNAPSHOT=====
Attempted: scripts/CPG_repo_audit.py (missing, [Errno 2]). Using git commit hash and timestamp as baseline.

=====TESTRESULTS=====
Docker not installed; tests skipped.

=====DIAGNOSTICMETA=====
{ "preflight": { "docker": false, "docker-compose": false, "python": "Python 3.12.10", "node": "v20.19.4", "npm": "11.4.2" } }

=====DECISIONS=====
- Created scripts/hash_utils.sh with cag_agents_hash.
- Could not run repo audit or tests due to missing docker.
