patch_20250707_142332_ed06be727d0993982bd516a36647a03b5186b4a8.log
=====TASK=====
Backfill legacy patch log

=====OBJECTIVE=====
Reconstruct patch metadata for auditing.

=====CONSTRAINTS=====
- No repository changes
- Use commit history only

=====SCOPE=====
Commit ed06be727d0993982bd516a36647a03b5186b4a8

=====DIFFSUMMARY=====
ed06be7 require auth for log retrieval
 README.md            | 2 ++
 api/routes/logs.py   | 6 +++---
 docs/design_scope.md | 2 +-
 3 files changed, 6 insertions(+), 4 deletions(-)

=====TIMESTAMP=====
2025-07-07T14:23:32Z

=====BUILDER_DATE_TIME (UTC)=====
20250801 200929

=====PROMPTID=====
legacy-backfill-batch-006

=====AGENTVERSION=====
LEGACY-N/A

=====AGENTHASH=====
LEGACY-N/A

=====PROMPTHASH=====
LEGACY-N/A

=====COMMITHASH=====
ed06be727d0993982bd516a36647a03b5186b4a8

=====SPEC_HASHES=====
10ba62ac16c28028ead0d8892258ab67b59de208559b0027d4835794228c3167

=====SNAPSHOT=====
LEGACY-N/A

=====TESTRESULTS=====
LEGACY-N/A

=====DIAGNOSTICMETA=====
{"legacy_backfill": true}

=====DECISIONS=====
- Legacy patch log generated from commit history.
