patch_20250730_201808_86fecaadb1241f66634bac7518103aea9e3cc932.log
=====TASK=====
Backfill legacy patch log

=====OBJECTIVE=====
Record missing patch log from history

=====CONSTRAINTS=====
- Placeholder for legacy snapshot and agent metadata

=====SCOPE=====
LEGACY commit 86fecaadb1241f66634bac7518103aea9e3cc932

=====DIFFSUMMARY=====
commit 86fecaadb1241f66634bac7518103aea9e3cc932
Author: buymeagoat <53793097+buymeagoat@users.noreply.github.com>
Date:   Wed Jul 30 14:18:08 2025 -0600

    docs: clarify CAG workflow

 README.md                                |  4 ++++
 frontend/src/components/PatchUploader.js | 11 +++++++++++
 2 files changed, 15 insertions(+)

=====TIMESTAMP=====
2025-07-30T20:18:08Z

=====BUILDER_DATE_TIME (UTC)=====
20250801 191117

=====PROMPTID=====
legacy-backfill-batch-001

=====AGENTVERSION=====
LEGACY-N/A

=====AGENTHASH=====
LEGACY-N/A

=====PROMPTHASH=====
LEGACY-N/A

=====COMMITHASH=====
86fecaadb1241f66634bac7518103aea9e3cc932

=====SPEC_HASHES=====
6bfaa5a80ab85a494b5e35d9cc68b1ec039d330a4386e8ac011f130556dbb7a1

=====SNAPSHOT=====
LEGACY-N/A

=====TESTRESULTS=====
LEGACY-N/A

=====DIAGNOSTICMETA=====
legacy-backfill

=====DECISIONS=====
- Auto-generated from commit history