patch_20250627_045019_0377909b3dcbac86842a0eb0fc19eafe1aa21dc2.log
=====TASK=====
Backfill legacy patch log

=====OBJECTIVE=====
Reconstruct patch metadata for auditing.

=====CONSTRAINTS=====
- No repository changes
- Use commit history only

=====SCOPE=====
Commit 0377909b3dcbac86842a0eb0fc19eafe1aa21dc2

=====DIFFSUMMARY=====
0377909 Document new admin file browser

README.md            | 15 ++++++++++++---
 docs/design_scope.md |  2 +-
 2 files changed, 13 insertions(+), 4 deletions(-)

=====TIMESTAMP=====
2025-06-27T04:50:19Z

=====BUILDER_DATE_TIME (UTC)=====
20250801 200929

=====PROMPTID=====
legacy-backfill-batch-003

=====AGENTVERSION=====
LEGACY-N/A

=====AGENTHASH=====
LEGACY-N/A

=====PROMPTHASH=====
LEGACY-N/A

=====COMMITHASH=====
0377909b3dcbac86842a0eb0fc19eafe1aa21dc2

=====SPEC_HASHES=====
b56c464f9d3865da0d92d36f4ea508203ad295a8fcd86343f412fb7654514a50

=====SNAPSHOT=====
LEGACY-N/A

=====TESTRESULTS=====
LEGACY-N/A

=====DIAGNOSTICMETA=====
{"legacy_backfill": true}

=====DECISIONS=====
- Legacy patch log generated from commit history.
