patch_20250627_014136_9692dc2f57c0a353cd3dbfa31e87e717404ad89f.log
=====TASK=====
Backfill legacy patch log

=====OBJECTIVE=====
Reconstruct patch metadata for auditing.

=====CONSTRAINTS=====
- No repository changes
- Use commit history only

=====SCOPE=====
Commit 9692dc2f57c0a353cd3dbfa31e87e717404ad89f

=====DIFFSUMMARY=====
9692dc2 Add Celery worker and documentation

README.md           | 16 ++++++++++++++++
 docker-compose.yml  | 12 ++++++++++++
 tests/test_queue.py | 12 ++++++++++++
 worker.py           |  4 ++++
 4 files changed, 44 insertions(+)

=====TIMESTAMP=====
2025-06-27T01:41:36Z

=====BUILDER_DATE_TIME (UTC)=====
20250801 200929

=====PROMPTID=====
legacy-backfill-batch-003

=====AGENTVERSION=====
LEGACY-N/A

=====AGENTHASH=====
LEGACY-N/A

=====PROMPTHASH=====
LEGACY-N/A

=====COMMITHASH=====
9692dc2f57c0a353cd3dbfa31e87e717404ad89f

=====SPEC_HASHES=====
b56c464f9d3865da0d92d36f4ea508203ad295a8fcd86343f412fb7654514a50

=====SNAPSHOT=====
LEGACY-N/A

=====TESTRESULTS=====
LEGACY-N/A

=====DIAGNOSTICMETA=====
{"legacy_backfill": true}

=====DECISIONS=====
- Legacy patch log generated from commit history.
