patch_20250707_154559_a966db91f016c261cede601deea7ebbf253c61d2.log
=====TASK=====
Backfill legacy patch log

=====OBJECTIVE=====
Reconstruct patch metadata for auditing.

=====CONSTRAINTS=====
- No repository changes
- Use commit history only

=====SCOPE=====
Commit a966db91f016c261cede601deea7ebbf253c61d2

=====DIFFSUMMARY=====
a966db9 Make celery connection check loop until success
 api/app_state.py             | 14 ++++++++------
 tests/test_celery_startup.py | 29 +++++++++++++++++++++++++++++
 2 files changed, 37 insertions(+), 6 deletions(-)

=====TIMESTAMP=====
2025-07-07T15:45:59Z

=====BUILDER_DATE_TIME (UTC)=====
20250801 200929

=====PROMPTID=====
legacy-backfill-batch-006

=====AGENTVERSION=====
LEGACY-N/A

=====AGENTHASH=====
LEGACY-N/A

=====PROMPTHASH=====
LEGACY-N/A

=====COMMITHASH=====
a966db91f016c261cede601deea7ebbf253c61d2

=====SPEC_HASHES=====
10ba62ac16c28028ead0d8892258ab67b59de208559b0027d4835794228c3167

=====SNAPSHOT=====
LEGACY-N/A

=====TESTRESULTS=====
LEGACY-N/A

=====DIAGNOSTICMETA=====
{"legacy_backfill": true}

=====DECISIONS=====
- Legacy patch log generated from commit history.
