patch_20250727_191841_b613dd2047187fc98c33f6067e84623196177d27.log
=====TASK=====
Backfill legacy patch log

=====OBJECTIVE=====
Reconstruct patch metadata for auditing.

=====CONSTRAINTS=====
- No repository changes
- Use commit history only

=====SCOPE=====
Commit b613dd2047187fc98c33f6067e84623196177d27

=====DIFFSUMMARY=====
b613dd2 Update Docker base image and apt-get update
 Dockerfile | 4 ++--
 1 file changed, 2 insertions(+), 2 deletions(-)

=====TIMESTAMP=====
2025-07-27T19:18:41Z

=====BUILDER_DATE_TIME (UTC)=====
20250801 194741

=====PROMPTID=====
legacy-backfill-batch-002

=====AGENTVERSION=====
LEGACY-N/A

=====AGENTHASH=====
LEGACY-N/A

=====PROMPTHASH=====
LEGACY-N/A

=====COMMITHASH=====
b613dd2047187fc98c33f6067e84623196177d27

=====SPEC_HASHES=====
6bfaa5a80ab85a494b5e35d9cc68b1ec039d330a4386e8ac011f130556dbb7a1

=====SNAPSHOT=====
LEGACY-N/A

=====TESTRESULTS=====
LEGACY-N/A

=====DIAGNOSTICMETA=====
{"legacy_backfill": true}

=====DECISIONS=====
- Legacy patch log generated from commit history.
