patch_20250627_011904_81ca75dae26a43095ad28405cb9c1b63182b4a17.log
=====TASK=====
Backfill legacy patch log

=====OBJECTIVE=====
Reconstruct patch metadata for auditing.

=====CONSTRAINTS=====
- No repository changes
- Use commit history only

=====SCOPE=====
Commit 81ca75dae26a43095ad28405cb9c1b63182b4a17

=====DIFFSUMMARY=====
81ca75d Remove metrics token configuration

README.md            | 1 -
 api/config.py        | 3 ---
 api/settings.py      | 1 -
 docs/design_scope.md | 1 -
 4 files changed, 6 deletions(-)

=====TIMESTAMP=====
2025-06-27T01:19:04Z

=====BUILDER_DATE_TIME (UTC)=====
20250801 200929

=====PROMPTID=====
legacy-backfill-batch-003

=====AGENTVERSION=====
LEGACY-N/A

=====AGENTHASH=====
LEGACY-N/A

=====PROMPTHASH=====
LEGACY-N/A

=====COMMITHASH=====
81ca75dae26a43095ad28405cb9c1b63182b4a17

=====SPEC_HASHES=====
b56c464f9d3865da0d92d36f4ea508203ad295a8fcd86343f412fb7654514a50

=====SNAPSHOT=====
LEGACY-N/A

=====TESTRESULTS=====
LEGACY-N/A

=====DIAGNOSTICMETA=====
{"legacy_backfill": true}

=====DECISIONS=====
- Legacy patch log generated from commit history.
