patch_20250801_163936_1bc33b016306c83b723be7395f3092728e464a0a.log
=====TASK=====
Backfill legacy patch log

=====OBJECTIVE=====
Record missing patch log from history

=====CONSTRAINTS=====
- Placeholder for legacy snapshot and agent metadata

=====SCOPE=====
LEGACY commit 1bc33b016306c83b723be7395f3092728e464a0a

=====DIFFSUMMARY=====
commit 1bc33b016306c83b723be7395f3092728e464a0a
Author: buymeagoat <53793097+buymeagoat@users.noreply.github.com>
Date:   Fri Aug 1 10:39:36 2025 -0600

    Add patch log for legacy normalization

 ...0728_1852.txt => patch_20250728_235200_UTC.log} | 1717 +++--
 ...0728_1918.txt => patch_20250729_001800_UTC.log} | 1397 ++--
 ...0728_2008.txt => patch_20250729_010800_UTC.log} | 3802 ++++-----
 ...0728_2022.txt => patch_20250729_012200_UTC.log} | 1894 ++---
 ...0728_2058.txt => patch_20250729_015800_UTC.log} | 1219 +--
 ...0729_0910.txt => patch_20250729_141000_UTC.log} |  943 +--
 ...0729_0930.txt => patch_20250729_143000_UTC.log} |  476 +-
 ...0729_0942.txt => patch_20250729_144200_UTC.log} | 1129 +--
 ...0729_1004.txt => patch_20250729_150400_UTC.log} |  629 +-
 ...0729_1730.txt => patch_20250729_223000_UTC.log} |  247 +-
 ...0730_0938.txt => patch_20250730_143800_UTC.log} | 8133 ++++++++++----------
 ...tch_20250731_190500_UTC_CAG-UpdateAgentsMd.log} |   53 +
 ...20250801_163702_normalize-patchlogs-utc-001.log |   53 +
 13 files changed, 11188 insertions(+), 10504 deletions(-)

=====TIMESTAMP=====
2025-08-01T16:39:36Z

=====BUILDER_DATE_TIME (UTC)=====
20250801 191117

=====PROMPTID=====
legacy-backfill-batch-001

=====AGENTVERSION=====
LEGACY-N/A

=====AGENTHASH=====
LEGACY-N/A

=====PROMPTHASH=====
LEGACY-N/A

=====COMMITHASH=====
1bc33b016306c83b723be7395f3092728e464a0a

=====SPEC_HASHES=====
6bfaa5a80ab85a494b5e35d9cc68b1ec039d330a4386e8ac011f130556dbb7a1

=====SNAPSHOT=====
LEGACY-N/A

=====TESTRESULTS=====
LEGACY-N/A

=====DIAGNOSTICMETA=====
legacy-backfill

=====DECISIONS=====
- Auto-generated from commit history