patch_20250801_200303_5102a534a3115ab9cc107c77566f117e4c65c572.log
=====TASK=====
Backfill legacy patch log

=====OBJECTIVE=====
Reconstruct patch metadata for auditing.

=====CONSTRAINTS=====
- No repository changes
- Use commit history only

=====SCOPE=====
Commit 5102a534a3115ab9cc107c77566f117e4c65c572

=====DIFFSUMMARY=====
5102a53 Update CAG_spec.md
 docs/CAG_spec.md | 1 +
 1 file changed, 1 insertion(+)

=====TIMESTAMP=====
2025-08-01T20:03:03Z

=====BUILDER_DATE_TIME (UTC)=====
20250801 200929

=====PROMPTID=====
legacy-backfill-batch-012

=====AGENTVERSION=====
LEGACY-N/A

=====AGENTHASH=====
LEGACY-N/A

=====PROMPTHASH=====
LEGACY-N/A

=====COMMITHASH=====
5102a534a3115ab9cc107c77566f117e4c65c572

=====SPEC_HASHES=====
10ba62ac16c28028ead0d8892258ab67b59de208559b0027d4835794228c3167

=====SNAPSHOT=====
LEGACY-N/A

=====TESTRESULTS=====
LEGACY-N/A

=====DIAGNOSTICMETA=====
{"legacy_backfill": true}

=====DECISIONS=====
- Legacy patch log generated from commit history.
