patch_20250727_200224_e3ad3de74adfd222295276c757ea7ffc1d70e021.log
=====TASK=====
Backfill legacy patch log

=====OBJECTIVE=====
Reconstruct patch metadata for auditing.

=====CONSTRAINTS=====
- No repository changes
- Use commit history only

=====SCOPE=====
Commit e3ad3de74adfd222295276c757ea7ffc1d70e021

=====DIFFSUMMARY=====
e3ad3de scripts: verify environment during staging
 scripts/start_containers.sh | 2 ++
 1 file changed, 2 insertions(+)

=====TIMESTAMP=====
2025-07-27T20:02:24Z

=====BUILDER_DATE_TIME (UTC)=====
20250801 194741

=====PROMPTID=====
legacy-backfill-batch-002

=====AGENTVERSION=====
LEGACY-N/A

=====AGENTHASH=====
LEGACY-N/A

=====PROMPTHASH=====
LEGACY-N/A

=====COMMITHASH=====
e3ad3de74adfd222295276c757ea7ffc1d70e021

=====SPEC_HASHES=====
6bfaa5a80ab85a494b5e35d9cc68b1ec039d330a4386e8ac011f130556dbb7a1

=====SNAPSHOT=====
LEGACY-N/A

=====TESTRESULTS=====
LEGACY-N/A

=====DIAGNOSTICMETA=====
{"legacy_backfill": true}

=====DECISIONS=====
- Legacy patch log generated from commit history.
