patch_20250801_190823_89b46fc263c214d7e04ac0ebb60d4a9369d28224.log
=====TASK=====
Backfill legacy patch log

=====OBJECTIVE=====
Reconstruct patch metadata for auditing.

=====CONSTRAINTS=====
- No repository changes
- Use commit history only

=====SCOPE=====
Commit 89b46fc263c214d7e04ac0ebb60d4a9369d28224

=====DIFFSUMMARY=====
89b46fc patchlog: remove node_modules and document npm install
 .gitignore                                                  |  1 +
 README.md                                                   |  9 ++++++++-
 docs/patch_logs/patch_20250801_181344_RemoveNodeModules.log | 41 +++++++++++++++++++++++++++++++++++++++++
 3 files changed, 50 insertions(+), 1 deletion(-)

=====TIMESTAMP=====
2025-08-01T19:08:23Z

=====BUILDER_DATE_TIME (UTC)=====
20250801 200929

=====PROMPTID=====
legacy-backfill-batch-012

=====AGENTVERSION=====
LEGACY-N/A

=====AGENTHASH=====
LEGACY-N/A

=====PROMPTHASH=====
LEGACY-N/A

=====COMMITHASH=====
89b46fc263c214d7e04ac0ebb60d4a9369d28224

=====SPEC_HASHES=====
10ba62ac16c28028ead0d8892258ab67b59de208559b0027d4835794228c3167

=====SNAPSHOT=====
LEGACY-N/A

=====TESTRESULTS=====
LEGACY-N/A

=====DIAGNOSTICMETA=====
{"legacy_backfill": true}

=====DECISIONS=====
- Legacy patch log generated from commit history.
