patch_20250719_003749_7fbbbbbc1801c09751ceee5e71a7e6365e313c9e.log
=====TASK=====
Backfill legacy patch log

=====OBJECTIVE=====
Reconstruct patch metadata for auditing.

=====CONSTRAINTS=====
- No repository changes
- Use commit history only

=====SCOPE=====
Commit 7fbbbbbc1801c09751ceee5e71a7e6365e313c9e

=====DIFFSUMMARY=====
7fbbbbb docs: clarify when to rebuild images
 README.md            | 10 ++++++++--
 docs/design_scope.md |  4 ++--
 2 files changed, 10 insertions(+), 4 deletions(-)

=====TIMESTAMP=====
2025-07-19T00:37:49Z

=====BUILDER_DATE_TIME (UTC)=====
20250801 200929

=====PROMPTID=====
legacy-backfill-batch-006

=====AGENTVERSION=====
LEGACY-N/A

=====AGENTHASH=====
LEGACY-N/A

=====PROMPTHASH=====
LEGACY-N/A

=====COMMITHASH=====
7fbbbbbc1801c09751ceee5e71a7e6365e313c9e

=====SPEC_HASHES=====
10ba62ac16c28028ead0d8892258ab67b59de208559b0027d4835794228c3167

=====SNAPSHOT=====
LEGACY-N/A

=====TESTRESULTS=====
LEGACY-N/A

=====DIAGNOSTICMETA=====
{"legacy_backfill": true}

=====DECISIONS=====
- Legacy patch log generated from commit history.
