patch_20250722_015139_efcfbfdc6207d90ff5216c845db035e87e030480.log
=====TASK=====
Back-fill missing patch logs using commit history.

=====OBJECTIVE=====
Back-fill missing patch logs using commit history.

=====CONSTRAINTS=====
- AtomicPatch: create ≤100 new logs in this batch; abort on error.
- Filename pattern: patch_<UTC YYYYMMDD>_<HHMMSS>_<commit_hash>.log
- Required fields: TASK, OBJECTIVE, CONSTRAINTS, SCOPE,
                    DIFFSUMMARY (git show --stat),
                    snapshot_metadata=LEGACY-N/A,
                    agent_metadata=LEGACY-N/A,
                    test_results=LEGACY-N/A,
                    diagnostic block noting legacy status,
                    SPEC_HASHES (current CAG & agents.md).
- Skip commits already covered by docs/patch_logs/*.log
- Preserve existing logs; no edits.

=====SCOPE=====
Commit efcfbfdc6207d90ff5216c845db035e87e030480

=====DIFFSUMMARY=====
commit efcfbfdc6207d90ff5216c845db035e87e030480
Author: buymeagoat <53793097+buymeagoat@users.noreply.github.com>
Date:   Mon Jul 21 19:51:39 2025 -0600

    Adjust registry check

 scripts/docker_build.sh  | 4 ++--
 scripts/shared_checks.sh | 2 +-
 2 files changed, 3 insertions(+), 3 deletions(-)

=====TIMESTAMP=====
2025-07-22T01:51:39Z

=====BUILDER_DATE_TIME (UTC)=====
20250801 200929

=====PROMPTID=====
legacy-backfill-batch-008

=====AGENTVERSION=====
LEGACY-N/A

=====AGENTHASH=====
LEGACY-N/A

=====PROMPTHASH=====
LEGACY-N/A

=====COMMITHASH=====
efcfbfdc6207d90ff5216c845db035e87e030480

=====SPEC_HASHES=====
10ba62ac16c28028ead0d8892258ab67b59de208559b0027d4835794228c3167

=====SNAPSHOT=====
LEGACY-N/A

=====TESTRESULTS=====
LEGACY-N/A

=====DIAGNOSTICMETA=====
{"legacy_backfill": true}

=====DECISIONS=====
- Legacy patch log generated from commit history.
