patch_20250706_230746_05d9347f2ef8a70898319bcbbfd7bb30b086caf8.log
=====TASK=====
Backfill legacy patch log

=====OBJECTIVE=====
Reconstruct patch metadata for auditing.

=====CONSTRAINTS=====
- No repository changes
- Use commit history only

=====SCOPE=====
Commit 05d9347f2ef8a70898319bcbbfd7bb30b086caf8

=====DIFFSUMMARY=====
05d9347 Avoid uvicorn adding handlers
 scripts/server_entry.py | 11 ++++++++++-
 1 file changed, 10 insertions(+), 1 deletion(-)

=====TIMESTAMP=====
2025-07-06T23:07:46Z

=====BUILDER_DATE_TIME (UTC)=====
20250801 200929

=====PROMPTID=====
legacy-backfill-batch-006

=====AGENTVERSION=====
LEGACY-N/A

=====AGENTHASH=====
LEGACY-N/A

=====PROMPTHASH=====
LEGACY-N/A

=====COMMITHASH=====
05d9347f2ef8a70898319bcbbfd7bb30b086caf8

=====SPEC_HASHES=====
10ba62ac16c28028ead0d8892258ab67b59de208559b0027d4835794228c3167

=====SNAPSHOT=====
LEGACY-N/A

=====TESTRESULTS=====
LEGACY-N/A

=====DIAGNOSTICMETA=====
{"legacy_backfill": true}

=====DECISIONS=====
- Legacy patch log generated from commit history.
