patch_20250730_202306_08806db2c918c44f088cd26d0773710a14f2397b.log
=====TASK=====
Backfill legacy patch log

=====OBJECTIVE=====
Record missing patch log from history

=====CONSTRAINTS=====
- Placeholder for legacy snapshot and agent metadata

=====SCOPE=====
LEGACY commit 08806db2c918c44f088cd26d0773710a14f2397b

=====DIFFSUMMARY=====
commit 08806db2c918c44f088cd26d0773710a14f2397b
Author: buymeagoat <53793097+buymeagoat@users.noreply.github.com>
Date:   Wed Jul 30 14:23:06 2025 -0600

    docs: update CAG workflow

 README.md            | 2 +-
 docs/design_scope.md | 2 ++
 docs/help.md         | 2 ++
 3 files changed, 5 insertions(+), 1 deletion(-)

=====TIMESTAMP=====
2025-07-30T20:23:06Z

=====BUILDER_DATE_TIME (UTC)=====
20250801 191117

=====PROMPTID=====
legacy-backfill-batch-001

=====AGENTVERSION=====
LEGACY-N/A

=====AGENTHASH=====
LEGACY-N/A

=====PROMPTHASH=====
LEGACY-N/A

=====COMMITHASH=====
08806db2c918c44f088cd26d0773710a14f2397b

=====SPEC_HASHES=====
6bfaa5a80ab85a494b5e35d9cc68b1ec039d330a4386e8ac011f130556dbb7a1

=====SNAPSHOT=====
LEGACY-N/A

=====TESTRESULTS=====
LEGACY-N/A

=====DIAGNOSTICMETA=====
legacy-backfill

=====DECISIONS=====
- Auto-generated from commit history