patch_20250702_162342_4a6efe6dd7b19f0ff57d940b1fcd4716a6d2565d.log
=====TASK=====
Backfill legacy patch log

=====OBJECTIVE=====
Reconstruct patch metadata for auditing.

=====CONSTRAINTS=====
- No repository changes
- Use commit history only

=====SCOPE=====
Commit 4a6efe6dd7b19f0ff57d940b1fcd4716a6d2565d

=====DIFFSUMMARY=====
4a6efe6 Ensure system logger log dir exists
 api/utils/logger.py | 1 +
 1 file changed, 1 insertion(+)

=====TIMESTAMP=====
2025-07-02T16:23:42Z

=====BUILDER_DATE_TIME (UTC)=====
20250801 200929

=====PROMPTID=====
legacy-backfill-batch-005

=====AGENTVERSION=====
LEGACY-N/A

=====AGENTHASH=====
LEGACY-N/A

=====PROMPTHASH=====
LEGACY-N/A

=====COMMITHASH=====
4a6efe6dd7b19f0ff57d940b1fcd4716a6d2565d

=====SPEC_HASHES=====
10ba62ac16c28028ead0d8892258ab67b59de208559b0027d4835794228c3167

=====SNAPSHOT=====
LEGACY-N/A

=====TESTRESULTS=====
LEGACY-N/A

=====DIAGNOSTICMETA=====
{"legacy_backfill": true}

=====DECISIONS=====
- Legacy patch log generated from commit history.
