patch_20250628_194955_9122bbdbf353cf0eaa2e2de215e25b8313e31b18.log
=====TASK=====
Backfill legacy patch log

=====OBJECTIVE=====
Reconstruct patch metadata for auditing.

=====CONSTRAINTS=====
- No repository changes
- Use commit history only

=====SCOPE=====
Commit 9122bbdbf353cf0eaa2e2de215e25b8313e31b18

=====DIFFSUMMARY=====
9122bbd docs: clarify compose services
 README.md | 7 ++++---
 1 file changed, 4 insertions(+), 3 deletions(-)

=====TIMESTAMP=====
2025-06-28T19:49:55Z

=====BUILDER_DATE_TIME (UTC)=====
20250801 200929

=====PROMPTID=====
legacy-backfill-batch-004

=====AGENTVERSION=====
LEGACY-N/A

=====AGENTHASH=====
LEGACY-N/A

=====PROMPTHASH=====
LEGACY-N/A

=====COMMITHASH=====
9122bbdbf353cf0eaa2e2de215e25b8313e31b18

=====SPEC_HASHES=====
10ba62ac16c28028ead0d8892258ab67b59de208559b0027d4835794228c3167

=====SNAPSHOT=====
LEGACY-N/A

=====TESTRESULTS=====
LEGACY-N/A

=====DIAGNOSTICMETA=====
{"legacy_backfill": true}

=====DECISIONS=====
- Legacy patch log generated from commit history.