patch_20250719_034936_5702257ba29a2f42d498a251e41d4f5c576683b5.log
=====TASK=====
Back-fill missing patch logs using commit history.

=====OBJECTIVE=====
Back-fill missing patch logs using commit history.

=====CONSTRAINTS=====
- AtomicPatch: create ≤100 new logs in this batch; abort on error.
- Filename pattern: patch_<UTC YYYYMMDD>_<HHMMSS>_<commit_hash>.log
- Required fields: TASK, OBJECTIVE, CONSTRAINTS, SCOPE,
                    DIFFSUMMARY (git show --stat),
                    snapshot_metadata=LEGACY-N/A,
                    agent_metadata=LEGACY-N/A,
                    test_results=LEGACY-N/A,
                    diagnostic block noting legacy status,
                    SPEC_HASHES (current CAG & agents.md).
- Skip commits already covered by docs/patch_logs/*.log
- Preserve existing logs; no edits.

=====SCOPE=====
Commit 5702257ba29a2f42d498a251e41d4f5c576683b5

=====DIFFSUMMARY=====
commit 5702257ba29a2f42d498a251e41d4f5c576683b5
Author: buymeagoat <53793097+buymeagoat@users.noreply.github.com>
Date:   Fri Jul 18 21:49:36 2025 -0600

    refactor: optional dev dependencies

 Dockerfile               | 5 ++++-
 scripts/docker_build.sh  | 6 ++++--
 scripts/update_images.sh | 6 ++++--
 3 files changed, 12 insertions(+), 5 deletions(-)

=====TIMESTAMP=====
2025-07-19T03:49:36Z

=====BUILDER_DATE_TIME (UTC)=====
20250801 200929

=====PROMPTID=====
legacy-backfill-batch-008

=====AGENTVERSION=====
LEGACY-N/A

=====AGENTHASH=====
LEGACY-N/A

=====PROMPTHASH=====
LEGACY-N/A

=====COMMITHASH=====
5702257ba29a2f42d498a251e41d4f5c576683b5

=====SPEC_HASHES=====
10ba62ac16c28028ead0d8892258ab67b59de208559b0027d4835794228c3167

=====SNAPSHOT=====
LEGACY-N/A

=====TESTRESULTS=====
LEGACY-N/A

=====DIAGNOSTICMETA=====
{"legacy_backfill": true}

=====DECISIONS=====
- Legacy patch log generated from commit history.
