patch_20250627_010550_3515ad9590a671ceeaf68ab8d0bbd392c4fa79c0.log
=====TASK=====
Backfill legacy patch log

=====OBJECTIVE=====
Reconstruct patch metadata for auditing.

=====CONSTRAINTS=====
- No repository changes
- Use commit history only

=====SCOPE=====
Commit 3515ad9590a671ceeaf68ab8d0bbd392c4fa79c0

=====DIFFSUMMARY=====
3515ad9 Add server control setting and tests

README.md                          |  2 ++
 api/routes/admin.py                | 14 ++++++++-
 api/settings.py                    |  1 +
 tests/test_admin_server_control.py | 64 ++++++++++++++++++++++++++++++++++++++
 4 files changed, 80 insertions(+), 1 deletion(-)

=====TIMESTAMP=====
2025-06-27T01:05:50Z

=====BUILDER_DATE_TIME (UTC)=====
20250801 200929

=====PROMPTID=====
legacy-backfill-batch-003

=====AGENTVERSION=====
LEGACY-N/A

=====AGENTHASH=====
LEGACY-N/A

=====PROMPTHASH=====
LEGACY-N/A

=====COMMITHASH=====
3515ad9590a671ceeaf68ab8d0bbd392c4fa79c0

=====SPEC_HASHES=====
b56c464f9d3865da0d92d36f4ea508203ad295a8fcd86343f412fb7654514a50

=====SNAPSHOT=====
LEGACY-N/A

=====TESTRESULTS=====
LEGACY-N/A

=====DIAGNOSTICMETA=====
{"legacy_backfill": true}

=====DECISIONS=====
- Legacy patch log generated from commit history.
