patch_20250720_223717_e8da6c03e3a65f4b04f042b46b1a04ef8ce39eaa.log
=====TASK=====
Back-fill missing patch logs using commit history.

=====OBJECTIVE=====
Back-fill missing patch logs using commit history.

=====CONSTRAINTS=====
- AtomicPatch: create ≤100 new logs in this batch; abort on error.
- Filename pattern: patch_<UTC YYYYMMDD>_<HHMMSS>_<commit_hash>.log
- Required fields: TASK, OBJECTIVE, CONSTRAINTS, SCOPE,
                    DIFFSUMMARY (git show --stat),
                    snapshot_metadata=LEGACY-N/A,
                    agent_metadata=LEGACY-N/A,
                    test_results=LEGACY-N/A,
                    diagnostic block noting legacy status,
                    SPEC_HASHES (current CAG & agents.md).
- Skip commits already covered by docs/patch_logs/*.log
- Preserve existing logs; no edits.

=====SCOPE=====
Commit e8da6c03e3a65f4b04f042b46b1a04ef8ce39eaa

=====DIFFSUMMARY=====
commit e8da6c03e3a65f4b04f042b46b1a04ef8ce39eaa
Author: buymeagoat <53793097+buymeagoat@users.noreply.github.com>
Date:   Sun Jul 20 16:37:17 2025 -0600

    Copy worker script in Docker image

 Dockerfile | 1 +
 1 file changed, 1 insertion(+)

=====TIMESTAMP=====
2025-07-20T22:37:17Z

=====BUILDER_DATE_TIME (UTC)=====
20250801 200929

=====PROMPTID=====
legacy-backfill-batch-008

=====AGENTVERSION=====
LEGACY-N/A

=====AGENTHASH=====
LEGACY-N/A

=====PROMPTHASH=====
LEGACY-N/A

=====COMMITHASH=====
e8da6c03e3a65f4b04f042b46b1a04ef8ce39eaa

=====SPEC_HASHES=====
10ba62ac16c28028ead0d8892258ab67b59de208559b0027d4835794228c3167

=====SNAPSHOT=====
LEGACY-N/A

=====TESTRESULTS=====
LEGACY-N/A

=====DIAGNOSTICMETA=====
{"legacy_backfill": true}

=====DECISIONS=====
- Legacy patch log generated from commit history.
