patch_20250627_040010_c602488de8e6c7ce8c9ae0d2f0342050780e9099.log
=====TASK=====
Backfill legacy patch log

=====OBJECTIVE=====
Reconstruct patch metadata for auditing.

=====CONSTRAINTS=====
- No repository changes
- Use commit history only

=====SCOPE=====
Commit c602488de8e6c7ce8c9ae0d2f0342050780e9099

=====DIFFSUMMARY=====
c602488 Mark auto-delete transcripts feature done

docs/design_scope.md | 3 ++-
 1 file changed, 2 insertions(+), 1 deletion(-)

=====TIMESTAMP=====
2025-06-27T04:00:10Z

=====BUILDER_DATE_TIME (UTC)=====
20250801 200929

=====PROMPTID=====
legacy-backfill-batch-003

=====AGENTVERSION=====
LEGACY-N/A

=====AGENTHASH=====
LEGACY-N/A

=====PROMPTHASH=====
LEGACY-N/A

=====COMMITHASH=====
c602488de8e6c7ce8c9ae0d2f0342050780e9099

=====SPEC_HASHES=====
b56c464f9d3865da0d92d36f4ea508203ad295a8fcd86343f412fb7654514a50

=====SNAPSHOT=====
LEGACY-N/A

=====TESTRESULTS=====
LEGACY-N/A

=====DIAGNOSTICMETA=====
{"legacy_backfill": true}

=====DECISIONS=====
- Legacy patch log generated from commit history.
