patch_20250702_162730_f375f95f400239479f08e8612c32f908b848fa10.log
=====TASK=====
Backfill legacy patch log

=====OBJECTIVE=====
Reconstruct patch metadata for auditing.

=====CONSTRAINTS=====
- No repository changes
- Use commit history only

=====SCOPE=====
Commit f375f95f400239479f08e8612c32f908b848fa10

=====DIFFSUMMARY=====
f375f95 Add gosu entrypoint and update permissions handling
 Dockerfile                   |  9 +++++----
 README.md                    | 19 +++++--------------
 docker-compose.yml           |  4 +---
 scripts/docker-entrypoint.sh |  5 +++++
 scripts/start_containers.sh  | 11 -----------
 5 files changed, 16 insertions(+), 32 deletions(-)

=====TIMESTAMP=====
2025-07-02T16:27:30Z

=====BUILDER_DATE_TIME (UTC)=====
20250801 200929

=====PROMPTID=====
legacy-backfill-batch-005

=====AGENTVERSION=====
LEGACY-N/A

=====AGENTHASH=====
LEGACY-N/A

=====PROMPTHASH=====
LEGACY-N/A

=====COMMITHASH=====
f375f95f400239479f08e8612c32f908b848fa10

=====SPEC_HASHES=====
10ba62ac16c28028ead0d8892258ab67b59de208559b0027d4835794228c3167

=====SNAPSHOT=====
LEGACY-N/A

=====TESTRESULTS=====
LEGACY-N/A

=====DIAGNOSTICMETA=====
{"legacy_backfill": true}

=====DECISIONS=====
- Legacy patch log generated from commit history.
