patch_20250628_000834_d034c6da6ab04ee232cc3f6cf7899273fd95ee93.log
=====TASK=====
Backfill legacy patch log

=====OBJECTIVE=====
Reconstruct patch metadata for auditing.

=====CONSTRAINTS=====
- No repository changes
- Use commit history only

=====SCOPE=====
Commit d034c6da6ab04ee232cc3f6cf7899273fd95ee93

=====DIFFSUMMARY=====
d034c6d lazy import progress update
 api/app_state.py | 4 +++-
 1 file changed, 3 insertions(+), 1 deletion(-)

=====TIMESTAMP=====
2025-06-28T00:08:34Z

=====BUILDER_DATE_TIME (UTC)=====
20250801 200929

=====PROMPTID=====
legacy-backfill-batch-004

=====AGENTVERSION=====
LEGACY-N/A

=====AGENTHASH=====
LEGACY-N/A

=====PROMPTHASH=====
LEGACY-N/A

=====COMMITHASH=====
d034c6da6ab04ee232cc3f6cf7899273fd95ee93

=====SPEC_HASHES=====
10ba62ac16c28028ead0d8892258ab67b59de208559b0027d4835794228c3167

=====SNAPSHOT=====
LEGACY-N/A

=====TESTRESULTS=====
LEGACY-N/A

=====DIAGNOSTICMETA=====
{"legacy_backfill": true}

=====DECISIONS=====
- Legacy patch log generated from commit history.