patch_20250629_023236_dbf2327eae261b1db0e52736bdf22ecbf2e7e62c.log
=====TASK=====
Backfill legacy patch log

=====OBJECTIVE=====
Reconstruct patch metadata for auditing.

=====CONSTRAINTS=====
- No repository changes
- Use commit history only

=====SCOPE=====
Commit dbf2327eae261b1db0e52736bdf22ecbf2e7e62c

=====DIFFSUMMARY=====
dbf2327 Add Celery dependency
 pyproject.toml   | 1 +
 requirements.txt | 3 +++
 2 files changed, 4 insertions(+)

=====TIMESTAMP=====
2025-06-29T02:32:36Z

=====BUILDER_DATE_TIME (UTC)=====
20250801 200929

=====PROMPTID=====
legacy-backfill-batch-004

=====AGENTVERSION=====
LEGACY-N/A

=====AGENTHASH=====
LEGACY-N/A

=====PROMPTHASH=====
LEGACY-N/A

=====COMMITHASH=====
dbf2327eae261b1db0e52736bdf22ecbf2e7e62c

=====SPEC_HASHES=====
10ba62ac16c28028ead0d8892258ab67b59de208559b0027d4835794228c3167

=====SNAPSHOT=====
LEGACY-N/A

=====TESTRESULTS=====
LEGACY-N/A

=====DIAGNOSTICMETA=====
{"legacy_backfill": true}

=====DECISIONS=====
- Legacy patch log generated from commit history.