patch_20250801_150701_8d7e1068793ca1dadba0c9e512dc13e51c7aca32.log
=====TASK=====
Backfill legacy patch log

=====OBJECTIVE=====
Record missing patch log from history

=====CONSTRAINTS=====
- Placeholder for legacy snapshot and agent metadata

=====SCOPE=====
LEGACY commit 8d7e1068793ca1dadba0c9e512dc13e51c7aca32

=====DIFFSUMMARY=====
commit 8d7e1068793ca1dadba0c9e512dc13e51c7aca32
Author: buymeagoat <53793097+buymeagoat@users.noreply.github.com>
Date:   Fri Aug 1 09:07:01 2025 -0600

    Add SPEC_HASHES to PatchLogging

 ...atch_20250801_150357_UpdatePatchLoggingSpec.log | 51 ++++++++++++++++++++++
 instructions/cag_dense.txt                         |  1 +
 2 files changed, 52 insertions(+)

=====TIMESTAMP=====
2025-08-01T15:07:01Z

=====BUILDER_DATE_TIME (UTC)=====
20250801 191117

=====PROMPTID=====
legacy-backfill-batch-001

=====AGENTVERSION=====
LEGACY-N/A

=====AGENTHASH=====
LEGACY-N/A

=====PROMPTHASH=====
LEGACY-N/A

=====COMMITHASH=====
8d7e1068793ca1dadba0c9e512dc13e51c7aca32

=====SPEC_HASHES=====
6bfaa5a80ab85a494b5e35d9cc68b1ec039d330a4386e8ac011f130556dbb7a1

=====SNAPSHOT=====
LEGACY-N/A

=====TESTRESULTS=====
LEGACY-N/A

=====DIAGNOSTICMETA=====
legacy-backfill

=====DECISIONS=====
- Auto-generated from commit history