patch_20250711_050322_12cbb34d1ae9afbb7a28859d0e1e5836146bda44.log
=====TASK=====
Backfill legacy patch log

=====OBJECTIVE=====
Reconstruct patch metadata for auditing.

=====CONSTRAINTS=====
- No repository changes
- Use commit history only

=====SCOPE=====
Commit 12cbb34d1ae9afbb7a28859d0e1e5836146bda44

=====DIFFSUMMARY=====
12cbb34 feat: handle compose versions without secret support
 scripts/docker_build.sh  | 32 +++++++++++++++++++++++---------
 scripts/update_images.sh | 17 ++++++++++++++++-
 2 files changed, 39 insertions(+), 10 deletions(-)

=====TIMESTAMP=====
2025-07-11T05:03:22Z

=====BUILDER_DATE_TIME (UTC)=====
20250801 200929

=====PROMPTID=====
legacy-backfill-batch-006

=====AGENTVERSION=====
LEGACY-N/A

=====AGENTHASH=====
LEGACY-N/A

=====PROMPTHASH=====
LEGACY-N/A

=====COMMITHASH=====
12cbb34d1ae9afbb7a28859d0e1e5836146bda44

=====SPEC_HASHES=====
10ba62ac16c28028ead0d8892258ab67b59de208559b0027d4835794228c3167

=====SNAPSHOT=====
LEGACY-N/A

=====TESTRESULTS=====
LEGACY-N/A

=====DIAGNOSTICMETA=====
{"legacy_backfill": true}

=====DECISIONS=====
- Legacy patch log generated from commit history.
