patch_20250627_021342_f456d3bdbf6d3ffc1f3005eacf54ebbc51b1f4d0.log
=====TASK=====
Backfill legacy patch log

=====OBJECTIVE=====
Reconstruct patch metadata for auditing.

=====CONSTRAINTS=====
- No repository changes
- Use commit history only

=====SCOPE=====
Commit f456d3bdbf6d3ffc1f3005eacf54ebbc51b1f4d0

=====DIFFSUMMARY=====
f456d3b Add system log streaming

README.md                        |  2 ++
 api/routes/logs.py               | 22 ++++++++++++++++
 docs/design_scope.md             |  1 +
 frontend/src/pages/AdminPage.jsx | 57 +++++++++++++++++++++++++++++++++++++++-
 4 files changed, 81 insertions(+), 1 deletion(-)

=====TIMESTAMP=====
2025-06-27T02:13:42Z

=====BUILDER_DATE_TIME (UTC)=====
20250801 200929

=====PROMPTID=====
legacy-backfill-batch-003

=====AGENTVERSION=====
LEGACY-N/A

=====AGENTHASH=====
LEGACY-N/A

=====PROMPTHASH=====
LEGACY-N/A

=====COMMITHASH=====
f456d3bdbf6d3ffc1f3005eacf54ebbc51b1f4d0

=====SPEC_HASHES=====
b56c464f9d3865da0d92d36f4ea508203ad295a8fcd86343f412fb7654514a50

=====SNAPSHOT=====
LEGACY-N/A

=====TESTRESULTS=====
LEGACY-N/A

=====DIAGNOSTICMETA=====
{"legacy_backfill": true}

=====DECISIONS=====
- Legacy patch log generated from commit history.
