patch_20250627_033713_025a4cb85cf8045589148455419963cc11f1d29e.log
=====TASK=====
Backfill legacy patch log

=====OBJECTIVE=====
Reconstruct patch metadata for auditing.

=====CONSTRAINTS=====
- No repository changes
- Use commit history only

=====SCOPE=====
Commit 025a4cb85cf8045589148455419963cc11f1d29e

=====DIFFSUMMARY=====
025a4cb make whisper path configurable

README.md            | 9 ++++++---
 api/app_state.py     | 6 +++---
 api/paths.py         | 2 +-
 api/settings.py      | 6 ++++++
 docs/design_scope.md | 5 ++++-
 5 files changed, 20 insertions(+), 8 deletions(-)

=====TIMESTAMP=====
2025-06-27T03:37:13Z

=====BUILDER_DATE_TIME (UTC)=====
20250801 200929

=====PROMPTID=====
legacy-backfill-batch-003

=====AGENTVERSION=====
LEGACY-N/A

=====AGENTHASH=====
LEGACY-N/A

=====PROMPTHASH=====
LEGACY-N/A

=====COMMITHASH=====
025a4cb85cf8045589148455419963cc11f1d29e

=====SPEC_HASHES=====
b56c464f9d3865da0d92d36f4ea508203ad295a8fcd86343f412fb7654514a50

=====SNAPSHOT=====
LEGACY-N/A

=====TESTRESULTS=====
LEGACY-N/A

=====DIAGNOSTICMETA=====
{"legacy_backfill": true}

=====DECISIONS=====
- Legacy patch log generated from commit history.
