patch_20250711_194230_57adee775ce321988a5ff27505d0823d26b5ebbc.log
=====TASK=====
Backfill legacy patch log

=====OBJECTIVE=====
Reconstruct patch metadata for auditing.

=====CONSTRAINTS=====
- No repository changes
- Use commit history only

=====SCOPE=====
Commit 57adee775ce321988a5ff27505d0823d26b5ebbc

=====DIFFSUMMARY=====
57adee7 Add ffmpeg availability checks
 scripts/docker_build.sh     | 1 +
 scripts/shared_checks.sh    | 8 ++++++++
 scripts/start_containers.sh | 1 +
 3 files changed, 10 insertions(+)

=====TIMESTAMP=====
2025-07-11T19:42:30Z

=====BUILDER_DATE_TIME (UTC)=====
20250801 200929

=====PROMPTID=====
legacy-backfill-batch-006

=====AGENTVERSION=====
LEGACY-N/A

=====AGENTHASH=====
LEGACY-N/A

=====PROMPTHASH=====
LEGACY-N/A

=====COMMITHASH=====
57adee775ce321988a5ff27505d0823d26b5ebbc

=====SPEC_HASHES=====
10ba62ac16c28028ead0d8892258ab67b59de208559b0027d4835794228c3167

=====SNAPSHOT=====
LEGACY-N/A

=====TESTRESULTS=====
LEGACY-N/A

=====DIAGNOSTICMETA=====
{"legacy_backfill": true}

=====DECISIONS=====
- Legacy patch log generated from commit history.
