patch_20250627_015626_0b6ab6a8bcab46a349a97fdd00ca3a7171c9aa94.log
=====TASK=====
Backfill legacy patch log

=====OBJECTIVE=====
Reconstruct patch metadata for auditing.

=====CONSTRAINTS=====
- No repository changes
- Use commit history only

=====SCOPE=====
Commit 0b6ab6a8bcab46a349a97fdd00ca3a7171c9aa94

=====DIFFSUMMARY=====
0b6ab6a Move transcript sync to cloud storage

README.md               |  4 ++++
 api/paths.py            |  2 +-
 api/services/storage.py | 18 +++++++++---------
 api/settings.py         |  4 ++++
 docs/design_scope.md    |  4 ++++
 tests/conftest.py       | 17 ++++++++++-------
 6 files changed, 32 insertions(+), 17 deletions(-)

=====TIMESTAMP=====
2025-06-27T01:56:26Z

=====BUILDER_DATE_TIME (UTC)=====
20250801 200929

=====PROMPTID=====
legacy-backfill-batch-003

=====AGENTVERSION=====
LEGACY-N/A

=====AGENTHASH=====
LEGACY-N/A

=====PROMPTHASH=====
LEGACY-N/A

=====COMMITHASH=====
0b6ab6a8bcab46a349a97fdd00ca3a7171c9aa94

=====SPEC_HASHES=====
b56c464f9d3865da0d92d36f4ea508203ad295a8fcd86343f412fb7654514a50

=====SNAPSHOT=====
LEGACY-N/A

=====TESTRESULTS=====
LEGACY-N/A

=====DIAGNOSTICMETA=====
{"legacy_backfill": true}

=====DECISIONS=====
- Legacy patch log generated from commit history.
