patch_20250727_132444_f892f23e1abd0ed826cf9eab793a9a4168d54ae2.log
=====TASK=====
Backfill legacy patch log

=====OBJECTIVE=====
Reconstruct patch metadata for auditing.

=====CONSTRAINTS=====
- No repository changes
- Use commit history only

=====SCOPE=====
Commit f892f23e1abd0ed826cf9eab793a9a4168d54ae2

=====DIFFSUMMARY=====
f892f23 use rm -rf in cleanup
 scripts/docker_build.sh     | 18 +++++++++---------
 scripts/start_containers.sh |  8 ++++----
 2 files changed, 13 insertions(+), 13 deletions(-)

=====TIMESTAMP=====
2025-07-27T13:24:44Z

=====BUILDER_DATE_TIME (UTC)=====
20250801 194741

=====PROMPTID=====
legacy-backfill-batch-002

=====AGENTVERSION=====
LEGACY-N/A

=====AGENTHASH=====
LEGACY-N/A

=====PROMPTHASH=====
LEGACY-N/A

=====COMMITHASH=====
f892f23e1abd0ed826cf9eab793a9a4168d54ae2

=====SPEC_HASHES=====
6bfaa5a80ab85a494b5e35d9cc68b1ec039d330a4386e8ac011f130556dbb7a1

=====SNAPSHOT=====
LEGACY-N/A

=====TESTRESULTS=====
LEGACY-N/A

=====DIAGNOSTICMETA=====
{"legacy_backfill": true}

=====DECISIONS=====
- Legacy patch log generated from commit history.
