patch_20250629_023303_ac855d4205b720f4ec2816772c20d10f42f83f1b.log
=====TASK=====
Backfill legacy patch log

=====OBJECTIVE=====
Reconstruct patch metadata for auditing.

=====CONSTRAINTS=====
- No repository changes
- Use commit history only

=====SCOPE=====
Commit ac855d4205b720f4ec2816772c20d10f42f83f1b

=====DIFFSUMMARY=====
ac855d4 docs: document Celery requirement
 README.md            | 7 ++++++-
 docs/design_scope.md | 2 ++
 2 files changed, 8 insertions(+), 1 deletion(-)

=====TIMESTAMP=====
2025-06-29T02:33:03Z

=====BUILDER_DATE_TIME (UTC)=====
20250801 200929

=====PROMPTID=====
legacy-backfill-batch-004

=====AGENTVERSION=====
LEGACY-N/A

=====AGENTHASH=====
LEGACY-N/A

=====PROMPTHASH=====
LEGACY-N/A

=====COMMITHASH=====
ac855d4205b720f4ec2816772c20d10f42f83f1b

=====SPEC_HASHES=====
10ba62ac16c28028ead0d8892258ab67b59de208559b0027d4835794228c3167

=====SNAPSHOT=====
LEGACY-N/A

=====TESTRESULTS=====
LEGACY-N/A

=====DIAGNOSTICMETA=====
{"legacy_backfill": true}

=====DECISIONS=====
- Legacy patch log generated from commit history.