patch_20250626_233010_7b2c2f2d8312d1cd13b7e6111126e6898a3d9ae7.log
=====TASK=====
Backfill legacy patch log

=====OBJECTIVE=====
Reconstruct patch metadata for auditing.

=====CONSTRAINTS=====
- No repository changes
- Use commit history only

=====SCOPE=====
Commit 7b2c2f2d8312d1cd13b7e6111126e6898a3d9ae7

=====DIFFSUMMARY=====
7b2c2f2 Add tests and coverage setup

README.md              | 10 ++++++++
 requirements-dev.txt   |  2 ++
 tests/conftest.py      | 69 ++++++++++++++++++++++++++++++++++++++++++++++++--
 tests/test_auth.py     | 26 +++++++++++++++++++
 tests/test_jobs_api.py | 43 +++++++++++++++++++++++++++++++
 tests/test_queue.py    | 32 +++++++++++++++++++++++
 6 files changed, 180 insertions(+), 2 deletions(-)

=====TIMESTAMP=====
2025-06-26T23:30:10Z

=====BUILDER_DATE_TIME (UTC)=====
20250801 200929

=====PROMPTID=====
legacy-backfill-batch-003

=====AGENTVERSION=====
LEGACY-N/A

=====AGENTHASH=====
LEGACY-N/A

=====PROMPTHASH=====
LEGACY-N/A

=====COMMITHASH=====
7b2c2f2d8312d1cd13b7e6111126e6898a3d9ae7

=====SPEC_HASHES=====
b56c464f9d3865da0d92d36f4ea508203ad295a8fcd86343f412fb7654514a50

=====SNAPSHOT=====
LEGACY-N/A

=====TESTRESULTS=====
LEGACY-N/A

=====DIAGNOSTICMETA=====
{"legacy_backfill": true}

=====DECISIONS=====
- Legacy patch log generated from commit history.
