patch_20250627_220200_724d65f3ef68c41df197637a57e9b1f0ad34c9cf.log
=====TASK=====
Backfill legacy patch log

=====OBJECTIVE=====
Reconstruct patch metadata for auditing.

=====CONSTRAINTS=====
- No repository changes
- Use commit history only

=====SCOPE=====
Commit 724d65f3ef68c41df197637a57e9b1f0ad34c9cf

=====DIFFSUMMARY=====
724d65f Add resize support for ThreadJobQueue
 api/routes/admin.py                    |  3 +-
 api/services/job_queue.py              | 40 +++++++++++++----
 tests/test_admin_concurrency_config.py | 79 ++++++++++++++++++++++++++++++++++
 3 files changed, 112 insertions(+), 10 deletions(-)

=====TIMESTAMP=====
2025-06-27T22:02:00Z

=====BUILDER_DATE_TIME (UTC)=====
20250801 200929

=====PROMPTID=====
legacy-backfill-batch-004

=====AGENTVERSION=====
LEGACY-N/A

=====AGENTHASH=====
LEGACY-N/A

=====PROMPTHASH=====
LEGACY-N/A

=====COMMITHASH=====
724d65f3ef68c41df197637a57e9b1f0ad34c9cf

=====SPEC_HASHES=====
10ba62ac16c28028ead0d8892258ab67b59de208559b0027d4835794228c3167

=====SNAPSHOT=====
LEGACY-N/A

=====TESTRESULTS=====
LEGACY-N/A

=====DIAGNOSTICMETA=====
{"legacy_backfill": true}

=====DECISIONS=====
- Legacy patch log generated from commit history.