patch_20250707_053034_31495d503a98ff1637c5704e86aae81d5fa28834.log
=====TASK=====
Backfill legacy patch log

=====OBJECTIVE=====
Reconstruct patch metadata for auditing.

=====CONSTRAINTS=====
- No repository changes
- Use commit history only

=====SCOPE=====
Commit 31495d503a98ff1637c5704e86aae81d5fa28834

=====DIFFSUMMARY=====
31495d5 Add RabbitMQ config and mount in compose
 README.md          | 10 ++++++++++
 docker-compose.yml |  1 +
 rabbitmq.conf      |  3 +++
 3 files changed, 14 insertions(+)

=====TIMESTAMP=====
2025-07-07T05:30:34Z

=====BUILDER_DATE_TIME (UTC)=====
20250801 200929

=====PROMPTID=====
legacy-backfill-batch-006

=====AGENTVERSION=====
LEGACY-N/A

=====AGENTHASH=====
LEGACY-N/A

=====PROMPTHASH=====
LEGACY-N/A

=====COMMITHASH=====
31495d503a98ff1637c5704e86aae81d5fa28834

=====SPEC_HASHES=====
10ba62ac16c28028ead0d8892258ab67b59de208559b0027d4835794228c3167

=====SNAPSHOT=====
LEGACY-N/A

=====TESTRESULTS=====
LEGACY-N/A

=====DIAGNOSTICMETA=====
{"legacy_backfill": true}

=====DECISIONS=====
- Legacy patch log generated from commit history.
