patch_20250721_204845_8ca44717ab980fce2898f0372b8c1234a6af33b3.log
=====TASK=====
Back-fill missing patch logs using commit history.

=====OBJECTIVE=====
Back-fill missing patch logs using commit history.

=====CONSTRAINTS=====
- AtomicPatch: create ≤100 new logs in this batch; abort on error.
- Filename pattern: patch_<UTC YYYYMMDD>_<HHMMSS>_<commit_hash>.log
- Required fields: TASK, OBJECTIVE, CONSTRAINTS, SCOPE,
                    DIFFSUMMARY (git show --stat),
                    snapshot_metadata=LEGACY-N/A,
                    agent_metadata=LEGACY-N/A,
                    test_results=LEGACY-N/A,
                    diagnostic block noting legacy status,
                    SPEC_HASHES (current CAG & agents.md).
- Skip commits already covered by docs/patch_logs/*.log
- Preserve existing logs; no edits.

=====SCOPE=====
Commit 8ca44717ab980fce2898f0372b8c1234a6af33b3

=====DIFFSUMMARY=====
commit 8ca44717ab980fce2898f0372b8c1234a6af33b3
Author: buymeagoat <53793097+buymeagoat@users.noreply.github.com>
Date:   Mon Jul 21 14:48:45 2025 -0600

    Stage dependencies before building

 README.md                |  2 +-
 docs/design_scope.md     |  4 ++--
 scripts/docker_build.sh  |  8 ++------
 scripts/shared_checks.sh | 47 +++++++++++++++++++++++++++++++++++++++++++++++
 scripts/update_images.sh |  2 +-
 5 files changed, 53 insertions(+), 10 deletions(-)

=====TIMESTAMP=====
2025-07-21T20:48:45Z

=====BUILDER_DATE_TIME (UTC)=====
20250801 200929

=====PROMPTID=====
legacy-backfill-batch-008

=====AGENTVERSION=====
LEGACY-N/A

=====AGENTHASH=====
LEGACY-N/A

=====PROMPTHASH=====
LEGACY-N/A

=====COMMITHASH=====
8ca44717ab980fce2898f0372b8c1234a6af33b3

=====SPEC_HASHES=====
10ba62ac16c28028ead0d8892258ab67b59de208559b0027d4835794228c3167

=====SNAPSHOT=====
LEGACY-N/A

=====TESTRESULTS=====
LEGACY-N/A

=====DIAGNOSTICMETA=====
{"legacy_backfill": true}

=====DECISIONS=====
- Legacy patch log generated from commit history.
