patch_20250626_235128_46a22cafffc11e4dc53816dff56bb8e7defb54c4.log
=====TASK=====
Backfill legacy patch log

=====OBJECTIVE=====
Reconstruct patch metadata for auditing.

=====CONSTRAINTS=====
- No repository changes
- Use commit history only

=====SCOPE=====
Commit 46a22cafffc11e4dc53816dff56bb8e7defb54c4

=====DIFFSUMMARY=====
46a22ca Add cleanup settings

README.md            | 4 ++++
 api/settings.py      | 2 ++
 docs/design_scope.md | 3 +++
 3 files changed, 9 insertions(+)

=====TIMESTAMP=====
2025-06-26T23:51:28Z

=====BUILDER_DATE_TIME (UTC)=====
20250801 200929

=====PROMPTID=====
legacy-backfill-batch-003

=====AGENTVERSION=====
LEGACY-N/A

=====AGENTHASH=====
LEGACY-N/A

=====PROMPTHASH=====
LEGACY-N/A

=====COMMITHASH=====
46a22cafffc11e4dc53816dff56bb8e7defb54c4

=====SPEC_HASHES=====
b56c464f9d3865da0d92d36f4ea508203ad295a8fcd86343f412fb7654514a50

=====SNAPSHOT=====
LEGACY-N/A

=====TESTRESULTS=====
LEGACY-N/A

=====DIAGNOSTICMETA=====
{"legacy_backfill": true}

=====DECISIONS=====
- Legacy patch log generated from commit history.
