patch_20250627_022004_81ebddc5af2481cb5fd8e56b6fe0ac662a41dcff.log
=====TASK=====
Backfill legacy patch log

=====OBJECTIVE=====
Reconstruct patch metadata for auditing.

=====CONSTRAINTS=====
- No repository changes
- Use commit history only

=====SCOPE=====
Commit 81ebddc5af2481cb5fd8e56b6fe0ac662a41dcff

=====DIFFSUMMARY=====
81ebddc Validate models directory during Docker build

Dockerfile | 1 +
 README.md  | 6 ++++--
 2 files changed, 5 insertions(+), 2 deletions(-)

=====TIMESTAMP=====
2025-06-27T02:20:04Z

=====BUILDER_DATE_TIME (UTC)=====
20250801 200929

=====PROMPTID=====
legacy-backfill-batch-003

=====AGENTVERSION=====
LEGACY-N/A

=====AGENTHASH=====
LEGACY-N/A

=====PROMPTHASH=====
LEGACY-N/A

=====COMMITHASH=====
81ebddc5af2481cb5fd8e56b6fe0ac662a41dcff

=====SPEC_HASHES=====
b56c464f9d3865da0d92d36f4ea508203ad295a8fcd86343f412fb7654514a50

=====SNAPSHOT=====
LEGACY-N/A

=====TESTRESULTS=====
LEGACY-N/A

=====DIAGNOSTICMETA=====
{"legacy_backfill": true}

=====DECISIONS=====
- Legacy patch log generated from commit history.
