patch_20250630_014815_7e78184ced835d3ab98438bc7b0bfd23201fdad8.log
=====TASK=====
Backfill legacy patch log

=====OBJECTIVE=====
Reconstruct patch metadata for auditing.

=====CONSTRAINTS=====
- No repository changes
- Use commit history only

=====SCOPE=====
Commit 7e78184ced835d3ab98438bc7b0bfd23201fdad8

=====DIFFSUMMARY=====
7e78184 Remove stray troubleshooting instruction from orm bootstrap
 api/orm_bootstrap.py | 1 -
 1 file changed, 1 deletion(-)

=====TIMESTAMP=====
2025-06-30T01:48:15Z

=====BUILDER_DATE_TIME (UTC)=====
20250801 200929

=====PROMPTID=====
legacy-backfill-batch-005

=====AGENTVERSION=====
LEGACY-N/A

=====AGENTHASH=====
LEGACY-N/A

=====PROMPTHASH=====
LEGACY-N/A

=====COMMITHASH=====
7e78184ced835d3ab98438bc7b0bfd23201fdad8

=====SPEC_HASHES=====
10ba62ac16c28028ead0d8892258ab67b59de208559b0027d4835794228c3167

=====SNAPSHOT=====
LEGACY-N/A

=====TESTRESULTS=====
LEGACY-N/A

=====DIAGNOSTICMETA=====
{"legacy_backfill": true}

=====DECISIONS=====
- Legacy patch log generated from commit history.
