patch_20250728_225845_426d2ebad8b6019bd5ad10c1f7078009603c7fc9.log
=====TASK=====
Backfill legacy patch log

=====OBJECTIVE=====
Record missing patch log from history

=====CONSTRAINTS=====
- Placeholder for legacy snapshot and agent metadata

=====SCOPE=====
LEGACY commit 426d2ebad8b6019bd5ad10c1f7078009603c7fc9

=====DIFFSUMMARY=====
commit 426d2ebad8b6019bd5ad10c1f7078009603c7fc9
Author: buymeagoat <53793097+buymeagoat@users.noreply.github.com>
Date:   Mon Jul 28 16:58:45 2025 -0600

    Harden build scripts and update docs

 docs/TROUBLESHOOTING.md          |  6 ++++++
 docs/environment.md              |  2 +-
 docs/observability.md            |  8 ++++++++
 requirements-dev.txt             |  1 +
 scripts/docker_build.sh          | 17 ++++++++++++++---
 scripts/prestage_dependencies.sh | 15 ++++++++++-----
 6 files changed, 40 insertions(+), 9 deletions(-)

=====TIMESTAMP=====
2025-07-28T22:58:45Z

=====BUILDER_DATE_TIME (UTC)=====
20250801 191117

=====PROMPTID=====
legacy-backfill-batch-001

=====AGENTVERSION=====
LEGACY-N/A

=====AGENTHASH=====
LEGACY-N/A

=====PROMPTHASH=====
LEGACY-N/A

=====COMMITHASH=====
426d2ebad8b6019bd5ad10c1f7078009603c7fc9

=====SPEC_HASHES=====
6bfaa5a80ab85a494b5e35d9cc68b1ec039d330a4386e8ac011f130556dbb7a1

=====SNAPSHOT=====
LEGACY-N/A

=====TESTRESULTS=====
LEGACY-N/A

=====DIAGNOSTICMETA=====
legacy-backfill

=====DECISIONS=====
- Auto-generated from commit history