patch_20250708_191443_ca171eca19949ab08ad9477a0336181759e431f9.log
=====TASK=====
Backfill legacy patch log

=====OBJECTIVE=====
Reconstruct patch metadata for auditing.

=====CONSTRAINTS=====
- No repository changes
- Use commit history only

=====SCOPE=====
Commit ca171eca19949ab08ad9477a0336181759e431f9

=====DIFFSUMMARY=====
ca171ec Add prerequisite checks to start_containers
 README.md                   | 14 ++++++++------
 docs/design_scope.md        |  2 +-
 docs/future_updates.md      |  5 +++++
 scripts/start_containers.sh | 31 +++++++++++++++++++++++++++++++
 4 files changed, 45 insertions(+), 7 deletions(-)

=====TIMESTAMP=====
2025-07-08T19:14:43Z

=====BUILDER_DATE_TIME (UTC)=====
20250801 200929

=====PROMPTID=====
legacy-backfill-batch-006

=====AGENTVERSION=====
LEGACY-N/A

=====AGENTHASH=====
LEGACY-N/A

=====PROMPTHASH=====
LEGACY-N/A

=====COMMITHASH=====
ca171eca19949ab08ad9477a0336181759e431f9

=====SPEC_HASHES=====
10ba62ac16c28028ead0d8892258ab67b59de208559b0027d4835794228c3167

=====SNAPSHOT=====
LEGACY-N/A

=====TESTRESULTS=====
LEGACY-N/A

=====DIAGNOSTICMETA=====
{"legacy_backfill": true}

=====DECISIONS=====
- Legacy patch log generated from commit history.
