patch_20250630_200759_217f12be52963b34c59ca6acead23d656f6b15e3.log
=====TASK=====
Backfill legacy patch log

=====OBJECTIVE=====
Reconstruct patch metadata for auditing.

=====CONSTRAINTS=====
- No repository changes
- Use commit history only

=====SCOPE=====
Commit 217f12be52963b34c59ca6acead23d656f6b15e3

=====DIFFSUMMARY=====
217f12b docs: add SECRET_KEY generation example
 README.md | 8 ++++++++
 1 file changed, 8 insertions(+)

=====TIMESTAMP=====
2025-06-30T20:07:59Z

=====BUILDER_DATE_TIME (UTC)=====
20250801 200929

=====PROMPTID=====
legacy-backfill-batch-005

=====AGENTVERSION=====
LEGACY-N/A

=====AGENTHASH=====
LEGACY-N/A

=====PROMPTHASH=====
LEGACY-N/A

=====COMMITHASH=====
217f12be52963b34c59ca6acead23d656f6b15e3

=====SPEC_HASHES=====
10ba62ac16c28028ead0d8892258ab67b59de208559b0027d4835794228c3167

=====SNAPSHOT=====
LEGACY-N/A

=====TESTRESULTS=====
LEGACY-N/A

=====DIAGNOSTICMETA=====
{"legacy_backfill": true}

=====DECISIONS=====
- Legacy patch log generated from commit history.
