patch_20250801_145114_7b2b8144dd30d7a5601c2fb8aca92e5e9ebe9179.log
=====TASK=====
Backfill legacy patch log

=====OBJECTIVE=====
Record missing patch log from history

=====CONSTRAINTS=====
- Placeholder for legacy snapshot and agent metadata

=====SCOPE=====
LEGACY commit 7b2b8144dd30d7a5601c2fb8aca92e5e9ebe9179

=====DIFFSUMMARY=====
commit 7b2b8144dd30d7a5601c2fb8aca92e5e9ebe9179
Author: buymeagoat <53793097+buymeagoat@users.noreply.github.com>
Date:   Fri Aug 1 09:51:14 2025 -0500

    Create CAG_spec.md

 docs/CAG_spec.md | 44 ++++++++++++++++++++++++++++++++++++++++++++
 1 file changed, 44 insertions(+)

=====TIMESTAMP=====
2025-08-01T14:51:14Z

=====BUILDER_DATE_TIME (UTC)=====
20250801 191117

=====PROMPTID=====
legacy-backfill-batch-001

=====AGENTVERSION=====
LEGACY-N/A

=====AGENTHASH=====
LEGACY-N/A

=====PROMPTHASH=====
LEGACY-N/A

=====COMMITHASH=====
7b2b8144dd30d7a5601c2fb8aca92e5e9ebe9179

=====SPEC_HASHES=====
6bfaa5a80ab85a494b5e35d9cc68b1ec039d330a4386e8ac011f130556dbb7a1

=====SNAPSHOT=====
LEGACY-N/A

=====TESTRESULTS=====
LEGACY-N/A

=====DIAGNOSTICMETA=====
legacy-backfill

=====DECISIONS=====
- Auto-generated from commit history