patch_20250627_035056_f1957655a2ce8f3a36efa4a0b783a2005350ca28.log
=====TASK=====
Backfill legacy patch log

=====OBJECTIVE=====
Reconstruct patch metadata for auditing.

=====CONSTRAINTS=====
- No repository changes
- Use commit history only

=====SCOPE=====
Commit f1957655a2ce8f3a36efa4a0b783a2005350ca28

=====DIFFSUMMARY=====
f195765 Add configurable CORS origins

README.md            | 1 +
 api/main.py          | 2 +-
 api/settings.py      | 1 +
 docs/design_scope.md | 1 +
 4 files changed, 4 insertions(+), 1 deletion(-)

=====TIMESTAMP=====
2025-06-27T03:50:56Z

=====BUILDER_DATE_TIME (UTC)=====
20250801 200929

=====PROMPTID=====
legacy-backfill-batch-003

=====AGENTVERSION=====
LEGACY-N/A

=====AGENTHASH=====
LEGACY-N/A

=====PROMPTHASH=====
LEGACY-N/A

=====COMMITHASH=====
f1957655a2ce8f3a36efa4a0b783a2005350ca28

=====SPEC_HASHES=====
b56c464f9d3865da0d92d36f4ea508203ad295a8fcd86343f412fb7654514a50

=====SNAPSHOT=====
LEGACY-N/A

=====TESTRESULTS=====
LEGACY-N/A

=====DIAGNOSTICMETA=====
{"legacy_backfill": true}

=====DECISIONS=====
- Legacy patch log generated from commit history.
