patch_20250705_143159_0f3040d56babd2315f32c7dd6e212bdf60781781.log
=====TASK=====
Backfill legacy patch log

=====OBJECTIVE=====
Reconstruct patch metadata for auditing.

=====CONSTRAINTS=====
- No repository changes
- Use commit history only

=====SCOPE=====
Commit 0f3040d56babd2315f32c7dd6e212bdf60781781

=====DIFFSUMMARY=====
0f3040d Add header with app name
 frontend/src/components/Layout.jsx | 24 +++++++++++++++---------
 frontend/src/index.css             |  7 +++++++
 2 files changed, 22 insertions(+), 9 deletions(-)

=====TIMESTAMP=====
2025-07-05T14:31:59Z

=====BUILDER_DATE_TIME (UTC)=====
20250801 200929

=====PROMPTID=====
legacy-backfill-batch-006

=====AGENTVERSION=====
LEGACY-N/A

=====AGENTHASH=====
LEGACY-N/A

=====PROMPTHASH=====
LEGACY-N/A

=====COMMITHASH=====
0f3040d56babd2315f32c7dd6e212bdf60781781

=====SPEC_HASHES=====
10ba62ac16c28028ead0d8892258ab67b59de208559b0027d4835794228c3167

=====SNAPSHOT=====
LEGACY-N/A

=====TESTRESULTS=====
LEGACY-N/A

=====DIAGNOSTICMETA=====
{"legacy_backfill": true}

=====DECISIONS=====
- Legacy patch log generated from commit history.
