patch_20250709_010459_e804de2ca7241529958630ac1c6ebd15aa9ab932.log
=====TASK=====
Backfill legacy patch log

=====OBJECTIVE=====
Reconstruct patch metadata for auditing.

=====CONSTRAINTS=====
- No repository changes
- Use commit history only

=====SCOPE=====
Commit e804de2ca7241529958630ac1c6ebd15aa9ab932

=====DIFFSUMMARY=====
e804de2 Add SECRET_KEY build arg to Compose
 README.md          |  2 ++
 docker-compose.yml | 10 ++++++++--
 2 files changed, 10 insertions(+), 2 deletions(-)

=====TIMESTAMP=====
2025-07-09T01:04:59Z

=====BUILDER_DATE_TIME (UTC)=====
20250801 200929

=====PROMPTID=====
legacy-backfill-batch-006

=====AGENTVERSION=====
LEGACY-N/A

=====AGENTHASH=====
LEGACY-N/A

=====PROMPTHASH=====
LEGACY-N/A

=====COMMITHASH=====
e804de2ca7241529958630ac1c6ebd15aa9ab932

=====SPEC_HASHES=====
10ba62ac16c28028ead0d8892258ab67b59de208559b0027d4835794228c3167

=====SNAPSHOT=====
LEGACY-N/A

=====TESTRESULTS=====
LEGACY-N/A

=====DIAGNOSTICMETA=====
{"legacy_backfill": true}

=====DECISIONS=====
- Legacy patch log generated from commit history.
