patch_20250705_230137_a7cd894b057e615545ecc5049fd1d6313182c61b.log
=====TASK=====
Backfill legacy patch log

=====OBJECTIVE=====
Reconstruct patch metadata for auditing.

=====CONSTRAINTS=====
- No repository changes
- Use commit history only

=====SCOPE=====
Commit a7cd894b057e615545ecc5049fd1d6313182c61b

=====DIFFSUMMARY=====
a7cd894 Add script for incremental Docker image rebuild
 README.md                |  2 ++
 docs/design_scope.md     |  1 +
 docs/future_updates.md   |  4 ++++
 scripts/update_images.sh | 12 ++++++++++++
 4 files changed, 19 insertions(+)

=====TIMESTAMP=====
2025-07-05T23:01:37Z

=====BUILDER_DATE_TIME (UTC)=====
20250801 200929

=====PROMPTID=====
legacy-backfill-batch-006

=====AGENTVERSION=====
LEGACY-N/A

=====AGENTHASH=====
LEGACY-N/A

=====PROMPTHASH=====
LEGACY-N/A

=====COMMITHASH=====
a7cd894b057e615545ecc5049fd1d6313182c61b

=====SPEC_HASHES=====
10ba62ac16c28028ead0d8892258ab67b59de208559b0027d4835794228c3167

=====SNAPSHOT=====
LEGACY-N/A

=====TESTRESULTS=====
LEGACY-N/A

=====DIAGNOSTICMETA=====
{"legacy_backfill": true}

=====DECISIONS=====
- Legacy patch log generated from commit history.
