patch_20250704_143242_36abd17a6c470133e853dedd3343da5bc1e2f9fb.log
=====TASK=====
Backfill legacy patch log

=====OBJECTIVE=====
Reconstruct patch metadata for auditing.

=====CONSTRAINTS=====
- No repository changes
- Use commit history only

=====SCOPE=====
Commit 36abd17a6c470133e853dedd3343da5bc1e2f9fb

=====DIFFSUMMARY=====
36abd17 Store enum values
 api/models.py | 6 ++++--
 1 file changed, 4 insertions(+), 2 deletions(-)

=====TIMESTAMP=====
2025-07-04T14:32:42Z

=====BUILDER_DATE_TIME (UTC)=====
20250801 200929

=====PROMPTID=====
legacy-backfill-batch-006

=====AGENTVERSION=====
LEGACY-N/A

=====AGENTHASH=====
LEGACY-N/A

=====PROMPTHASH=====
LEGACY-N/A

=====COMMITHASH=====
36abd17a6c470133e853dedd3343da5bc1e2f9fb

=====SPEC_HASHES=====
10ba62ac16c28028ead0d8892258ab67b59de208559b0027d4835794228c3167

=====SNAPSHOT=====
LEGACY-N/A

=====TESTRESULTS=====
LEGACY-N/A

=====DIAGNOSTICMETA=====
{"legacy_backfill": true}

=====DECISIONS=====
- Legacy patch log generated from commit history.
