patch_20250728_191016_183db32fe0688e0a90c6e5a3a9e4722aba86c9b6.log
=====TASK=====
Backfill legacy patch log

=====OBJECTIVE=====
Reconstruct patch metadata for auditing.

=====CONSTRAINTS=====
- No repository changes
- Use commit history only

=====SCOPE=====
Commit 183db32fe0688e0a90c6e5a3a9e4722aba86c9b6

=====DIFFSUMMARY=====
183db32 docs: streamline quick start
 docs/help.md | 75 ++++++++++++++++++------------------------------------------
 1 file changed, 22 insertions(+), 53 deletions(-)

=====TIMESTAMP=====
2025-07-28T19:10:16Z

=====BUILDER_DATE_TIME (UTC)=====
20250801 194741

=====PROMPTID=====
legacy-backfill-batch-002

=====AGENTVERSION=====
LEGACY-N/A

=====AGENTHASH=====
LEGACY-N/A

=====PROMPTHASH=====
LEGACY-N/A

=====COMMITHASH=====
183db32fe0688e0a90c6e5a3a9e4722aba86c9b6

=====SPEC_HASHES=====
6bfaa5a80ab85a494b5e35d9cc68b1ec039d330a4386e8ac011f130556dbb7a1

=====SNAPSHOT=====
LEGACY-N/A

=====TESTRESULTS=====
LEGACY-N/A

=====DIAGNOSTICMETA=====
{"legacy_backfill": true}

=====DECISIONS=====
- Legacy patch log generated from commit history.
