patch_20250730_161017_d7746fe4641db7474f6391d63c6477f61d6f4b78.log
=====TASK=====
Backfill legacy patch log

=====OBJECTIVE=====
Record missing patch log from history

=====CONSTRAINTS=====
- Placeholder for legacy snapshot and agent metadata

=====SCOPE=====
LEGACY commit d7746fe4641db7474f6391d63c6477f61d6f4b78

=====DIFFSUMMARY=====
commit d7746fe4641db7474f6391d63c6477f61d6f4b78
Author: buymeagoat <akapinos@gmail.com>
Date:   Wed Jul 30 11:09:29 2025 -0500

    Track package-lock.json for frontend dependency locking

 frontend/package-lock.json | 6710 ++++++++++++++++++++++++++++++++++++++++++++
 1 file changed, 6710 insertions(+)

=====TIMESTAMP=====
2025-07-30T16:10:17Z

=====BUILDER_DATE_TIME (UTC)=====
20250801 191117

=====PROMPTID=====
legacy-backfill-batch-001

=====AGENTVERSION=====
LEGACY-N/A

=====AGENTHASH=====
LEGACY-N/A

=====PROMPTHASH=====
LEGACY-N/A

=====COMMITHASH=====
d7746fe4641db7474f6391d63c6477f61d6f4b78

=====SPEC_HASHES=====
6bfaa5a80ab85a494b5e35d9cc68b1ec039d330a4386e8ac011f130556dbb7a1

=====SNAPSHOT=====
LEGACY-N/A

=====TESTRESULTS=====
LEGACY-N/A

=====DIAGNOSTICMETA=====
legacy-backfill

=====DECISIONS=====
- Auto-generated from commit history