patch_20250626_205456_0ccd403fa7b161fa208105fde2f64272373eb6b6.log
=====TASK=====
Backfill legacy patch log

=====OBJECTIVE=====
Reconstruct patch metadata for auditing.

=====CONSTRAINTS=====
- No repository changes
- Use commit history only

=====SCOPE=====
Commit 0ccd403fa7b161fa208105fde2f64272373eb6b6

=====DIFFSUMMARY=====
0ccd403 Remove forced style test banner

frontend/src/pages/TranscriptViewPage.jsx | 11 -----------
 1 file changed, 11 deletions(-)

=====TIMESTAMP=====
2025-06-26T20:54:56Z

=====BUILDER_DATE_TIME (UTC)=====
20250801 200929

=====PROMPTID=====
legacy-backfill-batch-003

=====AGENTVERSION=====
LEGACY-N/A

=====AGENTHASH=====
LEGACY-N/A

=====PROMPTHASH=====
LEGACY-N/A

=====COMMITHASH=====
0ccd403fa7b161fa208105fde2f64272373eb6b6

=====SPEC_HASHES=====
b56c464f9d3865da0d92d36f4ea508203ad295a8fcd86343f412fb7654514a50

=====SNAPSHOT=====
LEGACY-N/A

=====TESTRESULTS=====
LEGACY-N/A

=====DIAGNOSTICMETA=====
{"legacy_backfill": true}

=====DECISIONS=====
- Legacy patch log generated from commit history.
