patch_20250702_193204_c94ea7ee866779e64b8691ec66cffcf782ac4a67.log
=====TASK=====
Backfill legacy patch log

=====OBJECTIVE=====
Reconstruct patch metadata for auditing.

=====CONSTRAINTS=====
- No repository changes
- Use commit history only

=====SCOPE=====
Commit c94ea7ee866779e64b8691ec66cffcf782ac4a67

=====DIFFSUMMARY=====
c94ea7e Improve health check with DB query and error handling
 README.md            |  5 ++++-
 api/main.py          | 12 +++++++++++-
 docs/design_scope.md |  2 ++
 tests/test_health.py | 29 +++++++++++++++++++++++++++++
 4 files changed, 46 insertions(+), 2 deletions(-)

=====TIMESTAMP=====
2025-07-02T19:32:04Z

=====BUILDER_DATE_TIME (UTC)=====
20250801 200929

=====PROMPTID=====
legacy-backfill-batch-005

=====AGENTVERSION=====
LEGACY-N/A

=====AGENTHASH=====
LEGACY-N/A

=====PROMPTHASH=====
LEGACY-N/A

=====COMMITHASH=====
c94ea7ee866779e64b8691ec66cffcf782ac4a67

=====SPEC_HASHES=====
10ba62ac16c28028ead0d8892258ab67b59de208559b0027d4835794228c3167

=====SNAPSHOT=====
LEGACY-N/A

=====TESTRESULTS=====
LEGACY-N/A

=====DIAGNOSTICMETA=====
{"legacy_backfill": true}

=====DECISIONS=====
- Legacy patch log generated from commit history.
