patch_20250711_051127_c25639c6534fdc603b46ca08b4a41f28e0dddd65.log
=====TASK=====
Backfill legacy patch log

=====OBJECTIVE=====
Reconstruct patch metadata for auditing.

=====CONSTRAINTS=====
- No repository changes
- Use commit history only

=====SCOPE=====
Commit c25639c6534fdc603b46ca08b4a41f28e0dddd65

=====DIFFSUMMARY=====
c25639c Write secret key to file before docker compose
 scripts/docker_build.sh     | 4 ++++
 scripts/start_containers.sh | 4 ++++
 2 files changed, 8 insertions(+)

=====TIMESTAMP=====
2025-07-11T05:11:27Z

=====BUILDER_DATE_TIME (UTC)=====
20250801 200929

=====PROMPTID=====
legacy-backfill-batch-006

=====AGENTVERSION=====
LEGACY-N/A

=====AGENTHASH=====
LEGACY-N/A

=====PROMPTHASH=====
LEGACY-N/A

=====COMMITHASH=====
c25639c6534fdc603b46ca08b4a41f28e0dddd65

=====SPEC_HASHES=====
10ba62ac16c28028ead0d8892258ab67b59de208559b0027d4835794228c3167

=====SNAPSHOT=====
LEGACY-N/A

=====TESTRESULTS=====
LEGACY-N/A

=====DIAGNOSTICMETA=====
{"legacy_backfill": true}

=====DECISIONS=====
- Legacy patch log generated from commit history.
