patch_20250709_004545_e16029466184e9b86a5275cdf81da9f5e497b452.log
=====TASK=====
Backfill legacy patch log

=====OBJECTIVE=====
Reconstruct patch metadata for auditing.

=====CONSTRAINTS=====
- No repository changes
- Use commit history only

=====SCOPE=====
Commit e16029466184e9b86a5275cdf81da9f5e497b452

=====DIFFSUMMARY=====
e160294 Wait for API health in start_containers
 README.md                   |  2 +-
 scripts/start_containers.sh | 25 ++++++++++++++++++++++++-
 2 files changed, 25 insertions(+), 2 deletions(-)

=====TIMESTAMP=====
2025-07-09T00:45:45Z

=====BUILDER_DATE_TIME (UTC)=====
20250801 200929

=====PROMPTID=====
legacy-backfill-batch-006

=====AGENTVERSION=====
LEGACY-N/A

=====AGENTHASH=====
LEGACY-N/A

=====PROMPTHASH=====
LEGACY-N/A

=====COMMITHASH=====
e16029466184e9b86a5275cdf81da9f5e497b452

=====SPEC_HASHES=====
10ba62ac16c28028ead0d8892258ab67b59de208559b0027d4835794228c3167

=====SNAPSHOT=====
LEGACY-N/A

=====TESTRESULTS=====
LEGACY-N/A

=====DIAGNOSTICMETA=====
{"legacy_backfill": true}

=====DECISIONS=====
- Legacy patch log generated from commit history.
