patch_20250707_155827_26df4a0bd9b739076606a0df38868201427531c7.log
=====TASK=====
Backfill legacy patch log

=====OBJECTIVE=====
Reconstruct patch metadata for auditing.

=====CONSTRAINTS=====
- No repository changes
- Use commit history only

=====SCOPE=====
Commit 26df4a0bd9b739076606a0df38868201427531c7

=====DIFFSUMMARY=====
26df4a0 Add test script to rebuild images and run tests
 scripts/run_tests.sh | 20 ++++++++++++++++++++
 1 file changed, 20 insertions(+)

=====TIMESTAMP=====
2025-07-07T15:58:27Z

=====BUILDER_DATE_TIME (UTC)=====
20250801 200929

=====PROMPTID=====
legacy-backfill-batch-006

=====AGENTVERSION=====
LEGACY-N/A

=====AGENTHASH=====
LEGACY-N/A

=====PROMPTHASH=====
LEGACY-N/A

=====COMMITHASH=====
26df4a0bd9b739076606a0df38868201427531c7

=====SPEC_HASHES=====
10ba62ac16c28028ead0d8892258ab67b59de208559b0027d4835794228c3167

=====SNAPSHOT=====
LEGACY-N/A

=====TESTRESULTS=====
LEGACY-N/A

=====DIAGNOSTICMETA=====
{"legacy_backfill": true}

=====DECISIONS=====
- Legacy patch log generated from commit history.
