patch_20250801_155438_UTC_utc-filename-fix-001.log
=====TASK=====
enforce_utc_patchlog_naming

=====OBJECTIVE=====
Align patch-log filename rules with UTC convention used in TIMESTAMP fields.

=====CONSTRAINTS=====
- AtomicPatch: edit max 3 files; commit must fully succeed or revert.
- Preserve alias lines and dense formatting; no markdown or emojis.

=====SCOPE=====
instructions/cag_dense.txt; docs/patch_logs/_TEMPLATE.md; AGENTS.md

=====DIFFSUMMARY=====
- Updated patch log naming to include UTC; added builder time field and note.

=====TIMESTAMP=====
2025-08-01T15:54:50Z

=====BUILDER_DATE_TIME (UTC)=====
20250801 155438

=====PROMPTID=====
utc-filename-fix-001

=====AGENTVERSION=====
Unknown

=====AGENTHASH=====
N/A

=====PROMPTHASH=====
N/A

=====COMMITHASH=====
24aaa5ce0d4f17321a2a1b54dd818a4e62cd8bf6

=====SPEC_HASHES=====
N/A

=====SNAPSHOT=====
N/A

=====TESTRESULTS=====
Docker not installed; tests skipped.

=====DIAGNOSTICMETA=====
{ "preflight": { "docker": false, "docker-compose": false, "python": "Python 3.12.10", "node": "v20.19.4", "npm": "11.4.2" } }

=====DECISIONS=====
- Updated naming to include UTC; added builder time section.; OS mismatch prevents preflight.
