patch_20250719_001205_6b538da485a41d37cd6a5676625beb341e3907a8.log
=====TASK=====
Backfill legacy patch log

=====OBJECTIVE=====
Reconstruct patch metadata for auditing.

=====CONSTRAINTS=====
- No repository changes
- Use commit history only

=====SCOPE=====
Commit 6b538da485a41d37cd6a5676625beb341e3907a8

=====DIFFSUMMARY=====
6b538da docs: document whisper timeout
 README.md            | 1 +
 docs/design_scope.md | 1 +
 2 files changed, 2 insertions(+)

=====TIMESTAMP=====
2025-07-19T00:12:05Z

=====BUILDER_DATE_TIME (UTC)=====
20250801 200929

=====PROMPTID=====
legacy-backfill-batch-006

=====AGENTVERSION=====
LEGACY-N/A

=====AGENTHASH=====
LEGACY-N/A

=====PROMPTHASH=====
LEGACY-N/A

=====COMMITHASH=====
6b538da485a41d37cd6a5676625beb341e3907a8

=====SPEC_HASHES=====
10ba62ac16c28028ead0d8892258ab67b59de208559b0027d4835794228c3167

=====SNAPSHOT=====
LEGACY-N/A

=====TESTRESULTS=====
LEGACY-N/A

=====DIAGNOSTICMETA=====
{"legacy_backfill": true}

=====DECISIONS=====
- Legacy patch log generated from commit history.
