patch_20250727_201243_ef1ab5ff91c5a760cbbeedd77cc7f28968916eb9.log
=====TASK=====
Backfill legacy patch log

=====OBJECTIVE=====
Reconstruct patch metadata for auditing.

=====CONSTRAINTS=====
- No repository changes
- Use commit history only

=====SCOPE=====
Commit ef1ab5ff91c5a760cbbeedd77cc7f28968916eb9

=====DIFFSUMMARY=====
ef1ab5f docs: mention check_env script and WSL DNS
 README.md            | 1 +
 docs/design_scope.md | 3 +++
 docs/help.md         | 1 +
 3 files changed, 5 insertions(+)

=====TIMESTAMP=====
2025-07-27T20:12:43Z

=====BUILDER_DATE_TIME (UTC)=====
20250801 194741

=====PROMPTID=====
legacy-backfill-batch-002

=====AGENTVERSION=====
LEGACY-N/A

=====AGENTHASH=====
LEGACY-N/A

=====PROMPTHASH=====
LEGACY-N/A

=====COMMITHASH=====
ef1ab5ff91c5a760cbbeedd77cc7f28968916eb9

=====SPEC_HASHES=====
6bfaa5a80ab85a494b5e35d9cc68b1ec039d330a4386e8ac011f130556dbb7a1

=====SNAPSHOT=====
LEGACY-N/A

=====TESTRESULTS=====
LEGACY-N/A

=====DIAGNOSTICMETA=====
{"legacy_backfill": true}

=====DECISIONS=====
- Legacy patch log generated from commit history.
