patch_20250731_190727_1e676f5bc0de089fbd18e8bb26e325e6f7c098e8.log
=====TASK=====
Backfill legacy patch log

=====OBJECTIVE=====
Record missing patch log from history

=====CONSTRAINTS=====
- Placeholder for legacy snapshot and agent metadata

=====SCOPE=====
LEGACY commit 1e676f5bc0de089fbd18e8bb26e325e6f7c098e8

=====DIFFSUMMARY=====
commit 1e676f5bc0de089fbd18e8bb26e325e6f7c098e8
Author: buymeagoat <53793097+buymeagoat@users.noreply.github.com>
Date:   Thu Jul 31 13:07:27 2025 -0600

    chore: add patch log for AGENTS update

 AGENTS.md                                          | 107 ++++++++++-----------
 ...31_185931_CAG-UpdateAgentsMd-2025-08-01-001.log |  64 ++++++++++++
 2 files changed, 117 insertions(+), 54 deletions(-)

=====TIMESTAMP=====
2025-07-31T19:07:27Z

=====BUILDER_DATE_TIME (UTC)=====
20250801 191117

=====PROMPTID=====
legacy-backfill-batch-001

=====AGENTVERSION=====
LEGACY-N/A

=====AGENTHASH=====
LEGACY-N/A

=====PROMPTHASH=====
LEGACY-N/A

=====COMMITHASH=====
1e676f5bc0de089fbd18e8bb26e325e6f7c098e8

=====SPEC_HASHES=====
6bfaa5a80ab85a494b5e35d9cc68b1ec039d330a4386e8ac011f130556dbb7a1

=====SNAPSHOT=====
LEGACY-N/A

=====TESTRESULTS=====
LEGACY-N/A

=====DIAGNOSTICMETA=====
legacy-backfill

=====DECISIONS=====
- Auto-generated from commit history