patch_20250706_161647_14d5a81ead54843840d9f7d35be61fd5c907134c.log
=====TASK=====
Backfill legacy patch log

=====OBJECTIVE=====
Reconstruct patch metadata for auditing.

=====CONSTRAINTS=====
- No repository changes
- Use commit history only

=====SCOPE=====
Commit 14d5a81ead54843840d9f7d35be61fd5c907134c

=====DIFFSUMMARY=====
14d5a81 refine failed status filter
 api/services/jobs.py | 5 ++++-
 1 file changed, 4 insertions(+), 1 deletion(-)

=====TIMESTAMP=====
2025-07-06T16:16:47Z

=====BUILDER_DATE_TIME (UTC)=====
20250801 200929

=====PROMPTID=====
legacy-backfill-batch-006

=====AGENTVERSION=====
LEGACY-N/A

=====AGENTHASH=====
LEGACY-N/A

=====PROMPTHASH=====
LEGACY-N/A

=====COMMITHASH=====
14d5a81ead54843840d9f7d35be61fd5c907134c

=====SPEC_HASHES=====
10ba62ac16c28028ead0d8892258ab67b59de208559b0027d4835794228c3167

=====SNAPSHOT=====
LEGACY-N/A

=====TESTRESULTS=====
LEGACY-N/A

=====DIAGNOSTICMETA=====
{"legacy_backfill": true}

=====DECISIONS=====
- Legacy patch log generated from commit history.
