patch_20250801_144948_33e3f642262750ca0f2302d536eae12c6be85410.log
=====TASK=====
Backfill legacy patch log

=====OBJECTIVE=====
Record missing patch log from history

=====CONSTRAINTS=====
- Placeholder for legacy snapshot and agent metadata

=====SCOPE=====
LEGACY commit 33e3f642262750ca0f2302d536eae12c6be85410

=====DIFFSUMMARY=====
commit 33e3f642262750ca0f2302d536eae12c6be85410
Author: buymeagoat <53793097+buymeagoat@users.noreply.github.com>
Date:   Fri Aug 1 09:49:48 2025 -0500

    Rename patch_20250801_144653_CAG-AddGuardRailComment.log to patch_20250801_0949_CAG-AddGuardRailComment.log

 ...ardRailComment.log => patch_20250801_0949_CAG-AddGuardRailComment.log} | 0
 1 file changed, 0 insertions(+), 0 deletions(-)

=====TIMESTAMP=====
2025-08-01T14:49:48Z

=====BUILDER_DATE_TIME (UTC)=====
20250801 191117

=====PROMPTID=====
legacy-backfill-batch-001

=====AGENTVERSION=====
LEGACY-N/A

=====AGENTHASH=====
LEGACY-N/A

=====PROMPTHASH=====
LEGACY-N/A

=====COMMITHASH=====
33e3f642262750ca0f2302d536eae12c6be85410

=====SPEC_HASHES=====
6bfaa5a80ab85a494b5e35d9cc68b1ec039d330a4386e8ac011f130556dbb7a1

=====SNAPSHOT=====
LEGACY-N/A

=====TESTRESULTS=====
LEGACY-N/A

=====DIAGNOSTICMETA=====
legacy-backfill

=====DECISIONS=====
- Auto-generated from commit history