patch_20250705_183358_b26b1aaccb576411b24b7dc3f74608c41f3e41da.log
=====TASK=====
Backfill legacy patch log

=====OBJECTIVE=====
Reconstruct patch metadata for auditing.

=====CONSTRAINTS=====
- No repository changes
- Use commit history only

=====SCOPE=====
Commit b26b1aaccb576411b24b7dc3f74608c41f3e41da

=====DIFFSUMMARY=====
b26b1aa Add cleanup thread stop control
 api/app_state.py             | 21 +++++++++++++++++----
 api/main.py                  |  3 +++
 tests/test_cleanup_thread.py | 22 ++++++++++++++++++++++
 3 files changed, 42 insertions(+), 4 deletions(-)

=====TIMESTAMP=====
2025-07-05T18:33:58Z

=====BUILDER_DATE_TIME (UTC)=====
20250801 200929

=====PROMPTID=====
legacy-backfill-batch-006

=====AGENTVERSION=====
LEGACY-N/A

=====AGENTHASH=====
LEGACY-N/A

=====PROMPTHASH=====
LEGACY-N/A

=====COMMITHASH=====
b26b1aaccb576411b24b7dc3f74608c41f3e41da

=====SPEC_HASHES=====
10ba62ac16c28028ead0d8892258ab67b59de208559b0027d4835794228c3167

=====SNAPSHOT=====
LEGACY-N/A

=====TESTRESULTS=====
LEGACY-N/A

=====DIAGNOSTICMETA=====
{"legacy_backfill": true}

=====DECISIONS=====
- Legacy patch log generated from commit history.
