patch_20250627_022351_2eb2e5b3bc6142d3990373f7e66597295515df4d.log
=====TASK=====
Backfill legacy patch log

=====OBJECTIVE=====
Reconstruct patch metadata for auditing.

=====CONSTRAINTS=====
- No repository changes
- Use commit history only

=====SCOPE=====
Commit 2eb2e5b3bc6142d3990373f7e66597295515df4d

=====DIFFSUMMARY=====
2eb2e5b Update compose and docs for Celery worker

README.md          | 17 +++++++++--------
 docker-compose.yml |  9 ++++++++-
 2 files changed, 17 insertions(+), 9 deletions(-)

=====TIMESTAMP=====
2025-06-27T02:23:51Z

=====BUILDER_DATE_TIME (UTC)=====
20250801 200929

=====PROMPTID=====
legacy-backfill-batch-003

=====AGENTVERSION=====
LEGACY-N/A

=====AGENTHASH=====
LEGACY-N/A

=====PROMPTHASH=====
LEGACY-N/A

=====COMMITHASH=====
2eb2e5b3bc6142d3990373f7e66597295515df4d

=====SPEC_HASHES=====
b56c464f9d3865da0d92d36f4ea508203ad295a8fcd86343f412fb7654514a50

=====SNAPSHOT=====
LEGACY-N/A

=====TESTRESULTS=====
LEGACY-N/A

=====DIAGNOSTICMETA=====
{"legacy_backfill": true}

=====DECISIONS=====
- Legacy patch log generated from commit history.
