patch_20250730_200354_3c453dba027a5a1ea333f983296ec6062ae6dffe.log
=====TASK=====
Backfill legacy patch log

=====OBJECTIVE=====
Record missing patch log from history

=====CONSTRAINTS=====
- Placeholder for legacy snapshot and agent metadata

=====SCOPE=====
LEGACY commit 3c453dba027a5a1ea333f983296ec6062ae6dffe

=====DIFFSUMMARY=====
commit 3c453dba027a5a1ea333f983296ec6062ae6dffe
Author: buymeagoat <53793097+buymeagoat@users.noreply.github.com>
Date:   Wed Jul 30 14:03:54 2025 -0600

    Add placeholder patch log

 docs/patch_logs/test_patch_CAG_placeholder.md | 1 +
 1 file changed, 1 insertion(+)

=====TIMESTAMP=====
2025-07-30T20:03:54Z

=====BUILDER_DATE_TIME (UTC)=====
20250801 191117

=====PROMPTID=====
legacy-backfill-batch-001

=====AGENTVERSION=====
LEGACY-N/A

=====AGENTHASH=====
LEGACY-N/A

=====PROMPTHASH=====
LEGACY-N/A

=====COMMITHASH=====
3c453dba027a5a1ea333f983296ec6062ae6dffe

=====SPEC_HASHES=====
6bfaa5a80ab85a494b5e35d9cc68b1ec039d330a4386e8ac011f130556dbb7a1

=====SNAPSHOT=====
LEGACY-N/A

=====TESTRESULTS=====
LEGACY-N/A

=====DIAGNOSTICMETA=====
legacy-backfill

=====DECISIONS=====
- Auto-generated from commit history