patch_20250711_051704_8aa35a7ca9e6f068a7d9e17b032fcab3072d8133.log
=====TASK=====
Backfill legacy patch log

=====OBJECTIVE=====
Reconstruct patch metadata for auditing.

=====CONSTRAINTS=====
- No repository changes
- Use commit history only

=====SCOPE=====
Commit 8aa35a7ca9e6f068a7d9e17b032fcab3072d8133

=====DIFFSUMMARY=====
8aa35a7 docs: clarify secret handling
 README.md              | 15 +++++++++++----
 docs/design_scope.md   |  6 ++++--
 docs/future_updates.md |  8 ++++++--
 3 files changed, 21 insertions(+), 8 deletions(-)

=====TIMESTAMP=====
2025-07-11T05:17:04Z

=====BUILDER_DATE_TIME (UTC)=====
20250801 200929

=====PROMPTID=====
legacy-backfill-batch-006

=====AGENTVERSION=====
LEGACY-N/A

=====AGENTHASH=====
LEGACY-N/A

=====PROMPTHASH=====
LEGACY-N/A

=====COMMITHASH=====
8aa35a7ca9e6f068a7d9e17b032fcab3072d8133

=====SPEC_HASHES=====
10ba62ac16c28028ead0d8892258ab67b59de208559b0027d4835794228c3167

=====SNAPSHOT=====
LEGACY-N/A

=====TESTRESULTS=====
LEGACY-N/A

=====DIAGNOSTICMETA=====
{"legacy_backfill": true}

=====DECISIONS=====
- Legacy patch log generated from commit history.
