patch_20250707_153130_f04134083ba6f84f99c0cc4df9136b8475bec5d1.log
=====TASK=====
Backfill legacy patch log

=====OBJECTIVE=====
Reconstruct patch metadata for auditing.

=====CONSTRAINTS=====
- No repository changes
- Use commit history only

=====SCOPE=====
Commit f04134083ba6f84f99c0cc4df9136b8475bec5d1

=====DIFFSUMMARY=====
f041340 Remove obsolete config module
 README.md            |  2 --
 api/config.py        | 51 ---------------------------------------------------
 docs/design_scope.md |  4 +---
 3 files changed, 1 insertion(+), 56 deletions(-)

=====TIMESTAMP=====
2025-07-07T15:31:30Z

=====BUILDER_DATE_TIME (UTC)=====
20250801 200929

=====PROMPTID=====
legacy-backfill-batch-006

=====AGENTVERSION=====
LEGACY-N/A

=====AGENTHASH=====
LEGACY-N/A

=====PROMPTHASH=====
LEGACY-N/A

=====COMMITHASH=====
f04134083ba6f84f99c0cc4df9136b8475bec5d1

=====SPEC_HASHES=====
10ba62ac16c28028ead0d8892258ab67b59de208559b0027d4835794228c3167

=====SNAPSHOT=====
LEGACY-N/A

=====TESTRESULTS=====
LEGACY-N/A

=====DIAGNOSTICMETA=====
{"legacy_backfill": true}

=====DECISIONS=====
- Legacy patch log generated from commit history.
