patch_20250728_234946_18ac2c196ee271813d71d49ebe9c8ee2682704b9.log
=====TASK=====
Backfill legacy patch log

=====OBJECTIVE=====
Record missing patch log from history

=====CONSTRAINTS=====
- Placeholder for legacy snapshot and agent metadata

=====SCOPE=====
LEGACY commit 18ac2c196ee271813d71d49ebe9c8ee2682704b9

=====DIFFSUMMARY=====
commit 18ac2c196ee271813d71d49ebe9c8ee2682704b9
Author: buymeagoat <53793097+buymeagoat@users.noreply.github.com>
Date:   Mon Jul 28 17:49:46 2025 -0600

    Handle WSL cache path

 docs/TROUBLESHOOTING.md          |  6 ++++--
 docs/scripts_reference.md        |  8 ++++++++
 scripts/diagnose_containers.sh   |  7 +++----
 scripts/docker_build.sh          |  6 +-----
 scripts/prestage_dependencies.sh | 11 ++---------
 scripts/shared_checks.sh         | 23 +++++++++++++++++++----
 scripts/start_containers.sh      |  6 +-----
 scripts/update_images.sh         |  6 +-----
 8 files changed, 39 insertions(+), 34 deletions(-)

=====TIMESTAMP=====
2025-07-28T23:49:46Z

=====BUILDER_DATE_TIME (UTC)=====
20250801 191117

=====PROMPTID=====
legacy-backfill-batch-001

=====AGENTVERSION=====
LEGACY-N/A

=====AGENTHASH=====
LEGACY-N/A

=====PROMPTHASH=====
LEGACY-N/A

=====COMMITHASH=====
18ac2c196ee271813d71d49ebe9c8ee2682704b9

=====SPEC_HASHES=====
6bfaa5a80ab85a494b5e35d9cc68b1ec039d330a4386e8ac011f130556dbb7a1

=====SNAPSHOT=====
LEGACY-N/A

=====TESTRESULTS=====
LEGACY-N/A

=====DIAGNOSTICMETA=====
legacy-backfill

=====DECISIONS=====
- Auto-generated from commit history