patch_20250628_213317_74dd0fbc18966e4f03c657cd0ae07dbdf4412630.log
=====TASK=====
Backfill legacy patch log

=====OBJECTIVE=====
Reconstruct patch metadata for auditing.

=====CONSTRAINTS=====
- No repository changes
- Use commit history only

=====SCOPE=====
Commit 74dd0fbc18966e4f03c657cd0ae07dbdf4412630

=====DIFFSUMMARY=====
74dd0fb Add helper script for docker compose
 README.md                   |  5 +++--
 docs/design_scope.md        |  1 +
 docs/future_updates.md      |  6 ++++++
 scripts/start_containers.sh | 29 +++++++++++++++++++++++++++++
 4 files changed, 39 insertions(+), 2 deletions(-)

=====TIMESTAMP=====
2025-06-28T21:33:17Z

=====BUILDER_DATE_TIME (UTC)=====
20250801 200929

=====PROMPTID=====
legacy-backfill-batch-004

=====AGENTVERSION=====
LEGACY-N/A

=====AGENTHASH=====
LEGACY-N/A

=====PROMPTHASH=====
LEGACY-N/A

=====COMMITHASH=====
74dd0fbc18966e4f03c657cd0ae07dbdf4412630

=====SPEC_HASHES=====
10ba62ac16c28028ead0d8892258ab67b59de208559b0027d4835794228c3167

=====SNAPSHOT=====
LEGACY-N/A

=====TESTRESULTS=====
LEGACY-N/A

=====DIAGNOSTICMETA=====
{"legacy_backfill": true}

=====DECISIONS=====
- Legacy patch log generated from commit history.