patch_20250720_134709_34842a3184129e6fe6a4114eabe09758cf112d6d.log
=====TASK=====
Back-fill missing patch logs using commit history.

=====OBJECTIVE=====
Back-fill missing patch logs using commit history.

=====CONSTRAINTS=====
- AtomicPatch: create ≤100 new logs in this batch; abort on error.
- Filename pattern: patch_<UTC YYYYMMDD>_<HHMMSS>_<commit_hash>.log
- Required fields: TASK, OBJECTIVE, CONSTRAINTS, SCOPE,
                    DIFFSUMMARY (git show --stat),
                    snapshot_metadata=LEGACY-N/A,
                    agent_metadata=LEGACY-N/A,
                    test_results=LEGACY-N/A,
                    diagnostic block noting legacy status,
                    SPEC_HASHES (current CAG & agents.md).
- Skip commits already covered by docs/patch_logs/*.log
- Preserve existing logs; no edits.

=====SCOPE=====
Commit 34842a3184129e6fe6a4114eabe09758cf112d6d

=====DIFFSUMMARY=====
commit 34842a3184129e6fe6a4114eabe09758cf112d6d
Author: buymeagoat <53793097+buymeagoat@users.noreply.github.com>
Date:   Sun Jul 20 07:47:09 2025 -0600

    Add extensive build and startup logging

 README.md                    |  1 +
 docs/design_scope.md         |  6 +++---
 scripts/docker-entrypoint.sh | 10 +++++++++-
 scripts/docker_build.sh      |  8 ++++++++
 scripts/start_containers.sh  |  9 +++++++++
 scripts/update_images.sh     |  8 ++++++++
 6 files changed, 38 insertions(+), 4 deletions(-)

=====TIMESTAMP=====
2025-07-20T13:47:09Z

=====BUILDER_DATE_TIME (UTC)=====
20250801 200929

=====PROMPTID=====
legacy-backfill-batch-008

=====AGENTVERSION=====
LEGACY-N/A

=====AGENTHASH=====
LEGACY-N/A

=====PROMPTHASH=====
LEGACY-N/A

=====COMMITHASH=====
34842a3184129e6fe6a4114eabe09758cf112d6d

=====SPEC_HASHES=====
10ba62ac16c28028ead0d8892258ab67b59de208559b0027d4835794228c3167

=====SNAPSHOT=====
LEGACY-N/A

=====TESTRESULTS=====
LEGACY-N/A

=====DIAGNOSTICMETA=====
{"legacy_backfill": true}

=====DECISIONS=====
- Legacy patch log generated from commit history.
