patch_20250726_174818_eb50ab573f6a2e53c5fa329046112f73b2304e66.log
=====TASK=====
Backfill legacy patch log

=====OBJECTIVE=====
Reconstruct patch metadata for auditing.

=====CONSTRAINTS=====
- No repository changes
- Use commit history only

=====SCOPE=====
Commit eb50ab573f6a2e53c5fa329046112f73b2304e66

=====DIFFSUMMARY=====
eb50ab5 fix cleanup of secret temp files
 scripts/docker_build.sh | 17 +++++++++++------
 1 file changed, 11 insertions(+), 6 deletions(-)

=====TIMESTAMP=====
2025-07-26T17:48:18Z

=====BUILDER_DATE_TIME (UTC)=====
20250801 200929

=====PROMPTID=====
legacy-backfill-batch-010

=====AGENTVERSION=====
LEGACY-N/A

=====AGENTHASH=====
LEGACY-N/A

=====PROMPTHASH=====
LEGACY-N/A

=====COMMITHASH=====
eb50ab573f6a2e53c5fa329046112f73b2304e66

=====SPEC_HASHES=====
10ba62ac16c28028ead0d8892258ab67b59de208559b0027d4835794228c3167

=====SNAPSHOT=====
LEGACY-N/A

=====TESTRESULTS=====
LEGACY-N/A

=====DIAGNOSTICMETA=====
{"legacy_backfill": true}

=====DECISIONS=====
- Legacy patch log generated from commit history.
