patch_20250728_143543_54eabd2c870c75961c46ca91a32487a9085de12b.log
=====TASK=====
Backfill legacy patch log

=====OBJECTIVE=====
Reconstruct patch metadata for auditing.

=====CONSTRAINTS=====
- No repository changes
- Use commit history only

=====SCOPE=====
Commit 54eabd2c870c75961c46ca91a32487a9085de12b

=====DIFFSUMMARY=====
54eabd2 Add rsync option and cache docs
 README.md                        | 13 +++++++++++++
 docs/design_scope.md             |  2 +-
 docs/future_updates.md           |  6 ++++++
 scripts/prestage_dependencies.sh | 17 ++++++++++++++++-
 4 files changed, 36 insertions(+), 2 deletions(-)

=====TIMESTAMP=====
2025-07-28T14:35:43Z

=====BUILDER_DATE_TIME (UTC)=====
20250801 194741

=====PROMPTID=====
legacy-backfill-batch-002

=====AGENTVERSION=====
LEGACY-N/A

=====AGENTHASH=====
LEGACY-N/A

=====PROMPTHASH=====
LEGACY-N/A

=====COMMITHASH=====
54eabd2c870c75961c46ca91a32487a9085de12b

=====SPEC_HASHES=====
6bfaa5a80ab85a494b5e35d9cc68b1ec039d330a4386e8ac011f130556dbb7a1

=====SNAPSHOT=====
LEGACY-N/A

=====TESTRESULTS=====
LEGACY-N/A

=====DIAGNOSTICMETA=====
{"legacy_backfill": true}

=====DECISIONS=====
- Legacy patch log generated from commit history.
