patch_20250701_013216_f01c1f3dd9f431e42eef6f2cd3961ad4fc5d0cdb.log
=====TASK=====
Backfill legacy patch log

=====OBJECTIVE=====
Reconstruct patch metadata for auditing.

=====CONSTRAINTS=====
- No repository changes
- Use commit history only

=====SCOPE=====
Commit f01c1f3dd9f431e42eef6f2cd3961ad4fc5d0cdb

=====DIFFSUMMARY=====
f01c1f3 Include MODEL_DIR path in validation messages
 api/utils/model_validation.py | 12 ++++++------
 1 file changed, 6 insertions(+), 6 deletions(-)

=====TIMESTAMP=====
2025-07-01T01:32:16Z

=====BUILDER_DATE_TIME (UTC)=====
20250801 200929

=====PROMPTID=====
legacy-backfill-batch-005

=====AGENTVERSION=====
LEGACY-N/A

=====AGENTHASH=====
LEGACY-N/A

=====PROMPTHASH=====
LEGACY-N/A

=====COMMITHASH=====
f01c1f3dd9f431e42eef6f2cd3961ad4fc5d0cdb

=====SPEC_HASHES=====
10ba62ac16c28028ead0d8892258ab67b59de208559b0027d4835794228c3167

=====SNAPSHOT=====
LEGACY-N/A

=====TESTRESULTS=====
LEGACY-N/A

=====DIAGNOSTICMETA=====
{"legacy_backfill": true}

=====DECISIONS=====
- Legacy patch log generated from commit history.
