patch_20250629_152407_a8569ead1c18d8e904d6f07af1f3a2eec9e055dc.log
=====TASK=====
Backfill legacy patch log

=====OBJECTIVE=====
Reconstruct patch metadata for auditing.

=====CONSTRAINTS=====
- No repository changes
- Use commit history only

=====SCOPE=====
Commit a8569ead1c18d8e904d6f07af1f3a2eec9e055dc

=====DIFFSUMMARY=====
a8569ea Add DB connection retry
 api/orm_bootstrap.py | 31 ++++++++++++++++++++++---------
 1 file changed, 22 insertions(+), 9 deletions(-)

=====TIMESTAMP=====
2025-06-29T15:24:07Z

=====BUILDER_DATE_TIME (UTC)=====
20250801 200929

=====PROMPTID=====
legacy-backfill-batch-004

=====AGENTVERSION=====
LEGACY-N/A

=====AGENTHASH=====
LEGACY-N/A

=====PROMPTHASH=====
LEGACY-N/A

=====COMMITHASH=====
a8569ead1c18d8e904d6f07af1f3a2eec9e055dc

=====SPEC_HASHES=====
10ba62ac16c28028ead0d8892258ab67b59de208559b0027d4835794228c3167

=====SNAPSHOT=====
LEGACY-N/A

=====TESTRESULTS=====
LEGACY-N/A

=====DIAGNOSTICMETA=====
{"legacy_backfill": true}

=====DECISIONS=====
- Legacy patch log generated from commit history.