patch_20250729_224157_6a4efd63cf606dec1b78acab93365ca4adca5cac.log
=====TASK=====
Backfill legacy patch log

=====OBJECTIVE=====
Record missing patch log from history

=====CONSTRAINTS=====
- Placeholder for legacy snapshot and agent metadata

=====SCOPE=====
LEGACY commit 6a4efd63cf606dec1b78acab93365ca4adca5cac

=====DIFFSUMMARY=====
commit 6a4efd63cf606dec1b78acab93365ca4adca5cac
Author: buymeagoat <53793097+buymeagoat@users.noreply.github.com>
Date:   Tue Jul 29 16:41:57 2025 -0600

    Update frontend-only flag description

 docs/scripts_reference.md | 2 +-
 1 file changed, 1 insertion(+), 1 deletion(-)

=====TIMESTAMP=====
2025-07-29T22:41:57Z

=====BUILDER_DATE_TIME (UTC)=====
20250801 191117

=====PROMPTID=====
legacy-backfill-batch-001

=====AGENTVERSION=====
LEGACY-N/A

=====AGENTHASH=====
LEGACY-N/A

=====PROMPTHASH=====
LEGACY-N/A

=====COMMITHASH=====
6a4efd63cf606dec1b78acab93365ca4adca5cac

=====SPEC_HASHES=====
6bfaa5a80ab85a494b5e35d9cc68b1ec039d330a4386e8ac011f130556dbb7a1

=====SNAPSHOT=====
LEGACY-N/A

=====TESTRESULTS=====
LEGACY-N/A

=====DIAGNOSTICMETA=====
legacy-backfill

=====DECISIONS=====
- Auto-generated from commit history