patch_20250627_012930_b1f76fc5705e5eea44987b11b9edbf5e003cb660.log
=====TASK=====
Backfill legacy patch log

=====OBJECTIVE=====
Reconstruct patch metadata for auditing.

=====CONSTRAINTS=====
- No repository changes
- Use commit history only

=====SCOPE=====
Commit b1f76fc5705e5eea44987b11b9edbf5e003cb660

=====DIFFSUMMARY=====
b1f76fc Instrument job queue metrics

README.md                 |  6 ++++++
 api/routes/metrics.py     |  3 +++
 api/services/job_queue.py | 16 ++++++++++++++++
 tests/test_queue.py       | 15 ++++++++++++++-
 4 files changed, 39 insertions(+), 1 deletion(-)

=====TIMESTAMP=====
2025-06-27T01:29:30Z

=====BUILDER_DATE_TIME (UTC)=====
20250801 200929

=====PROMPTID=====
legacy-backfill-batch-003

=====AGENTVERSION=====
LEGACY-N/A

=====AGENTHASH=====
LEGACY-N/A

=====PROMPTHASH=====
LEGACY-N/A

=====COMMITHASH=====
b1f76fc5705e5eea44987b11b9edbf5e003cb660

=====SPEC_HASHES=====
b56c464f9d3865da0d92d36f4ea508203ad295a8fcd86343f412fb7654514a50

=====SNAPSHOT=====
LEGACY-N/A

=====TESTRESULTS=====
LEGACY-N/A

=====DIAGNOSTICMETA=====
{"legacy_backfill": true}

=====DECISIONS=====
- Legacy patch log generated from commit history.
