patch_20250703_150013_087ffe693d87c88801c7e10e192efeeb7bc8995e.log
=====TASK=====
Backfill legacy patch log

=====OBJECTIVE=====
Reconstruct patch metadata for auditing.

=====CONSTRAINTS=====
- No repository changes
- Use commit history only

=====SCOPE=====
Commit 087ffe693d87c88801c7e10e192efeeb7bc8995e

=====DIFFSUMMARY=====
087ffe6 docs: clarify compose setup
 README.md | 14 +++++++++++---
 1 file changed, 11 insertions(+), 3 deletions(-)

=====TIMESTAMP=====
2025-07-03T15:00:13Z

=====BUILDER_DATE_TIME (UTC)=====
20250801 200929

=====PROMPTID=====
legacy-backfill-batch-005

=====AGENTVERSION=====
LEGACY-N/A

=====AGENTHASH=====
LEGACY-N/A

=====PROMPTHASH=====
LEGACY-N/A

=====COMMITHASH=====
087ffe693d87c88801c7e10e192efeeb7bc8995e

=====SPEC_HASHES=====
10ba62ac16c28028ead0d8892258ab67b59de208559b0027d4835794228c3167

=====SNAPSHOT=====
LEGACY-N/A

=====TESTRESULTS=====
LEGACY-N/A

=====DIAGNOSTICMETA=====
{"legacy_backfill": true}

=====DECISIONS=====
- Legacy patch log generated from commit history.
