patch_20250627_031004_8e597621ca7be49d485d1d08273c38430291d2c1.log
=====TASK=====
Backfill legacy patch log

=====OBJECTIVE=====
Reconstruct patch metadata for auditing.

=====CONSTRAINTS=====
- No repository changes
- Use commit history only

=====SCOPE=====
Commit 8e597621ca7be49d485d1d08273c38430291d2c1

=====DIFFSUMMARY=====
8e59762 Add MIT license

LICENSE   | 21 +++++++++++++++++++++
 README.md |  4 ++++
 2 files changed, 25 insertions(+)

=====TIMESTAMP=====
2025-06-27T03:10:04Z

=====BUILDER_DATE_TIME (UTC)=====
20250801 200929

=====PROMPTID=====
legacy-backfill-batch-003

=====AGENTVERSION=====
LEGACY-N/A

=====AGENTHASH=====
LEGACY-N/A

=====PROMPTHASH=====
LEGACY-N/A

=====COMMITHASH=====
8e597621ca7be49d485d1d08273c38430291d2c1

=====SPEC_HASHES=====
b56c464f9d3865da0d92d36f4ea508203ad295a8fcd86343f412fb7654514a50

=====SNAPSHOT=====
LEGACY-N/A

=====TESTRESULTS=====
LEGACY-N/A

=====DIAGNOSTICMETA=====
{"legacy_backfill": true}

=====DECISIONS=====
- Legacy patch log generated from commit history.
