patch_20250705_174641_9ff36b04dc68a2c1e28260b2f3ccae5fa6c136a5.log
=====TASK=====
Backfill legacy patch log

=====OBJECTIVE=====
Reconstruct patch metadata for auditing.

=====CONSTRAINTS=====
- No repository changes
- Use commit history only

=====SCOPE=====
Commit 9ff36b04dc68a2c1e28260b2f3ccae5fa6c136a5

=====DIFFSUMMARY=====
9ff36b0 Pin bcrypt and document
 README.md        | 3 +++
 requirements.txt | 1 +
 2 files changed, 4 insertions(+)

=====TIMESTAMP=====
2025-07-05T17:46:41Z

=====BUILDER_DATE_TIME (UTC)=====
20250801 200929

=====PROMPTID=====
legacy-backfill-batch-006

=====AGENTVERSION=====
LEGACY-N/A

=====AGENTHASH=====
LEGACY-N/A

=====PROMPTHASH=====
LEGACY-N/A

=====COMMITHASH=====
9ff36b04dc68a2c1e28260b2f3ccae5fa6c136a5

=====SPEC_HASHES=====
10ba62ac16c28028ead0d8892258ab67b59de208559b0027d4835794228c3167

=====SNAPSHOT=====
LEGACY-N/A

=====TESTRESULTS=====
LEGACY-N/A

=====DIAGNOSTICMETA=====
{"legacy_backfill": true}

=====DECISIONS=====
- Legacy patch log generated from commit history.
