patch_20250626_205159_3bf3fa395c77e74d9159913be84b5bb379401f26.log
=====TASK=====
Backfill legacy patch log

=====OBJECTIVE=====
Reconstruct patch metadata for auditing.

=====CONSTRAINTS=====
- No repository changes
- Use commit history only

=====SCOPE=====
Commit 3bf3fa395c77e74d9159913be84b5bb379401f26

=====DIFFSUMMARY=====
3bf3fa3 Add Layout component and update routing

frontend/src/App.jsx               | 68 ++++++++++----------------------------
 frontend/src/components/Layout.jsx | 60 +++++++++++++++++++++++++++++++++
 2 files changed, 78 insertions(+), 50 deletions(-)

=====TIMESTAMP=====
2025-06-26T20:51:59Z

=====BUILDER_DATE_TIME (UTC)=====
20250801 200929

=====PROMPTID=====
legacy-backfill-batch-003

=====AGENTVERSION=====
LEGACY-N/A

=====AGENTHASH=====
LEGACY-N/A

=====PROMPTHASH=====
LEGACY-N/A

=====COMMITHASH=====
3bf3fa395c77e74d9159913be84b5bb379401f26

=====SPEC_HASHES=====
b56c464f9d3865da0d92d36f4ea508203ad295a8fcd86343f412fb7654514a50

=====SNAPSHOT=====
LEGACY-N/A

=====TESTRESULTS=====
LEGACY-N/A

=====DIAGNOSTICMETA=====
{"legacy_backfill": true}

=====DECISIONS=====
- Legacy patch log generated from commit history.
