patch_20250709_050323_8d44542c3841989d0527459ce6c6e48852d82199.log
=====TASK=====
Backfill legacy patch log

=====OBJECTIVE=====
Reconstruct patch metadata for auditing.

=====CONSTRAINTS=====
- No repository changes
- Use commit history only

=====SCOPE=====
Commit 8d44542c3841989d0527459ce6c6e48852d82199

=====DIFFSUMMARY=====
8d44542 Add API health check in docker build script
 scripts/docker_build.sh | 25 +++++++++++++++++++++++++
 1 file changed, 25 insertions(+)

=====TIMESTAMP=====
2025-07-09T05:03:23Z

=====BUILDER_DATE_TIME (UTC)=====
20250801 200929

=====PROMPTID=====
legacy-backfill-batch-006

=====AGENTVERSION=====
LEGACY-N/A

=====AGENTHASH=====
LEGACY-N/A

=====PROMPTHASH=====
LEGACY-N/A

=====COMMITHASH=====
8d44542c3841989d0527459ce6c6e48852d82199

=====SPEC_HASHES=====
10ba62ac16c28028ead0d8892258ab67b59de208559b0027d4835794228c3167

=====SNAPSHOT=====
LEGACY-N/A

=====TESTRESULTS=====
LEGACY-N/A

=====DIAGNOSTICMETA=====
{"legacy_backfill": true}

=====DECISIONS=====
- Legacy patch log generated from commit history.
