patch_20250730_041714_b70f65f19a512308b1778581ff58b1b406c578dc.log
=====TASK=====
Backfill legacy patch log

=====OBJECTIVE=====
Record missing patch log from history

=====CONSTRAINTS=====
- Placeholder for legacy snapshot and agent metadata

=====SCOPE=====
LEGACY commit b70f65f19a512308b1778581ff58b1b406c578dc

=====DIFFSUMMARY=====
commit b70f65f19a512308b1778581ff58b1b406c578dc
Author: buymeagoat <53793097+buymeagoat@users.noreply.github.com>
Date:   Tue Jul 29 22:17:14 2025 -0600

    Validate single mode flag

 scripts/whisper_build.sh | 27 +++++++++++++++++++++++++++
 1 file changed, 27 insertions(+)

=====TIMESTAMP=====
2025-07-30T04:17:14Z

=====BUILDER_DATE_TIME (UTC)=====
20250801 191117

=====PROMPTID=====
legacy-backfill-batch-001

=====AGENTVERSION=====
LEGACY-N/A

=====AGENTHASH=====
LEGACY-N/A

=====PROMPTHASH=====
LEGACY-N/A

=====COMMITHASH=====
b70f65f19a512308b1778581ff58b1b406c578dc

=====SPEC_HASHES=====
6bfaa5a80ab85a494b5e35d9cc68b1ec039d330a4386e8ac011f130556dbb7a1

=====SNAPSHOT=====
LEGACY-N/A

=====TESTRESULTS=====
LEGACY-N/A

=====DIAGNOSTICMETA=====
legacy-backfill

=====DECISIONS=====
- Auto-generated from commit history