patch_20250728_015131_e10b6aa31bad9f20249915529788a0c770fb6bc6.log
=====TASK=====
Backfill legacy patch log

=====OBJECTIVE=====
Reconstruct patch metadata for auditing.

=====CONSTRAINTS=====
- No repository changes
- Use commit history only

=====SCOPE=====
Commit e10b6aa31bad9f20249915529788a0c770fb6bc6

=====DIFFSUMMARY=====
e10b6aa Record base image digest
 README.md                        |  4 ++--
 docs/design_scope.md             |  7 ++++---
 scripts/check_env.sh             | 24 ++++++++++++++++--------
 scripts/prestage_dependencies.sh |  5 +++++
 4 files changed, 27 insertions(+), 13 deletions(-)

=====TIMESTAMP=====
2025-07-28T01:51:31Z

=====BUILDER_DATE_TIME (UTC)=====
20250801 194741

=====PROMPTID=====
legacy-backfill-batch-002

=====AGENTVERSION=====
LEGACY-N/A

=====AGENTHASH=====
LEGACY-N/A

=====PROMPTHASH=====
LEGACY-N/A

=====COMMITHASH=====
e10b6aa31bad9f20249915529788a0c770fb6bc6

=====SPEC_HASHES=====
6bfaa5a80ab85a494b5e35d9cc68b1ec039d330a4386e8ac011f130556dbb7a1

=====SNAPSHOT=====
LEGACY-N/A

=====TESTRESULTS=====
LEGACY-N/A

=====DIAGNOSTICMETA=====
{"legacy_backfill": true}

=====DECISIONS=====
- Legacy patch log generated from commit history.
