patch_20250708_190158_0d615504917125d74d784d99891fa86128ba9e89.log
=====TASK=====
Backfill legacy patch log

=====OBJECTIVE=====
Reconstruct patch metadata for auditing.

=====CONSTRAINTS=====
- No repository changes
- Use commit history only

=====SCOPE=====
Commit 0d615504917125d74d784d99891fa86128ba9e89

=====DIFFSUMMARY=====
0d61550 Improve Docker helper scripts
 scripts/start_containers.sh |  7 ++++---
 scripts/update_images.sh    | 10 ++++++----
 2 files changed, 10 insertions(+), 7 deletions(-)

=====TIMESTAMP=====
2025-07-08T19:01:58Z

=====BUILDER_DATE_TIME (UTC)=====
20250801 200929

=====PROMPTID=====
legacy-backfill-batch-006

=====AGENTVERSION=====
LEGACY-N/A

=====AGENTHASH=====
LEGACY-N/A

=====PROMPTHASH=====
LEGACY-N/A

=====COMMITHASH=====
0d615504917125d74d784d99891fa86128ba9e89

=====SPEC_HASHES=====
10ba62ac16c28028ead0d8892258ab67b59de208559b0027d4835794228c3167

=====SNAPSHOT=====
LEGACY-N/A

=====TESTRESULTS=====
LEGACY-N/A

=====DIAGNOSTICMETA=====
{"legacy_backfill": true}

=====DECISIONS=====
- Legacy patch log generated from commit history.
