patch_20250707_133125_f39df4bf9c5e80976fce7b3a5629ee62d0029042.log
=====TASK=====
Backfill legacy patch log

=====OBJECTIVE=====
Reconstruct patch metadata for auditing.

=====CONSTRAINTS=====
- No repository changes
- Use commit history only

=====SCOPE=====
Commit f39df4bf9c5e80976fce7b3a5629ee62d0029042

=====DIFFSUMMARY=====
f39df4b Improve RabbitMQ readiness check
 scripts/docker-entrypoint.sh | 5 ++---
 1 file changed, 2 insertions(+), 3 deletions(-)

=====TIMESTAMP=====
2025-07-07T13:31:25Z

=====BUILDER_DATE_TIME (UTC)=====
20250801 200929

=====PROMPTID=====
legacy-backfill-batch-006

=====AGENTVERSION=====
LEGACY-N/A

=====AGENTHASH=====
LEGACY-N/A

=====PROMPTHASH=====
LEGACY-N/A

=====COMMITHASH=====
f39df4bf9c5e80976fce7b3a5629ee62d0029042

=====SPEC_HASHES=====
10ba62ac16c28028ead0d8892258ab67b59de208559b0027d4835794228c3167

=====SNAPSHOT=====
LEGACY-N/A

=====TESTRESULTS=====
LEGACY-N/A

=====DIAGNOSTICMETA=====
{"legacy_backfill": true}

=====DECISIONS=====
- Legacy patch log generated from commit history.
