patch_20250723_020653_d1ab4cd81c899dd00d5b47fed64b764c4c438477.log
=====TASK=====
Back-fill missing patch logs using commit history.

=====OBJECTIVE=====
Back-fill missing patch logs using commit history.

=====CONSTRAINTS=====
- AtomicPatch: create ≤100 new logs in this batch; abort on error.
- Filename pattern: patch_<UTC YYYYMMDD>_<HHMMSS>_<commit_hash>.log
- Required fields: TASK, OBJECTIVE, CONSTRAINTS, SCOPE,
                    DIFFSUMMARY (git show --stat),
                    snapshot_metadata=LEGACY-N/A,
                    agent_metadata=LEGACY-N/A,
                    test_results=LEGACY-N/A,
                    diagnostic block noting legacy status,
                    SPEC_HASHES (current CAG & agents.md).
- Skip commits already covered by docs/patch_logs/*.log
- Preserve existing logs; no edits.

=====SCOPE=====
Commit d1ab4cd81c899dd00d5b47fed64b764c4c438477

=====DIFFSUMMARY=====
commit d1ab4cd81c899dd00d5b47fed64b764c4c438477
Author: buymeagoat <53793097+buymeagoat@users.noreply.github.com>
Date:   Tue Jul 22 20:06:53 2025 -0600

    Invoke prerequisites in update_images

 README.md                | 4 ++--
 docs/design_scope.md     | 2 +-
 scripts/update_images.sh | 4 ++++
 3 files changed, 7 insertions(+), 3 deletions(-)

=====TIMESTAMP=====
2025-07-23T02:06:53Z

=====BUILDER_DATE_TIME (UTC)=====
20250801 200929

=====PROMPTID=====
legacy-backfill-batch-008

=====AGENTVERSION=====
LEGACY-N/A

=====AGENTHASH=====
LEGACY-N/A

=====PROMPTHASH=====
LEGACY-N/A

=====COMMITHASH=====
d1ab4cd81c899dd00d5b47fed64b764c4c438477

=====SPEC_HASHES=====
10ba62ac16c28028ead0d8892258ab67b59de208559b0027d4835794228c3167

=====SNAPSHOT=====
LEGACY-N/A

=====TESTRESULTS=====
LEGACY-N/A

=====DIAGNOSTICMETA=====
{"legacy_backfill": true}

=====DECISIONS=====
- Legacy patch log generated from commit history.
