patch_20250706_213334_1ec75ab5aff7d8cbed90f5cb26faee91699a0c19.log
=====TASK=====
Backfill legacy patch log

=====OBJECTIVE=====
Reconstruct patch metadata for auditing.

=====CONSTRAINTS=====
- No repository changes
- Use commit history only

=====SCOPE=====
Commit 1ec75ab5aff7d8cbed90f5cb26faee91699a0c19

=====DIFFSUMMARY=====
1ec75ab Add regression test for failed status filter
 tests/test_jobs_api.py | 24 ++++++++++++++++++++++++
 1 file changed, 24 insertions(+)

=====TIMESTAMP=====
2025-07-06T21:33:34Z

=====BUILDER_DATE_TIME (UTC)=====
20250801 200929

=====PROMPTID=====
legacy-backfill-batch-006

=====AGENTVERSION=====
LEGACY-N/A

=====AGENTHASH=====
LEGACY-N/A

=====PROMPTHASH=====
LEGACY-N/A

=====COMMITHASH=====
1ec75ab5aff7d8cbed90f5cb26faee91699a0c19

=====SPEC_HASHES=====
10ba62ac16c28028ead0d8892258ab67b59de208559b0027d4835794228c3167

=====SNAPSHOT=====
LEGACY-N/A

=====TESTRESULTS=====
LEGACY-N/A

=====DIAGNOSTICMETA=====
{"legacy_backfill": true}

=====DECISIONS=====
- Legacy patch log generated from commit history.
