patch_20250707_024335_0b64177c8952266b0e166fc27a5fe67e0d78525b.log
=====TASK=====
Backfill legacy patch log

=====OBJECTIVE=====
Reconstruct patch metadata for auditing.

=====CONSTRAINTS=====
- No repository changes
- Use commit history only

=====SCOPE=====
Commit 0b64177c8952266b0e166fc27a5fe67e0d78525b

=====DIFFSUMMARY=====
0b64177 docs(auth): clarify get_token behavior
 api/routes/auth.py | 1 +
 1 file changed, 1 insertion(+)

=====TIMESTAMP=====
2025-07-07T02:43:35Z

=====BUILDER_DATE_TIME (UTC)=====
20250801 200929

=====PROMPTID=====
legacy-backfill-batch-006

=====AGENTVERSION=====
LEGACY-N/A

=====AGENTHASH=====
LEGACY-N/A

=====PROMPTHASH=====
LEGACY-N/A

=====COMMITHASH=====
0b64177c8952266b0e166fc27a5fe67e0d78525b

=====SPEC_HASHES=====
10ba62ac16c28028ead0d8892258ab67b59de208559b0027d4835794228c3167

=====SNAPSHOT=====
LEGACY-N/A

=====TESTRESULTS=====
LEGACY-N/A

=====DIAGNOSTICMETA=====
{"legacy_backfill": true}

=====DECISIONS=====
- Legacy patch log generated from commit history.
