patch_20250630_135116_e67ff243da323af8ceb7da115331e03298a76da1.log
=====TASK=====
Backfill legacy patch log

=====OBJECTIVE=====
Reconstruct patch metadata for auditing.

=====CONSTRAINTS=====
- No repository changes
- Use commit history only

=====SCOPE=====
Commit e67ff243da323af8ceb7da115331e03298a76da1

=====DIFFSUMMARY=====
e67ff24 Run worker as non-root
 Dockerfile         | 6 ++++++
 docker-compose.yml | 4 ++--
 2 files changed, 8 insertions(+), 2 deletions(-)

=====TIMESTAMP=====
2025-06-30T13:51:16Z

=====BUILDER_DATE_TIME (UTC)=====
20250801 200929

=====PROMPTID=====
legacy-backfill-batch-005

=====AGENTVERSION=====
LEGACY-N/A

=====AGENTHASH=====
LEGACY-N/A

=====PROMPTHASH=====
LEGACY-N/A

=====COMMITHASH=====
e67ff243da323af8ceb7da115331e03298a76da1

=====SPEC_HASHES=====
10ba62ac16c28028ead0d8892258ab67b59de208559b0027d4835794228c3167

=====SNAPSHOT=====
LEGACY-N/A

=====TESTRESULTS=====
LEGACY-N/A

=====DIAGNOSTICMETA=====
{"legacy_backfill": true}

=====DECISIONS=====
- Legacy patch log generated from commit history.
