patch_20250705_181117_d72d7d8f8d5aa55663e45fd0a67b12817517a029.log
=====TASK=====
Backfill legacy patch log

=====OBJECTIVE=====
Reconstruct patch metadata for auditing.

=====CONSTRAINTS=====
- No repository changes
- Use commit history only

=====SCOPE=====
Commit d72d7d8f8d5aa55663e45fd0a67b12817517a029

=====DIFFSUMMARY=====
d72d7d8 Handle specific errors
 api/routes/audio.py    | 27 ++++++++++++++++++---------
 api/routes/jobs.py     |  8 ++++++--
 api/routes/logs.py     |  4 ++--
 tests/test_audio.py    | 17 +++++++++++++++++
 tests/test_jobs_api.py | 18 ++++++++++++++++++
 tests/test_logs_api.py | 12 ++++++++++++
 6 files changed, 73 insertions(+), 13 deletions(-)

=====TIMESTAMP=====
2025-07-05T18:11:17Z

=====BUILDER_DATE_TIME (UTC)=====
20250801 200929

=====PROMPTID=====
legacy-backfill-batch-006

=====AGENTVERSION=====
LEGACY-N/A

=====AGENTHASH=====
LEGACY-N/A

=====PROMPTHASH=====
LEGACY-N/A

=====COMMITHASH=====
d72d7d8f8d5aa55663e45fd0a67b12817517a029

=====SPEC_HASHES=====
10ba62ac16c28028ead0d8892258ab67b59de208559b0027d4835794228c3167

=====SNAPSHOT=====
LEGACY-N/A

=====TESTRESULTS=====
LEGACY-N/A

=====DIAGNOSTICMETA=====
{"legacy_backfill": true}

=====DECISIONS=====
- Legacy patch log generated from commit history.
