patch_20250720_133526_d7c8de5d8308b6271c4720b3256a9ed5aedd2ba5.log
=====TASK=====
Back-fill missing patch logs using commit history.

=====OBJECTIVE=====
Back-fill missing patch logs using commit history.

=====CONSTRAINTS=====
- AtomicPatch: create ≤100 new logs in this batch; abort on error.
- Filename pattern: patch_<UTC YYYYMMDD>_<HHMMSS>_<commit_hash>.log
- Required fields: TASK, OBJECTIVE, CONSTRAINTS, SCOPE,
                    DIFFSUMMARY (git show --stat),
                    snapshot_metadata=LEGACY-N/A,
                    agent_metadata=LEGACY-N/A,
                    test_results=LEGACY-N/A,
                    diagnostic block noting legacy status,
                    SPEC_HASHES (current CAG & agents.md).
- Skip commits already covered by docs/patch_logs/*.log
- Preserve existing logs; no edits.

=====SCOPE=====
Commit d7c8de5d8308b6271c4720b3256a9ed5aedd2ba5

=====DIFFSUMMARY=====
commit d7c8de5d8308b6271c4720b3256a9ed5aedd2ba5
Author: buymeagoat <53793097+buymeagoat@users.noreply.github.com>
Date:   Sun Jul 20 07:35:26 2025 -0600

    enhance diagnosis script

 scripts/diagnose_containers.sh | 33 +++++++++++++++++++++++++++++++--
 1 file changed, 31 insertions(+), 2 deletions(-)

=====TIMESTAMP=====
2025-07-20T13:35:26Z

=====BUILDER_DATE_TIME (UTC)=====
20250801 200929

=====PROMPTID=====
legacy-backfill-batch-008

=====AGENTVERSION=====
LEGACY-N/A

=====AGENTHASH=====
LEGACY-N/A

=====PROMPTHASH=====
LEGACY-N/A

=====COMMITHASH=====
d7c8de5d8308b6271c4720b3256a9ed5aedd2ba5

=====SPEC_HASHES=====
10ba62ac16c28028ead0d8892258ab67b59de208559b0027d4835794228c3167

=====SNAPSHOT=====
LEGACY-N/A

=====TESTRESULTS=====
LEGACY-N/A

=====DIAGNOSTICMETA=====
{"legacy_backfill": true}

=====DECISIONS=====
- Legacy patch log generated from commit history.
