patch_20250630_135930_7eca2f1abec37b816e880e0c0b871994b4c8e7f8.log
=====TASK=====
Backfill legacy patch log

=====OBJECTIVE=====
Reconstruct patch metadata for auditing.

=====CONSTRAINTS=====
- No repository changes
- Use commit history only

=====SCOPE=====
Commit 7eca2f1abec37b816e880e0c0b871994b4c8e7f8

=====DIFFSUMMARY=====
7eca2f1 Log db bootstrapping errors
 README.md            | 5 +++++
 api/orm_bootstrap.py | 4 +++-
 2 files changed, 8 insertions(+), 1 deletion(-)

=====TIMESTAMP=====
2025-06-30T13:59:30Z

=====BUILDER_DATE_TIME (UTC)=====
20250801 200929

=====PROMPTID=====
legacy-backfill-batch-005

=====AGENTVERSION=====
LEGACY-N/A

=====AGENTHASH=====
LEGACY-N/A

=====PROMPTHASH=====
LEGACY-N/A

=====COMMITHASH=====
7eca2f1abec37b816e880e0c0b871994b4c8e7f8

=====SPEC_HASHES=====
10ba62ac16c28028ead0d8892258ab67b59de208559b0027d4835794228c3167

=====SNAPSHOT=====
LEGACY-N/A

=====TESTRESULTS=====
LEGACY-N/A

=====DIAGNOSTICMETA=====
{"legacy_backfill": true}

=====DECISIONS=====
- Legacy patch log generated from commit history.
