patch_20250729_150139_68ecb39a0576d8fcc0a7b268ff49cd1af1296b08.log
=====TASK=====
Backfill legacy patch log

=====OBJECTIVE=====
Record missing patch log from history

=====CONSTRAINTS=====
- Placeholder for legacy snapshot and agent metadata

=====SCOPE=====
LEGACY commit 68ecb39a0576d8fcc0a7b268ff49cd1af1296b08

=====DIFFSUMMARY=====
commit 68ecb39a0576d8fcc0a7b268ff49cd1af1296b08
Author: buymeagoat <53793097+buymeagoat@users.noreply.github.com>
Date:   Tue Jul 29 09:01:39 2025 -0600

    feat: add modular build modes

 scripts/whisper_build.sh | 123 +++++++++++++++++++++++++++++++++++++++++++----
 1 file changed, 113 insertions(+), 10 deletions(-)

=====TIMESTAMP=====
2025-07-29T15:01:39Z

=====BUILDER_DATE_TIME (UTC)=====
20250801 191117

=====PROMPTID=====
legacy-backfill-batch-001

=====AGENTVERSION=====
LEGACY-N/A

=====AGENTHASH=====
LEGACY-N/A

=====PROMPTHASH=====
LEGACY-N/A

=====COMMITHASH=====
68ecb39a0576d8fcc0a7b268ff49cd1af1296b08

=====SPEC_HASHES=====
6bfaa5a80ab85a494b5e35d9cc68b1ec039d330a4386e8ac011f130556dbb7a1

=====SNAPSHOT=====
LEGACY-N/A

=====TESTRESULTS=====
LEGACY-N/A

=====DIAGNOSTICMETA=====
legacy-backfill

=====DECISIONS=====
- Auto-generated from commit history