patch_20250627_044412_1a2d8b32cd9585cffe77a8bfadd781c34d07a0e5.log
=====TASK=====
Backfill legacy patch log

=====OBJECTIVE=====
Reconstruct patch metadata for auditing.

=====CONSTRAINTS=====
- No repository changes
- Use commit history only

=====SCOPE=====
Commit 1a2d8b32cd9585cffe77a8bfadd781c34d07a0e5

=====DIFFSUMMARY=====
1a2d8b3 Add file browser page and button

frontend/src/App.jsx                   |  2 +
 frontend/src/pages/AdminPage.jsx       | 84 +++-------------------------------
 frontend/src/pages/FileBrowserPage.jsx | 28 ++++++++++++
 frontend/src/routes.js                 |  1 +
 4 files changed, 38 insertions(+), 77 deletions(-)

=====TIMESTAMP=====
2025-06-27T04:44:12Z

=====BUILDER_DATE_TIME (UTC)=====
20250801 200929

=====PROMPTID=====
legacy-backfill-batch-003

=====AGENTVERSION=====
LEGACY-N/A

=====AGENTHASH=====
LEGACY-N/A

=====PROMPTHASH=====
LEGACY-N/A

=====COMMITHASH=====
1a2d8b32cd9585cffe77a8bfadd781c34d07a0e5

=====SPEC_HASHES=====
b56c464f9d3865da0d92d36f4ea508203ad295a8fcd86343f412fb7654514a50

=====SNAPSHOT=====
LEGACY-N/A

=====TESTRESULTS=====
LEGACY-N/A

=====DIAGNOSTICMETA=====
{"legacy_backfill": true}

=====DECISIONS=====
- Legacy patch log generated from commit history.
