patch_20250711_034200_2d07977290026da0c667338f5cca9b3ff40ad369.log
=====TASK=====
Backfill legacy patch log

=====OBJECTIVE=====
Reconstruct patch metadata for auditing.

=====CONSTRAINTS=====
- No repository changes
- Use commit history only

=====SCOPE=====
Commit 2d07977290026da0c667338f5cca9b3ff40ad369

=====DIFFSUMMARY=====
2d07977 Use BuildKit secret for Docker builds
 Dockerfile              |  5 +++--
 README.md               | 13 ++++++++++---
 scripts/docker_build.sh | 10 ++++++++--
 3 files changed, 21 insertions(+), 7 deletions(-)

=====TIMESTAMP=====
2025-07-11T03:42:00Z

=====BUILDER_DATE_TIME (UTC)=====
20250801 200929

=====PROMPTID=====
legacy-backfill-batch-006

=====AGENTVERSION=====
LEGACY-N/A

=====AGENTHASH=====
LEGACY-N/A

=====PROMPTHASH=====
LEGACY-N/A

=====COMMITHASH=====
2d07977290026da0c667338f5cca9b3ff40ad369

=====SPEC_HASHES=====
10ba62ac16c28028ead0d8892258ab67b59de208559b0027d4835794228c3167

=====SNAPSHOT=====
LEGACY-N/A

=====TESTRESULTS=====
LEGACY-N/A

=====DIAGNOSTICMETA=====
{"legacy_backfill": true}

=====DECISIONS=====
- Legacy patch log generated from commit history.
