patch_20250711_041311_13a44dcfc29e982b057b86662d1849efe4fc7a32.log
=====TASK=====
Backfill legacy patch log

=====OBJECTIVE=====
Reconstruct patch metadata for auditing.

=====CONSTRAINTS=====
- No repository changes
- Use commit history only

=====SCOPE=====
Commit 13a44dcfc29e982b057b86662d1849efe4fc7a32

=====DIFFSUMMARY=====
13a44dc Allow lockfile
 .gitignore | 1 -
 1 file changed, 1 deletion(-)

=====TIMESTAMP=====
2025-07-11T04:13:11Z

=====BUILDER_DATE_TIME (UTC)=====
20250801 200929

=====PROMPTID=====
legacy-backfill-batch-006

=====AGENTVERSION=====
LEGACY-N/A

=====AGENTHASH=====
LEGACY-N/A

=====PROMPTHASH=====
LEGACY-N/A

=====COMMITHASH=====
13a44dcfc29e982b057b86662d1849efe4fc7a32

=====SPEC_HASHES=====
10ba62ac16c28028ead0d8892258ab67b59de208559b0027d4835794228c3167

=====SNAPSHOT=====
LEGACY-N/A

=====TESTRESULTS=====
LEGACY-N/A

=====DIAGNOSTICMETA=====
{"legacy_backfill": true}

=====DECISIONS=====
- Legacy patch log generated from commit history.
