patch_20250720_005140_4fc8b466bb1e3b593091a7f6aea8a696373e7847.log
=====TASK=====
Back-fill missing patch logs using commit history.

=====OBJECTIVE=====
Back-fill missing patch logs using commit history.

=====CONSTRAINTS=====
- AtomicPatch: create ≤100 new logs in this batch; abort on error.
- Filename pattern: patch_<UTC YYYYMMDD>_<HHMMSS>_<commit_hash>.log
- Required fields: TASK, OBJECTIVE, CONSTRAINTS, SCOPE,
                    DIFFSUMMARY (git show --stat),
                    snapshot_metadata=LEGACY-N/A,
                    agent_metadata=LEGACY-N/A,
                    test_results=LEGACY-N/A,
                    diagnostic block noting legacy status,
                    SPEC_HASHES (current CAG & agents.md).
- Skip commits already covered by docs/patch_logs/*.log
- Preserve existing logs; no edits.

=====SCOPE=====
Commit 4fc8b466bb1e3b593091a7f6aea8a696373e7847

=====DIFFSUMMARY=====
commit 4fc8b466bb1e3b593091a7f6aea8a696373e7847
Author: buymeagoat <53793097+buymeagoat@users.noreply.github.com>
Date:   Sat Jul 19 18:51:40 2025 -0600

    Add exit code and env info to diagnose script

 README.md                      | 2 +-
 scripts/diagnose_containers.sh | 4 +++-
 2 files changed, 4 insertions(+), 2 deletions(-)

=====TIMESTAMP=====
2025-07-20T00:51:40Z

=====BUILDER_DATE_TIME (UTC)=====
20250801 200929

=====PROMPTID=====
legacy-backfill-batch-008

=====AGENTVERSION=====
LEGACY-N/A

=====AGENTHASH=====
LEGACY-N/A

=====PROMPTHASH=====
LEGACY-N/A

=====COMMITHASH=====
4fc8b466bb1e3b593091a7f6aea8a696373e7847

=====SPEC_HASHES=====
10ba62ac16c28028ead0d8892258ab67b59de208559b0027d4835794228c3167

=====SNAPSHOT=====
LEGACY-N/A

=====TESTRESULTS=====
LEGACY-N/A

=====DIAGNOSTICMETA=====
{"legacy_backfill": true}

=====DECISIONS=====
- Legacy patch log generated from commit history.
