patch_20250628_183204_d7a8ea26acad186961f118db7aa02c4597ada767.log
=====TASK=====
Backfill legacy patch log

=====OBJECTIVE=====
Reconstruct patch metadata for auditing.

=====CONSTRAINTS=====
- No repository changes
- Use commit history only

=====SCOPE=====
Commit d7a8ea26acad186961f118db7aa02c4597ada767

=====DIFFSUMMARY=====
d7a8ea2 Require DB_URL for Alembic
 api/migrations/env.py | 9 +++++----
 1 file changed, 5 insertions(+), 4 deletions(-)

=====TIMESTAMP=====
2025-06-28T18:32:04Z

=====BUILDER_DATE_TIME (UTC)=====
20250801 200929

=====PROMPTID=====
legacy-backfill-batch-004

=====AGENTVERSION=====
LEGACY-N/A

=====AGENTHASH=====
LEGACY-N/A

=====PROMPTHASH=====
LEGACY-N/A

=====COMMITHASH=====
d7a8ea26acad186961f118db7aa02c4597ada767

=====SPEC_HASHES=====
10ba62ac16c28028ead0d8892258ab67b59de208559b0027d4835794228c3167

=====SNAPSHOT=====
LEGACY-N/A

=====TESTRESULTS=====
LEGACY-N/A

=====DIAGNOSTICMETA=====
{"legacy_backfill": true}

=====DECISIONS=====
- Legacy patch log generated from commit history.