patch_20250703_155209_5f339c5cf330ada453b57f93d5ce9e1ba9aa2956.log
=====TASK=====
Backfill legacy patch log

=====OBJECTIVE=====
Reconstruct patch metadata for auditing.

=====CONSTRAINTS=====
- No repository changes
- Use commit history only

=====SCOPE=====
Commit 5f339c5cf330ada453b57f93d5ce9e1ba9aa2956

=====DIFFSUMMARY=====
5f339c5 Add startup exception handling
 api/app_state.py        |  8 +++++---
 api/config.py           |  1 -
 api/config_validator.py |  6 +++---
 api/exceptions.py       |  6 ++++++
 api/main.py             | 44 +++++++++++++++++++++++++++-----------------
 api/paths.py            |  8 +++++---
 api/settings.py         | 11 +++++++----
 7 files changed, 53 insertions(+), 31 deletions(-)

=====TIMESTAMP=====
2025-07-03T15:52:09Z

=====BUILDER_DATE_TIME (UTC)=====
20250801 200929

=====PROMPTID=====
legacy-backfill-batch-005

=====AGENTVERSION=====
LEGACY-N/A

=====AGENTHASH=====
LEGACY-N/A

=====PROMPTHASH=====
LEGACY-N/A

=====COMMITHASH=====
5f339c5cf330ada453b57f93d5ce9e1ba9aa2956

=====SPEC_HASHES=====
10ba62ac16c28028ead0d8892258ab67b59de208559b0027d4835794228c3167

=====SNAPSHOT=====
LEGACY-N/A

=====TESTRESULTS=====
LEGACY-N/A

=====DIAGNOSTICMETA=====
{"legacy_backfill": true}

=====DECISIONS=====
- Legacy patch log generated from commit history.
