patch_20250706_231110_a3e96a6129ab2a7c88d5290d8fba5f2553a3c5e5.log
=====TASK=====
Backfill legacy patch log

=====OBJECTIVE=====
Reconstruct patch metadata for auditing.

=====CONSTRAINTS=====
- No repository changes
- Use commit history only

=====SCOPE=====
Commit a3e96a6129ab2a7c88d5290d8fba5f2553a3c5e5

=====DIFFSUMMARY=====
a3e96a6 Configure Celery logger
 api/services/celery_app.py | 7 +++++++
 1 file changed, 7 insertions(+)

=====TIMESTAMP=====
2025-07-06T23:11:10Z

=====BUILDER_DATE_TIME (UTC)=====
20250801 200929

=====PROMPTID=====
legacy-backfill-batch-006

=====AGENTVERSION=====
LEGACY-N/A

=====AGENTHASH=====
LEGACY-N/A

=====PROMPTHASH=====
LEGACY-N/A

=====COMMITHASH=====
a3e96a6129ab2a7c88d5290d8fba5f2553a3c5e5

=====SPEC_HASHES=====
10ba62ac16c28028ead0d8892258ab67b59de208559b0027d4835794228c3167

=====SNAPSHOT=====
LEGACY-N/A

=====TESTRESULTS=====
LEGACY-N/A

=====DIAGNOSTICMETA=====
{"legacy_backfill": true}

=====DECISIONS=====
- Legacy patch log generated from commit history.
