patch_20250707_211946_ed5b64acd7f46d1bd0bddee5486d15fb9d6f18eb.log
=====TASK=====
Backfill legacy patch log

=====OBJECTIVE=====
Reconstruct patch metadata for auditing.

=====CONSTRAINTS=====
- No repository changes
- Use commit history only

=====SCOPE=====
Commit ed5b64acd7f46d1bd0bddee5486d15fb9d6f18eb

=====DIFFSUMMARY=====
ed5b64a Add vitest setup and basic Spinner test
 frontend/package.json                   | 8 ++++++--
 frontend/src/__tests__/Spinner.test.jsx | 8 ++++++++
 frontend/vitest.config.js               | 9 +++++++++
 3 files changed, 23 insertions(+), 2 deletions(-)

=====TIMESTAMP=====
2025-07-07T21:19:46Z

=====BUILDER_DATE_TIME (UTC)=====
20250801 200929

=====PROMPTID=====
legacy-backfill-batch-006

=====AGENTVERSION=====
LEGACY-N/A

=====AGENTHASH=====
LEGACY-N/A

=====PROMPTHASH=====
LEGACY-N/A

=====COMMITHASH=====
ed5b64acd7f46d1bd0bddee5486d15fb9d6f18eb

=====SPEC_HASHES=====
10ba62ac16c28028ead0d8892258ab67b59de208559b0027d4835794228c3167

=====SNAPSHOT=====
LEGACY-N/A

=====TESTRESULTS=====
LEGACY-N/A

=====DIAGNOSTICMETA=====
{"legacy_backfill": true}

=====DECISIONS=====
- Legacy patch log generated from commit history.
