patch_20250711_034516_5f52447be83b4256a8c83cf12dbfeaa208c97862.log
=====TASK=====
Backfill legacy patch log

=====OBJECTIVE=====
Reconstruct patch metadata for auditing.

=====CONSTRAINTS=====
- No repository changes
- Use commit history only

=====SCOPE=====
Commit 5f52447be83b4256a8c83cf12dbfeaa208c97862

=====DIFFSUMMARY=====
5f52447 Add confirmation step before docker prune
 scripts/docker_build.sh | 39 +++++++++++++++++++++++++++++++++------
 1 file changed, 33 insertions(+), 6 deletions(-)

=====TIMESTAMP=====
2025-07-11T03:45:16Z

=====BUILDER_DATE_TIME (UTC)=====
20250801 200929

=====PROMPTID=====
legacy-backfill-batch-006

=====AGENTVERSION=====
LEGACY-N/A

=====AGENTHASH=====
LEGACY-N/A

=====PROMPTHASH=====
LEGACY-N/A

=====COMMITHASH=====
5f52447be83b4256a8c83cf12dbfeaa208c97862

=====SPEC_HASHES=====
10ba62ac16c28028ead0d8892258ab67b59de208559b0027d4835794228c3167

=====SNAPSHOT=====
LEGACY-N/A

=====TESTRESULTS=====
LEGACY-N/A

=====DIAGNOSTICMETA=====
{"legacy_backfill": true}

=====DECISIONS=====
- Legacy patch log generated from commit history.
