patch_20250801_153720_0dd092b00b01c3678de332c24070aff1a2194efd.log
=====TASK=====
Backfill legacy patch log

=====OBJECTIVE=====
Record missing patch log from history

=====CONSTRAINTS=====
- Placeholder for legacy snapshot and agent metadata

=====SCOPE=====
LEGACY commit 0dd092b00b01c3678de332c24070aff1a2194efd

=====DIFFSUMMARY=====
commit 0dd092b00b01c3678de332c24070aff1a2194efd
Author: buymeagoat <53793097+buymeagoat@users.noreply.github.com>
Date:   Fri Aug 1 10:37:20 2025 -0500

    Rename patch_20250801_153325_BinaryGuardTest.log to patch_20250801_1036_BinaryGuardTest.log

 ...153325_BinaryGuardTest.log => patch_20250801_1036_BinaryGuardTest.log} | 0
 1 file changed, 0 insertions(+), 0 deletions(-)

=====TIMESTAMP=====
2025-08-01T15:37:20Z

=====BUILDER_DATE_TIME (UTC)=====
20250801 191117

=====PROMPTID=====
legacy-backfill-batch-001

=====AGENTVERSION=====
LEGACY-N/A

=====AGENTHASH=====
LEGACY-N/A

=====PROMPTHASH=====
LEGACY-N/A

=====COMMITHASH=====
0dd092b00b01c3678de332c24070aff1a2194efd

=====SPEC_HASHES=====
6bfaa5a80ab85a494b5e35d9cc68b1ec039d330a4386e8ac011f130556dbb7a1

=====SNAPSHOT=====
LEGACY-N/A

=====TESTRESULTS=====
LEGACY-N/A

=====DIAGNOSTICMETA=====
legacy-backfill

=====DECISIONS=====
- Auto-generated from commit history