patch_20250706_020323_55daa70bb2eacbcf361e3f7e7e9f400ce2c3486f.log
=====TASK=====
Backfill legacy patch log

=====OBJECTIVE=====
Reconstruct patch metadata for auditing.

=====CONSTRAINTS=====
- No repository changes
- Use commit history only

=====SCOPE=====
Commit 55daa70bb2eacbcf361e3f7e7e9f400ce2c3486f

=====DIFFSUMMARY=====
55daa70 Configure LAN access
 Dockerfile                 |  2 +-
 README.md                  |  6 +++---
 api/config.py              |  2 +-
 api/main.py                |  2 +-
 api/settings.py            |  2 +-
 docker-compose.yml         |  4 ++--
 frontend/.env              |  2 +-
 frontend/.env.example      |  2 +-
 frontend/public/index.html |  2 +-
 frontend/src/routes.js     |  2 +-
 frontend/vite.config.js    | 16 ++++++++--------
 scripts/healthcheck.sh     |  2 +-
 12 files changed, 22 insertions(+), 22 deletions(-)

=====TIMESTAMP=====
2025-07-06T02:03:23Z

=====BUILDER_DATE_TIME (UTC)=====
20250801 200929

=====PROMPTID=====
legacy-backfill-batch-006

=====AGENTVERSION=====
LEGACY-N/A

=====AGENTHASH=====
LEGACY-N/A

=====PROMPTHASH=====
LEGACY-N/A

=====COMMITHASH=====
55daa70bb2eacbcf361e3f7e7e9f400ce2c3486f

=====SPEC_HASHES=====
10ba62ac16c28028ead0d8892258ab67b59de208559b0027d4835794228c3167

=====SNAPSHOT=====
LEGACY-N/A

=====TESTRESULTS=====
LEGACY-N/A

=====DIAGNOSTICMETA=====
{"legacy_backfill": true}

=====DECISIONS=====
- Legacy patch log generated from commit history.
