patch_20250707_142834_e111abeaef37daa2a7d8cd3ab3e6073b1f7b950e.log
=====TASK=====
Backfill legacy patch log

=====OBJECTIVE=====
Reconstruct patch metadata for auditing.

=====CONSTRAINTS=====
- No repository changes
- Use commit history only

=====SCOPE=====
Commit e111abeaef37daa2a7d8cd3ab3e6073b1f7b950e

=====DIFFSUMMARY=====
e111abe Secure log file path and add test
 api/routes/logs.py     | 12 ++++++++++--
 tests/test_logs_api.py |  5 +++++
 2 files changed, 15 insertions(+), 2 deletions(-)

=====TIMESTAMP=====
2025-07-07T14:28:34Z

=====BUILDER_DATE_TIME (UTC)=====
20250801 200929

=====PROMPTID=====
legacy-backfill-batch-006

=====AGENTVERSION=====
LEGACY-N/A

=====AGENTHASH=====
LEGACY-N/A

=====PROMPTHASH=====
LEGACY-N/A

=====COMMITHASH=====
e111abeaef37daa2a7d8cd3ab3e6073b1f7b950e

=====SPEC_HASHES=====
10ba62ac16c28028ead0d8892258ab67b59de208559b0027d4835794228c3167

=====SNAPSHOT=====
LEGACY-N/A

=====TESTRESULTS=====
LEGACY-N/A

=====DIAGNOSTICMETA=====
{"legacy_backfill": true}

=====DECISIONS=====
- Legacy patch log generated from commit history.
