patch_20250711_043835_f3dfe44aeb6a08382dd0ff12e415585c66983b99.log
=====TASK=====
Backfill legacy patch log

=====OBJECTIVE=====
Reconstruct patch metadata for auditing.

=====CONSTRAINTS=====
- No repository changes
- Use commit history only

=====SCOPE=====
Commit f3dfe44aeb6a08382dd0ff12e415585c66983b99

=====DIFFSUMMARY=====
f3dfe44 Update Dockerfile secret key handling
 Dockerfile             | 8 ++++++--
 README.md              | 5 +++++
 docs/design_scope.md   | 4 ++++
 docs/future_updates.md | 4 ++--
 4 files changed, 17 insertions(+), 4 deletions(-)

=====TIMESTAMP=====
2025-07-11T04:38:35Z

=====BUILDER_DATE_TIME (UTC)=====
20250801 200929

=====PROMPTID=====
legacy-backfill-batch-006

=====AGENTVERSION=====
LEGACY-N/A

=====AGENTHASH=====
LEGACY-N/A

=====PROMPTHASH=====
LEGACY-N/A

=====COMMITHASH=====
f3dfe44aeb6a08382dd0ff12e415585c66983b99

=====SPEC_HASHES=====
10ba62ac16c28028ead0d8892258ab67b59de208559b0027d4835794228c3167

=====SNAPSHOT=====
LEGACY-N/A

=====TESTRESULTS=====
LEGACY-N/A

=====DIAGNOSTICMETA=====
{"legacy_backfill": true}

=====DECISIONS=====
- Legacy patch log generated from commit history.
