patch_20250705_182145_0ca25f26e587ae54558d3d2fc3af0ba20b01a0d7.log
=====TASK=====
Backfill legacy patch log

=====OBJECTIVE=====
Reconstruct patch metadata for auditing.

=====CONSTRAINTS=====
- No repository changes
- Use commit history only

=====SCOPE=====
Commit 0ca25f26e587ae54558d3d2fc3af0ba20b01a0d7

=====DIFFSUMMARY=====
0ca25f2 Handle TTS engine failures
 api/routes/tts.py     | 16 ++++++++++---
 tests/test_tts_api.py | 64 +++++++++++++++++++++++++++++++++++++++++++++++++++
 2 files changed, 77 insertions(+), 3 deletions(-)

=====TIMESTAMP=====
2025-07-05T18:21:45Z

=====BUILDER_DATE_TIME (UTC)=====
20250801 200929

=====PROMPTID=====
legacy-backfill-batch-006

=====AGENTVERSION=====
LEGACY-N/A

=====AGENTHASH=====
LEGACY-N/A

=====PROMPTHASH=====
LEGACY-N/A

=====COMMITHASH=====
0ca25f26e587ae54558d3d2fc3af0ba20b01a0d7

=====SPEC_HASHES=====
10ba62ac16c28028ead0d8892258ab67b59de208559b0027d4835794228c3167

=====SNAPSHOT=====
LEGACY-N/A

=====TESTRESULTS=====
LEGACY-N/A

=====DIAGNOSTICMETA=====
{"legacy_backfill": true}

=====DECISIONS=====
- Legacy patch log generated from commit history.
