patch_20250630_195604_c9d53332e9702db72818b1f9203f97cf9590a8e7.log
=====TASK=====
Backfill legacy patch log

=====OBJECTIVE=====
Reconstruct patch metadata for auditing.

=====CONSTRAINTS=====
- No repository changes
- Use commit history only

=====SCOPE=====
Commit c9d53332e9702db72818b1f9203f97cf9590a8e7

=====DIFFSUMMARY=====
c9d5333 Add initialization helpers
 api/app_state.py | 17 ++++++++++++++---
 api/paths.py     | 32 +++++++++++++++++++-------------
 2 files changed, 33 insertions(+), 16 deletions(-)

=====TIMESTAMP=====
2025-06-30T19:56:04Z

=====BUILDER_DATE_TIME (UTC)=====
20250801 200929

=====PROMPTID=====
legacy-backfill-batch-005

=====AGENTVERSION=====
LEGACY-N/A

=====AGENTHASH=====
LEGACY-N/A

=====PROMPTHASH=====
LEGACY-N/A

=====COMMITHASH=====
c9d53332e9702db72818b1f9203f97cf9590a8e7

=====SPEC_HASHES=====
10ba62ac16c28028ead0d8892258ab67b59de208559b0027d4835794228c3167

=====SNAPSHOT=====
LEGACY-N/A

=====TESTRESULTS=====
LEGACY-N/A

=====DIAGNOSTICMETA=====
{"legacy_backfill": true}

=====DECISIONS=====
- Legacy patch log generated from commit history.
