patch_20250728_193853_0f917091a97ac829cfc780685d04b516a6e9dd0d.log
=====TASK=====
Backfill legacy patch log

=====OBJECTIVE=====
Reconstruct patch metadata for auditing.

=====CONSTRAINTS=====
- No repository changes
- Use commit history only

=====SCOPE=====
Commit 0f917091a97ac829cfc780685d04b516a6e9dd0d

=====DIFFSUMMARY=====
0f91709 docs: add changelog and security guide
 docs/CHANGELOG.md | 87 +++++++++++++++++++++++++++++++++++++++++++++++++++++++
 docs/SECURITY.md  | 38 ++++++++++++++++++++++++
 2 files changed, 125 insertions(+)

=====TIMESTAMP=====
2025-07-28T19:38:53Z

=====BUILDER_DATE_TIME (UTC)=====
20250801 194741

=====PROMPTID=====
legacy-backfill-batch-002

=====AGENTVERSION=====
LEGACY-N/A

=====AGENTHASH=====
LEGACY-N/A

=====PROMPTHASH=====
LEGACY-N/A

=====COMMITHASH=====
0f917091a97ac829cfc780685d04b516a6e9dd0d

=====SPEC_HASHES=====
6bfaa5a80ab85a494b5e35d9cc68b1ec039d330a4386e8ac011f130556dbb7a1

=====SNAPSHOT=====
LEGACY-N/A

=====TESTRESULTS=====
LEGACY-N/A

=====DIAGNOSTICMETA=====
{"legacy_backfill": true}

=====DECISIONS=====
- Legacy patch log generated from commit history.
