patch_20250703_000751_42bb3627e4df2d47e96b1a64560cf3cfbb50a483.log
=====TASK=====
Backfill legacy patch log

=====OBJECTIVE=====
Reconstruct patch metadata for auditing.

=====CONSTRAINTS=====
- No repository changes
- Use commit history only

=====SCOPE=====
Commit 42bb3627e4df2d47e96b1a64560cf3cfbb50a483

=====DIFFSUMMARY=====
42bb362 restrict model selection
 api/routes/jobs.py     |  9 ++++++++-
 tests/test_jobs.py     | 14 ++++++++++++++
 tests/test_jobs_api.py | 10 ++++++++++
 3 files changed, 32 insertions(+), 1 deletion(-)

=====TIMESTAMP=====
2025-07-03T00:07:51Z

=====BUILDER_DATE_TIME (UTC)=====
20250801 200929

=====PROMPTID=====
legacy-backfill-batch-005

=====AGENTVERSION=====
LEGACY-N/A

=====AGENTHASH=====
LEGACY-N/A

=====PROMPTHASH=====
LEGACY-N/A

=====COMMITHASH=====
42bb3627e4df2d47e96b1a64560cf3cfbb50a483

=====SPEC_HASHES=====
10ba62ac16c28028ead0d8892258ab67b59de208559b0027d4835794228c3167

=====SNAPSHOT=====
LEGACY-N/A

=====TESTRESULTS=====
LEGACY-N/A

=====DIAGNOSTICMETA=====
{"legacy_backfill": true}

=====DECISIONS=====
- Legacy patch log generated from commit history.
