patch_20250701_224900_1eba68cdafa734a0d233897a04f8714ccc09157e.log
=====TASK=====
Backfill legacy patch log

=====OBJECTIVE=====
Reconstruct patch metadata for auditing.

=====CONSTRAINTS=====
- No repository changes
- Use commit history only

=====SCOPE=====
Commit 1eba68cdafa734a0d233897a04f8714ccc09157e

=====DIFFSUMMARY=====
1eba68c Add env example and compose SECRET_KEY
 .env.example       | 1 +
 README.md          | 4 +++-
 docker-compose.yml | 2 ++
 3 files changed, 6 insertions(+), 1 deletion(-)

=====TIMESTAMP=====
2025-07-01T22:49:00Z

=====BUILDER_DATE_TIME (UTC)=====
20250801 200929

=====PROMPTID=====
legacy-backfill-batch-005

=====AGENTVERSION=====
LEGACY-N/A

=====AGENTHASH=====
LEGACY-N/A

=====PROMPTHASH=====
LEGACY-N/A

=====COMMITHASH=====
1eba68cdafa734a0d233897a04f8714ccc09157e

=====SPEC_HASHES=====
10ba62ac16c28028ead0d8892258ab67b59de208559b0027d4835794228c3167

=====SNAPSHOT=====
LEGACY-N/A

=====TESTRESULTS=====
LEGACY-N/A

=====DIAGNOSTICMETA=====
{"legacy_backfill": true}

=====DECISIONS=====
- Legacy patch log generated from commit history.
