patch_20250726_223142_c2411791bffcdeba19115f9512adab3408589d7a.log
=====TASK=====
Backfill legacy patch log

=====OBJECTIVE=====
Reconstruct patch metadata for auditing.

=====CONSTRAINTS=====
- No repository changes
- Use commit history only

=====SCOPE=====
Commit c2411791bffcdeba19115f9512adab3408589d7a

=====DIFFSUMMARY=====
c241179 Add docker-compose plugin checks
 README.md                        |  1 +
 docs/help.md                     |  1 +
 scripts/prestage_dependencies.sh |  2 +-
 scripts/shared_checks.sh         | 24 ++++++++++++++++++++++--
 4 files changed, 25 insertions(+), 3 deletions(-)

=====TIMESTAMP=====
2025-07-26T22:31:42Z

=====BUILDER_DATE_TIME (UTC)=====
20250801 200929

=====PROMPTID=====
legacy-backfill-batch-010

=====AGENTVERSION=====
LEGACY-N/A

=====AGENTHASH=====
LEGACY-N/A

=====PROMPTHASH=====
LEGACY-N/A

=====COMMITHASH=====
c2411791bffcdeba19115f9512adab3408589d7a

=====SPEC_HASHES=====
10ba62ac16c28028ead0d8892258ab67b59de208559b0027d4835794228c3167

=====SNAPSHOT=====
LEGACY-N/A

=====TESTRESULTS=====
LEGACY-N/A

=====DIAGNOSTICMETA=====
{"legacy_backfill": true}

=====DECISIONS=====
- Legacy patch log generated from commit history.
