patch_20250802_155736_legacy-backfill-batch-012.log
=====TASK=====
generate_legacy_patch_logs

=====OBJECTIVE=====
Back-fill missing patch logs using commit history.

=====CONSTRAINTS=====
- AtomicPatch: create ≤100 new logs in this batch; abort on error.
- Filename pattern: patch_<UTC YYYYMMDD>_<HHMMSS>_<commit_hash>.log
- Required fields: TASK, OBJECTIVE, CONSTRAINTS, SCOPE,
                   DIFFSUMMARY (git show --stat),
                   snapshot_metadata=LEGACY-N/A,
                   agent_metadata=LEGACY-N/A,
                   test_results=LEGACY-N/A,
                   diagnostic block noting legacy status,
                   SPEC_HASHES (current CAG & agents.md).
- Skip commits already covered by docs/patch_logs/*.log
- Preserve existing logs; no edits.

=====SCOPE=====
commits f640289e661e45607f059587d7d9ab0470f6a192..3a90b06207a75f00967cccba9152cc8835255ce3

=====DIFFSUMMARY=====
26e0f33 docs: add legacy patch logs for early August commits
 .../patch_20250801_180452_bd602113a218bf9609040ce0fb62c95771cdb52e.log           |  55 ++++++++++++++
 .../patch_20250801_180526_43b9bcd31685ebed6ac42fe7867cbc02295ce089.log           |  56 ++++++++++++++
 .../patch_20250801_190823_89b46fc263c214d7e04ac0ebb60d4a9369d28224.log           |  56 ++++++++++++++
 .../patch_20250801_190833_3216137bf4f3f29e424c263096f2aa23f9d7c498.log           |  57 ++++++++++++++
 .../patch_20250801_194604_5f40c5351204fbfe5886892abec289e47455d6f5.log           | 150 +++++++++++++++++++++++++++++++++++++
 .../patch_20250801_194613_de81717a64f2d3ae5a287bdbaffe2d91d4636cb0.log           | 151 ++++++++++++++++++++++++++++++++++++++
 .../patch_20250801_200303_5102a534a3115ab9cc107c77566f117e4c65c572.log           |  54 ++++++++++++++
 .../patch_20250801_200344_5805bd7cbd32e9514a31070d0b19b79b4c26af22.log           | 154 ++++++++++++++++++++++++++++++++++++++
 .../patch_20250801_200424_3a90b06207a75f00967cccba9152cc8835255ce3.log           | 155 +++++++++++++++++++++++++++++++++++++++
 9 files changed, 888 insertions(+)

=====TIMESTAMP=====
2025-08-02T15:57:36Z

=====BUILDER_DATE_TIME (UTC)=====
20250801 200929

=====PROMPTID=====
legacy-backfill-batch-012

=====AGENTVERSION=====
Unknown

=====AGENTHASH=====
N/A

=====PROMPTHASH=====
N/A

=====COMMITHASH=====
26e0f33079c0ff074e58227ccd29765f30536b7e

=====SPEC_HASHES=====
10ba62ac16c28028ead0d8892258ab67b59de208559b0027d4835794228c3167

=====SNAPSHOT=====
/workspace/whisper-transcriber/snapshots/snapshot_20250802T155724Z.json 7b002d1539e17ceabf3200d2690ecbebd71a8c60d193dec608cec6e9d3c01791

=====TESTRESULTS=====
scripts/run_tests.sh: line 61: docker: command not found
API container is not running. Start the stack with scripts/start_containers.sh
Last API container logs:
scripts/run_tests.sh: line 64: docker: command not found
scripts/run_tests.sh: line 65: docker: command not found

=====DIAGNOSTIC=====
attempted_action_summary: generated 9 legacy patch logs and committed them
instruction_interpretation: backfill logs for specified commit range
successes: legacy logs created and committed
failures: tests failed due to missing docker
skipped_steps: none
missing_inputs: docker, docker-compose
ambiguities_detected: none
resource_or_environment_gaps: container lacks docker runtime
suggestions_to_builder: install docker and docker-compose for full test coverage

=====DECISIONS=====
- Legacy patch logs generated from commit history; tests skipped due to missing docker.
