patch_20250703_144009_9e28b9ccef7bf62fb15aed8108644fb2e652ed89.log
=====TASK=====
Backfill legacy patch log

=====OBJECTIVE=====
Reconstruct patch metadata for auditing.

=====CONSTRAINTS=====
- No repository changes
- Use commit history only

=====SCOPE=====
Commit 9e28b9ccef7bf62fb15aed8108644fb2e652ed89

=====DIFFSUMMARY=====
9e28b9c Add service healthchecks and dependencies
 docker-compose.yml | 21 ++++++++++++++++++---
 1 file changed, 18 insertions(+), 3 deletions(-)

=====TIMESTAMP=====
2025-07-03T14:40:09Z

=====BUILDER_DATE_TIME (UTC)=====
20250801 200929

=====PROMPTID=====
legacy-backfill-batch-005

=====AGENTVERSION=====
LEGACY-N/A

=====AGENTHASH=====
LEGACY-N/A

=====PROMPTHASH=====
LEGACY-N/A

=====COMMITHASH=====
9e28b9ccef7bf62fb15aed8108644fb2e652ed89

=====SPEC_HASHES=====
10ba62ac16c28028ead0d8892258ab67b59de208559b0027d4835794228c3167

=====SNAPSHOT=====
LEGACY-N/A

=====TESTRESULTS=====
LEGACY-N/A

=====DIAGNOSTICMETA=====
{"legacy_backfill": true}

=====DECISIONS=====
- Legacy patch log generated from commit history.
