patch_20250703_143037_65426d8403fc68d84f6377e02f88105b35912a6b.log
=====TASK=====
Backfill legacy patch log

=====OBJECTIVE=====
Reconstruct patch metadata for auditing.

=====CONSTRAINTS=====
- No repository changes
- Use commit history only

=====SCOPE=====
Commit 65426d8403fc68d84f6377e02f88105b35912a6b

=====DIFFSUMMARY=====
65426d8 Improve database bootstrap logging
 api/orm_bootstrap.py | 21 +++++++++++++--------
 1 file changed, 13 insertions(+), 8 deletions(-)

=====TIMESTAMP=====
2025-07-03T14:30:37Z

=====BUILDER_DATE_TIME (UTC)=====
20250801 200929

=====PROMPTID=====
legacy-backfill-batch-005

=====AGENTVERSION=====
LEGACY-N/A

=====AGENTHASH=====
LEGACY-N/A

=====PROMPTHASH=====
LEGACY-N/A

=====COMMITHASH=====
65426d8403fc68d84f6377e02f88105b35912a6b

=====SPEC_HASHES=====
10ba62ac16c28028ead0d8892258ab67b59de208559b0027d4835794228c3167

=====SNAPSHOT=====
LEGACY-N/A

=====TESTRESULTS=====
LEGACY-N/A

=====DIAGNOSTICMETA=====
{"legacy_backfill": true}

=====DECISIONS=====
- Legacy patch log generated from commit history.
