patch_20250801_160929_3529eafcab748d26ea3f93b5e4575a20d0741628.log
=====TASK=====
Backfill legacy patch log

=====OBJECTIVE=====
Record missing patch log from history

=====CONSTRAINTS=====
- Placeholder for legacy snapshot and agent metadata

=====SCOPE=====
LEGACY commit 3529eafcab748d26ea3f93b5e4575a20d0741628

=====DIFFSUMMARY=====
commit 3529eafcab748d26ea3f93b5e4575a20d0741628
Author: buymeagoat <53793097+buymeagoat@users.noreply.github.com>
Date:   Fri Aug 1 11:09:29 2025 -0500

    Rename patch_20250801_1016_HashUtilsScript.log to patch_20250801_151351_HashUtilsScript.log

 ...1016_HashUtilsScript.log => patch_20250801_151351_HashUtilsScript.log} | 0
 1 file changed, 0 insertions(+), 0 deletions(-)

=====TIMESTAMP=====
2025-08-01T16:09:29Z

=====BUILDER_DATE_TIME (UTC)=====
20250801 191117

=====PROMPTID=====
legacy-backfill-batch-001

=====AGENTVERSION=====
LEGACY-N/A

=====AGENTHASH=====
LEGACY-N/A

=====PROMPTHASH=====
LEGACY-N/A

=====COMMITHASH=====
3529eafcab748d26ea3f93b5e4575a20d0741628

=====SPEC_HASHES=====
6bfaa5a80ab85a494b5e35d9cc68b1ec039d330a4386e8ac011f130556dbb7a1

=====SNAPSHOT=====
LEGACY-N/A

=====TESTRESULTS=====
LEGACY-N/A

=====DIAGNOSTICMETA=====
legacy-backfill

=====DECISIONS=====
- Auto-generated from commit history