patch_20250626_230846_cbf30a2b4e2c6ef9559e2d8d905b3f6410b11805.log
=====TASK=====
Backfill legacy patch log

=====OBJECTIVE=====
Reconstruct patch metadata for auditing.

=====CONSTRAINTS=====
- No repository changes
- Use commit history only

=====SCOPE=====
Commit cbf30a2b4e2c6ef9559e2d8d905b3f6410b11805

=====DIFFSUMMARY=====
cbf30a2 Add wav fixture and update job tests

.gitignore           |  1 +
 requirements-dev.txt |  3 +++
 tests/conftest.py    | 13 +++++++++++
 tests/test_jobs.py   | 66 ++++++++++++++++++++++++++++++++++++++++++++++++++++
 4 files changed, 83 insertions(+)

=====TIMESTAMP=====
2025-06-26T23:08:46Z

=====BUILDER_DATE_TIME (UTC)=====
20250801 200929

=====PROMPTID=====
legacy-backfill-batch-003

=====AGENTVERSION=====
LEGACY-N/A

=====AGENTHASH=====
LEGACY-N/A

=====PROMPTHASH=====
LEGACY-N/A

=====COMMITHASH=====
cbf30a2b4e2c6ef9559e2d8d905b3f6410b11805

=====SPEC_HASHES=====
b56c464f9d3865da0d92d36f4ea508203ad295a8fcd86343f412fb7654514a50

=====SNAPSHOT=====
LEGACY-N/A

=====TESTRESULTS=====
LEGACY-N/A

=====DIAGNOSTICMETA=====
{"legacy_backfill": true}

=====DECISIONS=====
- Legacy patch log generated from commit history.
