patch_20250727_163025_81ba56a0e8b499812b1015325b8703d3fc8b57db.log
=====TASK=====
Backfill legacy patch log

=====OBJECTIVE=====
Reconstruct patch metadata for auditing.

=====CONSTRAINTS=====
- No repository changes
- Use commit history only

=====SCOPE=====
Commit 81ba56a0e8b499812b1015325b8703d3fc8b57db

=====DIFFSUMMARY=====
81ba56a chore: ensure node version for tests
 scripts/run_tests.sh | 9 +++++++++
 1 file changed, 9 insertions(+)

=====TIMESTAMP=====
2025-07-27T16:30:25Z

=====BUILDER_DATE_TIME (UTC)=====
20250801 194741

=====PROMPTID=====
legacy-backfill-batch-002

=====AGENTVERSION=====
LEGACY-N/A

=====AGENTHASH=====
LEGACY-N/A

=====PROMPTHASH=====
LEGACY-N/A

=====COMMITHASH=====
81ba56a0e8b499812b1015325b8703d3fc8b57db

=====SPEC_HASHES=====
6bfaa5a80ab85a494b5e35d9cc68b1ec039d330a4386e8ac011f130556dbb7a1

=====SNAPSHOT=====
LEGACY-N/A

=====TESTRESULTS=====
LEGACY-N/A

=====DIAGNOSTICMETA=====
{"legacy_backfill": true}

=====DECISIONS=====
- Legacy patch log generated from commit history.
