patch_20250729_011137_71720608982bbd623d5b97aa0da437c193884d02.log
=====TASK=====
Backfill legacy patch log

=====OBJECTIVE=====
Record missing patch log from history

=====CONSTRAINTS=====
- Placeholder for legacy snapshot and agent metadata

=====SCOPE=====
LEGACY commit 71720608982bbd623d5b97aa0da437c193884d02

=====DIFFSUMMARY=====
commit 71720608982bbd623d5b97aa0da437c193884d02
Author: buymeagoat <53793097+buymeagoat@users.noreply.github.com>
Date:   Mon Jul 28 19:11:37 2025 -0600

    refactor: unify build script

 docs/TROUBLESHOOTING.md          |   9 +-
 docs/design_scope.md             |   6 +-
 docs/faq.md                      |   2 +-
 docs/log_reference.md            |  20 +--
 docs/onboarding.md               |   2 +-
 docs/scripts_reference.md        |   8 +-
 docs/upgrade.md                  |   6 +-
 scripts/docker_build.sh          | 272 +--------------------------------------
 scripts/prestage_dependencies.sh | 272 +--------------------------------------
 scripts/start_containers.sh      | 192 +--------------------------
 scripts/update_images.sh         | 159 +----------------------
 scripts/whisper_build.sh         | 208 ++++++++++++++++++++++++++++++
 12 files changed, 241 insertions(+), 915 deletions(-)

=====TIMESTAMP=====
2025-07-29T01:11:37Z

=====BUILDER_DATE_TIME (UTC)=====
20250801 191117

=====PROMPTID=====
legacy-backfill-batch-001

=====AGENTVERSION=====
LEGACY-N/A

=====AGENTHASH=====
LEGACY-N/A

=====PROMPTHASH=====
LEGACY-N/A

=====COMMITHASH=====
71720608982bbd623d5b97aa0da437c193884d02

=====SPEC_HASHES=====
6bfaa5a80ab85a494b5e35d9cc68b1ec039d330a4386e8ac011f130556dbb7a1

=====SNAPSHOT=====
LEGACY-N/A

=====TESTRESULTS=====
LEGACY-N/A

=====DIAGNOSTICMETA=====
legacy-backfill

=====DECISIONS=====
- Auto-generated from commit history