patch_20250627_033152_9f93527674e8a3f1aae29dd2cd8aa5d2a2250af0.log
=====TASK=====
Backfill legacy patch log

=====OBJECTIVE=====
Reconstruct patch metadata for auditing.

=====CONSTRAINTS=====
- No repository changes
- Use commit history only

=====SCOPE=====
Commit 9f93527674e8a3f1aae29dd2cd8aa5d2a2250af0

=====DIFFSUMMARY=====
9f93527 Add configurable cleanup interval

README.md            | 2 ++
 api/app_state.py     | 4 ++--
 api/settings.py      | 1 +
 docs/design_scope.md | 2 ++
 4 files changed, 7 insertions(+), 2 deletions(-)

=====TIMESTAMP=====
2025-06-27T03:31:52Z

=====BUILDER_DATE_TIME (UTC)=====
20250801 200929

=====PROMPTID=====
legacy-backfill-batch-003

=====AGENTVERSION=====
LEGACY-N/A

=====AGENTHASH=====
LEGACY-N/A

=====PROMPTHASH=====
LEGACY-N/A

=====COMMITHASH=====
9f93527674e8a3f1aae29dd2cd8aa5d2a2250af0

=====SPEC_HASHES=====
b56c464f9d3865da0d92d36f4ea508203ad295a8fcd86343f412fb7654514a50

=====SNAPSHOT=====
LEGACY-N/A

=====TESTRESULTS=====
LEGACY-N/A

=====DIAGNOSTICMETA=====
{"legacy_backfill": true}

=====DECISIONS=====
- Legacy patch log generated from commit history.
