patch_20250711_032538_2c6a5d284d8d127c7482a6e79b0ae403580fff4a.log
=====TASK=====
Backfill legacy patch log

=====OBJECTIVE=====
Reconstruct patch metadata for auditing.

=====CONSTRAINTS=====
- No repository changes
- Use commit history only

=====SCOPE=====
Commit 2c6a5d284d8d127c7482a6e79b0ae403580fff4a

=====DIFFSUMMARY=====
2c6a5d2 refactor: use session.get for user retrieval
 api/services/users.py | 4 ++--
 1 file changed, 2 insertions(+), 2 deletions(-)

=====TIMESTAMP=====
2025-07-11T03:25:38Z

=====BUILDER_DATE_TIME (UTC)=====
20250801 200929

=====PROMPTID=====
legacy-backfill-batch-006

=====AGENTVERSION=====
LEGACY-N/A

=====AGENTHASH=====
LEGACY-N/A

=====PROMPTHASH=====
LEGACY-N/A

=====COMMITHASH=====
2c6a5d284d8d127c7482a6e79b0ae403580fff4a

=====SPEC_HASHES=====
10ba62ac16c28028ead0d8892258ab67b59de208559b0027d4835794228c3167

=====SNAPSHOT=====
LEGACY-N/A

=====TESTRESULTS=====
LEGACY-N/A

=====DIAGNOSTICMETA=====
{"legacy_backfill": true}

=====DECISIONS=====
- Legacy patch log generated from commit history.
