patch_20250801_140756_4749df16a776b507e46ff24d28d2044a58876b21.log
=====TASK=====
Backfill legacy patch log

=====OBJECTIVE=====
Record missing patch log from history

=====CONSTRAINTS=====
- Placeholder for legacy snapshot and agent metadata

=====SCOPE=====
LEGACY commit 4749df16a776b507e46ff24d28d2044a58876b21

=====DIFFSUMMARY=====
commit 4749df16a776b507e46ff24d28d2044a58876b21
Author: buymeagoat <53793097+buymeagoat@users.noreply.github.com>
Date:   Fri Aug 1 09:07:56 2025 -0500

    Update AGENTS.md

 AGENTS.md | 148 +++++++++++++++++++++++++++++++++++++++++++-------------------
 1 file changed, 102 insertions(+), 46 deletions(-)

=====TIMESTAMP=====
2025-08-01T14:07:56Z

=====BUILDER_DATE_TIME (UTC)=====
20250801 191117

=====PROMPTID=====
legacy-backfill-batch-001

=====AGENTVERSION=====
LEGACY-N/A

=====AGENTHASH=====
LEGACY-N/A

=====PROMPTHASH=====
LEGACY-N/A

=====COMMITHASH=====
4749df16a776b507e46ff24d28d2044a58876b21

=====SPEC_HASHES=====
6bfaa5a80ab85a494b5e35d9cc68b1ec039d330a4386e8ac011f130556dbb7a1

=====SNAPSHOT=====
LEGACY-N/A

=====TESTRESULTS=====
LEGACY-N/A

=====DIAGNOSTICMETA=====
legacy-backfill

=====DECISIONS=====
- Auto-generated from commit history