patch_20250627_000924_3ac78e5380f280d7e38598e20303ef3b881ee97e.log
=====TASK=====
Backfill legacy patch log

=====OBJECTIVE=====
Reconstruct patch metadata for auditing.

=====CONSTRAINTS=====
- No repository changes
- Use commit history only

=====SCOPE=====
Commit 3ac78e5380f280d7e38598e20303ef3b881ee97e

=====DIFFSUMMARY=====
3ac78e5 Add cleanup config API with persistence

api/models.py                      | 13 +++++++
 api/routes/admin.py                | 29 ++++++++++++++++
 api/schemas.py                     | 10 ++++++
 api/services/config.py             | 53 +++++++++++++++++++++++++++++
 tests/test_admin_cleanup_config.py | 69 ++++++++++++++++++++++++++++++++++++++
 5 files changed, 174 insertions(+)

=====TIMESTAMP=====
2025-06-27T00:09:24Z

=====BUILDER_DATE_TIME (UTC)=====
20250801 200929

=====PROMPTID=====
legacy-backfill-batch-003

=====AGENTVERSION=====
LEGACY-N/A

=====AGENTHASH=====
LEGACY-N/A

=====PROMPTHASH=====
LEGACY-N/A

=====COMMITHASH=====
3ac78e5380f280d7e38598e20303ef3b881ee97e

=====SPEC_HASHES=====
b56c464f9d3865da0d92d36f4ea508203ad295a8fcd86343f412fb7654514a50

=====SNAPSHOT=====
LEGACY-N/A

=====TESTRESULTS=====
LEGACY-N/A

=====DIAGNOSTICMETA=====
{"legacy_backfill": true}

=====DECISIONS=====
- Legacy patch log generated from commit history.
