patch_20250801_145540_6a2c0e0b2d2a14af73ed9d53471da42eb9af41df.log
=====TASK=====
Backfill legacy patch log

=====OBJECTIVE=====
Record missing patch log from history

=====CONSTRAINTS=====
- Placeholder for legacy snapshot and agent metadata

=====SCOPE=====
LEGACY commit 6a2c0e0b2d2a14af73ed9d53471da42eb9af41df

=====DIFFSUMMARY=====
commit 6a2c0e0b2d2a14af73ed9d53471da42eb9af41df
Author: buymeagoat <53793097+buymeagoat@users.noreply.github.com>
Date:   Fri Aug 1 08:55:40 2025 -0600

    docs: add patch log template

 docs/patch_logs/_TEMPLATE.md                       | 48 +++++++++++++++++++++
 ...atch_20250801_145422_CreatePatchLogTemplate.txt | 49 ++++++++++++++++++++++
 2 files changed, 97 insertions(+)

=====TIMESTAMP=====
2025-08-01T14:55:40Z

=====BUILDER_DATE_TIME (UTC)=====
20250801 191117

=====PROMPTID=====
legacy-backfill-batch-001

=====AGENTVERSION=====
LEGACY-N/A

=====AGENTHASH=====
LEGACY-N/A

=====PROMPTHASH=====
LEGACY-N/A

=====COMMITHASH=====
6a2c0e0b2d2a14af73ed9d53471da42eb9af41df

=====SPEC_HASHES=====
6bfaa5a80ab85a494b5e35d9cc68b1ec039d330a4386e8ac011f130556dbb7a1

=====SNAPSHOT=====
LEGACY-N/A

=====TESTRESULTS=====
LEGACY-N/A

=====DIAGNOSTICMETA=====
legacy-backfill

=====DECISIONS=====
- Auto-generated from commit history