patch_20250630_193136_bf1e550a46f0dfbcf356c2ff6ac7ec2541dea4c3.log
=====TASK=====
Backfill legacy patch log

=====OBJECTIVE=====
Reconstruct patch metadata for auditing.

=====CONSTRAINTS=====
- No repository changes
- Use commit history only

=====SCOPE=====
Commit bf1e550a46f0dfbcf356c2ff6ac7ec2541dea4c3

=====DIFFSUMMARY=====
bf1e550 Add JSON log format option
 README.md           |  2 ++
 api/settings.py     |  1 +
 api/utils/logger.py | 39 +++++++++++++++++++++++++++++++++------
 3 files changed, 36 insertions(+), 6 deletions(-)

=====TIMESTAMP=====
2025-06-30T19:31:36Z

=====BUILDER_DATE_TIME (UTC)=====
20250801 200929

=====PROMPTID=====
legacy-backfill-batch-005

=====AGENTVERSION=====
LEGACY-N/A

=====AGENTHASH=====
LEGACY-N/A

=====PROMPTHASH=====
LEGACY-N/A

=====COMMITHASH=====
bf1e550a46f0dfbcf356c2ff6ac7ec2541dea4c3

=====SPEC_HASHES=====
10ba62ac16c28028ead0d8892258ab67b59de208559b0027d4835794228c3167

=====SNAPSHOT=====
LEGACY-N/A

=====TESTRESULTS=====
LEGACY-N/A

=====DIAGNOSTICMETA=====
{"legacy_backfill": true}

=====DECISIONS=====
- Legacy patch log generated from commit history.
