patch_20250627_182821_7a0d313b3914477440076a2b467b3e1b345c59cc.log
=====TASK=====
Backfill legacy patch log

=====OBJECTIVE=====
Reconstruct patch metadata for auditing.

=====CONSTRAINTS=====
- No repository changes
- Use commit history only

=====SCOPE=====
Commit 7a0d313b3914477440076a2b467b3e1b345c59cc

=====DIFFSUMMARY=====
7a0d313 Add audio edit endpoint
 README.md           |  7 +++++++
 api/routes/audio.py | 36 ++++++++++++++++++++++++++++++++++++
 tests/test_audio.py | 18 ++++++++++++++++++
 3 files changed, 61 insertions(+)

=====TIMESTAMP=====
2025-06-27T18:28:21Z

=====BUILDER_DATE_TIME (UTC)=====
20250801 200929

=====PROMPTID=====
legacy-backfill-batch-004

=====AGENTVERSION=====
LEGACY-N/A

=====AGENTHASH=====
LEGACY-N/A

=====PROMPTHASH=====
LEGACY-N/A

=====COMMITHASH=====
7a0d313b3914477440076a2b467b3e1b345c59cc

=====SPEC_HASHES=====
10ba62ac16c28028ead0d8892258ab67b59de208559b0027d4835794228c3167

=====SNAPSHOT=====
LEGACY-N/A

=====TESTRESULTS=====
LEGACY-N/A

=====DIAGNOSTICMETA=====
{"legacy_backfill": true}

=====DECISIONS=====
- Legacy patch log generated from commit history.