patch_20250728_190054_8d4cf6c17be56e7b9d3f51fc28df45fc4735800b.log
=====TASK=====
Backfill legacy patch log

=====OBJECTIVE=====
Reconstruct patch metadata for auditing.

=====CONSTRAINTS=====
- No repository changes
- Use commit history only

=====SCOPE=====
Commit 8d4cf6c17be56e7b9d3f51fc28df45fc4735800b

=====DIFFSUMMARY=====
8d4cf6c Refactor README for external users
 README.md | 167 +++++++++++++-------------------------------------------------
 1 file changed, 35 insertions(+), 132 deletions(-)

=====TIMESTAMP=====
2025-07-28T19:00:54Z

=====BUILDER_DATE_TIME (UTC)=====
20250801 194741

=====PROMPTID=====
legacy-backfill-batch-002

=====AGENTVERSION=====
LEGACY-N/A

=====AGENTHASH=====
LEGACY-N/A

=====PROMPTHASH=====
LEGACY-N/A

=====COMMITHASH=====
8d4cf6c17be56e7b9d3f51fc28df45fc4735800b

=====SPEC_HASHES=====
6bfaa5a80ab85a494b5e35d9cc68b1ec039d330a4386e8ac011f130556dbb7a1

=====SNAPSHOT=====
LEGACY-N/A

=====TESTRESULTS=====
LEGACY-N/A

=====DIAGNOSTICMETA=====
{"legacy_backfill": true}

=====DECISIONS=====
- Legacy patch log generated from commit history.
