patch_20250801_153454_dba2dfbdc0a652117590b0d02323b88ec14c1a89.log
=====TASK=====
Backfill legacy patch log

=====OBJECTIVE=====
Record missing patch log from history

=====CONSTRAINTS=====
- Placeholder for legacy snapshot and agent metadata

=====SCOPE=====
LEGACY commit dba2dfbdc0a652117590b0d02323b88ec14c1a89

=====DIFFSUMMARY=====
commit dba2dfbdc0a652117590b0d02323b88ec14c1a89
Author: buymeagoat <53793097+buymeagoat@users.noreply.github.com>
Date:   Fri Aug 1 09:34:54 2025 -0600

    chore: add patch log for binary guard prompt

 .../patch_20250801_153325_BinaryGuardTest.log      | 49 ++++++++++++++++++++++
 .../dry_run_prompt_examples/binary_guard_test.md   |  3 ++
 2 files changed, 52 insertions(+)

=====TIMESTAMP=====
2025-08-01T15:34:54Z

=====BUILDER_DATE_TIME (UTC)=====
20250801 191117

=====PROMPTID=====
legacy-backfill-batch-001

=====AGENTVERSION=====
LEGACY-N/A

=====AGENTHASH=====
LEGACY-N/A

=====PROMPTHASH=====
LEGACY-N/A

=====COMMITHASH=====
dba2dfbdc0a652117590b0d02323b88ec14c1a89

=====SPEC_HASHES=====
6bfaa5a80ab85a494b5e35d9cc68b1ec039d330a4386e8ac011f130556dbb7a1

=====SNAPSHOT=====
LEGACY-N/A

=====TESTRESULTS=====
LEGACY-N/A

=====DIAGNOSTICMETA=====
legacy-backfill

=====DECISIONS=====
- Auto-generated from commit history