patch_20250630_014908_dcef81e306cf9647ee52152644f99776dfe57ee6.log
=====TASK=====
Backfill legacy patch log

=====OBJECTIVE=====
Reconstruct patch metadata for auditing.

=====CONSTRAINTS=====
- No repository changes
- Use commit history only

=====SCOPE=====
Commit dcef81e306cf9647ee52152644f99776dfe57ee6

=====DIFFSUMMARY=====
dcef81e Add uid option to worker
 api/orm_bootstrap.py | 1 -
 docker-compose.yml   | 4 +++-
 2 files changed, 3 insertions(+), 2 deletions(-)

=====TIMESTAMP=====
2025-06-30T01:49:08Z

=====BUILDER_DATE_TIME (UTC)=====
20250801 200929

=====PROMPTID=====
legacy-backfill-batch-005

=====AGENTVERSION=====
LEGACY-N/A

=====AGENTHASH=====
LEGACY-N/A

=====PROMPTHASH=====
LEGACY-N/A

=====COMMITHASH=====
dcef81e306cf9647ee52152644f99776dfe57ee6

=====SPEC_HASHES=====
10ba62ac16c28028ead0d8892258ab67b59de208559b0027d4835794228c3167

=====SNAPSHOT=====
LEGACY-N/A

=====TESTRESULTS=====
LEGACY-N/A

=====DIAGNOSTICMETA=====
{"legacy_backfill": true}

=====DECISIONS=====
- Legacy patch log generated from commit history.
