patch_20250627_035408_59d27cbbb10992b85c7eaf4b946b4cb6ff31aff9.log
=====TASK=====
Backfill legacy patch log

=====OBJECTIVE=====
Reconstruct patch metadata for auditing.

=====CONSTRAINTS=====
- No repository changes
- Use commit history only

=====SCOPE=====
Commit 59d27cbbb10992b85c7eaf4b946b4cb6ff31aff9

=====DIFFSUMMARY=====
59d27cb Add log rotation settings

README.md            |  3 +++
 api/settings.py      |  2 ++
 api/utils/logger.py  | 10 ++++++++--
 docs/design_scope.md |  3 +++
 4 files changed, 16 insertions(+), 2 deletions(-)

=====TIMESTAMP=====
2025-06-27T03:54:08Z

=====BUILDER_DATE_TIME (UTC)=====
20250801 200929

=====PROMPTID=====
legacy-backfill-batch-003

=====AGENTVERSION=====
LEGACY-N/A

=====AGENTHASH=====
LEGACY-N/A

=====PROMPTHASH=====
LEGACY-N/A

=====COMMITHASH=====
59d27cbbb10992b85c7eaf4b946b4cb6ff31aff9

=====SPEC_HASHES=====
b56c464f9d3865da0d92d36f4ea508203ad295a8fcd86343f412fb7654514a50

=====SNAPSHOT=====
LEGACY-N/A

=====TESTRESULTS=====
LEGACY-N/A

=====DIAGNOSTICMETA=====
{"legacy_backfill": true}

=====DECISIONS=====
- Legacy patch log generated from commit history.
