patch_20250730_115124_7e96e47bd3692ea5ab0aa98de360651ea436e082.log
=====TASK=====
Backfill legacy patch log

=====OBJECTIVE=====
Record missing patch log from history

=====CONSTRAINTS=====
- Placeholder for legacy snapshot and agent metadata

=====SCOPE=====
LEGACY commit 7e96e47bd3692ea5ab0aa98de360651ea436e082

=====DIFFSUMMARY=====
commit 7e96e47bd3692ea5ab0aa98de360651ea436e082
Author: buymeagoat <53793097+buymeagoat@users.noreply.github.com>
Date:   Wed Jul 30 05:51:24 2025 -0600

    log environment check

 scripts/whisper_build.sh | 3 ++-
 1 file changed, 2 insertions(+), 1 deletion(-)

=====TIMESTAMP=====
2025-07-30T11:51:24Z

=====BUILDER_DATE_TIME (UTC)=====
20250801 191117

=====PROMPTID=====
legacy-backfill-batch-001

=====AGENTVERSION=====
LEGACY-N/A

=====AGENTHASH=====
LEGACY-N/A

=====PROMPTHASH=====
LEGACY-N/A

=====COMMITHASH=====
7e96e47bd3692ea5ab0aa98de360651ea436e082

=====SPEC_HASHES=====
6bfaa5a80ab85a494b5e35d9cc68b1ec039d330a4386e8ac011f130556dbb7a1

=====SNAPSHOT=====
LEGACY-N/A

=====TESTRESULTS=====
LEGACY-N/A

=====DIAGNOSTICMETA=====
legacy-backfill

=====DECISIONS=====
- Auto-generated from commit history