patch_20250628_042442_6adc4abc596451945738f74c2b6f6e26e5cc549e.log
=====TASK=====
Backfill legacy patch log

=====OBJECTIVE=====
Reconstruct patch metadata for auditing.

=====CONSTRAINTS=====
- No repository changes
- Use commit history only

=====SCOPE=====
Commit 6adc4abc596451945738f74c2b6f6e26e5cc549e

=====DIFFSUMMARY=====
6adc4ab docs: mention ffmpeg requirement
 README.md | 7 ++++++-
 1 file changed, 6 insertions(+), 1 deletion(-)

=====TIMESTAMP=====
2025-06-28T04:24:42Z

=====BUILDER_DATE_TIME (UTC)=====
20250801 200929

=====PROMPTID=====
legacy-backfill-batch-004

=====AGENTVERSION=====
LEGACY-N/A

=====AGENTHASH=====
LEGACY-N/A

=====PROMPTHASH=====
LEGACY-N/A

=====COMMITHASH=====
6adc4abc596451945738f74c2b6f6e26e5cc549e

=====SPEC_HASHES=====
10ba62ac16c28028ead0d8892258ab67b59de208559b0027d4835794228c3167

=====SNAPSHOT=====
LEGACY-N/A

=====TESTRESULTS=====
LEGACY-N/A

=====DIAGNOSTICMETA=====
{"legacy_backfill": true}

=====DECISIONS=====
- Legacy patch log generated from commit history.