patch_20250705_183026_a57a7447e9d77a4d4c3ab40a78c1cfbf33755c7a.log
=====TASK=====
Backfill legacy patch log

=====OBJECTIVE=====
Reconstruct patch metadata for auditing.

=====CONSTRAINTS=====
- No repository changes
- Use commit history only

=====SCOPE=====
Commit a57a7447e9d77a4d4c3ab40a78c1cfbf33755c7a

=====DIFFSUMMARY=====
a57a744 Ensure job queue shuts down on app exit
 api/main.py                           |  4 ++++
 tests/test_lifespan_queue_shutdown.py | 37 +++++++++++++++++++++++++++++++++++
 2 files changed, 41 insertions(+)

=====TIMESTAMP=====
2025-07-05T18:30:26Z

=====BUILDER_DATE_TIME (UTC)=====
20250801 200929

=====PROMPTID=====
legacy-backfill-batch-006

=====AGENTVERSION=====
LEGACY-N/A

=====AGENTHASH=====
LEGACY-N/A

=====PROMPTHASH=====
LEGACY-N/A

=====COMMITHASH=====
a57a7447e9d77a4d4c3ab40a78c1cfbf33755c7a

=====SPEC_HASHES=====
10ba62ac16c28028ead0d8892258ab67b59de208559b0027d4835794228c3167

=====SNAPSHOT=====
LEGACY-N/A

=====TESTRESULTS=====
LEGACY-N/A

=====DIAGNOSTICMETA=====
{"legacy_backfill": true}

=====DECISIONS=====
- Legacy patch log generated from commit history.
