patch_20250802_004020_legacy-backfill-batch-007.log
=====TASK=====
Back-fill missing patch logs using commit history.

=====OBJECTIVE=====
Back-fill missing patch logs using commit history.

=====CONSTRAINTS=====
- AtomicPatch: create ≤100 new logs in this batch; abort on error.
- Filename pattern: patch_<UTC YYYYMMDD>_<HHMMSS>_<commit_hash>.log
- Required fields: TASK, OBJECTIVE, CONSTRAINTS, SCOPE,
                    DIFFSUMMARY (git show --stat),
                    snapshot_metadata=LEGACY-N/A,
                    agent_metadata=LEGACY-N/A,
                    test_results=LEGACY-N/A,
                    diagnostic block noting legacy status,
                    SPEC_HASHES (current CAG & agents.md).
- Skip commits already covered by docs/patch_logs/*.log
- Preserve existing logs; no edits.

=====SCOPE=====
Commits e5d8b5ecf8b1159f48b584355c2fde4975be5ad1..481c9927dd410dcd57eaa1bbed27dad4b12ebc1c

=====DIFFSUMMARY=====
35657bc docs: add legacy patch logs for mid-July commits
 ...45_e655a003c43646eb45901be2ae2dba5b65eb158c.log |  56 ++
 ...24_a9a1930185da591cf04960e3e745c30f18a023bf.log |  64 ++
 ...40_bb094a7a058a5ea939ceee987cbf9b82f5038161.log |  65 ++
 ...09_ae6bc3b059b62473a3051d63fc904e2e2a82119e.log |  55 ++
 ...56_705f5a469e3e974d050e9302dc9f67067add7e00.log |  56 ++
 ...45_7eaba39b7f8287d89c7733499a336cfa390ec63e.log |  54 ++
 ...23_66a1a9cc63c8ded6680698bf3daee91fb07048d7.log |  55 ++
 ...55_73c21b5a8946c7cac105ed992ad5f0586e4558d5.log |  54 ++
 ...11_c050e1dedd351790f93098447d48daba8bcc54b3.log |  55 ++
 ...28_e62d6db94f3ef41b0472b4cf969a57aced890e26.log |  56 ++
 ...13_7d396df845fef72e3987b2192648814a2b69db5d.log |  57 ++
 ...07_d8d80de4a95f8d58db5fe26330eaa98132b797c6.log |  57 ++
 ...56_fddd75be7cc34db3187df2ce502fe08fbf118f53.log |  58 ++
 ...46_ed5b64acd7f46d1bd0bddee5486d15fb9d6f18eb.log |  56 ++
 ...00_7564fb6fff54397c91a29117835aba845d765347.log |  57 ++
 ...29_cbb1c9e2cd4c3865c9ba7f4f7577b54d9222599e.log |  56 ++
 ...33_b8c517fff716eeaa0f58cffd434b9b8a3811aef6.log |  57 ++
 ...02_83d15715042162911d25c6790cc0b75b6beafa0d.log |  54 ++
 ...15_0ba1a417eb24a9f18429a97c6d9c6ff0f8b4b439.log |  55 ++

=====TIMESTAMP=====
2025-08-02T00:40:20Z

=====BUILDER_DATE_TIME (UTC)=====
20250801 200929

=====PROMPTID=====
legacy-backfill-batch-007

=====AGENTVERSION=====
LEGACY-N/A

=====AGENTHASH=====
LEGACY-N/A

=====PROMPTHASH=====
LEGACY-N/A

=====COMMITHASH=====
35657bc4c8b7a5111fed2c6149c3030dd2acde52

=====SPEC_HASHES=====
10ba62ac16c28028ead0d8892258ab67b59de208559b0027d4835794228c3167

=====SNAPSHOT=====
LEGACY-N/A

=====TESTRESULTS=====
LEGACY-N/A

=====DIAGNOSTICMETA=====
{"legacy_backfill": true}

=====DECISIONS=====
- Generated legacy patch logs for 99 commits.
