patch_20250706_132147_8ee08b0650856a36959c19bb572c60adaff98159.log
=====TASK=====
Backfill legacy patch log

=====OBJECTIVE=====
Reconstruct patch metadata for auditing.

=====CONSTRAINTS=====
- No repository changes
- Use commit history only

=====SCOPE=====
Commit 8ee08b0650856a36959c19bb572c60adaff98159

=====DIFFSUMMARY=====
8ee08b0 Support token auth for WebSockets
 api/routes/auth.py | 32 +++++++++++++++++++++++++++++---
 1 file changed, 29 insertions(+), 3 deletions(-)

=====TIMESTAMP=====
2025-07-06T13:21:47Z

=====BUILDER_DATE_TIME (UTC)=====
20250801 200929

=====PROMPTID=====
legacy-backfill-batch-006

=====AGENTVERSION=====
LEGACY-N/A

=====AGENTHASH=====
LEGACY-N/A

=====PROMPTHASH=====
LEGACY-N/A

=====COMMITHASH=====
8ee08b0650856a36959c19bb572c60adaff98159

=====SPEC_HASHES=====
10ba62ac16c28028ead0d8892258ab67b59de208559b0027d4835794228c3167

=====SNAPSHOT=====
LEGACY-N/A

=====TESTRESULTS=====
LEGACY-N/A

=====DIAGNOSTICMETA=====
{"legacy_backfill": true}

=====DECISIONS=====
- Legacy patch log generated from commit history.
