patch_20250627_001734_80248f340facdf704d64a5bfb13e438a6d6847c1.log
=====TASK=====
Backfill legacy patch log

=====OBJECTIVE=====
Reconstruct patch metadata for auditing.

=====CONSTRAINTS=====
- No repository changes
- Use commit history only

=====SCOPE=====
Commit 80248f340facdf704d64a5bfb13e438a6d6847c1

=====DIFFSUMMARY=====
80248f3 Add cleanup config controls on admin page

frontend/src/pages/AdminPage.jsx | 62 ++++++++++++++++++++++++++++++++++++++++
 1 file changed, 62 insertions(+)

=====TIMESTAMP=====
2025-06-27T00:17:34Z

=====BUILDER_DATE_TIME (UTC)=====
20250801 200929

=====PROMPTID=====
legacy-backfill-batch-003

=====AGENTVERSION=====
LEGACY-N/A

=====AGENTHASH=====
LEGACY-N/A

=====PROMPTHASH=====
LEGACY-N/A

=====COMMITHASH=====
80248f340facdf704d64a5bfb13e438a6d6847c1

=====SPEC_HASHES=====
b56c464f9d3865da0d92d36f4ea508203ad295a8fcd86343f412fb7654514a50

=====SNAPSHOT=====
LEGACY-N/A

=====TESTRESULTS=====
LEGACY-N/A

=====DIAGNOSTICMETA=====
{"legacy_backfill": true}

=====DECISIONS=====
- Legacy patch log generated from commit history.
