patch_20250705_175915_ac66504ac354dc7b87b45c683d25218778e6095d.log
=====TASK=====
Backfill legacy patch log

=====OBJECTIVE=====
Reconstruct patch metadata for auditing.

=====CONSTRAINTS=====
- No repository changes
- Use commit history only

=====SCOPE=====
Commit ac66504ac354dc7b87b45c683d25218778e6095d

=====DIFFSUMMARY=====
ac66504 Add size check to CloudStorage
 api/services/storage.py   |  3 +++
 tests/test_upload_size.py | 21 ++++++++++++++++++++-
 2 files changed, 23 insertions(+), 1 deletion(-)

=====TIMESTAMP=====
2025-07-05T17:59:15Z

=====BUILDER_DATE_TIME (UTC)=====
20250801 200929

=====PROMPTID=====
legacy-backfill-batch-006

=====AGENTVERSION=====
LEGACY-N/A

=====AGENTHASH=====
LEGACY-N/A

=====PROMPTHASH=====
LEGACY-N/A

=====COMMITHASH=====
ac66504ac354dc7b87b45c683d25218778e6095d

=====SPEC_HASHES=====
10ba62ac16c28028ead0d8892258ab67b59de208559b0027d4835794228c3167

=====SNAPSHOT=====
LEGACY-N/A

=====TESTRESULTS=====
LEGACY-N/A

=====DIAGNOSTICMETA=====
{"legacy_backfill": true}

=====DECISIONS=====
- Legacy patch log generated from commit history.
