patch_20250628_192241_9c44d83e64b9ab64f1acdf06694dae22f4bf4a2d.log
=====TASK=====
Backfill legacy patch log

=====OBJECTIVE=====
Reconstruct patch metadata for auditing.

=====CONSTRAINTS=====
- No repository changes
- Use commit history only

=====SCOPE=====
Commit 9c44d83e64b9ab64f1acdf06694dae22f4bf4a2d

=====DIFFSUMMARY=====
9c44d83 test: use temporary postgres
 README.md            | 3 ++-
 requirements-dev.txt | 1 +
 tests/conftest.py    | 8 ++++----
 tests/test_jobs.py   | 8 ++++----
 4 files changed, 11 insertions(+), 9 deletions(-)

=====TIMESTAMP=====
2025-06-28T19:22:41Z

=====BUILDER_DATE_TIME (UTC)=====
20250801 200929

=====PROMPTID=====
legacy-backfill-batch-004

=====AGENTVERSION=====
LEGACY-N/A

=====AGENTHASH=====
LEGACY-N/A

=====PROMPTHASH=====
LEGACY-N/A

=====COMMITHASH=====
9c44d83e64b9ab64f1acdf06694dae22f4bf4a2d

=====SPEC_HASHES=====
10ba62ac16c28028ead0d8892258ab67b59de208559b0027d4835794228c3167

=====SNAPSHOT=====
LEGACY-N/A

=====TESTRESULTS=====
LEGACY-N/A

=====DIAGNOSTICMETA=====
{"legacy_backfill": true}

=====DECISIONS=====
- Legacy patch log generated from commit history.