patch_20250630_192646_b35731b4f4c3e4d63f5fe9b0a98ddb202debe0ef.log
=====TASK=====
Backfill legacy patch log

=====OBJECTIVE=====
Reconstruct patch metadata for auditing.

=====CONSTRAINTS=====
- No repository changes
- Use commit history only

=====SCOPE=====
Commit b35731b4f4c3e4d63f5fe9b0a98ddb202debe0ef

=====DIFFSUMMARY=====
b35731b Add health checks
 Dockerfile             |  9 ++++++++-
 docker-compose.yml     | 12 ++++++++++++
 scripts/healthcheck.sh |  8 ++++++++
 3 files changed, 28 insertions(+), 1 deletion(-)

=====TIMESTAMP=====
2025-06-30T19:26:46Z

=====BUILDER_DATE_TIME (UTC)=====
20250801 200929

=====PROMPTID=====
legacy-backfill-batch-005

=====AGENTVERSION=====
LEGACY-N/A

=====AGENTHASH=====
LEGACY-N/A

=====PROMPTHASH=====
LEGACY-N/A

=====COMMITHASH=====
b35731b4f4c3e4d63f5fe9b0a98ddb202debe0ef

=====SPEC_HASHES=====
10ba62ac16c28028ead0d8892258ab67b59de208559b0027d4835794228c3167

=====SNAPSHOT=====
LEGACY-N/A

=====TESTRESULTS=====
LEGACY-N/A

=====DIAGNOSTICMETA=====
{"legacy_backfill": true}

=====DECISIONS=====
- Legacy patch log generated from commit history.
