patch_20250702_235609_00832e797ed5fb24b6a16a94fe85d28c8beeb954.log
=====TASK=====
Backfill legacy patch log

=====OBJECTIVE=====
Reconstruct patch metadata for auditing.

=====CONSTRAINTS=====
- No repository changes
- Use commit history only

=====SCOPE=====
Commit 00832e797ed5fb24b6a16a94fe85d28c8beeb954

=====DIFFSUMMARY=====
00832e7 Log health check errors
 api/main.py          | 6 ++----
 tests/test_health.py | 1 -
 2 files changed, 2 insertions(+), 5 deletions(-)

=====TIMESTAMP=====
2025-07-02T23:56:09Z

=====BUILDER_DATE_TIME (UTC)=====
20250801 200929

=====PROMPTID=====
legacy-backfill-batch-005

=====AGENTVERSION=====
LEGACY-N/A

=====AGENTHASH=====
LEGACY-N/A

=====PROMPTHASH=====
LEGACY-N/A

=====COMMITHASH=====
00832e797ed5fb24b6a16a94fe85d28c8beeb954

=====SPEC_HASHES=====
10ba62ac16c28028ead0d8892258ab67b59de208559b0027d4835794228c3167

=====SNAPSHOT=====
LEGACY-N/A

=====TESTRESULTS=====
LEGACY-N/A

=====DIAGNOSTICMETA=====
{"legacy_backfill": true}

=====DECISIONS=====
- Legacy patch log generated from commit history.
