patch_20250801_194604_5f40c5351204fbfe5886892abec289e47455d6f5.log
=====TASK=====
Backfill legacy patch log

=====OBJECTIVE=====
Reconstruct patch metadata for auditing.

=====CONSTRAINTS=====
- No repository changes
- Use commit history only

=====SCOPE=====
Commit 5f40c5351204fbfe5886892abec289e47455d6f5

=====DIFFSUMMARY=====
5f40c53 Add legacy patch logs for historical commits
 .../patch_20250728_220057_a9f8a90dc9844ffbf056a03bbc6301a14c95edd0.log           | 64 +++++++++++++++++++++++++++++++++++
 .../patch_20250728_222011_fb382a8bd527b2ab5a761eb704fdc0e26c5f3583.log           | 58 +++++++++++++++++++++++++++++++
 .../patch_20250728_222023_597f12553750c0fea98e2272c53d54963624a5c6.log           | 61 +++++++++++++++++++++++++++++++++
 .../patch_20250728_225845_426d2ebad8b6019bd5ad10c1f7078009603c7fc9.log           | 63 ++++++++++++++++++++++++++++++++++
 .../patch_20250728_225858_6db62100f6df490a52c21911ff19ef0c11210a91.log           | 66 ++++++++++++++++++++++++++++++++++++
 .../patch_20250728_232457_97316f88a2558389404ef061c1a6e6af1309b561.log           | 63 ++++++++++++++++++++++++++++++++++
 .../patch_20250728_234946_18ac2c196ee271813d71d49ebe9c8ee2682704b9.log           | 65 +++++++++++++++++++++++++++++++++++
 .../patch_20250728_235001_4bb903694ff5e425f49771fe51a819f2ea46f479.log           | 68 +++++++++++++++++++++++++++++++++++++
 .../patch_20250729_002536_e2b910cf4a6af0c51ca15a9e730665ca901f676b.log           | 60 +++++++++++++++++++++++++++++++++
 .../patch_20250729_002546_1e74865ed988f32e6b90751eaf2bce8a6f584314.log           | 63 ++++++++++++++++++++++++++++++++++
 .../patch_20250729_003738_f87985b31bcc19df9bf13ced2555f56e70d2bc1d.log           | 60 +++++++++++++++++++++++++++++++++
 .../patch_20250729_003751_fced3a40d3ae4a78aba440dd343edc70d27609e3.log           | 63 ++++++++++++++++++++++++++++++++++
 .../patch_20250729_011137_71720608982bbd623d5b97aa0da437c193884d02.log           | 69 +++++++++++++++++++++++++++++++++++++
 .../patch_20250729_011202_580e9f5dc445c991312b77312f8a478398149029.log           | 72 +++++++++++++++++++++++++++++++++++++++
 .../patch_20250729_015855_c85b4d6acde64fa83778a1014993685c0e935a20.log           | 65 +++++++++++++++++++++++++++++++++++
 .../patch_20250729_015905_8e112f649e155760033b12a7f78e5f6ce98af578.log           | 68 +++++++++++++++++++++++++++++++++++++
 .../patch_20250729_134333_7d44d09fcd0b5a6df9df719b0f90666af5dbc94a.log           | 65 +++++++++++++++++++++++++++++++++++
 .../patch_20250729_134345_738066c79ed13979c5e262010f576987974d8e5c.log           | 68 +++++++++++++++++++++++++++++++++++++
 .../patch_20250729_141254_750a945a8f5e6b6d4cb5257e8e9677e8806e644b.log           | 61 +++++++++++++++++++++++++++++++++
 .../patch_20250729_141322_49f4f69b754d710b6ea98db4ebdf92e5fad2fb3a.log           | 64 +++++++++++++++++++++++++++++++++++
 .../patch_20250729_143803_8911c234441faace83ffc2a4d9817cdde967f89e.log           | 58 +++++++++++++++++++++++++++++++
 .../patch_20250729_143813_9e20b6251baa4534d357299ca54421114c84bdfa.log           | 61 +++++++++++++++++++++++++++++++++
 .../patch_20250729_150139_68ecb39a0576d8fcc0a7b268ff49cd1af1296b08.log           | 58 +++++++++++++++++++++++++++++++
 .../patch_20250729_150249_cf3e4cd07ba058a5e944778639d1efd47540e718.log           | 61 +++++++++++++++++++++++++++++++++
 .../patch_20250729_215133_dd9f903f5d742d8e2f49c876778b6c11869fdad8.log           | 60 +++++++++++++++++++++++++++++++++
 .../patch_20250729_215223_b3995a5c567b2d793856b7121bc3d34d54510afa.log           | 63 ++++++++++++++++++++++++++++++++++
 .../patch_20250729_223829_56cef304ce56e64688db0a09051033d4c201af5b.log           | 59 ++++++++++++++++++++++++++++++++
 .../patch_20250729_223841_2b215185332cb4841e89b73cfc6d553a86c81263.log           | 62 ++++++++++++++++++++++++++++++++++
 .../patch_20250729_224157_6a4efd63cf606dec1b78acab93365ca4adca5cac.log           | 58 +++++++++++++++++++++++++++++++
 .../patch_20250730_022120_e7688eb802b1581807faf42284a4d97b0730a2e2.log           | 58 +++++++++++++++++++++++++++++++
 .../patch_20250730_022134_27ddbd082320540d995b0315eb45f655875917f0.log           | 61 +++++++++++++++++++++++++++++++++
 .../patch_20250730_041714_b70f65f19a512308b1778581ff58b1b406c578dc.log           | 58 +++++++++++++++++++++++++++++++
 .../patch_20250730_041725_78d155d85fdf54f9605490381051199556bcd528.log           | 61 +++++++++++++++++++++++++++++++++
 .../patch_20250730_115124_7e96e47bd3692ea5ab0aa98de360651ea436e082.log           | 58 +++++++++++++++++++++++++++++++
 .../patch_20250730_115144_db8f7bb74de70ad4857c4c12fa07477cc512cf88.log           | 61 +++++++++++++++++++++++++++++++++
 .../patch_20250730_144018_bf45231f3d07227d302174813996dae1299e3af6.log           | 58 +++++++++++++++++++++++++++++++
 .../patch_20250730_144037_23ceb224ce9ef7ce6d22f2353a79a74cda191fd9.log           | 61 +++++++++++++++++++++++++++++++++
 .../patch_20250730_154732_bf44123148a3446eca22778edb79ca5969e2f2b6.log           | 61 +++++++++++++++++++++++++++++++++
 .../patch_20250730_161017_d7746fe4641db7474f6391d63c6477f61d6f4b78.log           | 58 +++++++++++++++++++++++++++++++
 .../patch_20250730_161017_fe1c268250913be1ecdd3651ac4bb73d5dd8cdf1.log           | 58 +++++++++++++++++++++++++++++++
 .../patch_20250730_161304_a4d54bbdcccfdf2263fa876542b75e526ff118e2.log           | 58 +++++++++++++++++++++++++++++++
 .../patch_20250730_161914_71c1794183561734a1daa0b6eb9743303c5ebdff.log           | 61 +++++++++++++++++++++++++++++++++
 .../patch_20250730_163607_cd21e948a71322200755b9cd0730a67777941b99.log           | 60 +++++++++++++++++++++++++++++++++
 .../patch_20250730_182628_0bc4997010d13ac60768289b5f3fb509dcf4f221.log           | 58 +++++++++++++++++++++++++++++++
 .../patch_20250730_182644_26296e43417596a04f22ce46f114520ea7cba52d.log           | 58 +++++++++++++++++++++++++++++++
 .../patch_20250730_182728_ac721b4faa272c8ad85d8d2f772ee13d31839bf1.log           | 58 +++++++++++++++++++++++++++++++
 .../patch_20250730_182754_b4681e84a96501d7521ab5ef76c6344f52695c90.log           | 68 +++++++++++++++++++++++++++++++++++++
 .../patch_20250730_192040_81fcfa509867388dd18866338678bf0fd737537c.log           | 58 +++++++++++++++++++++++++++++++
 .../patch_20250730_192054_eeaa8dd7f9a284cf868b0a4017ea12bc987d8cea.log           | 61 +++++++++++++++++++++++++++++++++
 .../patch_20250730_192741_026f43b4f662562308caea76c95e9478578bb6e4.log           | 58 +++++++++++++++++++++++++++++++
 .../patch_20250730_200354_3c453dba027a5a1ea333f983296ec6062ae6dffe.log           | 58 +++++++++++++++++++++++++++++++
 .../patch_20250730_200418_86496a6af784e90ffec858c72e00a18a331427aa.log           | 61 +++++++++++++++++++++++++++++++++
 .../patch_20250730_201808_86fecaadb1241f66634bac7518103aea9e3cc932.log           | 59 ++++++++++++++++++++++++++++++++
 .../patch_20250730_201819_461ebc2cdb1a3c939600755bd634dde5d52dba06.log           | 62 ++++++++++++++++++++++++++++++++++
 .../patch_20250730_202306_08806db2c918c44f088cd26d0773710a14f2397b.log           | 60 +++++++++++++++++++++++++++++++++
 .../patch_20250730_202317_a1464f59aa304b3f26889b0ce1135f3cb832f6c3.log           | 63 ++++++++++++++++++++++++++++++++++
 .../patch_20250730_204018_a203ef6bb7ad2c9e6cd867d245a7aff9ee083f76.log           | 58 +++++++++++++++++++++++++++++++
 .../patch_20250730_205300_088909b2e1875394e2304a57a40e99d57e6d5f03.log           | 61 +++++++++++++++++++++++++++++++++
 .../patch_20250731_013605_6ade3ca35e899c115d14ef76183b3c96bff15ec6.log           | 58 +++++++++++++++++++++++++++++++
 .../patch_20250731_013635_8d831657188ed16ee1b6bc47ee6c4d9496e6db67.log           | 61 +++++++++++++++++++++++++++++++++
 .../patch_20250731_184417_2191aec2a8aefc0382d33d6f1fdbc444c1f1ed72.log           | 58 +++++++++++++++++++++++++++++++
 .../patch_20250731_184448_bc724a9fb9e5e4a644fa3eeb1a36f2c347983090.log           | 61 +++++++++++++++++++++++++++++++++
 .../patch_20250731_190727_1e676f5bc0de089fbd18e8bb26e325e6f7c098e8.log           | 59 ++++++++++++++++++++++++++++++++
 .../patch_20250731_190739_9af8fde012e989ad51365e299fd9e3da1bb9b3d0.log           | 62 ++++++++++++++++++++++++++++++++++
 .../patch_20250731_191224_064a3bb5b1f62b8534d00144160609ba562a2f4e.log           | 58 +++++++++++++++++++++++++++++++
 .../patch_20250801_140756_4749df16a776b507e46ff24d28d2044a58876b21.log           | 58 +++++++++++++++++++++++++++++++
 .../patch_20250801_144851_c9c6931dfc0f32ce93c8a42c594facdccdbc3afd.log           | 59 ++++++++++++++++++++++++++++++++
 .../patch_20250801_144948_33e3f642262750ca0f2302d536eae12c6be85410.log           | 58 +++++++++++++++++++++++++++++++
 .../patch_20250801_145114_7b2b8144dd30d7a5601c2fb8aca92e5e9ebe9179.log           | 58 +++++++++++++++++++++++++++++++
 .../patch_20250801_145540_6a2c0e0b2d2a14af73ed9d53471da42eb9af41df.log           | 59 ++++++++++++++++++++++++++++++++
 .../patch_20250801_145550_cf7d4e58b59138c625a2167123ad5bad4e1b1fba.log           | 62 ++++++++++++++++++++++++++++++++++
 .../patch_20250801_150701_8d7e1068793ca1dadba0c9e512dc13e51c7aca32.log           | 59 ++++++++++++++++++++++++++++++++
 .../patch_20250801_150720_9f83d174b3b94a6038e95bd9506dfcf2a8fa7ee3.log           | 62 ++++++++++++++++++++++++++++++++++
 .../patch_20250801_150922_f640289e661e45607f059587d7d9ab0470f6a192.log           | 58 +++++++++++++++++++++++++++++++
 .../patch_20250801_151456_981d9dd4993ffe1af473b61ff9c000f8f2b7d12a.log           | 59 ++++++++++++++++++++++++++++++++
 .../patch_20250801_151510_813aa06cedbe99ea4d254999385b3dcd983e2d94.log           | 62 ++++++++++++++++++++++++++++++++++
 .../patch_20250801_151657_684ffc5cfeb949b6ac8e67d3b3af3831f25bb720.log           | 58 +++++++++++++++++++++++++++++++
 .../patch_20250801_152512_355d85de8f7d2b802df439a2ab3e3628c586f774.log           | 59 ++++++++++++++++++++++++++++++++
 .../patch_20250801_152550_e5261b9b3d997090291d45bae385c12509672b53.log           | 62 ++++++++++++++++++++++++++++++++++
 .../patch_20250801_153454_dba2dfbdc0a652117590b0d02323b88ec14c1a89.log           | 59 ++++++++++++++++++++++++++++++++
 .../patch_20250801_153507_8bccfd9ed1e5a0b05c68783af447251a6b569b7a.log           | 62 ++++++++++++++++++++++++++++++++++
 .../patch_20250801_153720_0dd092b00b01c3678de332c24070aff1a2194efd.log           | 58 +++++++++++++++++++++++++++++++
 .../patch_20250801_154004_4cf04d2873b30762acfade860f8f6597d12f5098.log           | 58 +++++++++++++++++++++++++++++++
 .../patch_20250801_160506_3c31f03c9a82a7461135c0cf9917593ba783e96a.log           | 61 +++++++++++++++++++++++++++++++++
 .../patch_20250801_160518_a7ef709dab2cb66259b183b4e8074f7dad5267f0.log           | 64 +++++++++++++++++++++++++++++++++++
 .../patch_20250801_160634_522bd4d47ff58782bee8a5ce1621986b31123229.log           | 58 +++++++++++++++++++++++++++++++
 .../patch_20250801_160708_0404ead398d98320caf575371dcb8fb065643cef.log           | 58 +++++++++++++++++++++++++++++++
 .../patch_20250801_160750_661f0a5630037bbadfaca6262132802addcbe9f6.log           | 58 +++++++++++++++++++++++++++++++
 .../patch_20250801_160840_9e25de272d0afb9684adafe8402e23a0c8f398a9.log           | 58 +++++++++++++++++++++++++++++++
 .../patch_20250801_160908_6ee4c64cbffd85026fd428612e37a9d07d8a9612.log           | 58 +++++++++++++++++++++++++++++++
 .../patch_20250801_160929_3529eafcab748d26ea3f93b5e4575a20d0741628.log           | 58 +++++++++++++++++++++++++++++++
 .../patch_20250801_163936_1bc33b016306c83b723be7395f3092728e464a0a.log           | 70 ++++++++++++++++++++++++++++++++++++++
 .../patch_20250801_164054_85cd83622962ff38638f9e2b6502f11ad9bec1e4.log           | 73 ++++++++++++++++++++++++++++++++++++++++
 .../patch_20250801_165857_f7a709742f396f8489a311928d1b06fcf71263f7.log           | 69 +++++++++++++++++++++++++++++++++++++
 .../patch_20250801_165908_074bb2a94e7dedf9ea0e69d913d88532d829c858.log           | 72 +++++++++++++++++++++++++++++++++++++++
 .../patch_20250801_174857_3339594475be939ea7b916b83492ff39ea0ae129.log           | 58 +++++++++++++++++++++++++++++++
 .../patch_20250801_175155_b51afff42c00747260c364aca23ed8f83e6a5695.log           | 61 +++++++++++++++++++++++++++++++++
 97 files changed, 5922 insertions(+)

=====TIMESTAMP=====
2025-08-01T19:46:04Z

=====BUILDER_DATE_TIME (UTC)=====
20250801 200929

=====PROMPTID=====
legacy-backfill-batch-012

=====AGENTVERSION=====
LEGACY-N/A

=====AGENTHASH=====
LEGACY-N/A

=====PROMPTHASH=====
LEGACY-N/A

=====COMMITHASH=====
5f40c5351204fbfe5886892abec289e47455d6f5

=====SPEC_HASHES=====
10ba62ac16c28028ead0d8892258ab67b59de208559b0027d4835794228c3167

=====SNAPSHOT=====
LEGACY-N/A

=====TESTRESULTS=====
LEGACY-N/A

=====DIAGNOSTICMETA=====
{"legacy_backfill": true}

=====DECISIONS=====
- Legacy patch log generated from commit history.
