patch_20250630_200117_dae810365b97035cc4cac16dd0ed9763a4b75b62.log
=====TASK=====
Backfill legacy patch log

=====OBJECTIVE=====
Reconstruct patch metadata for auditing.

=====CONSTRAINTS=====
- No repository changes
- Use commit history only

=====SCOPE=====
Commit dae810365b97035cc4cac16dd0ed9763a4b75b62

=====DIFFSUMMARY=====
dae8103 Add Celery connectivity check
 api/app_state.py | 19 +++++++++++++++++++
 api/main.py      |  2 ++
 2 files changed, 21 insertions(+)

=====TIMESTAMP=====
2025-06-30T20:01:17Z

=====BUILDER_DATE_TIME (UTC)=====
20250801 200929

=====PROMPTID=====
legacy-backfill-batch-005

=====AGENTVERSION=====
LEGACY-N/A

=====AGENTHASH=====
LEGACY-N/A

=====PROMPTHASH=====
LEGACY-N/A

=====COMMITHASH=====
dae810365b97035cc4cac16dd0ed9763a4b75b62

=====SPEC_HASHES=====
10ba62ac16c28028ead0d8892258ab67b59de208559b0027d4835794228c3167

=====SNAPSHOT=====
LEGACY-N/A

=====TESTRESULTS=====
LEGACY-N/A

=====DIAGNOSTICMETA=====
{"legacy_backfill": true}

=====DECISIONS=====
- Legacy patch log generated from commit history.
