patch_20250627_040714_924591f56407bc20dfe86e442bbf0879cffb1a3d.log
=====TASK=====
Backfill legacy patch log

=====OBJECTIVE=====
Reconstruct patch metadata for auditing.

=====CONSTRAINTS=====
- No repository changes
- Use commit history only

=====SCOPE=====
Commit 924591f56407bc20dfe86e442bbf0879cffb1a3d

=====DIFFSUMMARY=====
924591f refactor admin page styles

frontend/src/components/LinkButton.jsx | 23 +++++++++
 frontend/src/components/List.jsx       | 27 ++++++++++
 frontend/src/pages/AdminPage.jsx       | 90 ++++++++++++----------------------
 3 files changed, 80 insertions(+), 60 deletions(-)

=====TIMESTAMP=====
2025-06-27T04:07:14Z

=====BUILDER_DATE_TIME (UTC)=====
20250801 200929

=====PROMPTID=====
legacy-backfill-batch-003

=====AGENTVERSION=====
LEGACY-N/A

=====AGENTHASH=====
LEGACY-N/A

=====PROMPTHASH=====
LEGACY-N/A

=====COMMITHASH=====
924591f56407bc20dfe86e442bbf0879cffb1a3d

=====SPEC_HASHES=====
b56c464f9d3865da0d92d36f4ea508203ad295a8fcd86343f412fb7654514a50

=====SNAPSHOT=====
LEGACY-N/A

=====TESTRESULTS=====
LEGACY-N/A

=====DIAGNOSTICMETA=====
{"legacy_backfill": true}

=====DECISIONS=====
- Legacy patch log generated from commit history.
