patch_20250729_002536_e2b910cf4a6af0c51ca15a9e730665ca901f676b.log
=====TASK=====
Backfill legacy patch log

=====OBJECTIVE=====
Record missing patch log from history

=====CONSTRAINTS=====
- Placeholder for legacy snapshot and agent metadata

=====SCOPE=====
LEGACY commit e2b910cf4a6af0c51ca15a9e730665ca901f676b

=====DIFFSUMMARY=====
commit e2b910cf4a6af0c51ca15a9e730665ca901f676b
Author: buymeagoat <53793097+buymeagoat@users.noreply.github.com>
Date:   Mon Jul 28 18:25:36 2025 -0600

    Add cache dir diagnostic script

 docs/scripts_reference.md  |  1 +
 scripts/check_cache_env.sh | 33 +++++++++++++++++++++++++++++++++
 scripts/shared_checks.sh   |  3 +++
 3 files changed, 37 insertions(+)

=====TIMESTAMP=====
2025-07-29T00:25:36Z

=====BUILDER_DATE_TIME (UTC)=====
20250801 191117

=====PROMPTID=====
legacy-backfill-batch-001

=====AGENTVERSION=====
LEGACY-N/A

=====AGENTHASH=====
LEGACY-N/A

=====PROMPTHASH=====
LEGACY-N/A

=====COMMITHASH=====
e2b910cf4a6af0c51ca15a9e730665ca901f676b

=====SPEC_HASHES=====
6bfaa5a80ab85a494b5e35d9cc68b1ec039d330a4386e8ac011f130556dbb7a1

=====SNAPSHOT=====
LEGACY-N/A

=====TESTRESULTS=====
LEGACY-N/A

=====DIAGNOSTICMETA=====
legacy-backfill

=====DECISIONS=====
- Auto-generated from commit history