patch_20250728_142112_a060cc4849855573ba28cc482e17c189bf7bb85e.log
=====TASK=====
Backfill legacy patch log

=====OBJECTIVE=====
Reconstruct patch metadata for auditing.

=====CONSTRAINTS=====
- No repository changes
- Use commit history only

=====SCOPE=====
Commit a060cc4849855573ba28cc482e17c189bf7bb85e

=====DIFFSUMMARY=====
a060cc4 Add architecture checks for staged packages
 README.md                        | 4 ++--
 scripts/check_env.sh             | 9 ++++++++-
 scripts/prestage_dependencies.sh | 8 +++++++-
 3 files changed, 17 insertions(+), 4 deletions(-)

=====TIMESTAMP=====
2025-07-28T14:21:12Z

=====BUILDER_DATE_TIME (UTC)=====
20250801 194741

=====PROMPTID=====
legacy-backfill-batch-002

=====AGENTVERSION=====
LEGACY-N/A

=====AGENTHASH=====
LEGACY-N/A

=====PROMPTHASH=====
LEGACY-N/A

=====COMMITHASH=====
a060cc4849855573ba28cc482e17c189bf7bb85e

=====SPEC_HASHES=====
6bfaa5a80ab85a494b5e35d9cc68b1ec039d330a4386e8ac011f130556dbb7a1

=====SNAPSHOT=====
LEGACY-N/A

=====TESTRESULTS=====
LEGACY-N/A

=====DIAGNOSTICMETA=====
{"legacy_backfill": true}

=====DECISIONS=====
- Legacy patch log generated from commit history.
