patch_20250730_161914_71c1794183561734a1daa0b6eb9743303c5ebdff.log
=====TASK=====
Backfill legacy patch log

=====OBJECTIVE=====
Record missing patch log from history

=====CONSTRAINTS=====
- Placeholder for legacy snapshot and agent metadata

=====SCOPE=====
LEGACY commit 71c1794183561734a1daa0b6eb9743303c5ebdff

=====DIFFSUMMARY=====
commit 71c1794183561734a1daa0b6eb9743303c5ebdff
Author: buymeagoat <akapinos@gmail.com>
Date:   Wed Jul 30 11:19:14 2025 -0500

    Preserve runtime directories with .gitkeep anchors

 .gitignore      | 12 ++++++++++++
 cache/.gitkeep  |  0
 logs/.gitkeep   |  0
 models/.gitkeep |  0
 4 files changed, 12 insertions(+)

=====TIMESTAMP=====
2025-07-30T16:19:14Z

=====BUILDER_DATE_TIME (UTC)=====
20250801 191117

=====PROMPTID=====
legacy-backfill-batch-001

=====AGENTVERSION=====
LEGACY-N/A

=====AGENTHASH=====
LEGACY-N/A

=====PROMPTHASH=====
LEGACY-N/A

=====COMMITHASH=====
71c1794183561734a1daa0b6eb9743303c5ebdff

=====SPEC_HASHES=====
6bfaa5a80ab85a494b5e35d9cc68b1ec039d330a4386e8ac011f130556dbb7a1

=====SNAPSHOT=====
LEGACY-N/A

=====TESTRESULTS=====
LEGACY-N/A

=====DIAGNOSTICMETA=====
legacy-backfill

=====DECISIONS=====
- Auto-generated from commit history