patch_20250627_051731_5f32bbb07a88f698f7e46cc3f5adc2303cf162d4.log
=====TASK=====
Backfill legacy patch log

=====OBJECTIVE=====
Reconstruct patch metadata for auditing.

=====CONSTRAINTS=====
- No repository changes
- Use commit history only

=====SCOPE=====
Commit 5f32bbb07a88f698f7e46cc3f5adc2303cf162d4

=====DIFFSUMMARY=====
5f32bbb Add search to transcript viewer

README.md                                 |  2 +
 frontend/src/pages/TranscriptViewPage.jsx | 66 +++++++++++++++++++++++++++++--
 2 files changed, 65 insertions(+), 3 deletions(-)

=====TIMESTAMP=====
2025-06-27T05:17:31Z

=====BUILDER_DATE_TIME (UTC)=====
20250801 200929

=====PROMPTID=====
legacy-backfill-batch-003

=====AGENTVERSION=====
LEGACY-N/A

=====AGENTHASH=====
LEGACY-N/A

=====PROMPTHASH=====
LEGACY-N/A

=====COMMITHASH=====
5f32bbb07a88f698f7e46cc3f5adc2303cf162d4

=====SPEC_HASHES=====
b56c464f9d3865da0d92d36f4ea508203ad295a8fcd86343f412fb7654514a50

=====SNAPSHOT=====
LEGACY-N/A

=====TESTRESULTS=====
LEGACY-N/A

=====DIAGNOSTICMETA=====
{"legacy_backfill": true}

=====DECISIONS=====
- Legacy patch log generated from commit history.
