patch_20250628_044209_2257556887b92484e7a507e08323a06d7bd1529c.log
=====TASK=====
Backfill legacy patch log

=====OBJECTIVE=====
Reconstruct patch metadata for auditing.

=====CONSTRAINTS=====
- No repository changes
- Use commit history only

=====SCOPE=====
Commit 2257556887b92484e7a507e08323a06d7bd1529c

=====DIFFSUMMARY=====
2257556 Check database connection before migrations
 api/orm_bootstrap.py | 17 ++++++++++++++---
 1 file changed, 14 insertions(+), 3 deletions(-)

=====TIMESTAMP=====
2025-06-28T04:42:09Z

=====BUILDER_DATE_TIME (UTC)=====
20250801 200929

=====PROMPTID=====
legacy-backfill-batch-004

=====AGENTVERSION=====
LEGACY-N/A

=====AGENTHASH=====
LEGACY-N/A

=====PROMPTHASH=====
LEGACY-N/A

=====COMMITHASH=====
2257556887b92484e7a507e08323a06d7bd1529c

=====SPEC_HASHES=====
10ba62ac16c28028ead0d8892258ab67b59de208559b0027d4835794228c3167

=====SNAPSHOT=====
LEGACY-N/A

=====TESTRESULTS=====
LEGACY-N/A

=====DIAGNOSTICMETA=====
{"legacy_backfill": true}

=====DECISIONS=====
- Legacy patch log generated from commit history.