patch_20250703_155940_12dfdf4a34c97705bb0ef5d5ea99a18bfa57ec59.log
=====TASK=====
Backfill legacy patch log

=====OBJECTIVE=====
Reconstruct patch metadata for auditing.

=====CONSTRAINTS=====
- No repository changes
- Use commit history only

=====SCOPE=====
Commit 12dfdf4a34c97705bb0ef5d5ea99a18bfa57ec59

=====DIFFSUMMARY=====
12dfdf4 Clean transcript dir on metadata failure
 api/app_state.py                     |  1 +
 tests/test_handle_whisper_failure.py | 83 ++++++++++++++++++++++++++++++++++++
 2 files changed, 84 insertions(+)

=====TIMESTAMP=====
2025-07-03T15:59:40Z

=====BUILDER_DATE_TIME (UTC)=====
20250801 200929

=====PROMPTID=====
legacy-backfill-batch-005

=====AGENTVERSION=====
LEGACY-N/A

=====AGENTHASH=====
LEGACY-N/A

=====PROMPTHASH=====
LEGACY-N/A

=====COMMITHASH=====
12dfdf4a34c97705bb0ef5d5ea99a18bfa57ec59

=====SPEC_HASHES=====
10ba62ac16c28028ead0d8892258ab67b59de208559b0027d4835794228c3167

=====SNAPSHOT=====
LEGACY-N/A

=====TESTRESULTS=====
LEGACY-N/A

=====DIAGNOSTICMETA=====
{"legacy_backfill": true}

=====DECISIONS=====
- Legacy patch log generated from commit history.
