patch_20250709_045548_543319da402603f5fe098ae2dc06f15458c43f76.log
=====TASK=====
Backfill legacy patch log

=====OBJECTIVE=====
Reconstruct patch metadata for auditing.

=====CONSTRAINTS=====
- No repository changes
- Use commit history only

=====SCOPE=====
Commit 543319da402603f5fe098ae2dc06f15458c43f76

=====DIFFSUMMARY=====
543319d Improve logs when API not running
 scripts/run_tests.sh | 2 ++
 1 file changed, 2 insertions(+)

=====TIMESTAMP=====
2025-07-09T04:55:48Z

=====BUILDER_DATE_TIME (UTC)=====
20250801 200929

=====PROMPTID=====
legacy-backfill-batch-006

=====AGENTVERSION=====
LEGACY-N/A

=====AGENTHASH=====
LEGACY-N/A

=====PROMPTHASH=====
LEGACY-N/A

=====COMMITHASH=====
543319da402603f5fe098ae2dc06f15458c43f76

=====SPEC_HASHES=====
10ba62ac16c28028ead0d8892258ab67b59de208559b0027d4835794228c3167

=====SNAPSHOT=====
LEGACY-N/A

=====TESTRESULTS=====
LEGACY-N/A

=====DIAGNOSTICMETA=====
{"legacy_backfill": true}

=====DECISIONS=====
- Legacy patch log generated from commit history.
