patch_20250707_154157_e4cb303343df2ac3e519c48628be59c44094d466.log
=====TASK=====
Backfill legacy patch log

=====OBJECTIVE=====
Reconstruct patch metadata for auditing.

=====CONSTRAINTS=====
- No repository changes
- Use commit history only

=====SCOPE=====
Commit e4cb303343df2ac3e519c48628be59c44094d466

=====DIFFSUMMARY=====
e4cb303 Add restart policy for compose services
 README.md          | 3 +++
 docker-compose.yml | 2 ++
 2 files changed, 5 insertions(+)

=====TIMESTAMP=====
2025-07-07T15:41:57Z

=====BUILDER_DATE_TIME (UTC)=====
20250801 200929

=====PROMPTID=====
legacy-backfill-batch-006

=====AGENTVERSION=====
LEGACY-N/A

=====AGENTHASH=====
LEGACY-N/A

=====PROMPTHASH=====
LEGACY-N/A

=====COMMITHASH=====
e4cb303343df2ac3e519c48628be59c44094d466

=====SPEC_HASHES=====
10ba62ac16c28028ead0d8892258ab67b59de208559b0027d4835794228c3167

=====SNAPSHOT=====
LEGACY-N/A

=====TESTRESULTS=====
LEGACY-N/A

=====DIAGNOSTICMETA=====
{"legacy_backfill": true}

=====DECISIONS=====
- Legacy patch log generated from commit history.
