patch_20250627_023447_b5f3ffafdaf2e8317a7668c98d6b000b77f94259.log
=====TASK=====
Backfill legacy patch log

=====OBJECTIVE=====
Reconstruct patch metadata for auditing.

=====CONSTRAINTS=====
- No repository changes
- Use commit history only

=====SCOPE=====
Commit b5f3ffafdaf2e8317a7668c98d6b000b77f94259

=====DIFFSUMMARY=====
b5f3ffa docs: update design scope and README

README.md            | 6 +++++-
 docs/design_scope.md | 2 +-
 2 files changed, 6 insertions(+), 2 deletions(-)

=====TIMESTAMP=====
2025-06-27T02:34:47Z

=====BUILDER_DATE_TIME (UTC)=====
20250801 200929

=====PROMPTID=====
legacy-backfill-batch-003

=====AGENTVERSION=====
LEGACY-N/A

=====AGENTHASH=====
LEGACY-N/A

=====PROMPTHASH=====
LEGACY-N/A

=====COMMITHASH=====
b5f3ffafdaf2e8317a7668c98d6b000b77f94259

=====SPEC_HASHES=====
b56c464f9d3865da0d92d36f4ea508203ad295a8fcd86343f412fb7654514a50

=====SNAPSHOT=====
LEGACY-N/A

=====TESTRESULTS=====
LEGACY-N/A

=====DIAGNOSTICMETA=====
{"legacy_backfill": true}

=====DECISIONS=====
- Legacy patch log generated from commit history.
