patch_20250727_164533_49dc0609a7fe2e0d1503c46ce872cb29c23b0cc7.log
=====TASK=====
Backfill legacy patch log

=====OBJECTIVE=====
Reconstruct patch metadata for auditing.

=====CONSTRAINTS=====
- No repository changes
- Use commit history only

=====SCOPE=====
Commit 49dc0609a7fe2e0d1503c46ce872cb29c23b0cc7

=====DIFFSUMMARY=====
49dc060 Fix duplicate pip wheel invocation in prestage script
 scripts/prestage_dependencies.sh | 1 -
 1 file changed, 1 deletion(-)

=====TIMESTAMP=====
2025-07-27T16:45:33Z

=====BUILDER_DATE_TIME (UTC)=====
20250801 194741

=====PROMPTID=====
legacy-backfill-batch-002

=====AGENTVERSION=====
LEGACY-N/A

=====AGENTHASH=====
LEGACY-N/A

=====PROMPTHASH=====
LEGACY-N/A

=====COMMITHASH=====
49dc0609a7fe2e0d1503c46ce872cb29c23b0cc7

=====SPEC_HASHES=====
6bfaa5a80ab85a494b5e35d9cc68b1ec039d330a4386e8ac011f130556dbb7a1

=====SNAPSHOT=====
LEGACY-N/A

=====TESTRESULTS=====
LEGACY-N/A

=====DIAGNOSTICMETA=====
{"legacy_backfill": true}

=====DECISIONS=====
- Legacy patch log generated from commit history.
