patch_20250801_163702_normalize-patchlogs-utc-001.log
=====TASK=====
normalize_legacy_patch_logs

=====OBJECTIVE=====
Convert legacy patch logs to UTC filenames and template-compliant content.

=====CONSTRAINTS=====
- Atomic rename and rewrite
- Use existing patch logs in docs/patch_logs/

=====SCOPE=====
docs/patch_logs/

=====DIFFSUMMARY=====
Renamed 12 legacy logs to UTC format and rewrote bodies using template.

=====TIMESTAMP=====
2025-08-01T16:37:02Z

=====BUILDER_DATE_TIME (UTC)=====
20250801 163602

=====PROMPTID=====
normalize-patchlogs-utc-001

=====AGENTVERSION=====
Unknown

=====AGENTHASH=====
N/A

=====PROMPTHASH=====
4ecae15b69c10bb9ded2dcc63c68c4ee3d91e11fdf7b46e3066c7575110f8493

=====COMMITHASH=====
fff5da28feeada6ebe640bd5c97dd0da796933ec

=====SPEC_HASHES=====
6bfaa5a80ab85a494b5e35d9cc68b1ec039d330a4386e8ac011f130556dbb7a1

=====SNAPSHOT=====
Attempted: scripts/CPG_repo_audit.py (missing). Using git commit 3529eafcab748d26ea3f93b5e4575a20d0741628 at 2025-08-01T16:32:36Z as baseline.

=====TESTRESULTS=====
Scripts failed: docker not found. No tests executed.

=====DIAGNOSTICMETA=====
{"preflight": {"docker": false, "docker-compose": false, "python": "3.12.10", "node": "v20.19.4", "npm": "11.4.2"}}

=====DECISIONS=====
- Rewrote legacy patch logs despite missing DIFFSUMMARY fields.
- Used git mv for renames per AtomicPatch.
