patch_20250729_215133_dd9f903f5d742d8e2f49c876778b6c11869fdad8.log
=====TASK=====
Backfill legacy patch log

=====OBJECTIVE=====
Record missing patch log from history

=====CONSTRAINTS=====
- Placeholder for legacy snapshot and agent metadata

=====SCOPE=====
LEGACY commit dd9f903f5d742d8e2f49c876778b6c11869fdad8

=====DIFFSUMMARY=====
commit dd9f903f5d742d8e2f49c876778b6c11869fdad8
Author: buymeagoat <53793097+buymeagoat@users.noreply.github.com>
Date:   Tue Jul 29 15:51:33 2025 -0600

    docs: add modular build switches

 docs/CHANGELOG.md         |  6 ++++++
 docs/index.md             |  2 +-
 docs/scripts_reference.md | 21 ++++++++++++++++++++-
 3 files changed, 27 insertions(+), 2 deletions(-)

=====TIMESTAMP=====
2025-07-29T21:51:33Z

=====BUILDER_DATE_TIME (UTC)=====
20250801 191117

=====PROMPTID=====
legacy-backfill-batch-001

=====AGENTVERSION=====
LEGACY-N/A

=====AGENTHASH=====
LEGACY-N/A

=====PROMPTHASH=====
LEGACY-N/A

=====COMMITHASH=====
dd9f903f5d742d8e2f49c876778b6c11869fdad8

=====SPEC_HASHES=====
6bfaa5a80ab85a494b5e35d9cc68b1ec039d330a4386e8ac011f130556dbb7a1

=====SNAPSHOT=====
LEGACY-N/A

=====TESTRESULTS=====
LEGACY-N/A

=====DIAGNOSTICMETA=====
legacy-backfill

=====DECISIONS=====
- Auto-generated from commit history