patch_20250705_225210_4ef7d891facc558563e6a1634da2159545ed5e74.log
=====TASK=====
Backfill legacy patch log

=====OBJECTIVE=====
Reconstruct patch metadata for auditing.

=====CONSTRAINTS=====
- No repository changes
- Use commit history only

=====SCOPE=====
Commit 4ef7d891facc558563e6a1634da2159545ed5e74

=====DIFFSUMMARY=====
4ef7d89 Use BuildKit secret for SECRET_KEY
 Dockerfile              | 4 ++--
 README.md               | 2 +-
 docs/design_scope.md    | 4 ++--
 docs/future_updates.md  | 6 +++---
 scripts/docker_build.sh | 4 ++--
 5 files changed, 10 insertions(+), 10 deletions(-)

=====TIMESTAMP=====
2025-07-05T22:52:10Z

=====BUILDER_DATE_TIME (UTC)=====
20250801 200929

=====PROMPTID=====
legacy-backfill-batch-006

=====AGENTVERSION=====
LEGACY-N/A

=====AGENTHASH=====
LEGACY-N/A

=====PROMPTHASH=====
LEGACY-N/A

=====COMMITHASH=====
4ef7d891facc558563e6a1634da2159545ed5e74

=====SPEC_HASHES=====
10ba62ac16c28028ead0d8892258ab67b59de208559b0027d4835794228c3167

=====SNAPSHOT=====
LEGACY-N/A

=====TESTRESULTS=====
LEGACY-N/A

=====DIAGNOSTICMETA=====
{"legacy_backfill": true}

=====DECISIONS=====
- Legacy patch log generated from commit history.
